Determining if the pthread_create exist failed with the following output:
Change Dir: /home/usr/usr_ws_2020/build/motion_controller_node/CMakeFiles/CMakeTmp

Run Build Command:"/usr/bin/make" "cmTC_8f725/fast"
/usr/bin/make -f CMakeFiles/cmTC_8f725.dir/build.make CMakeFiles/cmTC_8f725.dir/build
make[1]: Entering directory '/home/usr/usr_ws_2020/build/motion_controller_node/CMakeFiles/CMakeTmp'
Building C object CMakeFiles/cmTC_8f725.dir/CheckSymbolExists.c.o
/usr/bin/cc    -o CMakeFiles/cmTC_8f725.dir/CheckSymbolExists.c.o   -c /home/usr/usr_ws_2020/build/motion_controller_node/CMakeFiles/CMakeTmp/CheckSymbolExists.c
Linking C executable cmTC_8f725
/usr/bin/cmake -E cmake_link_script CMakeFiles/cmTC_8f725.dir/link.txt --verbose=1
/usr/bin/cc      CMakeFiles/cmTC_8f725.dir/CheckSymbolExists.c.o  -o cmTC_8f725 
CMakeFiles/cmTC_8f725.dir/CheckSymbolExists.c.o: In function `main':
CheckSymbolExists.c:(.text+0x14): undefined reference to `pthread_create'
CheckSymbolExists.c:(.text+0x18): undefined reference to `pthread_create'
collect2: error: ld returned 1 exit status
CMakeFiles/cmTC_8f725.dir/build.make:97: recipe for target 'cmTC_8f725' failed
make[1]: *** [cmTC_8f725] Error 1
make[1]: Leaving directory '/home/usr/usr_ws_2020/build/motion_controller_node/CMakeFiles/CMakeTmp'
Makefile:126: recipe for target 'cmTC_8f725/fast' failed
make: *** [cmTC_8f725/fast] Error 2

File /home/usr/usr_ws_2020/build/motion_controller_node/CMakeFiles/CMakeTmp/CheckSymbolExists.c:
/* */
#include <pthread.h>

int main(int argc, char** argv)
{
  (void)argv;
#ifndef pthread_create
  return ((int*)(&pthread_create))[argc];
#else
  (void)argc;
  return 0;
#endif
}

Determining if the function pthread_create exists in the pthreads failed with the following output:
Change Dir: /home/usr/usr_ws_2020/build/motion_controller_node/CMakeFiles/CMakeTmp

Run Build Command:"/usr/bin/make" "cmTC_22de9/fast"
/usr/bin/make -f CMakeFiles/cmTC_22de9.dir/build.make CMakeFiles/cmTC_22de9.dir/build
make[1]: Entering directory '/home/usr/usr_ws_2020/build/motion_controller_node/CMakeFiles/CMakeTmp'
Building C object CMakeFiles/cmTC_22de9.dir/CheckFunctionExists.c.o
/usr/bin/cc   -DCHECK_FUNCTION_EXISTS=pthread_create   -o CMakeFiles/cmTC_22de9.dir/CheckFunctionExists.c.o   -c /usr/share/cmake-3.10/Modules/CheckFunctionExists.c
Linking C executable cmTC_22de9
/usr/bin/cmake -E cmake_link_script CMakeFiles/cmTC_22de9.dir/link.txt --verbose=1
/usr/bin/cc  -DCHECK_FUNCTION_EXISTS=pthread_create    CMakeFiles/cmTC_22de9.dir/CheckFunctionExists.c.o  -o cmTC_22de9 -lpthreads 
/usr/bin/ld: cannot find -lpthreads
collect2: error: ld returned 1 exit status
CMakeFiles/cmTC_22de9.dir/build.make:97: recipe for target 'cmTC_22de9' failed
make[1]: *** [cmTC_22de9] Error 1
make[1]: Leaving directory '/home/usr/usr_ws_2020/build/motion_controller_node/CMakeFiles/CMakeTmp'
Makefile:126: recipe for target 'cmTC_22de9/fast' failed
make: *** [cmTC_22de9/fast] Error 2


