running egg_info
creating /home/usr2020/usr_ws_2020/src/mobility_controllers/build/maxon_motor_node/maxon_motor_node.egg-info
writing /home/usr2020/usr_ws_2020/src/mobility_controllers/build/maxon_motor_node/maxon_motor_node.egg-info/PKG-INFO
writing dependency_links to /home/usr2020/usr_ws_2020/src/mobility_controllers/build/maxon_motor_node/maxon_motor_node.egg-info/dependency_links.txt
writing entry points to /home/usr2020/usr_ws_2020/src/mobility_controllers/build/maxon_motor_node/maxon_motor_node.egg-info/entry_points.txt
writing requirements to /home/usr2020/usr_ws_2020/src/mobility_controllers/build/maxon_motor_node/maxon_motor_node.egg-info/requires.txt
writing top-level names to /home/usr2020/usr_ws_2020/src/mobility_controllers/build/maxon_motor_node/maxon_motor_node.egg-info/top_level.txt
writing manifest file '/home/usr2020/usr_ws_2020/src/mobility_controllers/build/maxon_motor_node/maxon_motor_node.egg-info/SOURCES.txt'
reading manifest file '/home/usr2020/usr_ws_2020/src/mobility_controllers/build/maxon_motor_node/maxon_motor_node.egg-info/SOURCES.txt'
writing manifest file '/home/usr2020/usr_ws_2020/src/mobility_controllers/build/maxon_motor_node/maxon_motor_node.egg-info/SOURCES.txt'
running build
running build_py
creating /home/usr2020/usr_ws_2020/src/mobility_controllers/build/maxon_motor_node/build
creating /home/usr2020/usr_ws_2020/src/mobility_controllers/build/maxon_motor_node/build/lib
creating /home/usr2020/usr_ws_2020/src/mobility_controllers/build/maxon_motor_node/build/lib/maxon_motor_node
copying maxon_motor_node/__init__.py -> /home/usr2020/usr_ws_2020/src/mobility_controllers/build/maxon_motor_node/build/lib/maxon_motor_node
copying maxon_motor_node/maxon_drive_controller.py -> /home/usr2020/usr_ws_2020/src/mobility_controllers/build/maxon_motor_node/build/lib/maxon_motor_node
running install
running install_lib
creating /home/usr2020/usr_ws_2020/src/mobility_controllers/install/maxon_motor_node/lib/python3.8/site-packages/maxon_motor_node
copying /home/usr2020/usr_ws_2020/src/mobility_controllers/build/maxon_motor_node/build/lib/maxon_motor_node/__init__.py -> /home/usr2020/usr_ws_2020/src/mobility_controllers/install/maxon_motor_node/lib/python3.8/site-packages/maxon_motor_node
copying /home/usr2020/usr_ws_2020/src/mobility_controllers/build/maxon_motor_node/build/lib/maxon_motor_node/maxon_drive_controller.py -> /home/usr2020/usr_ws_2020/src/mobility_controllers/install/maxon_motor_node/lib/python3.8/site-packages/maxon_motor_node
byte-compiling /home/usr2020/usr_ws_2020/src/mobility_controllers/install/maxon_motor_node/lib/python3.8/site-packages/maxon_motor_node/__init__.py to __init__.cpython-38.pyc
byte-compiling /home/usr2020/usr_ws_2020/src/mobility_controllers/install/maxon_motor_node/lib/python3.8/site-packages/maxon_motor_node/maxon_drive_controller.py to maxon_drive_controller.cpython-38.pyc
running install_data
creating /home/usr2020/usr_ws_2020/src/mobility_controllers/install/maxon_motor_node/share/ament_index
creating /home/usr2020/usr_ws_2020/src/mobility_controllers/install/maxon_motor_node/share/ament_index/resource_index
creating /home/usr2020/usr_ws_2020/src/mobility_controllers/install/maxon_motor_node/share/ament_index/resource_index/packages
copying resource/maxon_motor_node -> /home/usr2020/usr_ws_2020/src/mobility_controllers/install/maxon_motor_node/share/ament_index/resource_index/packages
copying package.xml -> /home/usr2020/usr_ws_2020/src/mobility_controllers/install/maxon_motor_node/share/maxon_motor_node
running install_egg_info
Copying /home/usr2020/usr_ws_2020/src/mobility_controllers/build/maxon_motor_node/maxon_motor_node.egg-info to /home/usr2020/usr_ws_2020/src/mobility_controllers/install/maxon_motor_node/lib/python3.8/site-packages/maxon_motor_node-0.0.0-py3.8.egg-info
running install_scripts
Installing maxon_drive_controller script to /home/usr2020/usr_ws_2020/src/mobility_controllers/install/maxon_motor_node/lib/maxon_motor_node
writing list of installed files to '/home/usr2020/usr_ws_2020/src/mobility_controllers/build/maxon_motor_node/install.log'
