[1.953s] Invoking command in '/home/usr/usr_ws_2020/build/digger_motor_node': PYTHONPATH=/home/usr/usr_ws_2020/install/digger_motor_node/lib/python3.6/site-packages:${PYTHONPATH} /usr/bin/python3 setup.py develop --prefix /home/usr/usr_ws_2020/install/digger_motor_node --editable --build-directory /home/usr/usr_ws_2020/build/digger_motor_node/build --no-deps install_data --install-dir /home/usr/usr_ws_2020/install/digger_motor_node
[3.602s] /home/usr/.local/lib/python3.6/site-packages/setuptools/dist.py:651: UserWarning: Usage of dash-separated 'script-dir' will not be supported in future versions. Please use the underscore name 'script_dir' instead
[3.604s]   % (opt, underscore_opt))
[3.605s] /home/usr/.local/lib/python3.6/site-packages/setuptools/dist.py:651: UserWarning: Usage of dash-separated 'install-scripts' will not be supported in future versions. Please use the underscore name 'install_scripts' instead
[3.605s]   % (opt, underscore_opt))
[3.900s] running develop
[4.645s] running egg_info
[4.647s] writing digger_motor_node.egg-info/PKG-INFO
[4.648s] writing dependency_links to digger_motor_node.egg-info/dependency_links.txt
[4.648s] writing entry points to digger_motor_node.egg-info/entry_points.txt
[4.649s] writing requirements to digger_motor_node.egg-info/requires.txt
[4.649s] writing top-level names to digger_motor_node.egg-info/top_level.txt
[4.784s] reading manifest file 'digger_motor_node.egg-info/SOURCES.txt'
[4.788s] writing manifest file 'digger_motor_node.egg-info/SOURCES.txt'
[4.802s] running build_ext
[4.802s] Creating /home/usr/usr_ws_2020/install/digger_motor_node/lib/python3.6/site-packages/digger-motor-node.egg-link (link to .)
[4.805s] Installing digger_motor_controller script to /home/usr/usr_ws_2020/install/digger_motor_node/lib/digger_motor_node
[4.807s] 
[4.809s] Installed /home/usr/usr_ws_2020/build/digger_motor_node
[4.810s] running install_data
[6.101s] Invoked command in '/home/usr/usr_ws_2020/build/digger_motor_node' returned '0': PYTHONPATH=/home/usr/usr_ws_2020/install/digger_motor_node/lib/python3.6/site-packages:${PYTHONPATH} /usr/bin/python3 setup.py develop --prefix /home/usr/usr_ws_2020/install/digger_motor_node --editable --build-directory /home/usr/usr_ws_2020/build/digger_motor_node/build --no-deps install_data --install-dir /home/usr/usr_ws_2020/install/digger_motor_node
