running develop
Removing /home/usr/usr_ws_2020/install/teleop_node/lib/python3.6/site-packages/teleop-node.egg-link (link to .)
running egg_info
writing ../../build/teleop_node/teleop_node.egg-info/PKG-INFO
writing dependency_links to ../../build/teleop_node/teleop_node.egg-info/dependency_links.txt
writing entry points to ../../build/teleop_node/teleop_node.egg-info/entry_points.txt
writing requirements to ../../build/teleop_node/teleop_node.egg-info/requires.txt
writing top-level names to ../../build/teleop_node/teleop_node.egg-info/top_level.txt
reading manifest file '../../build/teleop_node/teleop_node.egg-info/SOURCES.txt'
writing manifest file '../../build/teleop_node/teleop_node.egg-info/SOURCES.txt'
running build
running build_py
creating /home/usr/usr_ws_2020/build/teleop_node/build
creating /home/usr/usr_ws_2020/build/teleop_node/build/lib
creating /home/usr/usr_ws_2020/build/teleop_node/build/lib/teleop_node
copying teleop_node/__init__.py -> /home/usr/usr_ws_2020/build/teleop_node/build/lib/teleop_node
copying teleop_node/teleop.py -> /home/usr/usr_ws_2020/build/teleop_node/build/lib/teleop_node
running install
running install_lib
creating /home/usr/usr_ws_2020/install/teleop_node/lib/python3.6/site-packages/teleop_node
copying /home/usr/usr_ws_2020/build/teleop_node/build/lib/teleop_node/__init__.py -> /home/usr/usr_ws_2020/install/teleop_node/lib/python3.6/site-packages/teleop_node
copying /home/usr/usr_ws_2020/build/teleop_node/build/lib/teleop_node/teleop.py -> /home/usr/usr_ws_2020/install/teleop_node/lib/python3.6/site-packages/teleop_node
byte-compiling /home/usr/usr_ws_2020/install/teleop_node/lib/python3.6/site-packages/teleop_node/__init__.py to __init__.cpython-36.pyc
byte-compiling /home/usr/usr_ws_2020/install/teleop_node/lib/python3.6/site-packages/teleop_node/teleop.py to teleop.cpython-36.pyc
running install_data
running install_egg_info
Copying ../../build/teleop_node/teleop_node.egg-info to /home/usr/usr_ws_2020/install/teleop_node/lib/python3.6/site-packages/teleop_node-0.0.0-py3.6.egg-info
running install_scripts
Installing teleop script to /home/usr/usr_ws_2020/install/teleop_node/lib/teleop_node
writing list of installed files to '/home/usr/usr_ws_2020/build/teleop_node/install.log'
