[1.825s] Invoking command in '/home/usr/usr_ws_2020/build/realsense_msgs': CMAKE_PREFIX_PATH=${CMAKE_PREFIX_PATH}:/opt/ros/foxy/install/ros2bag:/opt/ros/foxy/install/sros2:/opt/ros/foxy/install/ros2topic:/opt/ros/foxy/install/ros2test:/opt/ros/foxy/install/ros2component:/opt/ros/foxy/install/ros2param:/opt/ros/foxy/install/ros2lifecycle:/opt/ros/foxy/install/ros2service:/opt/ros/foxy/install/ros2run:/opt/ros/foxy/install/ros2launch:/opt/ros/foxy/install/ros2pkg:/opt/ros/foxy/install/ros2node:/opt/ros/foxy/install/ros2multicast:/opt/ros/foxy/install/ros2interface:/opt/ros/foxy/install/ros2doctor:/opt/ros/foxy/install/ros2action:/opt/ros/foxy/install/ros2cli:/opt/ros/foxy/install/launch_testing_ros:/opt/ros/foxy/install/launch_ros:/opt/ros/foxy/install/ament_uncrustify:/opt/ros/foxy/install/rpyutils:/opt/ros/foxy/install/rosidl_runtime_py:/opt/ros/foxy/install/launch_yaml:/opt/ros/foxy/install/launch_xml:/opt/ros/foxy/install/launch_testing:/opt/ros/foxy/install/launch:/opt/ros/foxy/install/osrf_pycommon:/opt/ros/foxy/install/domain_coordinator:/opt/ros/foxy/install/ament_xmllint:/opt/ros/foxy/install/ament_pep257:/opt/ros/foxy/install/ament_package:/opt/ros/foxy/install/ament_mypy:/opt/ros/foxy/install/ament_lint_cmake:/opt/ros/foxy/install/ament_flake8:/opt/ros/foxy/install/ament_copyright:/opt/ros/foxy/install/ament_lint:/opt/ros/foxy/install/ament_index_python:/opt/ros/foxy/install/ament_cpplint:/opt/ros/foxy/install/ament_cppcheck /usr/bin/cmake --build /home/usr/usr_ws_2020/build/realsense_msgs -- -j4 -l4
[2.121s] [  3%] Built target realsense_msgs__cpp
[2.125s] [ 12%] Built target realsense_msgs__rosidl_generator_c
[2.293s] [ 22%] Built target realsense_msgs__rosidl_typesupport_c
[2.310s] [ 32%] Built target realsense_msgs__rosidl_typesupport_fastrtps_cpp
[2.354s] [ 41%] Built target realsense_msgs__rosidl_typesupport_cpp
[2.390s] [ 51%] Built target realsense_msgs__rosidl_typesupport_introspection_cpp
[2.433s] [ 61%] Built target realsense_msgs__rosidl_typesupport_introspection_c
[2.491s] [ 70%] Built target realsense_msgs__rosidl_typesupport_fastrtps_c
[2.605s] [ 70%] Built target realsense_msgs
[2.728s] [ 74%] Built target realsense_msgs__py
[2.873s] [ 80%] Built target realsense_msgs__python
[3.085s] [ 87%] Built target realsense_msgs__rosidl_typesupport_c__pyext
[3.107s] [ 93%] Built target realsense_msgs__rosidl_typesupport_fastrtps_c__pyext
[3.210s] [100%] Built target realsense_msgs__rosidl_typesupport_introspection_c__pyext
[3.327s] Invoked command in '/home/usr/usr_ws_2020/build/realsense_msgs' returned '0': CMAKE_PREFIX_PATH=${CMAKE_PREFIX_PATH}:/opt/ros/foxy/install/ros2bag:/opt/ros/foxy/install/sros2:/opt/ros/foxy/install/ros2topic:/opt/ros/foxy/install/ros2test:/opt/ros/foxy/install/ros2component:/opt/ros/foxy/install/ros2param:/opt/ros/foxy/install/ros2lifecycle:/opt/ros/foxy/install/ros2service:/opt/ros/foxy/install/ros2run:/opt/ros/foxy/install/ros2launch:/opt/ros/foxy/install/ros2pkg:/opt/ros/foxy/install/ros2node:/opt/ros/foxy/install/ros2multicast:/opt/ros/foxy/install/ros2interface:/opt/ros/foxy/install/ros2doctor:/opt/ros/foxy/install/ros2action:/opt/ros/foxy/install/ros2cli:/opt/ros/foxy/install/launch_testing_ros:/opt/ros/foxy/install/launch_ros:/opt/ros/foxy/install/ament_uncrustify:/opt/ros/foxy/install/rpyutils:/opt/ros/foxy/install/rosidl_runtime_py:/opt/ros/foxy/install/launch_yaml:/opt/ros/foxy/install/launch_xml:/opt/ros/foxy/install/launch_testing:/opt/ros/foxy/install/launch:/opt/ros/foxy/install/osrf_pycommon:/opt/ros/foxy/install/domain_coordinator:/opt/ros/foxy/install/ament_xmllint:/opt/ros/foxy/install/ament_pep257:/opt/ros/foxy/install/ament_package:/opt/ros/foxy/install/ament_mypy:/opt/ros/foxy/install/ament_lint_cmake:/opt/ros/foxy/install/ament_flake8:/opt/ros/foxy/install/ament_copyright:/opt/ros/foxy/install/ament_lint:/opt/ros/foxy/install/ament_index_python:/opt/ros/foxy/install/ament_cpplint:/opt/ros/foxy/install/ament_cppcheck /usr/bin/cmake --build /home/usr/usr_ws_2020/build/realsense_msgs -- -j4 -l4
[4.177s] Invoking command in '/home/usr/usr_ws_2020/build/realsense_msgs': CMAKE_PREFIX_PATH=${CMAKE_PREFIX_PATH}:/opt/ros/foxy/install/ros2bag:/opt/ros/foxy/install/sros2:/opt/ros/foxy/install/ros2topic:/opt/ros/foxy/install/ros2test:/opt/ros/foxy/install/ros2component:/opt/ros/foxy/install/ros2param:/opt/ros/foxy/install/ros2lifecycle:/opt/ros/foxy/install/ros2service:/opt/ros/foxy/install/ros2run:/opt/ros/foxy/install/ros2launch:/opt/ros/foxy/install/ros2pkg:/opt/ros/foxy/install/ros2node:/opt/ros/foxy/install/ros2multicast:/opt/ros/foxy/install/ros2interface:/opt/ros/foxy/install/ros2doctor:/opt/ros/foxy/install/ros2action:/opt/ros/foxy/install/ros2cli:/opt/ros/foxy/install/launch_testing_ros:/opt/ros/foxy/install/launch_ros:/opt/ros/foxy/install/ament_uncrustify:/opt/ros/foxy/install/rpyutils:/opt/ros/foxy/install/rosidl_runtime_py:/opt/ros/foxy/install/launch_yaml:/opt/ros/foxy/install/launch_xml:/opt/ros/foxy/install/launch_testing:/opt/ros/foxy/install/launch:/opt/ros/foxy/install/osrf_pycommon:/opt/ros/foxy/install/domain_coordinator:/opt/ros/foxy/install/ament_xmllint:/opt/ros/foxy/install/ament_pep257:/opt/ros/foxy/install/ament_package:/opt/ros/foxy/install/ament_mypy:/opt/ros/foxy/install/ament_lint_cmake:/opt/ros/foxy/install/ament_flake8:/opt/ros/foxy/install/ament_copyright:/opt/ros/foxy/install/ament_lint:/opt/ros/foxy/install/ament_index_python:/opt/ros/foxy/install/ament_cpplint:/opt/ros/foxy/install/ament_cppcheck /usr/bin/cmake --build /home/usr/usr_ws_2020/build/realsense_msgs --target install -- -j4 -l4
[4.603s] [  9%] Built target realsense_msgs__rosidl_generator_c
[4.648s] [ 12%] Built target realsense_msgs__cpp
[4.886s] [ 22%] Built target realsense_msgs__rosidl_typesupport_cpp
[4.950s] [ 32%] Built target realsense_msgs__rosidl_typesupport_c
[4.965s] [ 41%] Built target realsense_msgs__rosidl_typesupport_introspection_cpp
[4.988s] [ 51%] Built target realsense_msgs__rosidl_typesupport_introspection_c
[5.053s] [ 61%] Built target realsense_msgs__rosidl_typesupport_fastrtps_cpp
[5.173s] [ 70%] Built target realsense_msgs__rosidl_typesupport_fastrtps_c
[5.281s] [ 70%] Built target realsense_msgs
[5.390s] [ 74%] Built target realsense_msgs__py
[5.503s] [ 80%] Built target realsense_msgs__python
[5.631s] [ 87%] Built target realsense_msgs__rosidl_typesupport_introspection_c__pyext
[5.632s] [ 93%] Built target realsense_msgs__rosidl_typesupport_c__pyext
[5.651s] [100%] Built target realsense_msgs__rosidl_typesupport_fastrtps_c__pyext
[5.746s] [36mInstall the project...[0m
[5.785s] -- Install configuration: ""
[5.787s] -- Execute custom install script
[5.788s] -- Up-to-date symlink: /home/usr/usr_ws_2020/install/realsense_msgs/share/ament_index/resource_index/rosidl_interfaces/realsense_msgs
[5.792s] -- Up-to-date symlink: /home/usr/usr_ws_2020/install/realsense_msgs/include/realsense_msgs/msg/detail/imu_info__functions.h
[5.793s] -- Up-to-date symlink: /home/usr/usr_ws_2020/install/realsense_msgs/include/realsense_msgs/msg/detail/imu_info__struct.h
[5.793s] -- Up-to-date symlink: /home/usr/usr_ws_2020/install/realsense_msgs/include/realsense_msgs/msg/detail/imu_info__type_support.h
[5.794s] -- Up-to-date symlink: /home/usr/usr_ws_2020/install/realsense_msgs/include/realsense_msgs/msg/imu_info.h
[5.794s] -- Up-to-date symlink: /home/usr/usr_ws_2020/install/realsense_msgs/include/realsense_msgs/msg/rosidl_generator_c__visibility_control.h
[5.795s] -- Up-to-date symlink: /home/usr/usr_ws_2020/install/realsense_msgs/share/realsense_msgs/environment/library_path.sh
[5.796s] -- Up-to-date symlink: /home/usr/usr_ws_2020/install/realsense_msgs/share/realsense_msgs/environment/library_path.dsv
[5.797s] -- Up-to-date symlink: /home/usr/usr_ws_2020/install/realsense_msgs/include/realsense_msgs/msg/detail/imu_info__rosidl_typesupport_introspection_c.h
[5.798s] -- Up-to-date symlink: /home/usr/usr_ws_2020/install/realsense_msgs/include/realsense_msgs/msg/rosidl_typesupport_introspection_c__visibility_control.h
[5.801s] -- Up-to-date symlink: /home/usr/usr_ws_2020/install/realsense_msgs/include/realsense_msgs/msg/detail/imu_info__rosidl_typesupport_fastrtps_c.h
[5.802s] -- Up-to-date symlink: /home/usr/usr_ws_2020/install/realsense_msgs/include/realsense_msgs/msg/rosidl_typesupport_fastrtps_c__visibility_control.h
[5.802s] -- Up-to-date symlink: /home/usr/usr_ws_2020/install/realsense_msgs/lib/librealsense_msgs__rosidl_typesupport_fastrtps_c.so
[5.804s] -- Up-to-date symlink: /home/usr/usr_ws_2020/install/realsense_msgs/include/realsense_msgs/msg/detail/imu_info__rosidl_typesupport_fastrtps_cpp.hpp
[5.805s] -- Up-to-date symlink: /home/usr/usr_ws_2020/install/realsense_msgs/include/realsense_msgs/msg/rosidl_typesupport_fastrtps_cpp__visibility_control.h
[5.806s] -- Up-to-date symlink: /home/usr/usr_ws_2020/install/realsense_msgs/lib/librealsense_msgs__rosidl_typesupport_fastrtps_cpp.so
[5.808s] -- Up-to-date symlink: /home/usr/usr_ws_2020/install/realsense_msgs/include/realsense_msgs/msg/detail/imu_info__builder.hpp
[5.810s] -- Up-to-date symlink: /home/usr/usr_ws_2020/install/realsense_msgs/include/realsense_msgs/msg/detail/imu_info__struct.hpp
[5.810s] -- Up-to-date symlink: /home/usr/usr_ws_2020/install/realsense_msgs/include/realsense_msgs/msg/detail/imu_info__traits.hpp
[5.811s] -- Up-to-date symlink: /home/usr/usr_ws_2020/install/realsense_msgs/include/realsense_msgs/msg/imu_info.hpp
[5.812s] -- Up-to-date symlink: /home/usr/usr_ws_2020/install/realsense_msgs/include/realsense_msgs/msg/detail/imu_info__rosidl_typesupport_introspection_cpp.hpp
[5.813s] -- Up-to-date symlink: /home/usr/usr_ws_2020/install/realsense_msgs/share/realsense_msgs/environment/pythonpath.sh
[5.814s] -- Up-to-date symlink: /home/usr/usr_ws_2020/install/realsense_msgs/share/realsense_msgs/environment/pythonpath.dsv
[5.815s] -- Up-to-date symlink: /home/usr/usr_ws_2020/install/realsense_msgs/lib/python3.6/site-packages/realsense_msgs/__init__.py
[5.817s] -- Up-to-date symlink: /home/usr/usr_ws_2020/install/realsense_msgs/lib/python3.6/site-packages/realsense_msgs/msg/__init__.py
[5.817s] -- Up-to-date symlink: /home/usr/usr_ws_2020/install/realsense_msgs/lib/python3.6/site-packages/realsense_msgs/msg/_imu_info.py
[5.819s] -- Up-to-date symlink: /home/usr/usr_ws_2020/install/realsense_msgs/lib/python3.6/site-packages/realsense_msgs/realsense_msgs_s__rosidl_typesupport_introspection_c.cpython-36m-aarch64-linux-gnu.so
[5.821s] -- Up-to-date symlink: /home/usr/usr_ws_2020/install/realsense_msgs/lib/python3.6/site-packages/realsense_msgs/realsense_msgs_s__rosidl_typesupport_fastrtps_c.cpython-36m-aarch64-linux-gnu.so
[5.822s] -- Up-to-date symlink: /home/usr/usr_ws_2020/install/realsense_msgs/lib/python3.6/site-packages/realsense_msgs/realsense_msgs_s__rosidl_typesupport_c.cpython-36m-aarch64-linux-gnu.so
[5.823s] -- Up-to-date symlink: /home/usr/usr_ws_2020/install/realsense_msgs/lib/librealsense_msgs__python.so
[5.824s] -- Up-to-date symlink: /home/usr/usr_ws_2020/install/realsense_msgs/share/realsense_msgs/msg/IMUInfo.idl
[5.825s] -- Up-to-date symlink: /home/usr/usr_ws_2020/install/realsense_msgs/share/realsense_msgs/msg/IMUInfo.msg
[5.826s] -- Up-to-date symlink: /home/usr/usr_ws_2020/install/realsense_msgs/share/ament_index/resource_index/package_run_dependencies/realsense_msgs
[5.827s] -- Up-to-date symlink: /home/usr/usr_ws_2020/install/realsense_msgs/share/ament_index/resource_index/parent_prefix_path/realsense_msgs
[5.828s] -- Up-to-date symlink: /home/usr/usr_ws_2020/install/realsense_msgs/share/realsense_msgs/environment/ament_prefix_path.sh
[5.829s] -- Up-to-date symlink: /home/usr/usr_ws_2020/install/realsense_msgs/share/realsense_msgs/environment/ament_prefix_path.dsv
[5.830s] -- Up-to-date symlink: /home/usr/usr_ws_2020/install/realsense_msgs/share/realsense_msgs/environment/path.sh
[5.831s] -- Up-to-date symlink: /home/usr/usr_ws_2020/install/realsense_msgs/share/realsense_msgs/environment/path.dsv
[5.831s] -- Up-to-date symlink: /home/usr/usr_ws_2020/install/realsense_msgs/share/realsense_msgs/local_setup.bash
[5.832s] -- Up-to-date symlink: /home/usr/usr_ws_2020/install/realsense_msgs/share/realsense_msgs/local_setup.sh
[5.833s] -- Up-to-date symlink: /home/usr/usr_ws_2020/install/realsense_msgs/share/realsense_msgs/local_setup.zsh
[5.834s] -- Up-to-date symlink: /home/usr/usr_ws_2020/install/realsense_msgs/share/realsense_msgs/local_setup.dsv
[5.834s] -- Symlinking: /home/usr/usr_ws_2020/install/realsense_msgs/share/realsense_msgs/package.dsv
[5.878s] -- Up-to-date symlink: /home/usr/usr_ws_2020/install/realsense_msgs/share/ament_index/resource_index/packages/realsense_msgs
[5.879s] -- Up-to-date symlink: /home/usr/usr_ws_2020/install/realsense_msgs/share/realsense_msgs/cmake/rosidl_cmake-extras.cmake
[5.880s] -- Up-to-date symlink: /home/usr/usr_ws_2020/install/realsense_msgs/share/realsense_msgs/cmake/ament_cmake_export_dependencies-extras.cmake
[5.882s] -- Up-to-date symlink: /home/usr/usr_ws_2020/install/realsense_msgs/share/realsense_msgs/cmake/ament_cmake_export_libraries-extras.cmake
[5.882s] -- Up-to-date symlink: /home/usr/usr_ws_2020/install/realsense_msgs/share/realsense_msgs/cmake/ament_cmake_export_targets-extras.cmake
[5.883s] -- Up-to-date symlink: /home/usr/usr_ws_2020/install/realsense_msgs/share/realsense_msgs/cmake/ament_cmake_export_include_directories-extras.cmake
[5.884s] -- Up-to-date symlink: /home/usr/usr_ws_2020/install/realsense_msgs/share/realsense_msgs/cmake/rosidl_cmake_export_typesupport_targets-extras.cmake
[5.885s] -- Up-to-date symlink: /home/usr/usr_ws_2020/install/realsense_msgs/share/realsense_msgs/cmake/rosidl_cmake_export_typesupport_libraries-extras.cmake
[5.885s] -- Up-to-date symlink: /home/usr/usr_ws_2020/install/realsense_msgs/share/realsense_msgs/cmake/realsense_msgsConfig.cmake
[5.886s] -- Up-to-date symlink: /home/usr/usr_ws_2020/install/realsense_msgs/share/realsense_msgs/cmake/realsense_msgsConfig-version.cmake
[5.887s] -- Up-to-date symlink: /home/usr/usr_ws_2020/install/realsense_msgs/share/realsense_msgs/package.xml
[5.887s] -- Up-to-date: /home/usr/usr_ws_2020/install/realsense_msgs/lib/librealsense_msgs__rosidl_generator_c.so
[5.888s] -- Up-to-date: /home/usr/usr_ws_2020/install/realsense_msgs/lib/librealsense_msgs__rosidl_typesupport_introspection_c.so
[5.889s] -- Up-to-date: /home/usr/usr_ws_2020/install/realsense_msgs/lib/librealsense_msgs__rosidl_typesupport_c.so
[5.890s] -- Up-to-date: /home/usr/usr_ws_2020/install/realsense_msgs/lib/librealsense_msgs__rosidl_typesupport_introspection_cpp.so
[5.891s] -- Up-to-date: /home/usr/usr_ws_2020/install/realsense_msgs/lib/librealsense_msgs__rosidl_typesupport_cpp.so
[6.274s] -- Up-to-date: /home/usr/usr_ws_2020/install/realsense_msgs/share/realsense_msgs/cmake/realsense_msgs__rosidl_generator_cExport.cmake
[6.274s] -- Up-to-date: /home/usr/usr_ws_2020/install/realsense_msgs/share/realsense_msgs/cmake/realsense_msgs__rosidl_generator_cExport-noconfig.cmake
[6.275s] -- Up-to-date: /home/usr/usr_ws_2020/install/realsense_msgs/share/realsense_msgs/cmake/realsense_msgs__rosidl_typesupport_introspection_cExport.cmake
[6.276s] -- Up-to-date: /home/usr/usr_ws_2020/install/realsense_msgs/share/realsense_msgs/cmake/realsense_msgs__rosidl_typesupport_introspection_cExport-noconfig.cmake
[6.278s] -- Up-to-date: /home/usr/usr_ws_2020/install/realsense_msgs/share/realsense_msgs/cmake/realsense_msgs__rosidl_typesupport_cExport.cmake
[6.278s] -- Up-to-date: /home/usr/usr_ws_2020/install/realsense_msgs/share/realsense_msgs/cmake/realsense_msgs__rosidl_typesupport_cExport-noconfig.cmake
[6.279s] -- Up-to-date: /home/usr/usr_ws_2020/install/realsense_msgs/share/realsense_msgs/cmake/realsense_msgs__rosidl_generator_cppExport.cmake
[6.280s] -- Up-to-date: /home/usr/usr_ws_2020/install/realsense_msgs/share/realsense_msgs/cmake/realsense_msgs__rosidl_typesupport_introspection_cppExport.cmake
[6.281s] -- Up-to-date: /home/usr/usr_ws_2020/install/realsense_msgs/share/realsense_msgs/cmake/realsense_msgs__rosidl_typesupport_introspection_cppExport-noconfig.cmake
[6.282s] -- Up-to-date: /home/usr/usr_ws_2020/install/realsense_msgs/share/realsense_msgs/cmake/realsense_msgs__rosidl_typesupport_cppExport.cmake
[6.282s] -- Up-to-date: /home/usr/usr_ws_2020/install/realsense_msgs/share/realsense_msgs/cmake/realsense_msgs__rosidl_typesupport_cppExport-noconfig.cmake
[6.301s] Invoked command in '/home/usr/usr_ws_2020/build/realsense_msgs' returned '0': CMAKE_PREFIX_PATH=${CMAKE_PREFIX_PATH}:/opt/ros/foxy/install/ros2bag:/opt/ros/foxy/install/sros2:/opt/ros/foxy/install/ros2topic:/opt/ros/foxy/install/ros2test:/opt/ros/foxy/install/ros2component:/opt/ros/foxy/install/ros2param:/opt/ros/foxy/install/ros2lifecycle:/opt/ros/foxy/install/ros2service:/opt/ros/foxy/install/ros2run:/opt/ros/foxy/install/ros2launch:/opt/ros/foxy/install/ros2pkg:/opt/ros/foxy/install/ros2node:/opt/ros/foxy/install/ros2multicast:/opt/ros/foxy/install/ros2interface:/opt/ros/foxy/install/ros2doctor:/opt/ros/foxy/install/ros2action:/opt/ros/foxy/install/ros2cli:/opt/ros/foxy/install/launch_testing_ros:/opt/ros/foxy/install/launch_ros:/opt/ros/foxy/install/ament_uncrustify:/opt/ros/foxy/install/rpyutils:/opt/ros/foxy/install/rosidl_runtime_py:/opt/ros/foxy/install/launch_yaml:/opt/ros/foxy/install/launch_xml:/opt/ros/foxy/install/launch_testing:/opt/ros/foxy/install/launch:/opt/ros/foxy/install/osrf_pycommon:/opt/ros/foxy/install/domain_coordinator:/opt/ros/foxy/install/ament_xmllint:/opt/ros/foxy/install/ament_pep257:/opt/ros/foxy/install/ament_package:/opt/ros/foxy/install/ament_mypy:/opt/ros/foxy/install/ament_lint_cmake:/opt/ros/foxy/install/ament_flake8:/opt/ros/foxy/install/ament_copyright:/opt/ros/foxy/install/ament_lint:/opt/ros/foxy/install/ament_index_python:/opt/ros/foxy/install/ament_cpplint:/opt/ros/foxy/install/ament_cppcheck /usr/bin/cmake --build /home/usr/usr_ws_2020/build/realsense_msgs --target install -- -j4 -l4
