[0.262s] Invoking command in '/home/usr/usr_ws_2020/build/YAML_CPP': /usr/bin/cmake --build /home/usr/usr_ws_2020/build/YAML_CPP -- -j4 -l4
[0.755s] [  3%] Built target gtest
[0.770s] [ 10%] Built target gmock_main
[0.802s] [ 15%] Built target gmock
[0.904s] [ 66%] Built target yaml-cpp
[1.026s] [ 70%] Built target gtest_main
[1.287s] [ 73%] Built target parse
[1.288s] [ 76%] Built target read
[1.313s] [ 80%] Built target sandbox
[1.329s] [100%] Built target run-tests
[2.331s] Invoked command in '/home/usr/usr_ws_2020/build/YAML_CPP' returned '0': /usr/bin/cmake --build /home/usr/usr_ws_2020/build/YAML_CPP -- -j4 -l4
[3.272s] Invoking command in '/home/usr/usr_ws_2020/build/YAML_CPP': /usr/bin/cmake --build /home/usr/usr_ws_2020/build/YAML_CPP --target install -- -j4 -l4
[3.880s] [ 51%] Built target yaml-cpp
[3.916s] [ 55%] Built target gtest
[3.925s] [ 61%] Built target gmock_main
[3.939s] [ 66%] Built target gmock
[4.099s] [ 70%] Built target parse
[4.110s] [ 73%] Built target sandbox
[4.142s] [ 76%] Built target read
[4.180s] [ 96%] Built target run-tests
[4.272s] [100%] Built target gtest_main
[4.386s] [36mInstall the project...[0m
[4.431s] -- Install configuration: "Release"
[4.433s] -- Installing: /home/usr/usr_ws_2020/install/YAML_CPP/lib/libyaml-cpp.a
[4.439s] -- Installing: /home/usr/usr_ws_2020/install/YAML_CPP/include/yaml-cpp
[4.443s] -- Installing: /home/usr/usr_ws_2020/install/YAML_CPP/include/yaml-cpp/node
[4.444s] -- Installing: /home/usr/usr_ws_2020/install/YAML_CPP/include/yaml-cpp/node/emit.h
[4.444s] -- Installing: /home/usr/usr_ws_2020/install/YAML_CPP/include/yaml-cpp/node/ptr.h
[4.444s] -- Installing: /home/usr/usr_ws_2020/install/YAML_CPP/include/yaml-cpp/node/iterator.h
[4.445s] -- Installing: /home/usr/usr_ws_2020/install/YAML_CPP/include/yaml-cpp/node/convert.h
[4.445s] -- Installing: /home/usr/usr_ws_2020/install/YAML_CPP/include/yaml-cpp/node/detail
[4.446s] -- Installing: /home/usr/usr_ws_2020/install/YAML_CPP/include/yaml-cpp/node/detail/iterator_fwd.h
[4.447s] -- Installing: /home/usr/usr_ws_2020/install/YAML_CPP/include/yaml-cpp/node/detail/node_data.h
[4.449s] -- Installing: /home/usr/usr_ws_2020/install/YAML_CPP/include/yaml-cpp/node/detail/node_ref.h
[4.450s] -- Installing: /home/usr/usr_ws_2020/install/YAML_CPP/include/yaml-cpp/node/detail/memory.h
[4.450s] -- Installing: /home/usr/usr_ws_2020/install/YAML_CPP/include/yaml-cpp/node/detail/bool_type.h
[4.451s] -- Installing: /home/usr/usr_ws_2020/install/YAML_CPP/include/yaml-cpp/node/detail/iterator.h
[4.451s] -- Installing: /home/usr/usr_ws_2020/install/YAML_CPP/include/yaml-cpp/node/detail/node_iterator.h
[4.452s] -- Installing: /home/usr/usr_ws_2020/install/YAML_CPP/include/yaml-cpp/node/detail/impl.h
[4.452s] -- Installing: /home/usr/usr_ws_2020/install/YAML_CPP/include/yaml-cpp/node/detail/node.h
[4.453s] -- Installing: /home/usr/usr_ws_2020/install/YAML_CPP/include/yaml-cpp/node/parse.h
[4.454s] -- Installing: /home/usr/usr_ws_2020/install/YAML_CPP/include/yaml-cpp/node/type.h
[4.454s] -- Installing: /home/usr/usr_ws_2020/install/YAML_CPP/include/yaml-cpp/node/impl.h
[4.455s] -- Installing: /home/usr/usr_ws_2020/install/YAML_CPP/include/yaml-cpp/node/node.h
[4.455s] -- Installing: /home/usr/usr_ws_2020/install/YAML_CPP/include/yaml-cpp/ostream_wrapper.h
[4.455s] -- Installing: /home/usr/usr_ws_2020/install/YAML_CPP/include/yaml-cpp/anchor.h
[4.456s] -- Installing: /home/usr/usr_ws_2020/install/YAML_CPP/include/yaml-cpp/yaml.h
[4.456s] -- Installing: /home/usr/usr_ws_2020/install/YAML_CPP/include/yaml-cpp/emittermanip.h
[4.456s] -- Installing: /home/usr/usr_ws_2020/install/YAML_CPP/include/yaml-cpp/parser.h
[4.457s] -- Installing: /home/usr/usr_ws_2020/install/YAML_CPP/include/yaml-cpp/dll.h
[4.457s] -- Installing: /home/usr/usr_ws_2020/install/YAML_CPP/include/yaml-cpp/emitter.h
[4.459s] -- Installing: /home/usr/usr_ws_2020/install/YAML_CPP/include/yaml-cpp/stlemitter.h
[4.465s] -- Installing: /home/usr/usr_ws_2020/install/YAML_CPP/include/yaml-cpp/null.h
[4.466s] -- Installing: /home/usr/usr_ws_2020/install/YAML_CPP/include/yaml-cpp/binary.h
[4.466s] -- Installing: /home/usr/usr_ws_2020/install/YAML_CPP/include/yaml-cpp/contrib
[4.466s] -- Installing: /home/usr/usr_ws_2020/install/YAML_CPP/include/yaml-cpp/contrib/anchordict.h
[4.467s] -- Installing: /home/usr/usr_ws_2020/install/YAML_CPP/include/yaml-cpp/contrib/graphbuilder.h
[4.467s] -- Installing: /home/usr/usr_ws_2020/install/YAML_CPP/include/yaml-cpp/traits.h
[4.468s] -- Installing: /home/usr/usr_ws_2020/install/YAML_CPP/include/yaml-cpp/emitfromevents.h
[4.468s] -- Installing: /home/usr/usr_ws_2020/install/YAML_CPP/include/yaml-cpp/emitterstyle.h
[4.468s] -- Installing: /home/usr/usr_ws_2020/install/YAML_CPP/include/yaml-cpp/exceptions.h
[4.469s] -- Installing: /home/usr/usr_ws_2020/install/YAML_CPP/include/yaml-cpp/noncopyable.h
[4.469s] -- Installing: /home/usr/usr_ws_2020/install/YAML_CPP/include/yaml-cpp/eventhandler.h
[4.469s] -- Installing: /home/usr/usr_ws_2020/install/YAML_CPP/include/yaml-cpp/emitterdef.h
[4.469s] -- Installing: /home/usr/usr_ws_2020/install/YAML_CPP/include/yaml-cpp/mark.h
[4.470s] -- Installing: /home/usr/usr_ws_2020/install/YAML_CPP/lib/cmake/yaml-cpp/yaml-cpp-config.cmake
[4.470s] -- Installing: /home/usr/usr_ws_2020/install/YAML_CPP/lib/cmake/yaml-cpp/yaml-cpp-config-version.cmake
[4.470s] -- Installing: /home/usr/usr_ws_2020/install/YAML_CPP/lib/cmake/yaml-cpp/yaml-cpp-targets.cmake
[4.471s] -- Installing: /home/usr/usr_ws_2020/install/YAML_CPP/lib/cmake/yaml-cpp/yaml-cpp-targets-release.cmake
[4.471s] -- Installing: /home/usr/usr_ws_2020/install/YAML_CPP/lib/pkgconfig/yaml-cpp.pc
[4.471s] -- Installing: /home/usr/usr_ws_2020/install/YAML_CPP/lib/libgmock.a
[4.473s] -- Installing: /home/usr/usr_ws_2020/install/YAML_CPP/lib/libgmock_main.a
[4.477s] -- Installing: /home/usr/usr_ws_2020/install/YAML_CPP/include/gmock
[4.478s] -- Installing: /home/usr/usr_ws_2020/install/YAML_CPP/include/gmock/gmock-generated-actions.h.pump
[4.484s] -- Installing: /home/usr/usr_ws_2020/install/YAML_CPP/include/gmock/gmock.h
[4.485s] -- Installing: /home/usr/usr_ws_2020/install/YAML_CPP/include/gmock/gmock-generated-matchers.h
[4.486s] -- Installing: /home/usr/usr_ws_2020/install/YAML_CPP/include/gmock/internal
[4.487s] -- Installing: /home/usr/usr_ws_2020/install/YAML_CPP/include/gmock/internal/gmock-generated-internal-utils.h.pump
[4.491s] -- Installing: /home/usr/usr_ws_2020/install/YAML_CPP/include/gmock/internal/gmock-internal-utils.h
[4.492s] -- Installing: /home/usr/usr_ws_2020/install/YAML_CPP/include/gmock/internal/gmock-port.h
[4.494s] -- Installing: /home/usr/usr_ws_2020/install/YAML_CPP/include/gmock/internal/gmock-generated-internal-utils.h
[4.495s] -- Installing: /home/usr/usr_ws_2020/install/YAML_CPP/include/gmock/internal/custom
[4.495s] -- Installing: /home/usr/usr_ws_2020/install/YAML_CPP/include/gmock/internal/custom/gmock-generated-actions.h.pump
[4.496s] -- Installing: /home/usr/usr_ws_2020/install/YAML_CPP/include/gmock/internal/custom/gmock-generated-actions.h
[4.497s] -- Installing: /home/usr/usr_ws_2020/install/YAML_CPP/include/gmock/internal/custom/gmock-port.h
[4.498s] -- Installing: /home/usr/usr_ws_2020/install/YAML_CPP/include/gmock/internal/custom/gmock-matchers.h
[4.499s] -- Installing: /home/usr/usr_ws_2020/install/YAML_CPP/include/gmock/gmock-generated-actions.h
[4.500s] -- Installing: /home/usr/usr_ws_2020/install/YAML_CPP/include/gmock/gmock-generated-nice-strict.h
[4.501s] -- Installing: /home/usr/usr_ws_2020/install/YAML_CPP/include/gmock/gmock-matchers.h
[4.503s] -- Installing: /home/usr/usr_ws_2020/install/YAML_CPP/include/gmock/gmock-actions.h
[4.505s] -- Installing: /home/usr/usr_ws_2020/install/YAML_CPP/include/gmock/gmock-more-actions.h
[4.506s] -- Installing: /home/usr/usr_ws_2020/install/YAML_CPP/include/gmock/gmock-generated-function-mockers.h
[4.507s] -- Installing: /home/usr/usr_ws_2020/install/YAML_CPP/include/gmock/gmock-generated-function-mockers.h.pump
[4.512s] -- Installing: /home/usr/usr_ws_2020/install/YAML_CPP/include/gmock/gmock-generated-matchers.h.pump
[4.514s] -- Installing: /home/usr/usr_ws_2020/install/YAML_CPP/include/gmock/gmock-more-matchers.h
[4.514s] -- Installing: /home/usr/usr_ws_2020/install/YAML_CPP/include/gmock/gmock-cardinalities.h
[4.515s] -- Installing: /home/usr/usr_ws_2020/install/YAML_CPP/include/gmock/gmock-spec-builders.h
[4.516s] -- Installing: /home/usr/usr_ws_2020/install/YAML_CPP/include/gmock/gmock-generated-nice-strict.h.pump
[4.519s] -- Installing: /home/usr/usr_ws_2020/install/YAML_CPP/lib/libgtest.a
[4.525s] -- Installing: /home/usr/usr_ws_2020/install/YAML_CPP/lib/libgtest_main.a
[4.526s] -- Installing: /home/usr/usr_ws_2020/install/YAML_CPP/include/gtest
[4.527s] -- Installing: /home/usr/usr_ws_2020/install/YAML_CPP/include/gtest/gtest_prod.h
[4.528s] -- Installing: /home/usr/usr_ws_2020/install/YAML_CPP/include/gtest/internal
[4.529s] -- Installing: /home/usr/usr_ws_2020/install/YAML_CPP/include/gtest/internal/gtest-type-util.h
[4.531s] -- Installing: /home/usr/usr_ws_2020/install/YAML_CPP/include/gtest/internal/gtest-param-util-generated.h.pump
[4.535s] -- Installing: /home/usr/usr_ws_2020/install/YAML_CPP/include/gtest/internal/gtest-internal.h
[4.537s] -- Installing: /home/usr/usr_ws_2020/install/YAML_CPP/include/gtest/internal/gtest-type-util.h.pump
[4.538s] -- Installing: /home/usr/usr_ws_2020/install/YAML_CPP/include/gtest/internal/gtest-tuple.h
[4.539s] -- Installing: /home/usr/usr_ws_2020/install/YAML_CPP/include/gtest/internal/gtest-param-util-generated.h
[4.541s] -- Installing: /home/usr/usr_ws_2020/install/YAML_CPP/include/gtest/internal/gtest-port.h
[4.543s] -- Installing: /home/usr/usr_ws_2020/install/YAML_CPP/include/gtest/internal/gtest-string.h
[4.545s] -- Installing: /home/usr/usr_ws_2020/install/YAML_CPP/include/gtest/internal/gtest-linked_ptr.h
[4.546s] -- Installing: /home/usr/usr_ws_2020/install/YAML_CPP/include/gtest/internal/gtest-param-util.h
[4.547s] -- Installing: /home/usr/usr_ws_2020/install/YAML_CPP/include/gtest/internal/custom
[4.548s] -- Installing: /home/usr/usr_ws_2020/install/YAML_CPP/include/gtest/internal/custom/gtest-printers.h
[4.549s] -- Installing: /home/usr/usr_ws_2020/install/YAML_CPP/include/gtest/internal/custom/gtest-port.h
[4.550s] -- Installing: /home/usr/usr_ws_2020/install/YAML_CPP/include/gtest/internal/custom/gtest.h
[4.558s] -- Installing: /home/usr/usr_ws_2020/install/YAML_CPP/include/gtest/internal/gtest-port-arch.h
[4.559s] -- Installing: /home/usr/usr_ws_2020/install/YAML_CPP/include/gtest/internal/gtest-death-test-internal.h
[4.561s] -- Installing: /home/usr/usr_ws_2020/install/YAML_CPP/include/gtest/internal/gtest-tuple.h.pump
[4.563s] -- Installing: /home/usr/usr_ws_2020/install/YAML_CPP/include/gtest/internal/gtest-filepath.h
[4.563s] -- Installing: /home/usr/usr_ws_2020/install/YAML_CPP/include/gtest/gtest-message.h
[4.564s] -- Installing: /home/usr/usr_ws_2020/install/YAML_CPP/include/gtest/gtest_pred_impl.h
[4.564s] -- Installing: /home/usr/usr_ws_2020/install/YAML_CPP/include/gtest/gtest-death-test.h
[4.565s] -- Installing: /home/usr/usr_ws_2020/install/YAML_CPP/include/gtest/gtest-test-part.h
[4.565s] -- Installing: /home/usr/usr_ws_2020/install/YAML_CPP/include/gtest/gtest-printers.h
[4.566s] -- Installing: /home/usr/usr_ws_2020/install/YAML_CPP/include/gtest/gtest-typed-test.h
[4.566s] -- Installing: /home/usr/usr_ws_2020/install/YAML_CPP/include/gtest/gtest-spi.h
[4.567s] -- Installing: /home/usr/usr_ws_2020/install/YAML_CPP/include/gtest/gtest.h
[4.567s] -- Installing: /home/usr/usr_ws_2020/install/YAML_CPP/include/gtest/gtest-param-test.h
[4.567s] -- Installing: /home/usr/usr_ws_2020/install/YAML_CPP/include/gtest/gtest-param-test.h.pump
[4.595s] Invoked command in '/home/usr/usr_ws_2020/build/YAML_CPP' returned '0': /usr/bin/cmake --build /home/usr/usr_ws_2020/build/YAML_CPP --target install -- -j4 -l4
