[1.974s] Invoking command in '/home/usr/usr_ws_2020/build/motion_controller_node': AMENT_PREFIX_PATH=/home/usr/usr_ws_2020/install/motion_controller_msgs:${AMENT_PREFIX_PATH} CMAKE_PREFIX_PATH=/home/usr/usr_ws_2020/install/motion_controller_msgs:/opt/ros/foxy/install/ros_base:/opt/ros/foxy/install/rosbag2:/opt/ros/foxy/install/rosbag2_transport:/opt/ros/foxy/install/rosbag2_compression:/opt/ros/foxy/install/zstd_vendor:/opt/ros/foxy/install/rosbag2_storage_default_plugins:/opt/ros/foxy/install/rosbag2_converter_default_plugins:/opt/ros/foxy/install/rosbag2_cpp:/opt/ros/foxy/install/rosbag2_storage:/opt/ros/foxy/install/yaml_cpp_vendor:/opt/ros/foxy/install/ros_core:/opt/ros/foxy/install/common_interfaces:/opt/ros/foxy/install/visualization_msgs:/opt/ros/foxy/install/robot_state_publisher:/opt/ros/foxy/install/kdl_parser:/opt/ros/foxy/install/urdf:/opt/ros/foxy/install/urdfdom:/opt/ros/foxy/install/urdfdom_headers:/opt/ros/foxy/install/geometry2:/opt/ros/foxy/install/tf2_tools:/opt/ros/foxy/install/tf2_sensor_msgs:/opt/ros/foxy/install/tf2_kdl:/opt/ros/foxy/install/tf2_geometry_msgs:/opt/ros/foxy/install/tf2_eigen:/opt/ros/foxy/install/tf2_bullet:/opt/ros/foxy/install/tf2_ros:/opt/ros/foxy/install/tf2_py:/opt/ros/foxy/install/tf2_msgs:/opt/ros/foxy/install/test_msgs:/opt/ros/foxy/install/sros2_cmake:/opt/ros/foxy/install/ros_testing:/opt/ros/foxy/install/rclpy:/opt/ros/foxy/install/rclcpp_action:/opt/ros/foxy/install/rcl_action:/opt/ros/foxy/install/example_interfaces:/opt/ros/foxy/install/action_msgs:/opt/ros/foxy/install/unique_identifier_msgs:/opt/ros/foxy/install/ament_lint_common:/opt/ros/foxy/install/ament_cmake_uncrustify:/opt/ros/foxy/install/uncrustify_vendor:/opt/ros/foxy/install/trajectory_msgs:/opt/ros/foxy/install/rosbag2_test_common:/opt/ros/foxy/install/ros2lifecycle_test_fixtures:/opt/ros/foxy/install/rclcpp_lifecycle:/opt/ros/foxy/install/rclcpp_components:/opt/ros/foxy/install/rclcpp:/opt/ros/foxy/install/rcl_lifecycle:/opt/ros/foxy/install/libstatistics_collector:/opt/ros/foxy/install/rcl:/opt/ros/foxy/install/tracetools:/opt/ros/foxy/install/tinyxml_vendor:/opt/ros/foxy/install/pluginlib:/opt/ros/foxy/install/tinyxml2_vendor:/opt/ros/foxy/install/tf2:/opt/ros/foxy/install/test_interface_files:/opt/ros/foxy/install/stereo_msgs:/opt/ros/foxy/install/std_srvs:/opt/ros/foxy/install/shape_msgs:/opt/ros/foxy/install/sensor_msgs:/opt/ros/foxy/install/nav_msgs:/opt/ros/foxy/install/diagnostic_msgs:/opt/ros/foxy/install/geometry_msgs:/opt/ros/foxy/install/actionlib_msgs:/opt/ros/foxy/install/std_msgs:/opt/ros/foxy/install/statistics_msgs:/opt/ros/foxy/install/sqlite3_vendor:/opt/ros/foxy/install/rcl_logging_spdlog:/opt/ros/foxy/install/spdlog_vendor:/opt/ros/foxy/install/shared_queues_vendor:/opt/ros/foxy/install/rosgraph_msgs:/opt/ros/foxy/install/rmw_implementation:/opt/ros/foxy/install/rmw_fastrtps_cpp:/opt/ros/foxy/install/rmw_fastrtps_shared_cpp:/opt/ros/foxy/install/rmw_cyclonedds_cpp:/opt/ros/foxy/install/rmw_dds_common:/opt/ros/foxy/install/composition_interfaces:/opt/ros/foxy/install/rcl_interfaces:/opt/ros/foxy/install/lifecycle_msgs:/opt/ros/foxy/install/builtin_interfaces:/opt/ros/foxy/install/rosidl_default_runtime:/opt/ros/foxy/install/rosidl_default_generators:/opt/ros/foxy/install/rosidl_generator_py:/opt/ros/foxy/install/rosidl_typesupport_cpp:/opt/ros/foxy/install/rosidl_typesupport_introspection_cpp:/opt/ros/foxy/install/rosidl_typesupport_c:/opt/ros/foxy/install/rosidl_typesupport_introspection_c:/opt/ros/foxy/install/rosidl_typesupport_fastrtps_c:/opt/ros/foxy/install/rosidl_typesupport_fastrtps_cpp:/opt/ros/foxy/install/rmw_connext_cpp:/opt/ros/foxy/install/rosidl_typesupport_connext_c:/opt/ros/foxy/install/rosidl_typesupport_connext_cpp:/opt/ros/foxy/install/rmw:/opt/ros/foxy/install/rosidl_runtime_c:/opt/ros/foxy/install/rosidl_generator_cpp:/opt/ros/foxy/install/rosidl_generator_c:/opt/ros/foxy/install/rosidl_typesupport_interface:/opt/ros/foxy/install/rosidl_runtime_cpp:/opt/ros/foxy/install/rosidl_generator_dds_idl:/opt/ros/foxy/install/rosidl_cmake:/opt/ros/foxy/install/rosidl_parser:/opt/ros/foxy/install/rosidl_adapter:/opt/ros/foxy/install/rosbag2_tests:/opt/ros/foxy/install/ros_environment:/opt/ros/foxy/install/rmw_implementation_cmake:/opt/ros/foxy/install/rmw_connext_shared_cpp:/opt/ros/foxy/install/class_loader:/opt/ros/foxy/install/rcpputils:/opt/ros/foxy/install/rcutils:/opt/ros/foxy/install/rcl_yaml_param_parser:/opt/ros/foxy/install/launch_testing_ament_cmake:/opt/ros/foxy/install/python_cmake_module:/opt/ros/foxy/install/performance_test_fixture:/opt/ros/foxy/install/osrf_testing_tools_cpp:/opt/ros/foxy/install/orocos_kdl:/opt/ros/foxy/install/mimick_vendor:/opt/ros/foxy/install/message_filters:/opt/ros/foxy/install/libyaml_vendor:/opt/ros/foxy/install/ament_cmake_ros:/opt/ros/foxy/install/ament_cmake_gmock:/opt/ros/foxy/install/gmock_vendor:/opt/ros/foxy/install/ament_cmake_gtest:/opt/ros/foxy/install/gtest_vendor:/opt/ros/foxy/install/ament_cmake_google_benchmark:/opt/ros/foxy/install/google_benchmark_vendor:/opt/ros/foxy/install/fastrtps:/opt/ros/foxy/install/foonathan_memory_vendor:/opt/ros/foxy/install/fastrtps_cmake_module:/opt/ros/foxy/install/fastcdr:/opt/ros/foxy/install/eigen3_cmake_module:/opt/ros/foxy/install/cyclonedds:/opt/ros/foxy/install/console_bridge_vendor:/opt/ros/foxy/install/connext_cmake_module:/opt/ros/foxy/install/ament_cmake_xmllint:/opt/ros/foxy/install/ament_cmake_pep257:/opt/ros/foxy/install/ament_lint_auto:/opt/ros/foxy/install/ament_cmake_auto:/opt/ros/foxy/install/ament_cmake:/opt/ros/foxy/install/ament_cmake_version:/opt/ros/foxy/install/ament_cmake_pytest:/opt/ros/foxy/install/ament_cmake_lint_cmake:/opt/ros/foxy/install/ament_cmake_flake8:/opt/ros/foxy/install/ament_cmake_cpplint:/opt/ros/foxy/install/ament_cmake_cppcheck:/opt/ros/foxy/install/ament_cmake_copyright:/opt/ros/foxy/install/ament_cmake_test:/opt/ros/foxy/install/ament_cmake_target_dependencies:/opt/ros/foxy/install/ament_cmake_python:/opt/ros/foxy/install/ament_cmake_export_dependencies:/opt/ros/foxy/install/ament_cmake_libraries:/opt/ros/foxy/install/ament_cmake_include_directories:/opt/ros/foxy/install/ament_cmake_export_targets:/opt/ros/foxy/install/ament_cmake_export_link_flags:/opt/ros/foxy/install/ament_cmake_export_interfaces:/opt/ros/foxy/install/ament_cmake_export_libraries:/opt/ros/foxy/install/ament_cmake_export_include_directories:/opt/ros/foxy/install/ament_cmake_export_definitions:/opt/ros/foxy/install/ament_cmake_core:/opt/ros/foxy/install/ament_index_cpp:/opt/ros/foxy/install/ros2bag:/opt/ros/foxy/install/sros2:/opt/ros/foxy/install/ros2topic:/opt/ros/foxy/install/ros2test:/opt/ros/foxy/install/ros2component:/opt/ros/foxy/install/ros2param:/opt/ros/foxy/install/ros2lifecycle:/opt/ros/foxy/install/ros2service:/opt/ros/foxy/install/ros2run:/opt/ros/foxy/install/ros2launch:/opt/ros/foxy/install/ros2pkg:/opt/ros/foxy/install/ros2node:/opt/ros/foxy/install/ros2multicast:/opt/ros/foxy/install/ros2interface:/opt/ros/foxy/install/ros2doctor:/opt/ros/foxy/install/ros2action:/opt/ros/foxy/install/ros2cli:/opt/ros/foxy/install/launch_testing_ros:/opt/ros/foxy/install/launch_ros:/opt/ros/foxy/install/ament_uncrustify:/opt/ros/foxy/install/rpyutils:/opt/ros/foxy/install/rosidl_runtime_py:/opt/ros/foxy/install/launch_yaml:/opt/ros/foxy/install/launch_xml:/opt/ros/foxy/install/launch_testing:/opt/ros/foxy/install/launch:/opt/ros/foxy/install/osrf_pycommon:/opt/ros/foxy/install/domain_coordinator:/opt/ros/foxy/install/ament_xmllint:/opt/ros/foxy/install/ament_pep257:/opt/ros/foxy/install/ament_package:/opt/ros/foxy/install/ament_mypy:/opt/ros/foxy/install/ament_lint_cmake:/opt/ros/foxy/install/ament_flake8:/opt/ros/foxy/install/ament_copyright:/opt/ros/foxy/install/ament_lint:/opt/ros/foxy/install/ament_index_python:/opt/ros/foxy/install/ament_cpplint:/opt/ros/foxy/install/ament_cppcheck LD_LIBRARY_PATH=/home/usr/usr_ws_2020/install/motion_controller_msgs/lib:/opt/ros/foxy/install/rosbag2_transport/lib:/opt/ros/foxy/install/rosbag2_compression/lib:/opt/ros/foxy/install/zstd_vendor/lib:/opt/ros/foxy/install/rosbag2_storage_default_plugins/lib:/opt/ros/foxy/install/rosbag2_converter_default_plugins/lib:/opt/ros/foxy/install/rosbag2_cpp/lib:/opt/ros/foxy/install/rosbag2_storage/lib:/opt/ros/foxy/install/yaml_cpp_vendor/opt/yaml_cpp_vendor/lib:/opt/ros/foxy/install/visualization_msgs/lib:/opt/ros/foxy/install/robot_state_publisher/lib:/opt/ros/foxy/install/kdl_parser/lib:/opt/ros/foxy/install/urdf/lib:/opt/ros/foxy/install/urdfdom/lib:/opt/ros/foxy/install/tf2_bullet/lib:/opt/ros/foxy/install/tf2_ros/lib:/opt/ros/foxy/install/tf2_msgs/lib:/opt/ros/foxy/install/test_msgs/lib:/opt/ros/foxy/install/rclpy/lib:/opt/ros/foxy/install/rclcpp_action/lib:/opt/ros/foxy/install/rcl_action/lib:/opt/ros/foxy/install/example_interfaces/lib:/opt/ros/foxy/install/action_msgs/lib:/opt/ros/foxy/install/unique_identifier_msgs/lib:/opt/ros/foxy/install/trajectory_msgs/lib:/opt/ros/foxy/install/rclcpp_lifecycle/lib:/opt/ros/foxy/install/rclcpp_components/lib:/opt/ros/foxy/install/rclcpp/lib:/opt/ros/foxy/install/rcl_lifecycle/lib:/opt/ros/foxy/install/libstatistics_collector/lib:/opt/ros/foxy/install/rcl/lib:/opt/ros/foxy/install/tracetools/lib:/opt/ros/foxy/install/tf2/lib:/opt/ros/foxy/install/stereo_msgs/lib:/opt/ros/foxy/install/std_srvs/lib:/opt/ros/foxy/install/shape_msgs/lib:/opt/ros/foxy/install/sensor_msgs/lib:/opt/ros/foxy/install/nav_msgs/lib:/opt/ros/foxy/install/diagnostic_msgs/lib:/opt/ros/foxy/install/geometry_msgs/lib:/opt/ros/foxy/install/actionlib_msgs/lib:/opt/ros/foxy/install/std_msgs/lib:/opt/ros/foxy/install/statistics_msgs/lib:/opt/ros/foxy/install/rcl_logging_spdlog/lib:/opt/ros/foxy/install/spdlog_vendor/lib:/opt/ros/foxy/install/rosgraph_msgs/lib:/opt/ros/foxy/install/rmw_implementation/lib:/opt/ros/foxy/install/rmw_fastrtps_cpp/lib:/opt/ros/foxy/install/rmw_fastrtps_shared_cpp/lib:/opt/ros/foxy/install/rmw_cyclonedds_cpp/lib:/opt/ros/foxy/install/rmw_dds_common/lib:/opt/ros/foxy/install/composition_interfaces/lib:/opt/ros/foxy/install/rcl_interfaces/lib:/opt/ros/foxy/install/lifecycle_msgs/lib:/opt/ros/foxy/install/builtin_interfaces/lib:/opt/ros/foxy/install/rosidl_typesupport_cpp/lib:/opt/ros/foxy/install/rosidl_typesupport_introspection_cpp/lib:/opt/ros/foxy/install/rosidl_typesupport_c/lib:/opt/ros/foxy/install/rosidl_typesupport_introspection_c/lib:/opt/ros/foxy/install/rosidl_typesupport_fastrtps_c/lib:/opt/ros/foxy/install/rosidl_typesupport_fastrtps_cpp/lib:/opt/ros/foxy/install/rmw/lib:/opt/ros/foxy/install/rosidl_runtime_c/lib:/opt/ros/foxy/install/class_loader/lib:/opt/ros/foxy/install/rcpputils/lib:/opt/ros/foxy/install/rcutils/lib:/opt/ros/foxy/install/rcl_yaml_param_parser/lib:/opt/ros/foxy/install/performance_test_fixture/lib:/opt/ros/foxy/install/osrf_testing_tools_cpp/lib:/opt/ros/foxy/install/orocos_kdl/lib:/opt/ros/foxy/install/mimick_vendor/lib:/opt/ros/foxy/install/message_filters/lib:/opt/ros/foxy/install/libyaml_vendor/lib:/opt/ros/foxy/install/google_benchmark_vendor/lib:/opt/ros/foxy/install/fastrtps/lib:/opt/ros/foxy/install/fastcdr/lib:/opt/ros/foxy/install/cyclonedds/lib:/opt/ros/foxy/install/console_bridge_vendor/lib:/opt/ros/foxy/install/ament_index_cpp/lib:/usr/local/cuda-10.2/lib64 PYTHONPATH=/home/usr/usr_ws_2020/install/motion_controller_msgs/lib/python3.6/site-packages:${PYTHONPATH} /usr/bin/cmake /home/usr/usr_ws_2020/src/motion_controller/motion_controller_node -DAMENT_CMAKE_SYMLINK_INSTALL=1 -DCMAKE_INSTALL_PREFIX=/home/usr/usr_ws_2020/install/motion_controller_node
[2.325s] -- The C compiler identification is GNU 7.5.0
[2.582s] -- The CXX compiler identification is GNU 7.5.0
[2.618s] -- Check for working C compiler: /usr/bin/cc
[2.978s] -- Check for working C compiler: /usr/bin/cc -- works
[2.981s] -- Detecting C compiler ABI info
[3.363s] -- Detecting C compiler ABI info - done
[3.386s] -- Detecting C compile features
[4.481s] -- Detecting C compile features - done
[4.494s] -- Check for working CXX compiler: /usr/bin/c++
[4.935s] -- Check for working CXX compiler: /usr/bin/c++ -- works
[4.936s] -- Detecting CXX compiler ABI info
[5.291s] -- Detecting CXX compiler ABI info - done
[5.309s] -- Detecting CXX compile features
[6.708s] -- Detecting CXX compile features - done
[6.743s] -- Found ament_cmake: 0.9.8 (/opt/ros/foxy/install/ament_cmake/share/ament_cmake/cmake)
[7.060s] -- Found PythonInterp: /usr/bin/python3 (found suitable version "3.6.9", minimum required is "3") 
[7.062s] -- Using PYTHON_EXECUTABLE: /usr/bin/python3
[8.286s] -- Override CMake install command with custom implementation using symlinks instead of copying resources
[8.675s] -- Found rclcpp: 2.3.1 (/opt/ros/foxy/install/rclcpp/share/rclcpp/cmake)
[9.035s] -- Using all available rosidl_typesupport_c: rosidl_typesupport_introspection_c;rosidl_typesupport_fastrtps_c
[9.107s] -- Found rosidl_adapter: 1.2.1 (/opt/ros/foxy/install/rosidl_adapter/share/rosidl_adapter/cmake)
[9.611s] -- Found OpenSSL: /usr/lib/aarch64-linux-gnu/libcrypto.so (found version "1.1.1") 
[9.736s] -- Found FastRTPS: /opt/ros/foxy/install/fastrtps/include  
[10.133s] -- Using all available rosidl_typesupport_cpp: rosidl_typesupport_introspection_cpp;rosidl_typesupport_fastrtps_cpp
[10.452s] -- Found rmw_implementation_cmake: 1.0.3 (/opt/ros/foxy/install/rmw_implementation_cmake/share/rmw_implementation_cmake/cmake)
[10.502s] -- Using RMW implementation 'rmw_fastrtps_cpp' as default
[10.507s] -- Looking for pthread.h
[10.819s] -- Looking for pthread.h - found
[10.820s] -- Looking for pthread_create
[11.123s] -- Looking for pthread_create - not found
[11.123s] -- Looking for pthread_create in pthreads
[11.395s] -- Looking for pthread_create in pthreads - not found
[11.396s] -- Looking for pthread_create in pthread
[11.686s] -- Looking for pthread_create in pthread - found
[11.692s] -- Found Threads: TRUE  
[12.291s] -- Found geometry_msgs: 2.0.4 (/opt/ros/foxy/install/geometry_msgs/share/geometry_msgs/cmake)
[12.407s] -- Found motion_controller_msgs: 0.0.0 (/home/usr/usr_ws_2020/install/motion_controller_msgs/share/motion_controller_msgs/cmake)
[12.493s] -- Found ament_lint_auto: 0.9.6 (/opt/ros/foxy/install/ament_lint_auto/share/ament_lint_auto/cmake)
[13.198s] -- Added test 'copyright' to check source files copyright and LICENSE
[13.210s] -- Added test 'cppcheck' to perform static code analysis on C / C++ code
[13.211s] -- Configured cppcheck include dirs: $<BUILD_INTERFACE:/home/usr/usr_ws_2020/src/motion_controller/motion_controller_node/include>
[13.211s] -- Configured cppcheck exclude dirs and/or files: 
[13.218s] -- Added test 'cpplint' to check C / C++ code against the Google style
[13.218s] -- Configured cpplint exclude dirs and/or files: 
[13.226s] -- Added test 'lint_cmake' to check CMake code style
[13.233s] -- Added test 'uncrustify' to check C / C++ code style
[13.234s] -- Configured uncrustify additional arguments: 
[13.240s] -- Added test 'xmllint' to check XML markup files
[13.260s] -- Configuring done
[13.335s] -- Generating done
[13.341s] -- Build files have been written to: /home/usr/usr_ws_2020/build/motion_controller_node
