[0.211s] DEBUG:colcon:Command line arguments: ['/usr/bin/colcon', 'build']
[0.212s] DEBUG:colcon:Parsed command line arguments: Namespace(ament_cmake_args=None, base_paths=['.'], build_base='build', catkin_cmake_args=None, catkin_skip_building_tests=False, cmake_args=None, cmake_clean_cache=False, cmake_clean_first=False, cmake_force_configure=False, cmake_target=None, cmake_target_skip_unavailable=False, continue_on_error=False, event_handlers=None, executor='parallel', ignore_user_meta=False, install_base='install', log_base=None, log_level=None, main=<bound method BuildVerb.main of <colcon_core.verb.build.BuildVerb object at 0x7f4827e384f0>>, merge_install=False, metas=['./colcon.meta'], packages_above=None, packages_above_and_dependencies=None, packages_above_depth=None, packages_end=None, packages_ignore=None, packages_ignore_regex=None, packages_select=None, packages_select_build_failed=False, packages_select_by_dep=None, packages_select_regex=None, packages_select_test_failures=False, packages_skip=None, packages_skip_build_finished=False, packages_skip_by_dep=None, packages_skip_regex=None, packages_skip_test_passed=False, packages_skip_up_to=None, packages_start=None, packages_up_to=None, packages_up_to_regex=None, parallel_workers=4, paths=None, symlink_install=False, test_result_base=None, verb_extension=<colcon_core.verb.build.BuildVerb object at 0x7f4827e384f0>, verb_name='build', verb_parser=<colcon_defaults.argument_parser.defaults.DefaultArgumentsDecorator object at 0x7f4827e38a30>)
[0.240s] Level 1:colcon.colcon_core.package_discovery:discover_packages(colcon_meta) check parameters
[0.240s] Level 1:colcon.colcon_core.package_discovery:discover_packages(recursive) check parameters
[0.240s] Level 1:colcon.colcon_core.package_discovery:discover_packages(ignore) check parameters
[0.240s] Level 1:colcon.colcon_core.package_discovery:discover_packages(path) check parameters
[0.240s] Level 1:colcon.colcon_core.package_discovery:discover_packages(colcon_meta) discover
[0.240s] Level 1:colcon.colcon_core.package_discovery:discover_packages(recursive) discover
[0.240s] INFO:colcon.colcon_core.package_discovery:Crawling recursively for packages in '/home/usr2020/usr_ws_2020/src/mobility_controllers'
[0.240s] Level 1:colcon.colcon_core.package_identification:_identify(.) by extensions ['ignore', 'ignore_ament_install']
[0.240s] Level 1:colcon.colcon_core.package_identification:_identify(.) by extension 'ignore'
[0.240s] Level 1:colcon.colcon_core.package_identification:_identify(.) by extension 'ignore_ament_install'
[0.241s] Level 1:colcon.colcon_core.package_identification:_identify(.) by extensions ['colcon_pkg']
[0.241s] Level 1:colcon.colcon_core.package_identification:_identify(.) by extension 'colcon_pkg'
[0.241s] Level 1:colcon.colcon_core.package_identification:_identify(.) by extensions ['colcon_meta']
[0.241s] Level 1:colcon.colcon_core.package_identification:_identify(.) by extension 'colcon_meta'
[0.241s] Level 1:colcon.colcon_core.package_identification:_identify(.) by extensions ['ros']
[0.241s] Level 1:colcon.colcon_core.package_identification:_identify(.) by extension 'ros'
[0.252s] Level 1:colcon.colcon_core.package_identification:_identify(.) by extensions ['cmake', 'python']
[0.252s] Level 1:colcon.colcon_core.package_identification:_identify(.) by extension 'cmake'
[0.252s] Level 1:colcon.colcon_core.package_identification:_identify(.) by extension 'python'
[0.252s] Level 1:colcon.colcon_core.package_identification:_identify(.) by extensions ['python_setup_py']
[0.252s] Level 1:colcon.colcon_core.package_identification:_identify(.) by extension 'python_setup_py'
[0.252s] Level 1:colcon.colcon_core.package_identification:_identify(build) by extensions ['ignore', 'ignore_ament_install']
[0.252s] Level 1:colcon.colcon_core.package_identification:_identify(build) by extension 'ignore'
[0.252s] Level 1:colcon.colcon_core.package_identification:_identify(build) ignored
[0.252s] Level 1:colcon.colcon_core.package_identification:_identify(install) by extensions ['ignore', 'ignore_ament_install']
[0.252s] Level 1:colcon.colcon_core.package_identification:_identify(install) by extension 'ignore'
[0.253s] Level 1:colcon.colcon_core.package_identification:_identify(install) ignored
[0.253s] Level 1:colcon.colcon_core.package_identification:_identify(log) by extensions ['ignore', 'ignore_ament_install']
[0.253s] Level 1:colcon.colcon_core.package_identification:_identify(log) by extension 'ignore'
[0.253s] Level 1:colcon.colcon_core.package_identification:_identify(log) ignored
[0.253s] Level 1:colcon.colcon_core.package_identification:_identify(maxon_motor_node) by extensions ['ignore', 'ignore_ament_install']
[0.253s] Level 1:colcon.colcon_core.package_identification:_identify(maxon_motor_node) by extension 'ignore'
[0.253s] Level 1:colcon.colcon_core.package_identification:_identify(maxon_motor_node) by extension 'ignore_ament_install'
[0.253s] Level 1:colcon.colcon_core.package_identification:_identify(maxon_motor_node) by extensions ['colcon_pkg']
[0.253s] Level 1:colcon.colcon_core.package_identification:_identify(maxon_motor_node) by extension 'colcon_pkg'
[0.253s] Level 1:colcon.colcon_core.package_identification:_identify(maxon_motor_node) by extensions ['colcon_meta']
[0.253s] Level 1:colcon.colcon_core.package_identification:_identify(maxon_motor_node) by extension 'colcon_meta'
[0.253s] Level 1:colcon.colcon_core.package_identification:_identify(maxon_motor_node) by extensions ['ros']
[0.253s] Level 1:colcon.colcon_core.package_identification:_identify(maxon_motor_node) by extension 'ros'
[0.255s] DEBUG:colcon.colcon_core.package_identification:Package 'maxon_motor_node' with type 'ros.ament_python' and name 'maxon_motor_node'
[0.256s] Level 1:colcon.colcon_core.package_discovery:discover_packages(recursive) using defaults
[0.256s] Level 1:colcon.colcon_core.package_discovery:discover_packages(ignore) discover
[0.256s] Level 1:colcon.colcon_core.package_discovery:discover_packages(ignore) using defaults
[0.256s] Level 1:colcon.colcon_core.package_discovery:discover_packages(path) discover
[0.256s] Level 1:colcon.colcon_core.package_discovery:discover_packages(path) using defaults
[0.261s] Level 5:colcon.colcon_core.verb:set package 'maxon_motor_node' build argument 'cmake_args' from command line to 'None'
[0.261s] Level 5:colcon.colcon_core.verb:set package 'maxon_motor_node' build argument 'cmake_target' from command line to 'None'
[0.261s] Level 5:colcon.colcon_core.verb:set package 'maxon_motor_node' build argument 'cmake_target_skip_unavailable' from command line to 'False'
[0.261s] Level 5:colcon.colcon_core.verb:set package 'maxon_motor_node' build argument 'cmake_clean_cache' from command line to 'False'
[0.261s] Level 5:colcon.colcon_core.verb:set package 'maxon_motor_node' build argument 'cmake_clean_first' from command line to 'False'
[0.261s] Level 5:colcon.colcon_core.verb:set package 'maxon_motor_node' build argument 'cmake_force_configure' from command line to 'False'
[0.261s] Level 5:colcon.colcon_core.verb:set package 'maxon_motor_node' build argument 'ament_cmake_args' from command line to 'None'
[0.262s] Level 5:colcon.colcon_core.verb:set package 'maxon_motor_node' build argument 'catkin_cmake_args' from command line to 'None'
[0.262s] Level 5:colcon.colcon_core.verb:set package 'maxon_motor_node' build argument 'catkin_skip_building_tests' from command line to 'False'
[0.262s] DEBUG:colcon.colcon_core.verb:Building package 'maxon_motor_node' with the following arguments: {'ament_cmake_args': None, 'build_base': '/home/usr2020/usr_ws_2020/src/mobility_controllers/build/maxon_motor_node', 'catkin_cmake_args': None, 'catkin_skip_building_tests': False, 'cmake_args': None, 'cmake_clean_cache': False, 'cmake_clean_first': False, 'cmake_force_configure': False, 'cmake_target': None, 'cmake_target_skip_unavailable': False, 'install_base': '/home/usr2020/usr_ws_2020/src/mobility_controllers/install/maxon_motor_node', 'merge_install': False, 'path': '/home/usr2020/usr_ws_2020/src/mobility_controllers/maxon_motor_node', 'symlink_install': False, 'test_result_base': None}
[0.262s] INFO:colcon.colcon_core.executor:Executing jobs using 'parallel' executor
[0.264s] DEBUG:colcon.colcon_parallel_executor.executor.parallel:run_until_complete
[0.264s] INFO:colcon.colcon_ros.task.ament_python.build:Building ROS package in '/home/usr2020/usr_ws_2020/src/mobility_controllers/maxon_motor_node' with build type 'ament_python'
[0.264s] Level 1:colcon.colcon_core.shell:create_environment_hook('maxon_motor_node', 'ament_prefix_path')
[0.271s] INFO:colcon.colcon_core.plugin_system:Skipping extension 'colcon_core.shell.bat': Not used on non-Windows systems
[0.272s] INFO:colcon.colcon_core.shell:Creating environment hook '/home/usr2020/usr_ws_2020/src/mobility_controllers/install/maxon_motor_node/share/maxon_motor_node/hook/ament_prefix_path.ps1'
[0.272s] INFO:colcon.colcon_core.shell:Creating environment descriptor '/home/usr2020/usr_ws_2020/src/mobility_controllers/install/maxon_motor_node/share/maxon_motor_node/hook/ament_prefix_path.dsv'
[0.273s] INFO:colcon.colcon_core.shell:Creating environment hook '/home/usr2020/usr_ws_2020/src/mobility_controllers/install/maxon_motor_node/share/maxon_motor_node/hook/ament_prefix_path.sh'
[0.273s] INFO:colcon.colcon_core.shell:Skip shell extension 'powershell' for command environment: Not usable outside of PowerShell
[0.274s] DEBUG:colcon.colcon_core.shell:Skip shell extension 'dsv' for command environment
[0.277s] DEBUG:colcon.colcon_core.shell:Ignoring prefix path '/opt/ros/foxy'
[0.486s] INFO:colcon.colcon_core.task.python.build:Building Python package in '/home/usr2020/usr_ws_2020/src/mobility_controllers/maxon_motor_node'
[0.488s] INFO:colcon.colcon_core.shell:Skip shell extension 'powershell' for command environment: Not usable outside of PowerShell
[0.488s] DEBUG:colcon.colcon_core.shell:Skip shell extension 'dsv' for command environment
[0.491s] DEBUG:colcon.colcon_core.shell:Ignoring prefix path '/opt/ros/foxy'
[0.502s] DEBUG:colcon.colcon_core.event_handler.log_command:Invoking command in '/home/usr2020/usr_ws_2020/src/mobility_controllers/maxon_motor_node': PYTHONPATH=/home/usr2020/usr_ws_2020/src/mobility_controllers/install/maxon_motor_node/lib/python3.8/site-packages:${PYTHONPATH} /usr/bin/python3 setup.py egg_info --egg-base /home/usr2020/usr_ws_2020/src/mobility_controllers/build/maxon_motor_node build --build-base /home/usr2020/usr_ws_2020/src/mobility_controllers/build/maxon_motor_node/build install --prefix /home/usr2020/usr_ws_2020/src/mobility_controllers/install/maxon_motor_node --record /home/usr2020/usr_ws_2020/src/mobility_controllers/build/maxon_motor_node/install.log --single-version-externally-managed
[0.766s] DEBUG:colcon.colcon_core.event_handler.log_command:Invoked command in '/home/usr2020/usr_ws_2020/src/mobility_controllers/maxon_motor_node' returned '0': PYTHONPATH=/home/usr2020/usr_ws_2020/src/mobility_controllers/install/maxon_motor_node/lib/python3.8/site-packages:${PYTHONPATH} /usr/bin/python3 setup.py egg_info --egg-base /home/usr2020/usr_ws_2020/src/mobility_controllers/build/maxon_motor_node build --build-base /home/usr2020/usr_ws_2020/src/mobility_controllers/build/maxon_motor_node/build install --prefix /home/usr2020/usr_ws_2020/src/mobility_controllers/install/maxon_motor_node --record /home/usr2020/usr_ws_2020/src/mobility_controllers/build/maxon_motor_node/install.log --single-version-externally-managed
[0.769s] Level 1:colcon.colcon_core.environment:checking '/home/usr2020/usr_ws_2020/src/mobility_controllers/install/maxon_motor_node' for CMake module files
[0.770s] Level 1:colcon.colcon_core.environment:checking '/home/usr2020/usr_ws_2020/src/mobility_controllers/install/maxon_motor_node' for CMake config files
[0.771s] Level 1:colcon.colcon_core.environment:checking '/home/usr2020/usr_ws_2020/src/mobility_controllers/install/maxon_motor_node/lib'
[0.771s] Level 1:colcon.colcon_core.environment:checking '/home/usr2020/usr_ws_2020/src/mobility_controllers/install/maxon_motor_node/bin'
[0.771s] Level 1:colcon.colcon_core.environment:checking '/home/usr2020/usr_ws_2020/src/mobility_controllers/install/maxon_motor_node/lib/pkgconfig/maxon_motor_node.pc'
[0.771s] Level 1:colcon.colcon_core.environment:checking '/home/usr2020/usr_ws_2020/src/mobility_controllers/install/maxon_motor_node/lib/python3.8/site-packages'
[0.771s] Level 1:colcon.colcon_core.shell:create_environment_hook('maxon_motor_node', 'pythonpath')
[0.772s] INFO:colcon.colcon_core.shell:Creating environment hook '/home/usr2020/usr_ws_2020/src/mobility_controllers/install/maxon_motor_node/share/maxon_motor_node/hook/pythonpath.ps1'
[0.773s] INFO:colcon.colcon_core.shell:Creating environment descriptor '/home/usr2020/usr_ws_2020/src/mobility_controllers/install/maxon_motor_node/share/maxon_motor_node/hook/pythonpath.dsv'
[0.773s] INFO:colcon.colcon_core.shell:Creating environment hook '/home/usr2020/usr_ws_2020/src/mobility_controllers/install/maxon_motor_node/share/maxon_motor_node/hook/pythonpath.sh'
[0.773s] Level 1:colcon.colcon_core.environment:create_environment_scripts_only(maxon_motor_node)
[0.774s] INFO:colcon.colcon_core.shell:Creating package script '/home/usr2020/usr_ws_2020/src/mobility_controllers/install/maxon_motor_node/share/maxon_motor_node/package.ps1'
[0.775s] INFO:colcon.colcon_core.shell:Creating package descriptor '/home/usr2020/usr_ws_2020/src/mobility_controllers/install/maxon_motor_node/share/maxon_motor_node/package.dsv'
[0.776s] INFO:colcon.colcon_core.shell:Creating package script '/home/usr2020/usr_ws_2020/src/mobility_controllers/install/maxon_motor_node/share/maxon_motor_node/package.sh'
[0.777s] INFO:colcon.colcon_core.shell:Creating package script '/home/usr2020/usr_ws_2020/src/mobility_controllers/install/maxon_motor_node/share/maxon_motor_node/package.bash'
[0.777s] INFO:colcon.colcon_core.shell:Creating package script '/home/usr2020/usr_ws_2020/src/mobility_controllers/install/maxon_motor_node/share/maxon_motor_node/package.zsh'
[0.778s] Level 1:colcon.colcon_core.environment:create_file_with_runtime_dependencies(/home/usr2020/usr_ws_2020/src/mobility_controllers/install/maxon_motor_node/share/colcon-core/packages/maxon_motor_node)
[0.778s] DEBUG:colcon.colcon_parallel_executor.executor.parallel:closing loop
[0.779s] DEBUG:colcon.colcon_parallel_executor.executor.parallel:loop closed
[0.779s] DEBUG:colcon.colcon_parallel_executor.executor.parallel:run_until_complete finished with '0'
[0.779s] DEBUG:colcon.colcon_core.event_reactor:joining thread
[0.784s] INFO:colcon.colcon_core.plugin_system:Skipping extension 'colcon_notification.desktop_notification.terminal_notifier': Not used on non-Darwin systems
[0.784s] INFO:colcon.colcon_core.plugin_system:Skipping extension 'colcon_notification.desktop_notification.win32': Not used on non-Windows systems
[0.784s] INFO:colcon.colcon_notification.desktop_notification:Sending desktop notification using 'notify2'
[0.804s] DEBUG:colcon.colcon_core.event_reactor:joined thread
[0.805s] INFO:colcon.colcon_core.shell:Creating prefix script '/home/usr2020/usr_ws_2020/src/mobility_controllers/install/local_setup.ps1'
[0.806s] INFO:colcon.colcon_core.shell:Creating prefix util module '/home/usr2020/usr_ws_2020/src/mobility_controllers/install/_local_setup_util_ps1.py'
[0.807s] INFO:colcon.colcon_core.shell:Creating prefix chain script '/home/usr2020/usr_ws_2020/src/mobility_controllers/install/setup.ps1'
[0.809s] INFO:colcon.colcon_core.shell:Creating prefix script '/home/usr2020/usr_ws_2020/src/mobility_controllers/install/local_setup.sh'
[0.810s] INFO:colcon.colcon_core.shell:Creating prefix util module '/home/usr2020/usr_ws_2020/src/mobility_controllers/install/_local_setup_util_sh.py'
[0.810s] INFO:colcon.colcon_core.shell:Creating prefix chain script '/home/usr2020/usr_ws_2020/src/mobility_controllers/install/setup.sh'
[0.812s] INFO:colcon.colcon_core.shell:Creating prefix script '/home/usr2020/usr_ws_2020/src/mobility_controllers/install/local_setup.bash'
[0.813s] INFO:colcon.colcon_core.shell:Creating prefix chain script '/home/usr2020/usr_ws_2020/src/mobility_controllers/install/setup.bash'
[0.817s] INFO:colcon.colcon_core.shell:Creating prefix script '/home/usr2020/usr_ws_2020/src/mobility_controllers/install/local_setup.zsh'
[0.817s] INFO:colcon.colcon_core.shell:Creating prefix chain script '/home/usr2020/usr_ws_2020/src/mobility_controllers/install/setup.zsh'
