[  2%] Built target motion_controller_msgs__cpp
[ 12%] Built target motion_controller_msgs__rosidl_generator_c
[ 23%] Built target motion_controller_msgs__rosidl_typesupport_fastrtps_cpp
[ 33%] Built target motion_controller_msgs__rosidl_typesupport_introspection_c
[ 43%] Built target motion_controller_msgs__rosidl_typesupport_cpp
[ 53%] Built target motion_controller_msgs__rosidl_typesupport_introspection_cpp
[ 64%] Built target motion_controller_msgs__rosidl_typesupport_c
[ 74%] Built target motion_controller_msgs__rosidl_typesupport_fastrtps_c
[ 74%] Built target motion_controller_msgs
[ 76%] Built target motion_controller_msgs__py
[ 84%] Built target motion_controller_msgs__python
[ 89%] Built target motion_controller_msgs__rosidl_typesupport_c__pyext
[ 94%] Built target motion_controller_msgs__rosidl_typesupport_introspection_c__pyext
[100%] Built target motion_controller_msgs__rosidl_typesupport_fastrtps_c__pyext
[  2%] Built target motion_controller_msgs__cpp
[ 12%] Built target motion_controller_msgs__rosidl_generator_c
CMakeFiles/motion_controller_msgs__rosidl_typesupport_introspection_cpp.dir/build.make:167: recipe for target 'CMakeFiles/motion_controller_msgs__rosidl_typesupport_introspection_cpp.dir/depend' failed
CMakeFiles/motion_controller_msgs__rosidl_typesupport_fastrtps_cpp.dir/build.make:174: recipe for target 'CMakeFiles/motion_controller_msgs__rosidl_typesupport_fastrtps_cpp.dir/depend' failed
CMakeFiles/Makefile2:403: recipe for target 'CMakeFiles/motion_controller_msgs__rosidl_typesupport_introspection_cpp.dir/all' failed
CMakeFiles/Makefile2:325: recipe for target 'CMakeFiles/motion_controller_msgs__rosidl_typesupport_fastrtps_cpp.dir/all' failed
CMakeFiles/motion_controller_msgs__rosidl_typesupport_cpp.dir/build.make:158: recipe for target 'CMakeFiles/motion_controller_msgs__rosidl_typesupport_cpp.dir/depend' failed
CMakeFiles/Makefile2:224: recipe for target 'CMakeFiles/motion_controller_msgs__rosidl_typesupport_introspection_c.dir/all' failed
CMakeFiles/Makefile2:104: recipe for target 'CMakeFiles/motion_controller_msgs__rosidl_typesupport_cpp.dir/all' failed
Makefile:140: recipe for target 'all' failed
make[2]: *** [CMakeFiles/motion_controller_msgs__rosidl_typesupport_introspection_cpp.dir/depend] Interrupt
make[2]: *** [CMakeFiles/motion_controller_msgs__rosidl_typesupport_fastrtps_cpp.dir/depend] Interrupt
make[1]: *** [CMakeFiles/motion_controller_msgs__rosidl_typesupport_introspection_cpp.dir/all] Interrupt
make[1]: *** [CMakeFiles/motion_controller_msgs__rosidl_typesupport_fastrtps_cpp.dir/all] Interrupt
make[1]: *** wait: No child processes.  Stop.
make[1]: *** Waiting for unfinished jobs....
make[1]: *** wait: No child processes.  Stop.
make[2]: *** [CMakeFiles/motion_controller_msgs__rosidl_typesupport_cpp.dir/depend] Interrupt
make[1]: *** [CMakeFiles/motion_controller_msgs__rosidl_typesupport_introspection_c.dir/all] Error 2
make[1]: *** [CMakeFiles/motion_controller_msgs__rosidl_typesupport_cpp.dir/all] Interrupt
make: *** [all] Interrupt
