[4.107s] Invoking command in '/home/usr/usr_ws_2020/build/digger_motor_node': PYTHONPATH=/home/usr/usr_ws_2020/install/digger_motor_node/lib/python3.6/site-packages:${PYTHONPATH} /usr/bin/python3 setup.py develop --prefix /home/usr/usr_ws_2020/install/digger_motor_node --uninstall --editable --build-directory /home/usr/usr_ws_2020/build/digger_motor_node/build
[5.700s] /home/usr/.local/lib/python3.6/site-packages/setuptools/dist.py:651: UserWarning: Usage of dash-separated 'script-dir' will not be supported in future versions. Please use the underscore name 'script_dir' instead
[5.701s]   % (opt, underscore_opt))
[5.702s] /home/usr/.local/lib/python3.6/site-packages/setuptools/dist.py:651: UserWarning: Usage of dash-separated 'install-scripts' will not be supported in future versions. Please use the underscore name 'install_scripts' instead
[5.703s]   % (opt, underscore_opt))
[5.986s] running develop
[6.852s] Invoked command in '/home/usr/usr_ws_2020/build/digger_motor_node' returned '0': PYTHONPATH=/home/usr/usr_ws_2020/install/digger_motor_node/lib/python3.6/site-packages:${PYTHONPATH} /usr/bin/python3 setup.py develop --prefix /home/usr/usr_ws_2020/install/digger_motor_node --uninstall --editable --build-directory /home/usr/usr_ws_2020/build/digger_motor_node/build
[6.868s] Invoking command in '/home/usr/usr_ws_2020/src/motor_controllers/digger_motor_node': PYTHONPATH=/home/usr/usr_ws_2020/install/digger_motor_node/lib/python3.6/site-packages:${PYTHONPATH} /usr/bin/python3 setup.py egg_info --egg-base ../../../build/digger_motor_node build --build-base /home/usr/usr_ws_2020/build/digger_motor_node/build install --prefix /home/usr/usr_ws_2020/install/digger_motor_node --record /home/usr/usr_ws_2020/build/digger_motor_node/install.log --single-version-externally-managed
[8.430s] /home/usr/.local/lib/python3.6/site-packages/setuptools/dist.py:651: UserWarning: Usage of dash-separated 'script-dir' will not be supported in future versions. Please use the underscore name 'script_dir' instead
[8.430s]   % (opt, underscore_opt))
[8.431s] /home/usr/.local/lib/python3.6/site-packages/setuptools/dist.py:651: UserWarning: Usage of dash-separated 'install-scripts' will not be supported in future versions. Please use the underscore name 'install_scripts' instead
[8.432s]   % (opt, underscore_opt))
[8.621s] running egg_info
[8.622s] writing ../../../build/digger_motor_node/digger_motor_node.egg-info/PKG-INFO
[8.625s] writing dependency_links to ../../../build/digger_motor_node/digger_motor_node.egg-info/dependency_links.txt
[8.626s] writing entry points to ../../../build/digger_motor_node/digger_motor_node.egg-info/entry_points.txt
[8.626s] writing requirements to ../../../build/digger_motor_node/digger_motor_node.egg-info/requires.txt
[8.629s] writing top-level names to ../../../build/digger_motor_node/digger_motor_node.egg-info/top_level.txt
[8.845s] reading manifest file '../../../build/digger_motor_node/digger_motor_node.egg-info/SOURCES.txt'
[8.866s] writing manifest file '../../../build/digger_motor_node/digger_motor_node.egg-info/SOURCES.txt'
[8.867s] running build
[8.867s] running build_py
[8.868s] copying digger_motor_node/digger_motor_controller.py -> /home/usr/usr_ws_2020/build/digger_motor_node/build/lib/digger_motor_node
[8.868s] running install
[8.869s] running install_lib
[8.869s] copying /home/usr/usr_ws_2020/build/digger_motor_node/build/lib/digger_motor_node/digger_motor_controller.py -> /home/usr/usr_ws_2020/install/digger_motor_node/lib/python3.6/site-packages/digger_motor_node
[8.870s] byte-compiling /home/usr/usr_ws_2020/install/digger_motor_node/lib/python3.6/site-packages/digger_motor_node/digger_motor_controller.py to digger_motor_controller.cpython-36.pyc
[8.870s] running install_data
[8.870s] running install_egg_info
[8.881s] removing '/home/usr/usr_ws_2020/install/digger_motor_node/lib/python3.6/site-packages/digger_motor_node-0.0.0-py3.6.egg-info' (and everything under it)
[8.882s] Copying ../../../build/digger_motor_node/digger_motor_node.egg-info to /home/usr/usr_ws_2020/install/digger_motor_node/lib/python3.6/site-packages/digger_motor_node-0.0.0-py3.6.egg-info
[8.886s] running install_scripts
[8.991s] Installing digger_motor_controller script to /home/usr/usr_ws_2020/install/digger_motor_node/lib/digger_motor_node
[8.992s] writing list of installed files to '/home/usr/usr_ws_2020/build/digger_motor_node/install.log'
[10.423s] Invoked command in '/home/usr/usr_ws_2020/src/motor_controllers/digger_motor_node' returned '0': PYTHONPATH=/home/usr/usr_ws_2020/install/digger_motor_node/lib/python3.6/site-packages:${PYTHONPATH} /usr/bin/python3 setup.py egg_info --egg-base ../../../build/digger_motor_node build --build-base /home/usr/usr_ws_2020/build/digger_motor_node/build install --prefix /home/usr/usr_ws_2020/install/digger_motor_node --record /home/usr/usr_ws_2020/build/digger_motor_node/install.log --single-version-externally-managed
