[4.065s] Invoking command in '/home/usr/usr_ws_2020/build/digger_motor_node': PYTHONPATH=/home/usr/usr_ws_2020/install/digger_motor_node/lib/python3.6/site-packages:${PYTHONPATH} /usr/bin/python3 setup.py develop --prefix /home/usr/usr_ws_2020/install/digger_motor_node --uninstall --editable --build-directory /home/usr/usr_ws_2020/build/digger_motor_node/build
[5.619s] /home/usr/.local/lib/python3.6/site-packages/setuptools/dist.py:651: UserWarning: Usage of dash-separated 'script-dir' will not be supported in future versions. Please use the underscore name 'script_dir' instead
[5.619s]   % (opt, underscore_opt))
[5.621s] /home/usr/.local/lib/python3.6/site-packages/setuptools/dist.py:651: UserWarning: Usage of dash-separated 'install-scripts' will not be supported in future versions. Please use the underscore name 'install_scripts' instead
[5.622s]   % (opt, underscore_opt))
[5.934s] running develop
[7.203s] Invoked command in '/home/usr/usr_ws_2020/build/digger_motor_node' returned '0': PYTHONPATH=/home/usr/usr_ws_2020/install/digger_motor_node/lib/python3.6/site-packages:${PYTHONPATH} /usr/bin/python3 setup.py develop --prefix /home/usr/usr_ws_2020/install/digger_motor_node --uninstall --editable --build-directory /home/usr/usr_ws_2020/build/digger_motor_node/build
[7.205s] Invoking command in '/home/usr/usr_ws_2020/src/motor_controllers/digger_motor_node': PYTHONPATH=/home/usr/usr_ws_2020/install/digger_motor_node/lib/python3.6/site-packages:${PYTHONPATH} /usr/bin/python3 setup.py egg_info --egg-base ../../../build/digger_motor_node build --build-base /home/usr/usr_ws_2020/build/digger_motor_node/build install --prefix /home/usr/usr_ws_2020/install/digger_motor_node --record /home/usr/usr_ws_2020/build/digger_motor_node/install.log --single-version-externally-managed
[8.867s] /home/usr/.local/lib/python3.6/site-packages/setuptools/dist.py:651: UserWarning: Usage of dash-separated 'script-dir' will not be supported in future versions. Please use the underscore name 'script_dir' instead
[8.868s]   % (opt, underscore_opt))
[8.868s] /home/usr/.local/lib/python3.6/site-packages/setuptools/dist.py:651: UserWarning: Usage of dash-separated 'install-scripts' will not be supported in future versions. Please use the underscore name 'install_scripts' instead
[8.868s]   % (opt, underscore_opt))
[9.019s] running egg_info
[9.023s] writing ../../../build/digger_motor_node/digger_motor_node.egg-info/PKG-INFO
[9.024s] writing dependency_links to ../../../build/digger_motor_node/digger_motor_node.egg-info/dependency_links.txt
[9.025s] writing entry points to ../../../build/digger_motor_node/digger_motor_node.egg-info/entry_points.txt
[9.025s] writing requirements to ../../../build/digger_motor_node/digger_motor_node.egg-info/requires.txt
[9.025s] writing top-level names to ../../../build/digger_motor_node/digger_motor_node.egg-info/top_level.txt
[9.213s] reading manifest file '../../../build/digger_motor_node/digger_motor_node.egg-info/SOURCES.txt'
[9.216s] writing manifest file '../../../build/digger_motor_node/digger_motor_node.egg-info/SOURCES.txt'
[9.217s] running build
[9.218s] running build_py
[9.218s] running install
[9.222s] running install_lib
[9.228s] running install_data
[9.230s] running install_egg_info
[9.243s] removing '/home/usr/usr_ws_2020/install/digger_motor_node/lib/python3.6/site-packages/digger_motor_node-0.0.0-py3.6.egg-info' (and everything under it)
[9.243s] Copying ../../../build/digger_motor_node/digger_motor_node.egg-info to /home/usr/usr_ws_2020/install/digger_motor_node/lib/python3.6/site-packages/digger_motor_node-0.0.0-py3.6.egg-info
[9.247s] running install_scripts
[9.359s] Installing digger_motor_controller script to /home/usr/usr_ws_2020/install/digger_motor_node/lib/digger_motor_node
[9.364s] writing list of installed files to '/home/usr/usr_ws_2020/build/digger_motor_node/install.log'
[9.486s] Invoked command in '/home/usr/usr_ws_2020/src/motor_controllers/digger_motor_node' returned '0': PYTHONPATH=/home/usr/usr_ws_2020/install/digger_motor_node/lib/python3.6/site-packages:${PYTHONPATH} /usr/bin/python3 setup.py egg_info --egg-base ../../../build/digger_motor_node build --build-base /home/usr/usr_ws_2020/build/digger_motor_node/build install --prefix /home/usr/usr_ws_2020/install/digger_motor_node --record /home/usr/usr_ws_2020/build/digger_motor_node/install.log --single-version-externally-managed
