[4.295s] Invoking command in '/home/usr/usr_ws_2020/build/digger_motor_node': PYTHONPATH=/home/usr/usr_ws_2020/install/digger_motor_node/lib/python3.6/site-packages:${PYTHONPATH} /usr/bin/python3 setup.py develop --prefix /home/usr/usr_ws_2020/install/digger_motor_node --uninstall --editable --build-directory /home/usr/usr_ws_2020/build/digger_motor_node/build
[6.415s] /home/usr/.local/lib/python3.6/site-packages/setuptools/dist.py:651: UserWarning: Usage of dash-separated 'script-dir' will not be supported in future versions. Please use the underscore name 'script_dir' instead
[6.416s]   % (opt, underscore_opt))
[6.417s] /home/usr/.local/lib/python3.6/site-packages/setuptools/dist.py:651: UserWarning: Usage of dash-separated 'install-scripts' will not be supported in future versions. Please use the underscore name 'install_scripts' instead
[6.417s]   % (opt, underscore_opt))
[6.717s] running develop
[7.700s] Invoked command in '/home/usr/usr_ws_2020/build/digger_motor_node' returned '0': PYTHONPATH=/home/usr/usr_ws_2020/install/digger_motor_node/lib/python3.6/site-packages:${PYTHONPATH} /usr/bin/python3 setup.py develop --prefix /home/usr/usr_ws_2020/install/digger_motor_node --uninstall --editable --build-directory /home/usr/usr_ws_2020/build/digger_motor_node/build
[7.703s] Invoking command in '/home/usr/usr_ws_2020/src/motor_controllers/digger_motor_node': PYTHONPATH=/home/usr/usr_ws_2020/install/digger_motor_node/lib/python3.6/site-packages:${PYTHONPATH} /usr/bin/python3 setup.py egg_info --egg-base ../../../build/digger_motor_node build --build-base /home/usr/usr_ws_2020/build/digger_motor_node/build install --prefix /home/usr/usr_ws_2020/install/digger_motor_node --record /home/usr/usr_ws_2020/build/digger_motor_node/install.log --single-version-externally-managed
[9.195s] /home/usr/.local/lib/python3.6/site-packages/setuptools/dist.py:651: UserWarning: Usage of dash-separated 'script-dir' will not be supported in future versions. Please use the underscore name 'script_dir' instead
[9.196s]   % (opt, underscore_opt))
[9.196s] /home/usr/.local/lib/python3.6/site-packages/setuptools/dist.py:651: UserWarning: Usage of dash-separated 'install-scripts' will not be supported in future versions. Please use the underscore name 'install_scripts' instead
[9.197s]   % (opt, underscore_opt))
[9.324s] running egg_info
[9.328s] writing ../../../build/digger_motor_node/digger_motor_node.egg-info/PKG-INFO
[9.329s] writing dependency_links to ../../../build/digger_motor_node/digger_motor_node.egg-info/dependency_links.txt
[9.330s] writing entry points to ../../../build/digger_motor_node/digger_motor_node.egg-info/entry_points.txt
[9.331s] writing requirements to ../../../build/digger_motor_node/digger_motor_node.egg-info/requires.txt
[9.331s] writing top-level names to ../../../build/digger_motor_node/digger_motor_node.egg-info/top_level.txt
[9.513s] reading manifest file '../../../build/digger_motor_node/digger_motor_node.egg-info/SOURCES.txt'
[9.518s] writing manifest file '../../../build/digger_motor_node/digger_motor_node.egg-info/SOURCES.txt'
[9.518s] running build
[9.519s] running build_py
[9.519s] copying digger_motor_node/digger_motor_controller.py -> /home/usr/usr_ws_2020/build/digger_motor_node/build/lib/digger_motor_node
[9.521s] running install
[9.522s] running install_lib
[9.524s] copying /home/usr/usr_ws_2020/build/digger_motor_node/build/lib/digger_motor_node/digger_motor_controller.py -> /home/usr/usr_ws_2020/install/digger_motor_node/lib/python3.6/site-packages/digger_motor_node
[9.530s] byte-compiling /home/usr/usr_ws_2020/install/digger_motor_node/lib/python3.6/site-packages/digger_motor_node/digger_motor_controller.py to digger_motor_controller.cpython-36.pyc
[9.531s]   File "/home/usr/usr_ws_2020/install/digger_motor_node/lib/python3.6/site-packages/digger_motor_node/digger_motor_controller.py", line 6
[9.531s]     To get the full path to the directory a Python file is contained in, write this in that file:
[9.532s]          ^
[9.532s] SyntaxError: invalid syntax
[9.533s] 
[9.533s] running install_data
[9.534s] running install_egg_info
[9.557s] removing '/home/usr/usr_ws_2020/install/digger_motor_node/lib/python3.6/site-packages/digger_motor_node-0.0.0-py3.6.egg-info' (and everything under it)
[9.565s] Copying ../../../build/digger_motor_node/digger_motor_node.egg-info to /home/usr/usr_ws_2020/install/digger_motor_node/lib/python3.6/site-packages/digger_motor_node-0.0.0-py3.6.egg-info
[9.566s] running install_scripts
[9.646s] Installing digger_motor_controller script to /home/usr/usr_ws_2020/install/digger_motor_node/lib/digger_motor_node
[9.647s] writing list of installed files to '/home/usr/usr_ws_2020/build/digger_motor_node/install.log'
[10.789s] Invoked command in '/home/usr/usr_ws_2020/src/motor_controllers/digger_motor_node' returned '0': PYTHONPATH=/home/usr/usr_ws_2020/install/digger_motor_node/lib/python3.6/site-packages:${PYTHONPATH} /usr/bin/python3 setup.py egg_info --egg-base ../../../build/digger_motor_node build --build-base /home/usr/usr_ws_2020/build/digger_motor_node/build install --prefix /home/usr/usr_ws_2020/install/digger_motor_node --record /home/usr/usr_ws_2020/build/digger_motor_node/install.log --single-version-externally-managed
