[1.606s] DEBUG:colcon:Command line arguments: ['/usr/bin/colcon', 'build', '--packages-skip-regex', 'real*']
[1.607s] DEBUG:colcon:Parsed command line arguments: Namespace(ament_cmake_args=None, base_paths=['.'], build_base='build', catkin_cmake_args=None, catkin_skip_building_tests=False, cmake_args=None, cmake_clean_cache=False, cmake_clean_first=False, cmake_force_configure=False, cmake_target=None, cmake_target_skip_unavailable=False, continue_on_error=False, event_handlers=None, executor='parallel', ignore_user_meta=False, install_base='install', log_base=None, log_level=None, main=<bound method BuildVerb.main of <colcon_core.verb.build.BuildVerb object at 0x7fb6430c88>>, merge_install=False, metas=['./colcon.meta'], packages_above=None, packages_above_and_dependencies=None, packages_above_depth=None, packages_end=None, packages_ignore=None, packages_ignore_regex=None, packages_select=None, packages_select_build_failed=False, packages_select_by_dep=None, packages_select_regex=None, packages_select_test_failures=False, packages_skip=None, packages_skip_build_finished=False, packages_skip_by_dep=None, packages_skip_regex=[re.compile('real*')], packages_skip_test_passed=False, packages_skip_up_to=None, packages_start=None, packages_up_to=None, packages_up_to_regex=None, parallel_workers=4, paths=None, symlink_install=False, test_result_base=None, verb_extension=<colcon_core.verb.build.BuildVerb object at 0x7fb6430c88>, verb_name='build', verb_parser=<colcon_defaults.argument_parser.defaults.DefaultArgumentsDecorator object at 0x7fb643d048>)
[1.642s] Level 1:colcon.colcon_core.package_discovery:discover_packages(colcon_meta) check parameters
[1.643s] Level 1:colcon.colcon_core.package_discovery:discover_packages(recursive) check parameters
[1.643s] Level 1:colcon.colcon_core.package_discovery:discover_packages(ignore) check parameters
[1.643s] Level 1:colcon.colcon_core.package_discovery:discover_packages(path) check parameters
[1.643s] Level 1:colcon.colcon_core.package_discovery:discover_packages(colcon_meta) discover
[1.644s] Level 1:colcon.colcon_core.package_discovery:discover_packages(recursive) discover
[1.645s] INFO:colcon.colcon_core.package_discovery:Crawling recursively for packages in '/home/usr/usr_ws_2020'
[1.645s] Level 1:colcon.colcon_core.package_identification:_identify(.) by extensions ['ignore', 'ignore_ament_install']
[1.645s] Level 1:colcon.colcon_core.package_identification:_identify(.) by extension 'ignore'
[1.646s] Level 1:colcon.colcon_core.package_identification:_identify(.) by extension 'ignore_ament_install'
[1.646s] Level 1:colcon.colcon_core.package_identification:_identify(.) by extensions ['colcon_pkg']
[1.646s] Level 1:colcon.colcon_core.package_identification:_identify(.) by extension 'colcon_pkg'
[1.646s] Level 1:colcon.colcon_core.package_identification:_identify(.) by extensions ['colcon_meta']
[1.646s] Level 1:colcon.colcon_core.package_identification:_identify(.) by extension 'colcon_meta'
[1.646s] Level 1:colcon.colcon_core.package_identification:_identify(.) by extensions ['ros']
[1.647s] Level 1:colcon.colcon_core.package_identification:_identify(.) by extension 'ros'
[1.730s] Level 1:colcon.colcon_core.package_identification:_identify(.) by extensions ['cmake', 'python']
[1.730s] Level 1:colcon.colcon_core.package_identification:_identify(.) by extension 'cmake'
[1.730s] Level 1:colcon.colcon_core.package_identification:_identify(.) by extension 'python'
[1.731s] Level 1:colcon.colcon_core.package_identification:_identify(.) by extensions ['python_setup_py']
[1.731s] Level 1:colcon.colcon_core.package_identification:_identify(.) by extension 'python_setup_py'
[1.731s] Level 1:colcon.colcon_core.package_identification:_identify(build) by extensions ['ignore', 'ignore_ament_install']
[1.732s] Level 1:colcon.colcon_core.package_identification:_identify(build) by extension 'ignore'
[1.732s] Level 1:colcon.colcon_core.package_identification:_identify(build) ignored
[1.733s] Level 1:colcon.colcon_core.package_identification:_identify(docker) by extensions ['ignore', 'ignore_ament_install']
[1.733s] Level 1:colcon.colcon_core.package_identification:_identify(docker) by extension 'ignore'
[1.734s] Level 1:colcon.colcon_core.package_identification:_identify(docker) by extension 'ignore_ament_install'
[1.734s] Level 1:colcon.colcon_core.package_identification:_identify(docker) by extensions ['colcon_pkg']
[1.734s] Level 1:colcon.colcon_core.package_identification:_identify(docker) by extension 'colcon_pkg'
[1.734s] Level 1:colcon.colcon_core.package_identification:_identify(docker) by extensions ['colcon_meta']
[1.734s] Level 1:colcon.colcon_core.package_identification:_identify(docker) by extension 'colcon_meta'
[1.735s] Level 1:colcon.colcon_core.package_identification:_identify(docker) by extensions ['ros']
[1.735s] Level 1:colcon.colcon_core.package_identification:_identify(docker) by extension 'ros'
[1.735s] Level 1:colcon.colcon_core.package_identification:_identify(docker) by extensions ['cmake', 'python']
[1.735s] Level 1:colcon.colcon_core.package_identification:_identify(docker) by extension 'cmake'
[1.735s] Level 1:colcon.colcon_core.package_identification:_identify(docker) by extension 'python'
[1.736s] Level 1:colcon.colcon_core.package_identification:_identify(docker) by extensions ['python_setup_py']
[1.736s] Level 1:colcon.colcon_core.package_identification:_identify(docker) by extension 'python_setup_py'
[1.736s] Level 1:colcon.colcon_core.package_identification:_identify(install) by extensions ['ignore', 'ignore_ament_install']
[1.737s] Level 1:colcon.colcon_core.package_identification:_identify(install) by extension 'ignore'
[1.737s] Level 1:colcon.colcon_core.package_identification:_identify(install) ignored
[1.737s] Level 1:colcon.colcon_core.package_identification:_identify(launch) by extensions ['ignore', 'ignore_ament_install']
[1.737s] Level 1:colcon.colcon_core.package_identification:_identify(launch) by extension 'ignore'
[1.738s] Level 1:colcon.colcon_core.package_identification:_identify(launch) by extension 'ignore_ament_install'
[1.738s] Level 1:colcon.colcon_core.package_identification:_identify(launch) by extensions ['colcon_pkg']
[1.738s] Level 1:colcon.colcon_core.package_identification:_identify(launch) by extension 'colcon_pkg'
[1.738s] Level 1:colcon.colcon_core.package_identification:_identify(launch) by extensions ['colcon_meta']
[1.738s] Level 1:colcon.colcon_core.package_identification:_identify(launch) by extension 'colcon_meta'
[1.738s] Level 1:colcon.colcon_core.package_identification:_identify(launch) by extensions ['ros']
[1.739s] Level 1:colcon.colcon_core.package_identification:_identify(launch) by extension 'ros'
[1.739s] Level 1:colcon.colcon_core.package_identification:_identify(launch) by extensions ['cmake', 'python']
[1.739s] Level 1:colcon.colcon_core.package_identification:_identify(launch) by extension 'cmake'
[1.739s] Level 1:colcon.colcon_core.package_identification:_identify(launch) by extension 'python'
[1.739s] Level 1:colcon.colcon_core.package_identification:_identify(launch) by extensions ['python_setup_py']
[1.739s] Level 1:colcon.colcon_core.package_identification:_identify(launch) by extension 'python_setup_py'
[1.740s] Level 1:colcon.colcon_core.package_identification:_identify(launch/__pycache__) by extensions ['ignore', 'ignore_ament_install']
[1.740s] Level 1:colcon.colcon_core.package_identification:_identify(launch/__pycache__) by extension 'ignore'
[1.740s] Level 1:colcon.colcon_core.package_identification:_identify(launch/__pycache__) by extension 'ignore_ament_install'
[1.741s] Level 1:colcon.colcon_core.package_identification:_identify(launch/__pycache__) by extensions ['colcon_pkg']
[1.741s] Level 1:colcon.colcon_core.package_identification:_identify(launch/__pycache__) by extension 'colcon_pkg'
[1.741s] Level 1:colcon.colcon_core.package_identification:_identify(launch/__pycache__) by extensions ['colcon_meta']
[1.741s] Level 1:colcon.colcon_core.package_identification:_identify(launch/__pycache__) by extension 'colcon_meta'
[1.741s] Level 1:colcon.colcon_core.package_identification:_identify(launch/__pycache__) by extensions ['ros']
[1.741s] Level 1:colcon.colcon_core.package_identification:_identify(launch/__pycache__) by extension 'ros'
[1.742s] Level 1:colcon.colcon_core.package_identification:_identify(launch/__pycache__) by extensions ['cmake', 'python']
[1.742s] Level 1:colcon.colcon_core.package_identification:_identify(launch/__pycache__) by extension 'cmake'
[1.742s] Level 1:colcon.colcon_core.package_identification:_identify(launch/__pycache__) by extension 'python'
[1.742s] Level 1:colcon.colcon_core.package_identification:_identify(launch/__pycache__) by extensions ['python_setup_py']
[1.742s] Level 1:colcon.colcon_core.package_identification:_identify(launch/__pycache__) by extension 'python_setup_py'
[1.743s] Level 1:colcon.colcon_core.package_identification:_identify(log) by extensions ['ignore', 'ignore_ament_install']
[1.743s] Level 1:colcon.colcon_core.package_identification:_identify(log) by extension 'ignore'
[1.743s] Level 1:colcon.colcon_core.package_identification:_identify(log) ignored
[1.744s] Level 1:colcon.colcon_core.package_identification:_identify(scripts) by extensions ['ignore', 'ignore_ament_install']
[1.744s] Level 1:colcon.colcon_core.package_identification:_identify(scripts) by extension 'ignore'
[1.744s] Level 1:colcon.colcon_core.package_identification:_identify(scripts) by extension 'ignore_ament_install'
[1.745s] Level 1:colcon.colcon_core.package_identification:_identify(scripts) by extensions ['colcon_pkg']
[1.745s] Level 1:colcon.colcon_core.package_identification:_identify(scripts) by extension 'colcon_pkg'
[1.745s] Level 1:colcon.colcon_core.package_identification:_identify(scripts) by extensions ['colcon_meta']
[1.745s] Level 1:colcon.colcon_core.package_identification:_identify(scripts) by extension 'colcon_meta'
[1.745s] Level 1:colcon.colcon_core.package_identification:_identify(scripts) by extensions ['ros']
[1.745s] Level 1:colcon.colcon_core.package_identification:_identify(scripts) by extension 'ros'
[1.746s] Level 1:colcon.colcon_core.package_identification:_identify(scripts) by extensions ['cmake', 'python']
[1.746s] Level 1:colcon.colcon_core.package_identification:_identify(scripts) by extension 'cmake'
[1.746s] Level 1:colcon.colcon_core.package_identification:_identify(scripts) by extension 'python'
[1.746s] Level 1:colcon.colcon_core.package_identification:_identify(scripts) by extensions ['python_setup_py']
[1.746s] Level 1:colcon.colcon_core.package_identification:_identify(scripts) by extension 'python_setup_py'
[1.746s] Level 1:colcon.colcon_core.package_identification:_identify(scripts/yaml-cpp-0.6) by extensions ['ignore', 'ignore_ament_install']
[1.747s] Level 1:colcon.colcon_core.package_identification:_identify(scripts/yaml-cpp-0.6) by extension 'ignore'
[1.747s] Level 1:colcon.colcon_core.package_identification:_identify(scripts/yaml-cpp-0.6) by extension 'ignore_ament_install'
[1.747s] Level 1:colcon.colcon_core.package_identification:_identify(scripts/yaml-cpp-0.6) by extensions ['colcon_pkg']
[1.747s] Level 1:colcon.colcon_core.package_identification:_identify(scripts/yaml-cpp-0.6) by extension 'colcon_pkg'
[1.748s] Level 1:colcon.colcon_core.package_identification:_identify(scripts/yaml-cpp-0.6) by extensions ['colcon_meta']
[1.748s] Level 1:colcon.colcon_core.package_identification:_identify(scripts/yaml-cpp-0.6) by extension 'colcon_meta'
[1.748s] Level 1:colcon.colcon_core.package_identification:_identify(scripts/yaml-cpp-0.6) by extensions ['ros']
[1.748s] Level 1:colcon.colcon_core.package_identification:_identify(scripts/yaml-cpp-0.6) by extension 'ros'
[1.748s] Level 1:colcon.colcon_core.package_identification:_identify(scripts/yaml-cpp-0.6) by extensions ['cmake', 'python']
[1.748s] Level 1:colcon.colcon_core.package_identification:_identify(scripts/yaml-cpp-0.6) by extension 'cmake'
[1.799s] Level 1:colcon.colcon_core.package_identification:_identify(scripts/yaml-cpp-0.6) by extension 'python'
[1.799s] DEBUG:colcon.colcon_core.package_identification:Package 'scripts/yaml-cpp-0.6' with type 'cmake' and name 'YAML_CPP'
[1.800s] Level 1:colcon.colcon_core.package_identification:_identify(src) by extensions ['ignore', 'ignore_ament_install']
[1.800s] Level 1:colcon.colcon_core.package_identification:_identify(src) by extension 'ignore'
[1.800s] Level 1:colcon.colcon_core.package_identification:_identify(src) by extension 'ignore_ament_install'
[1.801s] Level 1:colcon.colcon_core.package_identification:_identify(src) by extensions ['colcon_pkg']
[1.801s] Level 1:colcon.colcon_core.package_identification:_identify(src) by extension 'colcon_pkg'
[1.801s] Level 1:colcon.colcon_core.package_identification:_identify(src) by extensions ['colcon_meta']
[1.801s] Level 1:colcon.colcon_core.package_identification:_identify(src) by extension 'colcon_meta'
[1.801s] Level 1:colcon.colcon_core.package_identification:_identify(src) by extensions ['ros']
[1.801s] Level 1:colcon.colcon_core.package_identification:_identify(src) by extension 'ros'
[1.802s] Level 1:colcon.colcon_core.package_identification:_identify(src) by extensions ['cmake', 'python']
[1.802s] Level 1:colcon.colcon_core.package_identification:_identify(src) by extension 'cmake'
[1.802s] Level 1:colcon.colcon_core.package_identification:_identify(src) by extension 'python'
[1.802s] Level 1:colcon.colcon_core.package_identification:_identify(src) by extensions ['python_setup_py']
[1.802s] Level 1:colcon.colcon_core.package_identification:_identify(src) by extension 'python_setup_py'
[1.803s] Level 1:colcon.colcon_core.package_identification:_identify(src/motion_controller) by extensions ['ignore', 'ignore_ament_install']
[1.803s] Level 1:colcon.colcon_core.package_identification:_identify(src/motion_controller) by extension 'ignore'
[1.803s] Level 1:colcon.colcon_core.package_identification:_identify(src/motion_controller) by extension 'ignore_ament_install'
[1.803s] Level 1:colcon.colcon_core.package_identification:_identify(src/motion_controller) by extensions ['colcon_pkg']
[1.804s] Level 1:colcon.colcon_core.package_identification:_identify(src/motion_controller) by extension 'colcon_pkg'
[1.804s] Level 1:colcon.colcon_core.package_identification:_identify(src/motion_controller) by extensions ['colcon_meta']
[1.804s] Level 1:colcon.colcon_core.package_identification:_identify(src/motion_controller) by extension 'colcon_meta'
[1.804s] Level 1:colcon.colcon_core.package_identification:_identify(src/motion_controller) by extensions ['ros']
[1.804s] Level 1:colcon.colcon_core.package_identification:_identify(src/motion_controller) by extension 'ros'
[1.805s] Level 1:colcon.colcon_core.package_identification:_identify(src/motion_controller) by extensions ['cmake', 'python']
[1.805s] Level 1:colcon.colcon_core.package_identification:_identify(src/motion_controller) by extension 'cmake'
[1.805s] Level 1:colcon.colcon_core.package_identification:_identify(src/motion_controller) by extension 'python'
[1.805s] Level 1:colcon.colcon_core.package_identification:_identify(src/motion_controller) by extensions ['python_setup_py']
[1.805s] Level 1:colcon.colcon_core.package_identification:_identify(src/motion_controller) by extension 'python_setup_py'
[1.805s] Level 1:colcon.colcon_core.package_identification:_identify(src/motion_controller/motion_controller_msgs) by extensions ['ignore', 'ignore_ament_install']
[1.806s] Level 1:colcon.colcon_core.package_identification:_identify(src/motion_controller/motion_controller_msgs) by extension 'ignore'
[1.806s] Level 1:colcon.colcon_core.package_identification:_identify(src/motion_controller/motion_controller_msgs) by extension 'ignore_ament_install'
[1.806s] Level 1:colcon.colcon_core.package_identification:_identify(src/motion_controller/motion_controller_msgs) by extensions ['colcon_pkg']
[1.806s] Level 1:colcon.colcon_core.package_identification:_identify(src/motion_controller/motion_controller_msgs) by extension 'colcon_pkg'
[1.806s] Level 1:colcon.colcon_core.package_identification:_identify(src/motion_controller/motion_controller_msgs) by extensions ['colcon_meta']
[1.807s] Level 1:colcon.colcon_core.package_identification:_identify(src/motion_controller/motion_controller_msgs) by extension 'colcon_meta'
[1.807s] Level 1:colcon.colcon_core.package_identification:_identify(src/motion_controller/motion_controller_msgs) by extensions ['ros']
[1.807s] Level 1:colcon.colcon_core.package_identification:_identify(src/motion_controller/motion_controller_msgs) by extension 'ros'
[1.815s] DEBUG:colcon.colcon_core.package_identification:Package 'src/motion_controller/motion_controller_msgs' with type 'ros.ament_cmake' and name 'motion_controller_msgs'
[1.815s] Level 1:colcon.colcon_core.package_identification:_identify(src/motion_controller/motion_controller_node) by extensions ['ignore', 'ignore_ament_install']
[1.816s] Level 1:colcon.colcon_core.package_identification:_identify(src/motion_controller/motion_controller_node) by extension 'ignore'
[1.816s] Level 1:colcon.colcon_core.package_identification:_identify(src/motion_controller/motion_controller_node) by extension 'ignore_ament_install'
[1.816s] Level 1:colcon.colcon_core.package_identification:_identify(src/motion_controller/motion_controller_node) by extensions ['colcon_pkg']
[1.816s] Level 1:colcon.colcon_core.package_identification:_identify(src/motion_controller/motion_controller_node) by extension 'colcon_pkg'
[1.816s] Level 1:colcon.colcon_core.package_identification:_identify(src/motion_controller/motion_controller_node) by extensions ['colcon_meta']
[1.817s] Level 1:colcon.colcon_core.package_identification:_identify(src/motion_controller/motion_controller_node) by extension 'colcon_meta'
[1.817s] Level 1:colcon.colcon_core.package_identification:_identify(src/motion_controller/motion_controller_node) by extensions ['ros']
[1.817s] Level 1:colcon.colcon_core.package_identification:_identify(src/motion_controller/motion_controller_node) by extension 'ros'
[1.820s] DEBUG:colcon.colcon_core.package_identification:Package 'src/motion_controller/motion_controller_node' with type 'ros.ament_cmake' and name 'motion_controller_node'
[1.820s] Level 1:colcon.colcon_core.package_identification:_identify(src/motor_controllers) by extensions ['ignore', 'ignore_ament_install']
[1.821s] Level 1:colcon.colcon_core.package_identification:_identify(src/motor_controllers) by extension 'ignore'
[1.821s] Level 1:colcon.colcon_core.package_identification:_identify(src/motor_controllers) by extension 'ignore_ament_install'
[1.822s] Level 1:colcon.colcon_core.package_identification:_identify(src/motor_controllers) by extensions ['colcon_pkg']
[1.822s] Level 1:colcon.colcon_core.package_identification:_identify(src/motor_controllers) by extension 'colcon_pkg'
[1.822s] Level 1:colcon.colcon_core.package_identification:_identify(src/motor_controllers) by extensions ['colcon_meta']
[1.822s] Level 1:colcon.colcon_core.package_identification:_identify(src/motor_controllers) by extension 'colcon_meta'
[1.822s] Level 1:colcon.colcon_core.package_identification:_identify(src/motor_controllers) by extensions ['ros']
[1.823s] Level 1:colcon.colcon_core.package_identification:_identify(src/motor_controllers) by extension 'ros'
[1.823s] Level 1:colcon.colcon_core.package_identification:_identify(src/motor_controllers) by extensions ['cmake', 'python']
[1.823s] Level 1:colcon.colcon_core.package_identification:_identify(src/motor_controllers) by extension 'cmake'
[1.823s] Level 1:colcon.colcon_core.package_identification:_identify(src/motor_controllers) by extension 'python'
[1.824s] Level 1:colcon.colcon_core.package_identification:_identify(src/motor_controllers) by extensions ['python_setup_py']
[1.824s] Level 1:colcon.colcon_core.package_identification:_identify(src/motor_controllers) by extension 'python_setup_py'
[1.824s] Level 1:colcon.colcon_core.package_identification:_identify(src/motor_controllers/build) by extensions ['ignore', 'ignore_ament_install']
[1.825s] Level 1:colcon.colcon_core.package_identification:_identify(src/motor_controllers/build) by extension 'ignore'
[1.825s] Level 1:colcon.colcon_core.package_identification:_identify(src/motor_controllers/build) ignored
[1.826s] Level 1:colcon.colcon_core.package_identification:_identify(src/motor_controllers/digger_motor_node) by extensions ['ignore', 'ignore_ament_install']
[1.826s] Level 1:colcon.colcon_core.package_identification:_identify(src/motor_controllers/digger_motor_node) by extension 'ignore'
[1.826s] Level 1:colcon.colcon_core.package_identification:_identify(src/motor_controllers/digger_motor_node) by extension 'ignore_ament_install'
[1.827s] Level 1:colcon.colcon_core.package_identification:_identify(src/motor_controllers/digger_motor_node) by extensions ['colcon_pkg']
[1.827s] Level 1:colcon.colcon_core.package_identification:_identify(src/motor_controllers/digger_motor_node) by extension 'colcon_pkg'
[1.827s] Level 1:colcon.colcon_core.package_identification:_identify(src/motor_controllers/digger_motor_node) by extensions ['colcon_meta']
[1.827s] Level 1:colcon.colcon_core.package_identification:_identify(src/motor_controllers/digger_motor_node) by extension 'colcon_meta'
[1.827s] Level 1:colcon.colcon_core.package_identification:_identify(src/motor_controllers/digger_motor_node) by extensions ['ros']
[1.828s] Level 1:colcon.colcon_core.package_identification:_identify(src/motor_controllers/digger_motor_node) by extension 'ros'
[1.830s] DEBUG:colcon.colcon_core.package_identification:Package 'src/motor_controllers/digger_motor_node' with type 'ros.ament_python' and name 'digger_motor_node'
[1.831s] Level 1:colcon.colcon_core.package_identification:_identify(src/motor_controllers/install) by extensions ['ignore', 'ignore_ament_install']
[1.831s] Level 1:colcon.colcon_core.package_identification:_identify(src/motor_controllers/install) by extension 'ignore'
[1.831s] Level 1:colcon.colcon_core.package_identification:_identify(src/motor_controllers/install) ignored
[1.832s] Level 1:colcon.colcon_core.package_identification:_identify(src/motor_controllers/log) by extensions ['ignore', 'ignore_ament_install']
[1.832s] Level 1:colcon.colcon_core.package_identification:_identify(src/motor_controllers/log) by extension 'ignore'
[1.832s] Level 1:colcon.colcon_core.package_identification:_identify(src/motor_controllers/log) ignored
[1.833s] Level 1:colcon.colcon_core.package_identification:_identify(src/motor_controllers/maxon_motor_node) by extensions ['ignore', 'ignore_ament_install']
[1.833s] Level 1:colcon.colcon_core.package_identification:_identify(src/motor_controllers/maxon_motor_node) by extension 'ignore'
[1.833s] Level 1:colcon.colcon_core.package_identification:_identify(src/motor_controllers/maxon_motor_node) by extension 'ignore_ament_install'
[1.834s] Level 1:colcon.colcon_core.package_identification:_identify(src/motor_controllers/maxon_motor_node) by extensions ['colcon_pkg']
[1.834s] Level 1:colcon.colcon_core.package_identification:_identify(src/motor_controllers/maxon_motor_node) by extension 'colcon_pkg'
[1.834s] Level 1:colcon.colcon_core.package_identification:_identify(src/motor_controllers/maxon_motor_node) by extensions ['colcon_meta']
[1.834s] Level 1:colcon.colcon_core.package_identification:_identify(src/motor_controllers/maxon_motor_node) by extension 'colcon_meta'
[1.834s] Level 1:colcon.colcon_core.package_identification:_identify(src/motor_controllers/maxon_motor_node) by extensions ['ros']
[1.834s] Level 1:colcon.colcon_core.package_identification:_identify(src/motor_controllers/maxon_motor_node) by extension 'ros'
[1.837s] DEBUG:colcon.colcon_core.package_identification:Package 'src/motor_controllers/maxon_motor_node' with type 'ros.ament_python' and name 'maxon_motor_node'
[1.837s] Level 1:colcon.colcon_core.package_identification:_identify(src/motor_controllers/stepper_motor) by extensions ['ignore', 'ignore_ament_install']
[1.838s] Level 1:colcon.colcon_core.package_identification:_identify(src/motor_controllers/stepper_motor) by extension 'ignore'
[1.838s] Level 1:colcon.colcon_core.package_identification:_identify(src/motor_controllers/stepper_motor) by extension 'ignore_ament_install'
[1.838s] Level 1:colcon.colcon_core.package_identification:_identify(src/motor_controllers/stepper_motor) by extensions ['colcon_pkg']
[1.838s] Level 1:colcon.colcon_core.package_identification:_identify(src/motor_controllers/stepper_motor) by extension 'colcon_pkg'
[1.838s] Level 1:colcon.colcon_core.package_identification:_identify(src/motor_controllers/stepper_motor) by extensions ['colcon_meta']
[1.839s] Level 1:colcon.colcon_core.package_identification:_identify(src/motor_controllers/stepper_motor) by extension 'colcon_meta'
[1.839s] Level 1:colcon.colcon_core.package_identification:_identify(src/motor_controllers/stepper_motor) by extensions ['ros']
[1.839s] Level 1:colcon.colcon_core.package_identification:_identify(src/motor_controllers/stepper_motor) by extension 'ros'
[1.841s] DEBUG:colcon.colcon_core.package_identification:Package 'src/motor_controllers/stepper_motor' with type 'ros.ament_python' and name 'stepper_motor'
[1.841s] Level 1:colcon.colcon_core.package_identification:_identify(src/ros2_intel_realsense) by extensions ['ignore', 'ignore_ament_install']
[1.842s] Level 1:colcon.colcon_core.package_identification:_identify(src/ros2_intel_realsense) by extension 'ignore'
[1.842s] Level 1:colcon.colcon_core.package_identification:_identify(src/ros2_intel_realsense) by extension 'ignore_ament_install'
[1.842s] Level 1:colcon.colcon_core.package_identification:_identify(src/ros2_intel_realsense) by extensions ['colcon_pkg']
[1.842s] Level 1:colcon.colcon_core.package_identification:_identify(src/ros2_intel_realsense) by extension 'colcon_pkg'
[1.842s] Level 1:colcon.colcon_core.package_identification:_identify(src/ros2_intel_realsense) by extensions ['colcon_meta']
[1.842s] Level 1:colcon.colcon_core.package_identification:_identify(src/ros2_intel_realsense) by extension 'colcon_meta'
[1.843s] Level 1:colcon.colcon_core.package_identification:_identify(src/ros2_intel_realsense) by extensions ['ros']
[1.843s] Level 1:colcon.colcon_core.package_identification:_identify(src/ros2_intel_realsense) by extension 'ros'
[1.843s] Level 1:colcon.colcon_core.package_identification:_identify(src/ros2_intel_realsense) by extensions ['cmake', 'python']
[1.843s] Level 1:colcon.colcon_core.package_identification:_identify(src/ros2_intel_realsense) by extension 'cmake'
[1.843s] Level 1:colcon.colcon_core.package_identification:_identify(src/ros2_intel_realsense) by extension 'python'
[1.844s] Level 1:colcon.colcon_core.package_identification:_identify(src/ros2_intel_realsense) by extensions ['python_setup_py']
[1.844s] Level 1:colcon.colcon_core.package_identification:_identify(src/ros2_intel_realsense) by extension 'python_setup_py'
[1.844s] Level 1:colcon.colcon_core.package_identification:_identify(src/ros2_intel_realsense/realsense_examples) by extensions ['ignore', 'ignore_ament_install']
[1.844s] Level 1:colcon.colcon_core.package_identification:_identify(src/ros2_intel_realsense/realsense_examples) by extension 'ignore'
[1.845s] Level 1:colcon.colcon_core.package_identification:_identify(src/ros2_intel_realsense/realsense_examples) by extension 'ignore_ament_install'
[1.845s] Level 1:colcon.colcon_core.package_identification:_identify(src/ros2_intel_realsense/realsense_examples) by extensions ['colcon_pkg']
[1.845s] Level 1:colcon.colcon_core.package_identification:_identify(src/ros2_intel_realsense/realsense_examples) by extension 'colcon_pkg'
[1.845s] Level 1:colcon.colcon_core.package_identification:_identify(src/ros2_intel_realsense/realsense_examples) by extensions ['colcon_meta']
[1.845s] Level 1:colcon.colcon_core.package_identification:_identify(src/ros2_intel_realsense/realsense_examples) by extension 'colcon_meta'
[1.845s] Level 1:colcon.colcon_core.package_identification:_identify(src/ros2_intel_realsense/realsense_examples) by extensions ['ros']
[1.845s] Level 1:colcon.colcon_core.package_identification:_identify(src/ros2_intel_realsense/realsense_examples) by extension 'ros'
[1.850s] DEBUG:colcon.colcon_core.package_identification:Package 'src/ros2_intel_realsense/realsense_examples' with type 'ros.ament_cmake' and name 'realsense_examples'
[1.850s] Level 1:colcon.colcon_core.package_identification:_identify(src/ros2_intel_realsense/realsense_msgs) by extensions ['ignore', 'ignore_ament_install']
[1.850s] Level 1:colcon.colcon_core.package_identification:_identify(src/ros2_intel_realsense/realsense_msgs) by extension 'ignore'
[1.851s] Level 1:colcon.colcon_core.package_identification:_identify(src/ros2_intel_realsense/realsense_msgs) by extension 'ignore_ament_install'
[1.851s] Level 1:colcon.colcon_core.package_identification:_identify(src/ros2_intel_realsense/realsense_msgs) by extensions ['colcon_pkg']
[1.851s] Level 1:colcon.colcon_core.package_identification:_identify(src/ros2_intel_realsense/realsense_msgs) by extension 'colcon_pkg'
[1.851s] Level 1:colcon.colcon_core.package_identification:_identify(src/ros2_intel_realsense/realsense_msgs) by extensions ['colcon_meta']
[1.851s] Level 1:colcon.colcon_core.package_identification:_identify(src/ros2_intel_realsense/realsense_msgs) by extension 'colcon_meta'
[1.851s] Level 1:colcon.colcon_core.package_identification:_identify(src/ros2_intel_realsense/realsense_msgs) by extensions ['ros']
[1.852s] Level 1:colcon.colcon_core.package_identification:_identify(src/ros2_intel_realsense/realsense_msgs) by extension 'ros'
[1.854s] DEBUG:colcon.colcon_core.package_identification:Package 'src/ros2_intel_realsense/realsense_msgs' with type 'ros.ament_cmake' and name 'realsense_msgs'
[1.854s] Level 1:colcon.colcon_core.package_identification:_identify(src/ros2_intel_realsense/realsense_node) by extensions ['ignore', 'ignore_ament_install']
[1.854s] Level 1:colcon.colcon_core.package_identification:_identify(src/ros2_intel_realsense/realsense_node) by extension 'ignore'
[1.855s] Level 1:colcon.colcon_core.package_identification:_identify(src/ros2_intel_realsense/realsense_node) by extension 'ignore_ament_install'
[1.855s] Level 1:colcon.colcon_core.package_identification:_identify(src/ros2_intel_realsense/realsense_node) by extensions ['colcon_pkg']
[1.855s] Level 1:colcon.colcon_core.package_identification:_identify(src/ros2_intel_realsense/realsense_node) by extension 'colcon_pkg'
[1.855s] Level 1:colcon.colcon_core.package_identification:_identify(src/ros2_intel_realsense/realsense_node) by extensions ['colcon_meta']
[1.855s] Level 1:colcon.colcon_core.package_identification:_identify(src/ros2_intel_realsense/realsense_node) by extension 'colcon_meta'
[1.855s] Level 1:colcon.colcon_core.package_identification:_identify(src/ros2_intel_realsense/realsense_node) by extensions ['ros']
[1.855s] Level 1:colcon.colcon_core.package_identification:_identify(src/ros2_intel_realsense/realsense_node) by extension 'ros'
[1.860s] DEBUG:colcon.colcon_core.package_identification:Package 'src/ros2_intel_realsense/realsense_node' with type 'ros.ament_cmake' and name 'realsense_node'
[1.860s] Level 1:colcon.colcon_core.package_identification:_identify(src/ros2_intel_realsense/realsense_ros) by extensions ['ignore', 'ignore_ament_install']
[1.861s] Level 1:colcon.colcon_core.package_identification:_identify(src/ros2_intel_realsense/realsense_ros) by extension 'ignore'
[1.861s] Level 1:colcon.colcon_core.package_identification:_identify(src/ros2_intel_realsense/realsense_ros) by extension 'ignore_ament_install'
[1.861s] Level 1:colcon.colcon_core.package_identification:_identify(src/ros2_intel_realsense/realsense_ros) by extensions ['colcon_pkg']
[1.861s] Level 1:colcon.colcon_core.package_identification:_identify(src/ros2_intel_realsense/realsense_ros) by extension 'colcon_pkg'
[1.861s] Level 1:colcon.colcon_core.package_identification:_identify(src/ros2_intel_realsense/realsense_ros) by extensions ['colcon_meta']
[1.861s] Level 1:colcon.colcon_core.package_identification:_identify(src/ros2_intel_realsense/realsense_ros) by extension 'colcon_meta'
[1.862s] Level 1:colcon.colcon_core.package_identification:_identify(src/ros2_intel_realsense/realsense_ros) by extensions ['ros']
[1.862s] Level 1:colcon.colcon_core.package_identification:_identify(src/ros2_intel_realsense/realsense_ros) by extension 'ros'
[1.866s] DEBUG:colcon.colcon_core.package_identification:Package 'src/ros2_intel_realsense/realsense_ros' with type 'ros.ament_cmake' and name 'realsense_ros'
[1.867s] Level 1:colcon.colcon_core.package_identification:_identify(src/teleop_node) by extensions ['ignore', 'ignore_ament_install']
[1.867s] Level 1:colcon.colcon_core.package_identification:_identify(src/teleop_node) by extension 'ignore'
[1.867s] Level 1:colcon.colcon_core.package_identification:_identify(src/teleop_node) by extension 'ignore_ament_install'
[1.867s] Level 1:colcon.colcon_core.package_identification:_identify(src/teleop_node) by extensions ['colcon_pkg']
[1.867s] Level 1:colcon.colcon_core.package_identification:_identify(src/teleop_node) by extension 'colcon_pkg'
[1.868s] Level 1:colcon.colcon_core.package_identification:_identify(src/teleop_node) by extensions ['colcon_meta']
[1.868s] Level 1:colcon.colcon_core.package_identification:_identify(src/teleop_node) by extension 'colcon_meta'
[1.868s] Level 1:colcon.colcon_core.package_identification:_identify(src/teleop_node) by extensions ['ros']
[1.868s] Level 1:colcon.colcon_core.package_identification:_identify(src/teleop_node) by extension 'ros'
[1.870s] DEBUG:colcon.colcon_core.package_identification:Package 'src/teleop_node' with type 'ros.ament_python' and name 'teleop_node'
[1.870s] Level 1:colcon.colcon_core.package_discovery:discover_packages(recursive) using defaults
[1.871s] Level 1:colcon.colcon_core.package_discovery:discover_packages(ignore) discover
[1.871s] Level 1:colcon.colcon_core.package_discovery:discover_packages(ignore) using defaults
[1.871s] Level 1:colcon.colcon_core.package_discovery:discover_packages(path) discover
[1.871s] Level 1:colcon.colcon_core.package_discovery:discover_packages(path) using defaults
[1.980s] INFO:colcon.colcon_core.package_selection:Skipping package 'realsense_msgs' in 'src/ros2_intel_realsense/realsense_msgs'
[1.980s] INFO:colcon.colcon_core.package_selection:Skipping package 'realsense_ros' in 'src/ros2_intel_realsense/realsense_ros'
[1.980s] INFO:colcon.colcon_core.package_selection:Skipping package 'realsense_node' in 'src/ros2_intel_realsense/realsense_node'
[1.981s] INFO:colcon.colcon_core.package_selection:Skipping package 'realsense_examples' in 'src/ros2_intel_realsense/realsense_examples'
[1.999s] Level 5:colcon.colcon_core.verb:set package 'YAML_CPP' build argument 'cmake_args' from command line to 'None'
[1.999s] Level 5:colcon.colcon_core.verb:set package 'YAML_CPP' build argument 'cmake_target' from command line to 'None'
[1.999s] Level 5:colcon.colcon_core.verb:set package 'YAML_CPP' build argument 'cmake_target_skip_unavailable' from command line to 'False'
[2.000s] Level 5:colcon.colcon_core.verb:set package 'YAML_CPP' build argument 'cmake_clean_cache' from command line to 'False'
[2.000s] Level 5:colcon.colcon_core.verb:set package 'YAML_CPP' build argument 'cmake_clean_first' from command line to 'False'
[2.000s] Level 5:colcon.colcon_core.verb:set package 'YAML_CPP' build argument 'cmake_force_configure' from command line to 'False'
[2.000s] Level 5:colcon.colcon_core.verb:set package 'YAML_CPP' build argument 'ament_cmake_args' from command line to 'None'
[2.000s] Level 5:colcon.colcon_core.verb:set package 'YAML_CPP' build argument 'catkin_cmake_args' from command line to 'None'
[2.000s] Level 5:colcon.colcon_core.verb:set package 'YAML_CPP' build argument 'catkin_skip_building_tests' from command line to 'False'
[2.000s] DEBUG:colcon.colcon_core.verb:Building package 'YAML_CPP' with the following arguments: {'ament_cmake_args': None, 'build_base': '/home/usr/usr_ws_2020/build/YAML_CPP', 'catkin_cmake_args': None, 'catkin_skip_building_tests': False, 'cmake_args': None, 'cmake_clean_cache': False, 'cmake_clean_first': False, 'cmake_force_configure': False, 'cmake_target': None, 'cmake_target_skip_unavailable': False, 'install_base': '/home/usr/usr_ws_2020/install/YAML_CPP', 'merge_install': False, 'path': '/home/usr/usr_ws_2020/scripts/yaml-cpp-0.6', 'symlink_install': False, 'test_result_base': None}
[2.017s] Level 5:colcon.colcon_core.verb:set package 'digger_motor_node' build argument 'cmake_args' from command line to 'None'
[2.017s] Level 5:colcon.colcon_core.verb:set package 'digger_motor_node' build argument 'cmake_target' from command line to 'None'
[2.017s] Level 5:colcon.colcon_core.verb:set package 'digger_motor_node' build argument 'cmake_target_skip_unavailable' from command line to 'False'
[2.017s] Level 5:colcon.colcon_core.verb:set package 'digger_motor_node' build argument 'cmake_clean_cache' from command line to 'False'
[2.017s] Level 5:colcon.colcon_core.verb:set package 'digger_motor_node' build argument 'cmake_clean_first' from command line to 'False'
[2.018s] Level 5:colcon.colcon_core.verb:set package 'digger_motor_node' build argument 'cmake_force_configure' from command line to 'False'
[2.018s] Level 5:colcon.colcon_core.verb:set package 'digger_motor_node' build argument 'ament_cmake_args' from command line to 'None'
[2.018s] Level 5:colcon.colcon_core.verb:set package 'digger_motor_node' build argument 'catkin_cmake_args' from command line to 'None'
[2.018s] Level 5:colcon.colcon_core.verb:set package 'digger_motor_node' build argument 'catkin_skip_building_tests' from command line to 'False'
[2.018s] DEBUG:colcon.colcon_core.verb:Building package 'digger_motor_node' with the following arguments: {'ament_cmake_args': None, 'build_base': '/home/usr/usr_ws_2020/build/digger_motor_node', 'catkin_cmake_args': None, 'catkin_skip_building_tests': False, 'cmake_args': None, 'cmake_clean_cache': False, 'cmake_clean_first': False, 'cmake_force_configure': False, 'cmake_target': None, 'cmake_target_skip_unavailable': False, 'install_base': '/home/usr/usr_ws_2020/install/digger_motor_node', 'merge_install': False, 'path': '/home/usr/usr_ws_2020/src/motor_controllers/digger_motor_node', 'symlink_install': False, 'test_result_base': None}
[2.037s] Level 5:colcon.colcon_core.verb:set package 'motion_controller_msgs' build argument 'cmake_args' from command line to 'None'
[2.038s] Level 5:colcon.colcon_core.verb:set package 'motion_controller_msgs' build argument 'cmake_target' from command line to 'None'
[2.038s] Level 5:colcon.colcon_core.verb:set package 'motion_controller_msgs' build argument 'cmake_target_skip_unavailable' from command line to 'False'
[2.038s] Level 5:colcon.colcon_core.verb:set package 'motion_controller_msgs' build argument 'cmake_clean_cache' from command line to 'False'
[2.038s] Level 5:colcon.colcon_core.verb:set package 'motion_controller_msgs' build argument 'cmake_clean_first' from command line to 'False'
[2.038s] Level 5:colcon.colcon_core.verb:set package 'motion_controller_msgs' build argument 'cmake_force_configure' from command line to 'False'
[2.038s] Level 5:colcon.colcon_core.verb:set package 'motion_controller_msgs' build argument 'ament_cmake_args' from command line to 'None'
[2.039s] Level 5:colcon.colcon_core.verb:set package 'motion_controller_msgs' build argument 'catkin_cmake_args' from command line to 'None'
[2.039s] Level 5:colcon.colcon_core.verb:set package 'motion_controller_msgs' build argument 'catkin_skip_building_tests' from command line to 'False'
[2.039s] DEBUG:colcon.colcon_core.verb:Building package 'motion_controller_msgs' with the following arguments: {'ament_cmake_args': None, 'build_base': '/home/usr/usr_ws_2020/build/motion_controller_msgs', 'catkin_cmake_args': None, 'catkin_skip_building_tests': False, 'cmake_args': None, 'cmake_clean_cache': False, 'cmake_clean_first': False, 'cmake_force_configure': False, 'cmake_target': None, 'cmake_target_skip_unavailable': False, 'install_base': '/home/usr/usr_ws_2020/install/motion_controller_msgs', 'merge_install': False, 'path': '/home/usr/usr_ws_2020/src/motion_controller/motion_controller_msgs', 'symlink_install': False, 'test_result_base': None}
[2.056s] Level 5:colcon.colcon_core.verb:set package 'teleop_node' build argument 'cmake_args' from command line to 'None'
[2.056s] Level 5:colcon.colcon_core.verb:set package 'teleop_node' build argument 'cmake_target' from command line to 'None'
[2.056s] Level 5:colcon.colcon_core.verb:set package 'teleop_node' build argument 'cmake_target_skip_unavailable' from command line to 'False'
[2.056s] Level 5:colcon.colcon_core.verb:set package 'teleop_node' build argument 'cmake_clean_cache' from command line to 'False'
[2.056s] Level 5:colcon.colcon_core.verb:set package 'teleop_node' build argument 'cmake_clean_first' from command line to 'False'
[2.057s] Level 5:colcon.colcon_core.verb:set package 'teleop_node' build argument 'cmake_force_configure' from command line to 'False'
[2.057s] Level 5:colcon.colcon_core.verb:set package 'teleop_node' build argument 'ament_cmake_args' from command line to 'None'
[2.057s] Level 5:colcon.colcon_core.verb:set package 'teleop_node' build argument 'catkin_cmake_args' from command line to 'None'
[2.057s] Level 5:colcon.colcon_core.verb:set package 'teleop_node' build argument 'catkin_skip_building_tests' from command line to 'False'
[2.057s] DEBUG:colcon.colcon_core.verb:Building package 'teleop_node' with the following arguments: {'ament_cmake_args': None, 'build_base': '/home/usr/usr_ws_2020/build/teleop_node', 'catkin_cmake_args': None, 'catkin_skip_building_tests': False, 'cmake_args': None, 'cmake_clean_cache': False, 'cmake_clean_first': False, 'cmake_force_configure': False, 'cmake_target': None, 'cmake_target_skip_unavailable': False, 'install_base': '/home/usr/usr_ws_2020/install/teleop_node', 'merge_install': False, 'path': '/home/usr/usr_ws_2020/src/teleop_node', 'symlink_install': False, 'test_result_base': None}
[2.077s] Level 5:colcon.colcon_core.verb:set package 'maxon_motor_node' build argument 'cmake_args' from command line to 'None'
[2.078s] Level 5:colcon.colcon_core.verb:set package 'maxon_motor_node' build argument 'cmake_target' from command line to 'None'
[2.078s] Level 5:colcon.colcon_core.verb:set package 'maxon_motor_node' build argument 'cmake_target_skip_unavailable' from command line to 'False'
[2.078s] Level 5:colcon.colcon_core.verb:set package 'maxon_motor_node' build argument 'cmake_clean_cache' from command line to 'False'
[2.078s] Level 5:colcon.colcon_core.verb:set package 'maxon_motor_node' build argument 'cmake_clean_first' from command line to 'False'
[2.078s] Level 5:colcon.colcon_core.verb:set package 'maxon_motor_node' build argument 'cmake_force_configure' from command line to 'False'
[2.078s] Level 5:colcon.colcon_core.verb:set package 'maxon_motor_node' build argument 'ament_cmake_args' from command line to 'None'
[2.078s] Level 5:colcon.colcon_core.verb:set package 'maxon_motor_node' build argument 'catkin_cmake_args' from command line to 'None'
[2.079s] Level 5:colcon.colcon_core.verb:set package 'maxon_motor_node' build argument 'catkin_skip_building_tests' from command line to 'False'
[2.079s] DEBUG:colcon.colcon_core.verb:Building package 'maxon_motor_node' with the following arguments: {'ament_cmake_args': None, 'build_base': '/home/usr/usr_ws_2020/build/maxon_motor_node', 'catkin_cmake_args': None, 'catkin_skip_building_tests': False, 'cmake_args': None, 'cmake_clean_cache': False, 'cmake_clean_first': False, 'cmake_force_configure': False, 'cmake_target': None, 'cmake_target_skip_unavailable': False, 'install_base': '/home/usr/usr_ws_2020/install/maxon_motor_node', 'merge_install': False, 'path': '/home/usr/usr_ws_2020/src/motor_controllers/maxon_motor_node', 'symlink_install': False, 'test_result_base': None}
[2.096s] Level 5:colcon.colcon_core.verb:set package 'motion_controller_node' build argument 'cmake_args' from command line to 'None'
[2.096s] Level 5:colcon.colcon_core.verb:set package 'motion_controller_node' build argument 'cmake_target' from command line to 'None'
[2.096s] Level 5:colcon.colcon_core.verb:set package 'motion_controller_node' build argument 'cmake_target_skip_unavailable' from command line to 'False'
[2.097s] Level 5:colcon.colcon_core.verb:set package 'motion_controller_node' build argument 'cmake_clean_cache' from command line to 'False'
[2.097s] Level 5:colcon.colcon_core.verb:set package 'motion_controller_node' build argument 'cmake_clean_first' from command line to 'False'
[2.097s] Level 5:colcon.colcon_core.verb:set package 'motion_controller_node' build argument 'cmake_force_configure' from command line to 'False'
[2.097s] Level 5:colcon.colcon_core.verb:set package 'motion_controller_node' build argument 'ament_cmake_args' from command line to 'None'
[2.097s] Level 5:colcon.colcon_core.verb:set package 'motion_controller_node' build argument 'catkin_cmake_args' from command line to 'None'
[2.097s] Level 5:colcon.colcon_core.verb:set package 'motion_controller_node' build argument 'catkin_skip_building_tests' from command line to 'False'
[2.097s] DEBUG:colcon.colcon_core.verb:Building package 'motion_controller_node' with the following arguments: {'ament_cmake_args': None, 'build_base': '/home/usr/usr_ws_2020/build/motion_controller_node', 'catkin_cmake_args': None, 'catkin_skip_building_tests': False, 'cmake_args': None, 'cmake_clean_cache': False, 'cmake_clean_first': False, 'cmake_force_configure': False, 'cmake_target': None, 'cmake_target_skip_unavailable': False, 'install_base': '/home/usr/usr_ws_2020/install/motion_controller_node', 'merge_install': False, 'path': '/home/usr/usr_ws_2020/src/motion_controller/motion_controller_node', 'symlink_install': False, 'test_result_base': None}
[2.115s] Level 5:colcon.colcon_core.verb:set package 'stepper_motor' build argument 'cmake_args' from command line to 'None'
[2.115s] Level 5:colcon.colcon_core.verb:set package 'stepper_motor' build argument 'cmake_target' from command line to 'None'
[2.115s] Level 5:colcon.colcon_core.verb:set package 'stepper_motor' build argument 'cmake_target_skip_unavailable' from command line to 'False'
[2.115s] Level 5:colcon.colcon_core.verb:set package 'stepper_motor' build argument 'cmake_clean_cache' from command line to 'False'
[2.115s] Level 5:colcon.colcon_core.verb:set package 'stepper_motor' build argument 'cmake_clean_first' from command line to 'False'
[2.116s] Level 5:colcon.colcon_core.verb:set package 'stepper_motor' build argument 'cmake_force_configure' from command line to 'False'
[2.116s] Level 5:colcon.colcon_core.verb:set package 'stepper_motor' build argument 'ament_cmake_args' from command line to 'None'
[2.116s] Level 5:colcon.colcon_core.verb:set package 'stepper_motor' build argument 'catkin_cmake_args' from command line to 'None'
[2.116s] Level 5:colcon.colcon_core.verb:set package 'stepper_motor' build argument 'catkin_skip_building_tests' from command line to 'False'
[2.116s] DEBUG:colcon.colcon_core.verb:Building package 'stepper_motor' with the following arguments: {'ament_cmake_args': None, 'build_base': '/home/usr/usr_ws_2020/build/stepper_motor', 'catkin_cmake_args': None, 'catkin_skip_building_tests': False, 'cmake_args': None, 'cmake_clean_cache': False, 'cmake_clean_first': False, 'cmake_force_configure': False, 'cmake_target': None, 'cmake_target_skip_unavailable': False, 'install_base': '/home/usr/usr_ws_2020/install/stepper_motor', 'merge_install': False, 'path': '/home/usr/usr_ws_2020/src/motor_controllers/stepper_motor', 'symlink_install': False, 'test_result_base': None}
[2.118s] INFO:colcon.colcon_core.executor:Executing jobs using 'parallel' executor
[2.128s] DEBUG:colcon.colcon_parallel_executor.executor.parallel:run_until_complete
[2.130s] INFO:colcon.colcon_ros.task.ament_cmake.build:Building ROS package in '/home/usr/usr_ws_2020/src/motion_controller/motion_controller_msgs' with build type 'ament_cmake'
[2.130s] INFO:colcon.colcon_cmake.task.cmake.build:Building CMake package in '/home/usr/usr_ws_2020/src/motion_controller/motion_controller_msgs'
[2.160s] INFO:colcon.colcon_core.plugin_system:Skipping extension 'colcon_core.shell.bat': Not used on non-Windows systems
[2.161s] INFO:colcon.colcon_core.shell:Skip shell extension 'powershell' for command environment: Not usable outside of PowerShell
[2.162s] DEBUG:colcon.colcon_core.shell:Skip shell extension 'dsv' for command environment
[2.250s] INFO:colcon.colcon_cmake.task.cmake.build:Building CMake package in '/home/usr/usr_ws_2020/scripts/yaml-cpp-0.6'
[2.260s] INFO:colcon.colcon_core.shell:Skip shell extension 'powershell' for command environment: Not usable outside of PowerShell
[2.261s] DEBUG:colcon.colcon_core.shell:Skip shell extension 'dsv' for command environment
[2.367s] INFO:colcon.colcon_ros.task.ament_python.build:Building ROS package in '/home/usr/usr_ws_2020/src/motor_controllers/digger_motor_node' with build type 'ament_python'
[2.369s] Level 1:colcon.colcon_core.shell:create_environment_hook('digger_motor_node', 'ament_prefix_path')
[2.378s] INFO:colcon.colcon_core.shell:Creating environment hook '/home/usr/usr_ws_2020/install/digger_motor_node/share/digger_motor_node/hook/ament_prefix_path.ps1'
[2.383s] INFO:colcon.colcon_core.shell:Creating environment descriptor '/home/usr/usr_ws_2020/install/digger_motor_node/share/digger_motor_node/hook/ament_prefix_path.dsv'
[2.385s] INFO:colcon.colcon_core.shell:Creating environment hook '/home/usr/usr_ws_2020/install/digger_motor_node/share/digger_motor_node/hook/ament_prefix_path.sh'
[2.392s] INFO:colcon.colcon_core.shell:Skip shell extension 'powershell' for command environment: Not usable outside of PowerShell
[2.392s] DEBUG:colcon.colcon_core.shell:Skip shell extension 'dsv' for command environment
[2.473s] INFO:colcon.colcon_ros.task.ament_python.build:Building ROS package in '/home/usr/usr_ws_2020/src/teleop_node' with build type 'ament_python'
[2.475s] Level 1:colcon.colcon_core.shell:create_environment_hook('teleop_node', 'ament_prefix_path')
[2.484s] INFO:colcon.colcon_core.shell:Creating environment hook '/home/usr/usr_ws_2020/install/teleop_node/share/teleop_node/hook/ament_prefix_path.ps1'
[2.487s] INFO:colcon.colcon_core.shell:Creating environment descriptor '/home/usr/usr_ws_2020/install/teleop_node/share/teleop_node/hook/ament_prefix_path.dsv'
[2.490s] INFO:colcon.colcon_core.shell:Creating environment hook '/home/usr/usr_ws_2020/install/teleop_node/share/teleop_node/hook/ament_prefix_path.sh'
[2.496s] INFO:colcon.colcon_core.shell:Skip shell extension 'powershell' for command environment: Not usable outside of PowerShell
[2.496s] DEBUG:colcon.colcon_core.shell:Skip shell extension 'dsv' for command environment
[2.606s] DEBUG:colcon.colcon_core.event_handler.log_command:Invoking command in '/home/usr/usr_ws_2020/build/motion_controller_msgs': CMAKE_PREFIX_PATH=/home/usr/usr_ws_2020/install/realsense_msgs:/home/usr/usr_ws_2020/install/motion_controller_node:/home/usr/usr_ws_2020/install/motion_controller_msgs:/home/usr/usr_ws_2020/install/YAML_CPP:/opt/ros/foxy/install/ros_base:/opt/ros/foxy/install/rosbag2:/opt/ros/foxy/install/rosbag2_transport:/opt/ros/foxy/install/rosbag2_compression:/opt/ros/foxy/install/zstd_vendor:/opt/ros/foxy/install/rosbag2_storage_default_plugins:/opt/ros/foxy/install/rosbag2_converter_default_plugins:/opt/ros/foxy/install/rosbag2_cpp:/opt/ros/foxy/install/rosbag2_storage:/opt/ros/foxy/install/yaml_cpp_vendor:/opt/ros/foxy/install/ros_core:/opt/ros/foxy/install/common_interfaces:/opt/ros/foxy/install/visualization_msgs:/opt/ros/foxy/install/robot_state_publisher:/opt/ros/foxy/install/kdl_parser:/opt/ros/foxy/install/urdf:/opt/ros/foxy/install/urdfdom:/opt/ros/foxy/install/urdfdom_headers:/opt/ros/foxy/install/geometry2:/opt/ros/foxy/install/tf2_tools:/opt/ros/foxy/install/tf2_sensor_msgs:/opt/ros/foxy/install/tf2_kdl:/opt/ros/foxy/install/tf2_geometry_msgs:/opt/ros/foxy/install/tf2_eigen:/opt/ros/foxy/install/tf2_bullet:/opt/ros/foxy/install/tf2_ros:/opt/ros/foxy/install/tf2_py:/opt/ros/foxy/install/tf2_msgs:/opt/ros/foxy/install/test_msgs:/opt/ros/foxy/install/sros2_cmake:/opt/ros/foxy/install/ros_testing:/opt/ros/foxy/install/rclpy:/opt/ros/foxy/install/rclcpp_action:/opt/ros/foxy/install/rcl_action:/opt/ros/foxy/install/example_interfaces:/opt/ros/foxy/install/action_msgs:/opt/ros/foxy/install/unique_identifier_msgs:/opt/ros/foxy/install/ament_lint_common:/opt/ros/foxy/install/ament_cmake_uncrustify:/opt/ros/foxy/install/uncrustify_vendor:/opt/ros/foxy/install/trajectory_msgs:/opt/ros/foxy/install/rosbag2_test_common:/opt/ros/foxy/install/ros2lifecycle_test_fixtures:/opt/ros/foxy/install/rclcpp_lifecycle:/home/usr/usr_ws_2020/install/teleop_node:/home/usr/usr_ws_2020/install/stepper_motor:/home/usr/usr_ws_2020/install/maxon_motor_node:/home/usr/usr_ws_2020/install/joystick_ros2:/home/usr/usr_ws_2020/install/digger_motor_node:/opt/ros/foxy/install/ros2bag:/opt/ros/foxy/install/sros2:/opt/ros/foxy/install/ros2topic:/opt/ros/foxy/install/ros2test:/opt/ros/foxy/install/ros2component:/opt/ros/foxy/install/ros2param:/opt/ros/foxy/install/ros2lifecycle:/opt/ros/foxy/install/ros2service:/opt/ros/foxy/install/ros2run:/opt/ros/foxy/install/ros2launch:/opt/ros/foxy/install/ros2pkg:/opt/ros/foxy/install/ros2node:/opt/ros/foxy/install/ros2multicast:/opt/ros/foxy/install/ros2interface:/opt/ros/foxy/install/ros2doctor:/opt/ros/foxy/install/ros2action:/opt/ros/foxy/install/ros2cli:/opt/ros/foxy/install/launch_testing_ros:/opt/ros/foxy/install/launch_ros:/opt/ros/foxy/install/ament_uncrustify:/opt/ros/foxy/install/rpyutils:/opt/ros/foxy/install/rosidl_runtime_py:/opt/ros/foxy/install/launch_yaml:/opt/ros/foxy/install/launch_xml:/opt/ros/foxy/install/launch_testing:/opt/ros/foxy/install/launch:/opt/ros/foxy/install/osrf_pycommon:/opt/ros/foxy/install/domain_coordinator:/opt/ros/foxy/install/ament_xmllint:/opt/ros/foxy/install/ament_pep257:/opt/ros/foxy/install/ament_package:/opt/ros/foxy/install/ament_mypy:/opt/ros/foxy/install/ament_lint_cmake:/opt/ros/foxy/install/ament_flake8:/opt/ros/foxy/install/ament_copyright:/opt/ros/foxy/install/ament_lint:/opt/ros/foxy/install/ament_index_python:/opt/ros/foxy/install/ament_cpplint:/opt/ros/foxy/install/ament_cppcheck:/opt/ros/foxy/install/joy:/opt/ros/foxy/install/rclcpp_components:/opt/ros/foxy/install/rclcpp:/opt/ros/foxy/install/rcl_lifecycle:/opt/ros/foxy/install/libstatistics_collector:/opt/ros/foxy/install/rcl:/opt/ros/foxy/install/tracetools:/opt/ros/foxy/install/tinyxml_vendor:/opt/ros/foxy/install/pluginlib:/opt/ros/foxy/install/tinyxml2_vendor:/opt/ros/foxy/install/tf2:/opt/ros/foxy/install/test_interface_files:/opt/ros/foxy/install/stereo_msgs:/opt/ros/foxy/install/std_srvs:/opt/ros/foxy/install/shape_msgs:/opt/ros/foxy/install/sensor_msgs:/opt/ros/foxy/install/nav_msgs:/opt/ros/foxy/install/diagnostic_msgs:/opt/ros/foxy/install/geometry_msgs:/opt/ros/foxy/install/actionlib_msgs:/opt/ros/foxy/install/std_msgs:/opt/ros/foxy/install/statistics_msgs:/opt/ros/foxy/install/sqlite3_vendor:/opt/ros/foxy/install/rcl_logging_spdlog:/opt/ros/foxy/install/spdlog_vendor:/opt/ros/foxy/install/shared_queues_vendor:/opt/ros/foxy/install/sdl2_vendor:/opt/ros/foxy/install/rosgraph_msgs:/opt/ros/foxy/install/rmw_implementation:/opt/ros/foxy/install/rmw_fastrtps_cpp:/opt/ros/foxy/install/rmw_fastrtps_shared_cpp:/opt/ros/foxy/install/rmw_cyclonedds_cpp:/opt/ros/foxy/install/rmw_dds_common:/opt/ros/foxy/install/composition_interfaces:/opt/ros/foxy/install/rcl_interfaces:/opt/ros/foxy/install/lifecycle_msgs:/opt/ros/foxy/install/builtin_interfaces:/opt/ros/foxy/install/rosidl_default_runtime:/opt/ros/foxy/install/rosidl_default_generators:/opt/ros/foxy/install/rosidl_generator_py:/opt/ros/foxy/install/rosidl_typesupport_cpp:/opt/ros/foxy/install/rosidl_typesupport_introspection_cpp:/opt/ros/foxy/install/rosidl_typesupport_c:/opt/ros/foxy/install/rosidl_typesupport_introspection_c:/opt/ros/foxy/install/rosidl_typesupport_fastrtps_c:/opt/ros/foxy/install/rosidl_typesupport_fastrtps_cpp:/opt/ros/foxy/install/rmw_connext_cpp:/opt/ros/foxy/install/rosidl_typesupport_connext_c:/opt/ros/foxy/install/rosidl_typesupport_connext_cpp:/opt/ros/foxy/install/rmw:/opt/ros/foxy/install/rosidl_runtime_c:/opt/ros/foxy/install/rosidl_generator_cpp:/opt/ros/foxy/install/rosidl_generator_c:/opt/ros/foxy/install/rosidl_typesupport_interface:/opt/ros/foxy/install/rosidl_runtime_cpp:/opt/ros/foxy/install/rosidl_generator_dds_idl:/opt/ros/foxy/install/rosidl_cmake:/opt/ros/foxy/install/rosidl_parser:/opt/ros/foxy/install/rosidl_adapter:/opt/ros/foxy/install/rosbag2_tests:/opt/ros/foxy/install/ros_environment:/opt/ros/foxy/install/rmw_implementation_cmake:/opt/ros/foxy/install/rmw_connext_shared_cpp:/opt/ros/foxy/install/class_loader:/opt/ros/foxy/install/rcpputils:/opt/ros/foxy/install/rcutils:/opt/ros/foxy/install/rcl_yaml_param_parser:/opt/ros/foxy/install/launch_testing_ament_cmake:/opt/ros/foxy/install/python_cmake_module:/opt/ros/foxy/install/performance_test_fixture:/opt/ros/foxy/install/osrf_testing_tools_cpp:/opt/ros/foxy/install/orocos_kdl:/opt/ros/foxy/install/mimick_vendor:/opt/ros/foxy/install/message_filters:/opt/ros/foxy/install/libyaml_vendor:/opt/ros/foxy/install/ament_cmake_ros:/opt/ros/foxy/install/ament_cmake_gmock:/opt/ros/foxy/install/gmock_vendor:/opt/ros/foxy/install/ament_cmake_gtest:/opt/ros/foxy/install/gtest_vendor:/opt/ros/foxy/install/ament_cmake_google_benchmark:/opt/ros/foxy/install/google_benchmark_vendor:/opt/ros/foxy/install/fastrtps:/opt/ros/foxy/install/foonathan_memory_vendor:/opt/ros/foxy/install/fastrtps_cmake_module:/opt/ros/foxy/install/fastcdr:/opt/ros/foxy/install/eigen3_cmake_module:/opt/ros/foxy/install/cyclonedds:/opt/ros/foxy/install/console_bridge_vendor:/opt/ros/foxy/install/connext_cmake_module:/opt/ros/foxy/install/ament_cmake_xmllint:/opt/ros/foxy/install/ament_cmake_pep257:/opt/ros/foxy/install/ament_lint_auto:/opt/ros/foxy/install/ament_cmake_auto:/opt/ros/foxy/install/ament_cmake:/opt/ros/foxy/install/ament_cmake_version:/opt/ros/foxy/install/ament_cmake_pytest:/opt/ros/foxy/install/ament_cmake_lint_cmake:/opt/ros/foxy/install/ament_cmake_flake8:/opt/ros/foxy/install/ament_cmake_cpplint:/opt/ros/foxy/install/ament_cmake_cppcheck:/opt/ros/foxy/install/ament_cmake_copyright:/opt/ros/foxy/install/ament_cmake_test:/opt/ros/foxy/install/ament_cmake_target_dependencies:/opt/ros/foxy/install/ament_cmake_python:/opt/ros/foxy/install/ament_cmake_export_dependencies:/opt/ros/foxy/install/ament_cmake_libraries:/opt/ros/foxy/install/ament_cmake_include_directories:/opt/ros/foxy/install/ament_cmake_export_targets:/opt/ros/foxy/install/ament_cmake_export_link_flags:/opt/ros/foxy/install/ament_cmake_export_interfaces:/opt/ros/foxy/install/ament_cmake_export_libraries:/opt/ros/foxy/install/ament_cmake_export_include_directories:/opt/ros/foxy/install/ament_cmake_export_definitions:/opt/ros/foxy/install/ament_cmake_core:/opt/ros/foxy/install/ament_index_cpp /usr/bin/cmake --build /home/usr/usr_ws_2020/build/motion_controller_msgs -- -j4 -l4
[2.660s] DEBUG:colcon.colcon_core.event_handler.log_command:Invoking command in '/home/usr/usr_ws_2020/build/YAML_CPP': /usr/bin/cmake --build /home/usr/usr_ws_2020/build/YAML_CPP -- -j4 -l4
[4.317s] INFO:colcon.colcon_core.task.python.build:Building Python package in '/home/usr/usr_ws_2020/src/motor_controllers/digger_motor_node'
[4.322s] INFO:colcon.colcon_core.shell:Skip shell extension 'powershell' for command environment: Not usable outside of PowerShell
[4.322s] DEBUG:colcon.colcon_core.shell:Skip shell extension 'dsv' for command environment
[5.921s] INFO:colcon.colcon_core.task.python.build:Building Python package in '/home/usr/usr_ws_2020/src/teleop_node'
[5.929s] INFO:colcon.colcon_core.shell:Skip shell extension 'powershell' for command environment: Not usable outside of PowerShell
[5.929s] DEBUG:colcon.colcon_core.shell:Skip shell extension 'dsv' for command environment
[6.013s] DEBUG:colcon.colcon_core.event_handler.log_command:Invoked command in '/home/usr/usr_ws_2020/build/motion_controller_msgs' returned '0': CMAKE_PREFIX_PATH=/home/usr/usr_ws_2020/install/realsense_msgs:/home/usr/usr_ws_2020/install/motion_controller_node:/home/usr/usr_ws_2020/install/motion_controller_msgs:/home/usr/usr_ws_2020/install/YAML_CPP:/opt/ros/foxy/install/ros_base:/opt/ros/foxy/install/rosbag2:/opt/ros/foxy/install/rosbag2_transport:/opt/ros/foxy/install/rosbag2_compression:/opt/ros/foxy/install/zstd_vendor:/opt/ros/foxy/install/rosbag2_storage_default_plugins:/opt/ros/foxy/install/rosbag2_converter_default_plugins:/opt/ros/foxy/install/rosbag2_cpp:/opt/ros/foxy/install/rosbag2_storage:/opt/ros/foxy/install/yaml_cpp_vendor:/opt/ros/foxy/install/ros_core:/opt/ros/foxy/install/common_interfaces:/opt/ros/foxy/install/visualization_msgs:/opt/ros/foxy/install/robot_state_publisher:/opt/ros/foxy/install/kdl_parser:/opt/ros/foxy/install/urdf:/opt/ros/foxy/install/urdfdom:/opt/ros/foxy/install/urdfdom_headers:/opt/ros/foxy/install/geometry2:/opt/ros/foxy/install/tf2_tools:/opt/ros/foxy/install/tf2_sensor_msgs:/opt/ros/foxy/install/tf2_kdl:/opt/ros/foxy/install/tf2_geometry_msgs:/opt/ros/foxy/install/tf2_eigen:/opt/ros/foxy/install/tf2_bullet:/opt/ros/foxy/install/tf2_ros:/opt/ros/foxy/install/tf2_py:/opt/ros/foxy/install/tf2_msgs:/opt/ros/foxy/install/test_msgs:/opt/ros/foxy/install/sros2_cmake:/opt/ros/foxy/install/ros_testing:/opt/ros/foxy/install/rclpy:/opt/ros/foxy/install/rclcpp_action:/opt/ros/foxy/install/rcl_action:/opt/ros/foxy/install/example_interfaces:/opt/ros/foxy/install/action_msgs:/opt/ros/foxy/install/unique_identifier_msgs:/opt/ros/foxy/install/ament_lint_common:/opt/ros/foxy/install/ament_cmake_uncrustify:/opt/ros/foxy/install/uncrustify_vendor:/opt/ros/foxy/install/trajectory_msgs:/opt/ros/foxy/install/rosbag2_test_common:/opt/ros/foxy/install/ros2lifecycle_test_fixtures:/opt/ros/foxy/install/rclcpp_lifecycle:/home/usr/usr_ws_2020/install/teleop_node:/home/usr/usr_ws_2020/install/stepper_motor:/home/usr/usr_ws_2020/install/maxon_motor_node:/home/usr/usr_ws_2020/install/joystick_ros2:/home/usr/usr_ws_2020/install/digger_motor_node:/opt/ros/foxy/install/ros2bag:/opt/ros/foxy/install/sros2:/opt/ros/foxy/install/ros2topic:/opt/ros/foxy/install/ros2test:/opt/ros/foxy/install/ros2component:/opt/ros/foxy/install/ros2param:/opt/ros/foxy/install/ros2lifecycle:/opt/ros/foxy/install/ros2service:/opt/ros/foxy/install/ros2run:/opt/ros/foxy/install/ros2launch:/opt/ros/foxy/install/ros2pkg:/opt/ros/foxy/install/ros2node:/opt/ros/foxy/install/ros2multicast:/opt/ros/foxy/install/ros2interface:/opt/ros/foxy/install/ros2doctor:/opt/ros/foxy/install/ros2action:/opt/ros/foxy/install/ros2cli:/opt/ros/foxy/install/launch_testing_ros:/opt/ros/foxy/install/launch_ros:/opt/ros/foxy/install/ament_uncrustify:/opt/ros/foxy/install/rpyutils:/opt/ros/foxy/install/rosidl_runtime_py:/opt/ros/foxy/install/launch_yaml:/opt/ros/foxy/install/launch_xml:/opt/ros/foxy/install/launch_testing:/opt/ros/foxy/install/launch:/opt/ros/foxy/install/osrf_pycommon:/opt/ros/foxy/install/domain_coordinator:/opt/ros/foxy/install/ament_xmllint:/opt/ros/foxy/install/ament_pep257:/opt/ros/foxy/install/ament_package:/opt/ros/foxy/install/ament_mypy:/opt/ros/foxy/install/ament_lint_cmake:/opt/ros/foxy/install/ament_flake8:/opt/ros/foxy/install/ament_copyright:/opt/ros/foxy/install/ament_lint:/opt/ros/foxy/install/ament_index_python:/opt/ros/foxy/install/ament_cpplint:/opt/ros/foxy/install/ament_cppcheck:/opt/ros/foxy/install/joy:/opt/ros/foxy/install/rclcpp_components:/opt/ros/foxy/install/rclcpp:/opt/ros/foxy/install/rcl_lifecycle:/opt/ros/foxy/install/libstatistics_collector:/opt/ros/foxy/install/rcl:/opt/ros/foxy/install/tracetools:/opt/ros/foxy/install/tinyxml_vendor:/opt/ros/foxy/install/pluginlib:/opt/ros/foxy/install/tinyxml2_vendor:/opt/ros/foxy/install/tf2:/opt/ros/foxy/install/test_interface_files:/opt/ros/foxy/install/stereo_msgs:/opt/ros/foxy/install/std_srvs:/opt/ros/foxy/install/shape_msgs:/opt/ros/foxy/install/sensor_msgs:/opt/ros/foxy/install/nav_msgs:/opt/ros/foxy/install/diagnostic_msgs:/opt/ros/foxy/install/geometry_msgs:/opt/ros/foxy/install/actionlib_msgs:/opt/ros/foxy/install/std_msgs:/opt/ros/foxy/install/statistics_msgs:/opt/ros/foxy/install/sqlite3_vendor:/opt/ros/foxy/install/rcl_logging_spdlog:/opt/ros/foxy/install/spdlog_vendor:/opt/ros/foxy/install/shared_queues_vendor:/opt/ros/foxy/install/sdl2_vendor:/opt/ros/foxy/install/rosgraph_msgs:/opt/ros/foxy/install/rmw_implementation:/opt/ros/foxy/install/rmw_fastrtps_cpp:/opt/ros/foxy/install/rmw_fastrtps_shared_cpp:/opt/ros/foxy/install/rmw_cyclonedds_cpp:/opt/ros/foxy/install/rmw_dds_common:/opt/ros/foxy/install/composition_interfaces:/opt/ros/foxy/install/rcl_interfaces:/opt/ros/foxy/install/lifecycle_msgs:/opt/ros/foxy/install/builtin_interfaces:/opt/ros/foxy/install/rosidl_default_runtime:/opt/ros/foxy/install/rosidl_default_generators:/opt/ros/foxy/install/rosidl_generator_py:/opt/ros/foxy/install/rosidl_typesupport_cpp:/opt/ros/foxy/install/rosidl_typesupport_introspection_cpp:/opt/ros/foxy/install/rosidl_typesupport_c:/opt/ros/foxy/install/rosidl_typesupport_introspection_c:/opt/ros/foxy/install/rosidl_typesupport_fastrtps_c:/opt/ros/foxy/install/rosidl_typesupport_fastrtps_cpp:/opt/ros/foxy/install/rmw_connext_cpp:/opt/ros/foxy/install/rosidl_typesupport_connext_c:/opt/ros/foxy/install/rosidl_typesupport_connext_cpp:/opt/ros/foxy/install/rmw:/opt/ros/foxy/install/rosidl_runtime_c:/opt/ros/foxy/install/rosidl_generator_cpp:/opt/ros/foxy/install/rosidl_generator_c:/opt/ros/foxy/install/rosidl_typesupport_interface:/opt/ros/foxy/install/rosidl_runtime_cpp:/opt/ros/foxy/install/rosidl_generator_dds_idl:/opt/ros/foxy/install/rosidl_cmake:/opt/ros/foxy/install/rosidl_parser:/opt/ros/foxy/install/rosidl_adapter:/opt/ros/foxy/install/rosbag2_tests:/opt/ros/foxy/install/ros_environment:/opt/ros/foxy/install/rmw_implementation_cmake:/opt/ros/foxy/install/rmw_connext_shared_cpp:/opt/ros/foxy/install/class_loader:/opt/ros/foxy/install/rcpputils:/opt/ros/foxy/install/rcutils:/opt/ros/foxy/install/rcl_yaml_param_parser:/opt/ros/foxy/install/launch_testing_ament_cmake:/opt/ros/foxy/install/python_cmake_module:/opt/ros/foxy/install/performance_test_fixture:/opt/ros/foxy/install/osrf_testing_tools_cpp:/opt/ros/foxy/install/orocos_kdl:/opt/ros/foxy/install/mimick_vendor:/opt/ros/foxy/install/message_filters:/opt/ros/foxy/install/libyaml_vendor:/opt/ros/foxy/install/ament_cmake_ros:/opt/ros/foxy/install/ament_cmake_gmock:/opt/ros/foxy/install/gmock_vendor:/opt/ros/foxy/install/ament_cmake_gtest:/opt/ros/foxy/install/gtest_vendor:/opt/ros/foxy/install/ament_cmake_google_benchmark:/opt/ros/foxy/install/google_benchmark_vendor:/opt/ros/foxy/install/fastrtps:/opt/ros/foxy/install/foonathan_memory_vendor:/opt/ros/foxy/install/fastrtps_cmake_module:/opt/ros/foxy/install/fastcdr:/opt/ros/foxy/install/eigen3_cmake_module:/opt/ros/foxy/install/cyclonedds:/opt/ros/foxy/install/console_bridge_vendor:/opt/ros/foxy/install/connext_cmake_module:/opt/ros/foxy/install/ament_cmake_xmllint:/opt/ros/foxy/install/ament_cmake_pep257:/opt/ros/foxy/install/ament_lint_auto:/opt/ros/foxy/install/ament_cmake_auto:/opt/ros/foxy/install/ament_cmake:/opt/ros/foxy/install/ament_cmake_version:/opt/ros/foxy/install/ament_cmake_pytest:/opt/ros/foxy/install/ament_cmake_lint_cmake:/opt/ros/foxy/install/ament_cmake_flake8:/opt/ros/foxy/install/ament_cmake_cpplint:/opt/ros/foxy/install/ament_cmake_cppcheck:/opt/ros/foxy/install/ament_cmake_copyright:/opt/ros/foxy/install/ament_cmake_test:/opt/ros/foxy/install/ament_cmake_target_dependencies:/opt/ros/foxy/install/ament_cmake_python:/opt/ros/foxy/install/ament_cmake_export_dependencies:/opt/ros/foxy/install/ament_cmake_libraries:/opt/ros/foxy/install/ament_cmake_include_directories:/opt/ros/foxy/install/ament_cmake_export_targets:/opt/ros/foxy/install/ament_cmake_export_link_flags:/opt/ros/foxy/install/ament_cmake_export_interfaces:/opt/ros/foxy/install/ament_cmake_export_libraries:/opt/ros/foxy/install/ament_cmake_export_include_directories:/opt/ros/foxy/install/ament_cmake_export_definitions:/opt/ros/foxy/install/ament_cmake_core:/opt/ros/foxy/install/ament_index_cpp /usr/bin/cmake --build /home/usr/usr_ws_2020/build/motion_controller_msgs -- -j4 -l4
[6.028s] DEBUG:colcon.colcon_core.event_handler.log_command:Invoked command in '/home/usr/usr_ws_2020/build/YAML_CPP' returned '0': /usr/bin/cmake --build /home/usr/usr_ws_2020/build/YAML_CPP -- -j4 -l4
[6.055s] DEBUG:colcon.colcon_core.event_handler.log_command:Invoking command in '/home/usr/usr_ws_2020/build/digger_motor_node': PYTHONPATH=/home/usr/usr_ws_2020/install/digger_motor_node/lib/python3.6/site-packages:${PYTHONPATH} /usr/bin/python3 setup.py develop --prefix /home/usr/usr_ws_2020/install/digger_motor_node --uninstall --editable --build-directory /home/usr/usr_ws_2020/build/digger_motor_node/build
[6.075s] DEBUG:colcon.colcon_core.event_handler.log_command:Invoking command in '/home/usr/usr_ws_2020/build/teleop_node': PYTHONPATH=/home/usr/usr_ws_2020/install/teleop_node/lib/python3.6/site-packages:${PYTHONPATH} /usr/bin/python3 setup.py develop --prefix /home/usr/usr_ws_2020/install/teleop_node --uninstall --editable --build-directory /home/usr/usr_ws_2020/build/teleop_node/build
[7.147s] DEBUG:colcon.colcon_core.event_handler.log_command:Invoking command in '/home/usr/usr_ws_2020/build/motion_controller_msgs': CMAKE_PREFIX_PATH=/home/usr/usr_ws_2020/install/realsense_msgs:/home/usr/usr_ws_2020/install/motion_controller_node:/home/usr/usr_ws_2020/install/motion_controller_msgs:/home/usr/usr_ws_2020/install/YAML_CPP:/opt/ros/foxy/install/ros_base:/opt/ros/foxy/install/rosbag2:/opt/ros/foxy/install/rosbag2_transport:/opt/ros/foxy/install/rosbag2_compression:/opt/ros/foxy/install/zstd_vendor:/opt/ros/foxy/install/rosbag2_storage_default_plugins:/opt/ros/foxy/install/rosbag2_converter_default_plugins:/opt/ros/foxy/install/rosbag2_cpp:/opt/ros/foxy/install/rosbag2_storage:/opt/ros/foxy/install/yaml_cpp_vendor:/opt/ros/foxy/install/ros_core:/opt/ros/foxy/install/common_interfaces:/opt/ros/foxy/install/visualization_msgs:/opt/ros/foxy/install/robot_state_publisher:/opt/ros/foxy/install/kdl_parser:/opt/ros/foxy/install/urdf:/opt/ros/foxy/install/urdfdom:/opt/ros/foxy/install/urdfdom_headers:/opt/ros/foxy/install/geometry2:/opt/ros/foxy/install/tf2_tools:/opt/ros/foxy/install/tf2_sensor_msgs:/opt/ros/foxy/install/tf2_kdl:/opt/ros/foxy/install/tf2_geometry_msgs:/opt/ros/foxy/install/tf2_eigen:/opt/ros/foxy/install/tf2_bullet:/opt/ros/foxy/install/tf2_ros:/opt/ros/foxy/install/tf2_py:/opt/ros/foxy/install/tf2_msgs:/opt/ros/foxy/install/test_msgs:/opt/ros/foxy/install/sros2_cmake:/opt/ros/foxy/install/ros_testing:/opt/ros/foxy/install/rclpy:/opt/ros/foxy/install/rclcpp_action:/opt/ros/foxy/install/rcl_action:/opt/ros/foxy/install/example_interfaces:/opt/ros/foxy/install/action_msgs:/opt/ros/foxy/install/unique_identifier_msgs:/opt/ros/foxy/install/ament_lint_common:/opt/ros/foxy/install/ament_cmake_uncrustify:/opt/ros/foxy/install/uncrustify_vendor:/opt/ros/foxy/install/trajectory_msgs:/opt/ros/foxy/install/rosbag2_test_common:/opt/ros/foxy/install/ros2lifecycle_test_fixtures:/opt/ros/foxy/install/rclcpp_lifecycle:/home/usr/usr_ws_2020/install/teleop_node:/home/usr/usr_ws_2020/install/stepper_motor:/home/usr/usr_ws_2020/install/maxon_motor_node:/home/usr/usr_ws_2020/install/joystick_ros2:/home/usr/usr_ws_2020/install/digger_motor_node:/opt/ros/foxy/install/ros2bag:/opt/ros/foxy/install/sros2:/opt/ros/foxy/install/ros2topic:/opt/ros/foxy/install/ros2test:/opt/ros/foxy/install/ros2component:/opt/ros/foxy/install/ros2param:/opt/ros/foxy/install/ros2lifecycle:/opt/ros/foxy/install/ros2service:/opt/ros/foxy/install/ros2run:/opt/ros/foxy/install/ros2launch:/opt/ros/foxy/install/ros2pkg:/opt/ros/foxy/install/ros2node:/opt/ros/foxy/install/ros2multicast:/opt/ros/foxy/install/ros2interface:/opt/ros/foxy/install/ros2doctor:/opt/ros/foxy/install/ros2action:/opt/ros/foxy/install/ros2cli:/opt/ros/foxy/install/launch_testing_ros:/opt/ros/foxy/install/launch_ros:/opt/ros/foxy/install/ament_uncrustify:/opt/ros/foxy/install/rpyutils:/opt/ros/foxy/install/rosidl_runtime_py:/opt/ros/foxy/install/launch_yaml:/opt/ros/foxy/install/launch_xml:/opt/ros/foxy/install/launch_testing:/opt/ros/foxy/install/launch:/opt/ros/foxy/install/osrf_pycommon:/opt/ros/foxy/install/domain_coordinator:/opt/ros/foxy/install/ament_xmllint:/opt/ros/foxy/install/ament_pep257:/opt/ros/foxy/install/ament_package:/opt/ros/foxy/install/ament_mypy:/opt/ros/foxy/install/ament_lint_cmake:/opt/ros/foxy/install/ament_flake8:/opt/ros/foxy/install/ament_copyright:/opt/ros/foxy/install/ament_lint:/opt/ros/foxy/install/ament_index_python:/opt/ros/foxy/install/ament_cpplint:/opt/ros/foxy/install/ament_cppcheck:/opt/ros/foxy/install/joy:/opt/ros/foxy/install/rclcpp_components:/opt/ros/foxy/install/rclcpp:/opt/ros/foxy/install/rcl_lifecycle:/opt/ros/foxy/install/libstatistics_collector:/opt/ros/foxy/install/rcl:/opt/ros/foxy/install/tracetools:/opt/ros/foxy/install/tinyxml_vendor:/opt/ros/foxy/install/pluginlib:/opt/ros/foxy/install/tinyxml2_vendor:/opt/ros/foxy/install/tf2:/opt/ros/foxy/install/test_interface_files:/opt/ros/foxy/install/stereo_msgs:/opt/ros/foxy/install/std_srvs:/opt/ros/foxy/install/shape_msgs:/opt/ros/foxy/install/sensor_msgs:/opt/ros/foxy/install/nav_msgs:/opt/ros/foxy/install/diagnostic_msgs:/opt/ros/foxy/install/geometry_msgs:/opt/ros/foxy/install/actionlib_msgs:/opt/ros/foxy/install/std_msgs:/opt/ros/foxy/install/statistics_msgs:/opt/ros/foxy/install/sqlite3_vendor:/opt/ros/foxy/install/rcl_logging_spdlog:/opt/ros/foxy/install/spdlog_vendor:/opt/ros/foxy/install/shared_queues_vendor:/opt/ros/foxy/install/sdl2_vendor:/opt/ros/foxy/install/rosgraph_msgs:/opt/ros/foxy/install/rmw_implementation:/opt/ros/foxy/install/rmw_fastrtps_cpp:/opt/ros/foxy/install/rmw_fastrtps_shared_cpp:/opt/ros/foxy/install/rmw_cyclonedds_cpp:/opt/ros/foxy/install/rmw_dds_common:/opt/ros/foxy/install/composition_interfaces:/opt/ros/foxy/install/rcl_interfaces:/opt/ros/foxy/install/lifecycle_msgs:/opt/ros/foxy/install/builtin_interfaces:/opt/ros/foxy/install/rosidl_default_runtime:/opt/ros/foxy/install/rosidl_default_generators:/opt/ros/foxy/install/rosidl_generator_py:/opt/ros/foxy/install/rosidl_typesupport_cpp:/opt/ros/foxy/install/rosidl_typesupport_introspection_cpp:/opt/ros/foxy/install/rosidl_typesupport_c:/opt/ros/foxy/install/rosidl_typesupport_introspection_c:/opt/ros/foxy/install/rosidl_typesupport_fastrtps_c:/opt/ros/foxy/install/rosidl_typesupport_fastrtps_cpp:/opt/ros/foxy/install/rmw_connext_cpp:/opt/ros/foxy/install/rosidl_typesupport_connext_c:/opt/ros/foxy/install/rosidl_typesupport_connext_cpp:/opt/ros/foxy/install/rmw:/opt/ros/foxy/install/rosidl_runtime_c:/opt/ros/foxy/install/rosidl_generator_cpp:/opt/ros/foxy/install/rosidl_generator_c:/opt/ros/foxy/install/rosidl_typesupport_interface:/opt/ros/foxy/install/rosidl_runtime_cpp:/opt/ros/foxy/install/rosidl_generator_dds_idl:/opt/ros/foxy/install/rosidl_cmake:/opt/ros/foxy/install/rosidl_parser:/opt/ros/foxy/install/rosidl_adapter:/opt/ros/foxy/install/rosbag2_tests:/opt/ros/foxy/install/ros_environment:/opt/ros/foxy/install/rmw_implementation_cmake:/opt/ros/foxy/install/rmw_connext_shared_cpp:/opt/ros/foxy/install/class_loader:/opt/ros/foxy/install/rcpputils:/opt/ros/foxy/install/rcutils:/opt/ros/foxy/install/rcl_yaml_param_parser:/opt/ros/foxy/install/launch_testing_ament_cmake:/opt/ros/foxy/install/python_cmake_module:/opt/ros/foxy/install/performance_test_fixture:/opt/ros/foxy/install/osrf_testing_tools_cpp:/opt/ros/foxy/install/orocos_kdl:/opt/ros/foxy/install/mimick_vendor:/opt/ros/foxy/install/message_filters:/opt/ros/foxy/install/libyaml_vendor:/opt/ros/foxy/install/ament_cmake_ros:/opt/ros/foxy/install/ament_cmake_gmock:/opt/ros/foxy/install/gmock_vendor:/opt/ros/foxy/install/ament_cmake_gtest:/opt/ros/foxy/install/gtest_vendor:/opt/ros/foxy/install/ament_cmake_google_benchmark:/opt/ros/foxy/install/google_benchmark_vendor:/opt/ros/foxy/install/fastrtps:/opt/ros/foxy/install/foonathan_memory_vendor:/opt/ros/foxy/install/fastrtps_cmake_module:/opt/ros/foxy/install/fastcdr:/opt/ros/foxy/install/eigen3_cmake_module:/opt/ros/foxy/install/cyclonedds:/opt/ros/foxy/install/console_bridge_vendor:/opt/ros/foxy/install/connext_cmake_module:/opt/ros/foxy/install/ament_cmake_xmllint:/opt/ros/foxy/install/ament_cmake_pep257:/opt/ros/foxy/install/ament_lint_auto:/opt/ros/foxy/install/ament_cmake_auto:/opt/ros/foxy/install/ament_cmake:/opt/ros/foxy/install/ament_cmake_version:/opt/ros/foxy/install/ament_cmake_pytest:/opt/ros/foxy/install/ament_cmake_lint_cmake:/opt/ros/foxy/install/ament_cmake_flake8:/opt/ros/foxy/install/ament_cmake_cpplint:/opt/ros/foxy/install/ament_cmake_cppcheck:/opt/ros/foxy/install/ament_cmake_copyright:/opt/ros/foxy/install/ament_cmake_test:/opt/ros/foxy/install/ament_cmake_target_dependencies:/opt/ros/foxy/install/ament_cmake_python:/opt/ros/foxy/install/ament_cmake_export_dependencies:/opt/ros/foxy/install/ament_cmake_libraries:/opt/ros/foxy/install/ament_cmake_include_directories:/opt/ros/foxy/install/ament_cmake_export_targets:/opt/ros/foxy/install/ament_cmake_export_link_flags:/opt/ros/foxy/install/ament_cmake_export_interfaces:/opt/ros/foxy/install/ament_cmake_export_libraries:/opt/ros/foxy/install/ament_cmake_export_include_directories:/opt/ros/foxy/install/ament_cmake_export_definitions:/opt/ros/foxy/install/ament_cmake_core:/opt/ros/foxy/install/ament_index_cpp /usr/bin/cmake --build /home/usr/usr_ws_2020/build/motion_controller_msgs --target install -- -j4 -l4
[7.433s] DEBUG:colcon.colcon_core.event_handler.log_command:Invoking command in '/home/usr/usr_ws_2020/build/YAML_CPP': /usr/bin/cmake --build /home/usr/usr_ws_2020/build/YAML_CPP --target install -- -j4 -l4
[8.988s] DEBUG:colcon.colcon_core.event_handler.log_command:Invoked command in '/home/usr/usr_ws_2020/build/digger_motor_node' returned '0': PYTHONPATH=/home/usr/usr_ws_2020/install/digger_motor_node/lib/python3.6/site-packages:${PYTHONPATH} /usr/bin/python3 setup.py develop --prefix /home/usr/usr_ws_2020/install/digger_motor_node --uninstall --editable --build-directory /home/usr/usr_ws_2020/build/digger_motor_node/build
[8.992s] DEBUG:colcon.colcon_core.event_handler.log_command:Invoking command in '/home/usr/usr_ws_2020/src/motor_controllers/digger_motor_node': PYTHONPATH=/home/usr/usr_ws_2020/install/digger_motor_node/lib/python3.6/site-packages:${PYTHONPATH} /usr/bin/python3 setup.py egg_info --egg-base ../../../build/digger_motor_node build --build-base /home/usr/usr_ws_2020/build/digger_motor_node/build install --prefix /home/usr/usr_ws_2020/install/digger_motor_node --record /home/usr/usr_ws_2020/build/digger_motor_node/install.log --single-version-externally-managed
[9.174s] DEBUG:colcon.colcon_core.event_handler.log_command:Invoked command in '/home/usr/usr_ws_2020/build/teleop_node' returned '0': PYTHONPATH=/home/usr/usr_ws_2020/install/teleop_node/lib/python3.6/site-packages:${PYTHONPATH} /usr/bin/python3 setup.py develop --prefix /home/usr/usr_ws_2020/install/teleop_node --uninstall --editable --build-directory /home/usr/usr_ws_2020/build/teleop_node/build
[9.200s] DEBUG:colcon.colcon_core.event_handler.log_command:Invoking command in '/home/usr/usr_ws_2020/src/teleop_node': PYTHONPATH=/home/usr/usr_ws_2020/install/teleop_node/lib/python3.6/site-packages:${PYTHONPATH} /usr/bin/python3 setup.py egg_info --egg-base ../../build/teleop_node build --build-base /home/usr/usr_ws_2020/build/teleop_node/build install --prefix /home/usr/usr_ws_2020/install/teleop_node --record /home/usr/usr_ws_2020/build/teleop_node/install.log --single-version-externally-managed
[9.532s] Level 1:colcon.colcon_core.environment:create_environment_scripts_only(YAML_CPP)
[9.565s] DEBUG:colcon.colcon_core.event_handler.log_command:Invoked command in '/home/usr/usr_ws_2020/build/YAML_CPP' returned '0': /usr/bin/cmake --build /home/usr/usr_ws_2020/build/YAML_CPP --target install -- -j4 -l4
[9.574s] Level 1:colcon.colcon_core.environment:checking '/home/usr/usr_ws_2020/install/YAML_CPP' for CMake module files
[9.579s] Level 1:colcon.colcon_core.environment:checking '/home/usr/usr_ws_2020/install/YAML_CPP' for CMake config files
[9.582s] Level 1:colcon.colcon_core.shell:create_environment_hook('YAML_CPP', 'cmake_prefix_path')
[9.586s] INFO:colcon.colcon_core.shell:Creating environment hook '/home/usr/usr_ws_2020/install/YAML_CPP/share/YAML_CPP/hook/cmake_prefix_path.ps1'
[9.590s] INFO:colcon.colcon_core.shell:Creating environment descriptor '/home/usr/usr_ws_2020/install/YAML_CPP/share/YAML_CPP/hook/cmake_prefix_path.dsv'
[9.593s] INFO:colcon.colcon_core.shell:Creating environment hook '/home/usr/usr_ws_2020/install/YAML_CPP/share/YAML_CPP/hook/cmake_prefix_path.sh'
[9.621s] Level 1:colcon.colcon_core.environment:checking '/home/usr/usr_ws_2020/install/YAML_CPP/lib'
[9.625s] Level 1:colcon.colcon_core.environment:checking '/home/usr/usr_ws_2020/install/YAML_CPP/bin'
[9.627s] Level 1:colcon.colcon_core.environment:checking '/home/usr/usr_ws_2020/install/YAML_CPP/lib/pkgconfig/YAML_CPP.pc'
[9.631s] Level 1:colcon.colcon_core.environment:checking '/home/usr/usr_ws_2020/install/YAML_CPP/lib/python3.6/site-packages'
[9.652s] INFO:colcon.colcon_core.shell:Creating package script '/home/usr/usr_ws_2020/install/YAML_CPP/share/YAML_CPP/package.ps1'
[9.699s] INFO:colcon.colcon_core.shell:Creating package descriptor '/home/usr/usr_ws_2020/install/YAML_CPP/share/YAML_CPP/package.dsv'
[9.712s] INFO:colcon.colcon_core.shell:Creating package script '/home/usr/usr_ws_2020/install/YAML_CPP/share/YAML_CPP/package.sh'
[9.715s] INFO:colcon.colcon_core.shell:Creating package script '/home/usr/usr_ws_2020/install/YAML_CPP/share/YAML_CPP/package.bash'
[9.745s] INFO:colcon.colcon_core.shell:Creating package script '/home/usr/usr_ws_2020/install/YAML_CPP/share/YAML_CPP/package.zsh'
[9.750s] Level 1:colcon.colcon_core.environment:create_file_with_runtime_dependencies(/home/usr/usr_ws_2020/install/YAML_CPP/share/colcon-core/packages/YAML_CPP)
[10.896s] Level 1:colcon.colcon_core.environment:create_environment_scripts_only(motion_controller_msgs)
[10.898s] DEBUG:colcon.colcon_core.event_handler.log_command:Invoked command in '/home/usr/usr_ws_2020/build/motion_controller_msgs' returned '0': CMAKE_PREFIX_PATH=/home/usr/usr_ws_2020/install/realsense_msgs:/home/usr/usr_ws_2020/install/motion_controller_node:/home/usr/usr_ws_2020/install/motion_controller_msgs:/home/usr/usr_ws_2020/install/YAML_CPP:/opt/ros/foxy/install/ros_base:/opt/ros/foxy/install/rosbag2:/opt/ros/foxy/install/rosbag2_transport:/opt/ros/foxy/install/rosbag2_compression:/opt/ros/foxy/install/zstd_vendor:/opt/ros/foxy/install/rosbag2_storage_default_plugins:/opt/ros/foxy/install/rosbag2_converter_default_plugins:/opt/ros/foxy/install/rosbag2_cpp:/opt/ros/foxy/install/rosbag2_storage:/opt/ros/foxy/install/yaml_cpp_vendor:/opt/ros/foxy/install/ros_core:/opt/ros/foxy/install/common_interfaces:/opt/ros/foxy/install/visualization_msgs:/opt/ros/foxy/install/robot_state_publisher:/opt/ros/foxy/install/kdl_parser:/opt/ros/foxy/install/urdf:/opt/ros/foxy/install/urdfdom:/opt/ros/foxy/install/urdfdom_headers:/opt/ros/foxy/install/geometry2:/opt/ros/foxy/install/tf2_tools:/opt/ros/foxy/install/tf2_sensor_msgs:/opt/ros/foxy/install/tf2_kdl:/opt/ros/foxy/install/tf2_geometry_msgs:/opt/ros/foxy/install/tf2_eigen:/opt/ros/foxy/install/tf2_bullet:/opt/ros/foxy/install/tf2_ros:/opt/ros/foxy/install/tf2_py:/opt/ros/foxy/install/tf2_msgs:/opt/ros/foxy/install/test_msgs:/opt/ros/foxy/install/sros2_cmake:/opt/ros/foxy/install/ros_testing:/opt/ros/foxy/install/rclpy:/opt/ros/foxy/install/rclcpp_action:/opt/ros/foxy/install/rcl_action:/opt/ros/foxy/install/example_interfaces:/opt/ros/foxy/install/action_msgs:/opt/ros/foxy/install/unique_identifier_msgs:/opt/ros/foxy/install/ament_lint_common:/opt/ros/foxy/install/ament_cmake_uncrustify:/opt/ros/foxy/install/uncrustify_vendor:/opt/ros/foxy/install/trajectory_msgs:/opt/ros/foxy/install/rosbag2_test_common:/opt/ros/foxy/install/ros2lifecycle_test_fixtures:/opt/ros/foxy/install/rclcpp_lifecycle:/home/usr/usr_ws_2020/install/teleop_node:/home/usr/usr_ws_2020/install/stepper_motor:/home/usr/usr_ws_2020/install/maxon_motor_node:/home/usr/usr_ws_2020/install/joystick_ros2:/home/usr/usr_ws_2020/install/digger_motor_node:/opt/ros/foxy/install/ros2bag:/opt/ros/foxy/install/sros2:/opt/ros/foxy/install/ros2topic:/opt/ros/foxy/install/ros2test:/opt/ros/foxy/install/ros2component:/opt/ros/foxy/install/ros2param:/opt/ros/foxy/install/ros2lifecycle:/opt/ros/foxy/install/ros2service:/opt/ros/foxy/install/ros2run:/opt/ros/foxy/install/ros2launch:/opt/ros/foxy/install/ros2pkg:/opt/ros/foxy/install/ros2node:/opt/ros/foxy/install/ros2multicast:/opt/ros/foxy/install/ros2interface:/opt/ros/foxy/install/ros2doctor:/opt/ros/foxy/install/ros2action:/opt/ros/foxy/install/ros2cli:/opt/ros/foxy/install/launch_testing_ros:/opt/ros/foxy/install/launch_ros:/opt/ros/foxy/install/ament_uncrustify:/opt/ros/foxy/install/rpyutils:/opt/ros/foxy/install/rosidl_runtime_py:/opt/ros/foxy/install/launch_yaml:/opt/ros/foxy/install/launch_xml:/opt/ros/foxy/install/launch_testing:/opt/ros/foxy/install/launch:/opt/ros/foxy/install/osrf_pycommon:/opt/ros/foxy/install/domain_coordinator:/opt/ros/foxy/install/ament_xmllint:/opt/ros/foxy/install/ament_pep257:/opt/ros/foxy/install/ament_package:/opt/ros/foxy/install/ament_mypy:/opt/ros/foxy/install/ament_lint_cmake:/opt/ros/foxy/install/ament_flake8:/opt/ros/foxy/install/ament_copyright:/opt/ros/foxy/install/ament_lint:/opt/ros/foxy/install/ament_index_python:/opt/ros/foxy/install/ament_cpplint:/opt/ros/foxy/install/ament_cppcheck:/opt/ros/foxy/install/joy:/opt/ros/foxy/install/rclcpp_components:/opt/ros/foxy/install/rclcpp:/opt/ros/foxy/install/rcl_lifecycle:/opt/ros/foxy/install/libstatistics_collector:/opt/ros/foxy/install/rcl:/opt/ros/foxy/install/tracetools:/opt/ros/foxy/install/tinyxml_vendor:/opt/ros/foxy/install/pluginlib:/opt/ros/foxy/install/tinyxml2_vendor:/opt/ros/foxy/install/tf2:/opt/ros/foxy/install/test_interface_files:/opt/ros/foxy/install/stereo_msgs:/opt/ros/foxy/install/std_srvs:/opt/ros/foxy/install/shape_msgs:/opt/ros/foxy/install/sensor_msgs:/opt/ros/foxy/install/nav_msgs:/opt/ros/foxy/install/diagnostic_msgs:/opt/ros/foxy/install/geometry_msgs:/opt/ros/foxy/install/actionlib_msgs:/opt/ros/foxy/install/std_msgs:/opt/ros/foxy/install/statistics_msgs:/opt/ros/foxy/install/sqlite3_vendor:/opt/ros/foxy/install/rcl_logging_spdlog:/opt/ros/foxy/install/spdlog_vendor:/opt/ros/foxy/install/shared_queues_vendor:/opt/ros/foxy/install/sdl2_vendor:/opt/ros/foxy/install/rosgraph_msgs:/opt/ros/foxy/install/rmw_implementation:/opt/ros/foxy/install/rmw_fastrtps_cpp:/opt/ros/foxy/install/rmw_fastrtps_shared_cpp:/opt/ros/foxy/install/rmw_cyclonedds_cpp:/opt/ros/foxy/install/rmw_dds_common:/opt/ros/foxy/install/composition_interfaces:/opt/ros/foxy/install/rcl_interfaces:/opt/ros/foxy/install/lifecycle_msgs:/opt/ros/foxy/install/builtin_interfaces:/opt/ros/foxy/install/rosidl_default_runtime:/opt/ros/foxy/install/rosidl_default_generators:/opt/ros/foxy/install/rosidl_generator_py:/opt/ros/foxy/install/rosidl_typesupport_cpp:/opt/ros/foxy/install/rosidl_typesupport_introspection_cpp:/opt/ros/foxy/install/rosidl_typesupport_c:/opt/ros/foxy/install/rosidl_typesupport_introspection_c:/opt/ros/foxy/install/rosidl_typesupport_fastrtps_c:/opt/ros/foxy/install/rosidl_typesupport_fastrtps_cpp:/opt/ros/foxy/install/rmw_connext_cpp:/opt/ros/foxy/install/rosidl_typesupport_connext_c:/opt/ros/foxy/install/rosidl_typesupport_connext_cpp:/opt/ros/foxy/install/rmw:/opt/ros/foxy/install/rosidl_runtime_c:/opt/ros/foxy/install/rosidl_generator_cpp:/opt/ros/foxy/install/rosidl_generator_c:/opt/ros/foxy/install/rosidl_typesupport_interface:/opt/ros/foxy/install/rosidl_runtime_cpp:/opt/ros/foxy/install/rosidl_generator_dds_idl:/opt/ros/foxy/install/rosidl_cmake:/opt/ros/foxy/install/rosidl_parser:/opt/ros/foxy/install/rosidl_adapter:/opt/ros/foxy/install/rosbag2_tests:/opt/ros/foxy/install/ros_environment:/opt/ros/foxy/install/rmw_implementation_cmake:/opt/ros/foxy/install/rmw_connext_shared_cpp:/opt/ros/foxy/install/class_loader:/opt/ros/foxy/install/rcpputils:/opt/ros/foxy/install/rcutils:/opt/ros/foxy/install/rcl_yaml_param_parser:/opt/ros/foxy/install/launch_testing_ament_cmake:/opt/ros/foxy/install/python_cmake_module:/opt/ros/foxy/install/performance_test_fixture:/opt/ros/foxy/install/osrf_testing_tools_cpp:/opt/ros/foxy/install/orocos_kdl:/opt/ros/foxy/install/mimick_vendor:/opt/ros/foxy/install/message_filters:/opt/ros/foxy/install/libyaml_vendor:/opt/ros/foxy/install/ament_cmake_ros:/opt/ros/foxy/install/ament_cmake_gmock:/opt/ros/foxy/install/gmock_vendor:/opt/ros/foxy/install/ament_cmake_gtest:/opt/ros/foxy/install/gtest_vendor:/opt/ros/foxy/install/ament_cmake_google_benchmark:/opt/ros/foxy/install/google_benchmark_vendor:/opt/ros/foxy/install/fastrtps:/opt/ros/foxy/install/foonathan_memory_vendor:/opt/ros/foxy/install/fastrtps_cmake_module:/opt/ros/foxy/install/fastcdr:/opt/ros/foxy/install/eigen3_cmake_module:/opt/ros/foxy/install/cyclonedds:/opt/ros/foxy/install/console_bridge_vendor:/opt/ros/foxy/install/connext_cmake_module:/opt/ros/foxy/install/ament_cmake_xmllint:/opt/ros/foxy/install/ament_cmake_pep257:/opt/ros/foxy/install/ament_lint_auto:/opt/ros/foxy/install/ament_cmake_auto:/opt/ros/foxy/install/ament_cmake:/opt/ros/foxy/install/ament_cmake_version:/opt/ros/foxy/install/ament_cmake_pytest:/opt/ros/foxy/install/ament_cmake_lint_cmake:/opt/ros/foxy/install/ament_cmake_flake8:/opt/ros/foxy/install/ament_cmake_cpplint:/opt/ros/foxy/install/ament_cmake_cppcheck:/opt/ros/foxy/install/ament_cmake_copyright:/opt/ros/foxy/install/ament_cmake_test:/opt/ros/foxy/install/ament_cmake_target_dependencies:/opt/ros/foxy/install/ament_cmake_python:/opt/ros/foxy/install/ament_cmake_export_dependencies:/opt/ros/foxy/install/ament_cmake_libraries:/opt/ros/foxy/install/ament_cmake_include_directories:/opt/ros/foxy/install/ament_cmake_export_targets:/opt/ros/foxy/install/ament_cmake_export_link_flags:/opt/ros/foxy/install/ament_cmake_export_interfaces:/opt/ros/foxy/install/ament_cmake_export_libraries:/opt/ros/foxy/install/ament_cmake_export_include_directories:/opt/ros/foxy/install/ament_cmake_export_definitions:/opt/ros/foxy/install/ament_cmake_core:/opt/ros/foxy/install/ament_index_cpp /usr/bin/cmake --build /home/usr/usr_ws_2020/build/motion_controller_msgs --target install -- -j4 -l4
[10.903s] Level 1:colcon.colcon_core.environment:checking '/home/usr/usr_ws_2020/install/motion_controller_msgs' for CMake module files
[10.906s] Level 1:colcon.colcon_core.environment:checking '/home/usr/usr_ws_2020/install/motion_controller_msgs' for CMake config files
[10.908s] Level 1:colcon.colcon_core.shell:create_environment_hook('motion_controller_msgs', 'cmake_prefix_path')
[10.911s] INFO:colcon.colcon_core.shell:Creating environment hook '/home/usr/usr_ws_2020/install/motion_controller_msgs/share/motion_controller_msgs/hook/cmake_prefix_path.ps1'
[10.913s] INFO:colcon.colcon_core.shell:Creating environment descriptor '/home/usr/usr_ws_2020/install/motion_controller_msgs/share/motion_controller_msgs/hook/cmake_prefix_path.dsv'
[10.915s] INFO:colcon.colcon_core.shell:Creating environment hook '/home/usr/usr_ws_2020/install/motion_controller_msgs/share/motion_controller_msgs/hook/cmake_prefix_path.sh'
[10.920s] Level 1:colcon.colcon_core.environment:checking '/home/usr/usr_ws_2020/install/motion_controller_msgs/lib'
[10.920s] Level 1:colcon.colcon_core.shell:create_environment_hook('motion_controller_msgs', 'ld_library_path_lib')
[10.924s] INFO:colcon.colcon_core.shell:Creating environment hook '/home/usr/usr_ws_2020/install/motion_controller_msgs/share/motion_controller_msgs/hook/ld_library_path_lib.ps1'
[10.926s] INFO:colcon.colcon_core.shell:Creating environment descriptor '/home/usr/usr_ws_2020/install/motion_controller_msgs/share/motion_controller_msgs/hook/ld_library_path_lib.dsv'
[10.929s] INFO:colcon.colcon_core.shell:Creating environment hook '/home/usr/usr_ws_2020/install/motion_controller_msgs/share/motion_controller_msgs/hook/ld_library_path_lib.sh'
[10.932s] Level 1:colcon.colcon_core.environment:checking '/home/usr/usr_ws_2020/install/motion_controller_msgs/bin'
[10.932s] Level 1:colcon.colcon_core.environment:checking '/home/usr/usr_ws_2020/install/motion_controller_msgs/lib/pkgconfig/motion_controller_msgs.pc'
[10.933s] Level 1:colcon.colcon_core.environment:checking '/home/usr/usr_ws_2020/install/motion_controller_msgs/lib/python3.6/site-packages'
[10.934s] Level 1:colcon.colcon_core.shell:create_environment_hook('motion_controller_msgs', 'pythonpath')
[10.937s] INFO:colcon.colcon_core.shell:Creating environment hook '/home/usr/usr_ws_2020/install/motion_controller_msgs/share/motion_controller_msgs/hook/pythonpath.ps1'
[10.940s] INFO:colcon.colcon_core.shell:Creating environment descriptor '/home/usr/usr_ws_2020/install/motion_controller_msgs/share/motion_controller_msgs/hook/pythonpath.dsv'
[10.942s] INFO:colcon.colcon_core.shell:Creating environment hook '/home/usr/usr_ws_2020/install/motion_controller_msgs/share/motion_controller_msgs/hook/pythonpath.sh'
[10.948s] INFO:colcon.colcon_core.shell:Creating package script '/home/usr/usr_ws_2020/install/motion_controller_msgs/share/motion_controller_msgs/package.ps1'
[10.952s] INFO:colcon.colcon_core.shell:Creating package descriptor '/home/usr/usr_ws_2020/install/motion_controller_msgs/share/motion_controller_msgs/package.dsv'
[10.956s] INFO:colcon.colcon_core.shell:Creating package script '/home/usr/usr_ws_2020/install/motion_controller_msgs/share/motion_controller_msgs/package.sh'
[10.959s] INFO:colcon.colcon_core.shell:Creating package script '/home/usr/usr_ws_2020/install/motion_controller_msgs/share/motion_controller_msgs/package.bash'
[10.960s] INFO:colcon.colcon_core.shell:Creating package script '/home/usr/usr_ws_2020/install/motion_controller_msgs/share/motion_controller_msgs/package.zsh'
[10.962s] Level 1:colcon.colcon_core.environment:create_file_with_runtime_dependencies(/home/usr/usr_ws_2020/install/motion_controller_msgs/share/colcon-core/packages/motion_controller_msgs)
[11.021s] DEBUG:colcon.colcon_core.event_handler.log_command:Invoked command in '/home/usr/usr_ws_2020/src/motor_controllers/digger_motor_node' returned '1': PYTHONPATH=/home/usr/usr_ws_2020/install/digger_motor_node/lib/python3.6/site-packages:${PYTHONPATH} /usr/bin/python3 setup.py egg_info --egg-base ../../../build/digger_motor_node build --build-base /home/usr/usr_ws_2020/build/digger_motor_node/build install --prefix /home/usr/usr_ws_2020/install/digger_motor_node --record /home/usr/usr_ws_2020/build/digger_motor_node/install.log --single-version-externally-managed
[11.764s] DEBUG:colcon.colcon_parallel_executor.executor.parallel:closing loop
[11.779s] DEBUG:colcon.colcon_parallel_executor.executor.parallel:loop closed
[11.779s] DEBUG:colcon.colcon_parallel_executor.executor.parallel:run_until_complete finished with '1'
[11.780s] DEBUG:colcon.colcon_core.event_reactor:joining thread
[11.829s] INFO:colcon.colcon_core.plugin_system:Skipping extension 'colcon_notification.desktop_notification.terminal_notifier': Not used on non-Darwin systems
[11.830s] INFO:colcon.colcon_core.plugin_system:Skipping extension 'colcon_notification.desktop_notification.win32': Not used on non-Windows systems
[11.830s] INFO:colcon.colcon_notification.desktop_notification:Sending desktop notification using 'notify2'
[11.962s] DEBUG:colcon.colcon_core.event_reactor:joined thread
[11.967s] INFO:colcon.colcon_core.shell:Creating prefix script '/home/usr/usr_ws_2020/install/local_setup.ps1'
[11.972s] INFO:colcon.colcon_core.shell:Creating prefix util module '/home/usr/usr_ws_2020/install/_local_setup_util_ps1.py'
[11.978s] INFO:colcon.colcon_core.shell:Creating prefix chain script '/home/usr/usr_ws_2020/install/setup.ps1'
[12.028s] INFO:colcon.colcon_core.shell:Creating prefix script '/home/usr/usr_ws_2020/install/local_setup.sh'
[12.033s] INFO:colcon.colcon_core.shell:Creating prefix util module '/home/usr/usr_ws_2020/install/_local_setup_util_sh.py'
[12.035s] INFO:colcon.colcon_core.shell:Creating prefix chain script '/home/usr/usr_ws_2020/install/setup.sh'
[12.086s] INFO:colcon.colcon_core.shell:Creating prefix script '/home/usr/usr_ws_2020/install/local_setup.bash'
[12.089s] INFO:colcon.colcon_core.shell:Creating prefix chain script '/home/usr/usr_ws_2020/install/setup.bash'
[12.135s] INFO:colcon.colcon_core.shell:Creating prefix script '/home/usr/usr_ws_2020/install/local_setup.zsh'
[12.137s] INFO:colcon.colcon_core.shell:Creating prefix chain script '/home/usr/usr_ws_2020/install/setup.zsh'
