[1.740s] DEBUG:colcon:Command line arguments: ['/usr/bin/colcon', 'build', '--packages-skip-build-finished', '--packages-skip-regex', 'real*']
[1.741s] DEBUG:colcon:Parsed command line arguments: Namespace(ament_cmake_args=None, base_paths=['.'], build_base='build', catkin_cmake_args=None, catkin_skip_building_tests=False, cmake_args=None, cmake_clean_cache=False, cmake_clean_first=False, cmake_force_configure=False, cmake_target=None, cmake_target_skip_unavailable=False, continue_on_error=False, event_handlers=None, executor='parallel', ignore_user_meta=False, install_base='install', log_base=None, log_level=None, main=<bound method BuildVerb.main of <colcon_core.verb.build.BuildVerb object at 0x7f84168a20>>, merge_install=False, metas=['./colcon.meta'], packages_above=None, packages_above_and_dependencies=None, packages_above_depth=None, packages_end=None, packages_ignore=None, packages_ignore_regex=None, packages_select=None, packages_select_build_failed=False, packages_select_by_dep=None, packages_select_regex=None, packages_select_test_failures=False, packages_skip=None, packages_skip_build_finished=True, packages_skip_by_dep=None, packages_skip_regex=[re.compile('real*')], packages_skip_test_passed=False, packages_skip_up_to=None, packages_start=None, packages_up_to=None, packages_up_to_regex=None, parallel_workers=4, paths=None, symlink_install=False, test_result_base=None, verb_extension=<colcon_core.verb.build.BuildVerb object at 0x7f84168a20>, verb_name='build', verb_parser=<colcon_defaults.argument_parser.defaults.DefaultArgumentsDecorator object at 0x7f84168d68>)
[1.799s] Level 1:colcon.colcon_core.package_discovery:discover_packages(colcon_meta) check parameters
[1.800s] Level 1:colcon.colcon_core.package_discovery:discover_packages(recursive) check parameters
[1.800s] Level 1:colcon.colcon_core.package_discovery:discover_packages(ignore) check parameters
[1.800s] Level 1:colcon.colcon_core.package_discovery:discover_packages(path) check parameters
[1.800s] Level 1:colcon.colcon_core.package_discovery:discover_packages(colcon_meta) discover
[1.802s] Level 1:colcon.colcon_core.package_discovery:discover_packages(recursive) discover
[1.802s] INFO:colcon.colcon_core.package_discovery:Crawling recursively for packages in '/home/usr/usr_ws_2020'
[1.802s] Level 1:colcon.colcon_core.package_identification:_identify(.) by extensions ['ignore', 'ignore_ament_install']
[1.803s] Level 1:colcon.colcon_core.package_identification:_identify(.) by extension 'ignore'
[1.803s] Level 1:colcon.colcon_core.package_identification:_identify(.) by extension 'ignore_ament_install'
[1.803s] Level 1:colcon.colcon_core.package_identification:_identify(.) by extensions ['colcon_pkg']
[1.804s] Level 1:colcon.colcon_core.package_identification:_identify(.) by extension 'colcon_pkg'
[1.804s] Level 1:colcon.colcon_core.package_identification:_identify(.) by extensions ['colcon_meta']
[1.804s] Level 1:colcon.colcon_core.package_identification:_identify(.) by extension 'colcon_meta'
[1.804s] Level 1:colcon.colcon_core.package_identification:_identify(.) by extensions ['ros']
[1.804s] Level 1:colcon.colcon_core.package_identification:_identify(.) by extension 'ros'
[1.914s] Level 1:colcon.colcon_core.package_identification:_identify(.) by extensions ['cmake', 'python']
[1.914s] Level 1:colcon.colcon_core.package_identification:_identify(.) by extension 'cmake'
[1.915s] Level 1:colcon.colcon_core.package_identification:_identify(.) by extension 'python'
[1.915s] Level 1:colcon.colcon_core.package_identification:_identify(.) by extensions ['python_setup_py']
[1.915s] Level 1:colcon.colcon_core.package_identification:_identify(.) by extension 'python_setup_py'
[1.916s] Level 1:colcon.colcon_core.package_identification:_identify(build) by extensions ['ignore', 'ignore_ament_install']
[1.916s] Level 1:colcon.colcon_core.package_identification:_identify(build) by extension 'ignore'
[1.916s] Level 1:colcon.colcon_core.package_identification:_identify(build) ignored
[1.918s] Level 1:colcon.colcon_core.package_identification:_identify(docker) by extensions ['ignore', 'ignore_ament_install']
[1.918s] Level 1:colcon.colcon_core.package_identification:_identify(docker) by extension 'ignore'
[1.918s] Level 1:colcon.colcon_core.package_identification:_identify(docker) by extension 'ignore_ament_install'
[1.919s] Level 1:colcon.colcon_core.package_identification:_identify(docker) by extensions ['colcon_pkg']
[1.919s] Level 1:colcon.colcon_core.package_identification:_identify(docker) by extension 'colcon_pkg'
[1.919s] Level 1:colcon.colcon_core.package_identification:_identify(docker) by extensions ['colcon_meta']
[1.919s] Level 1:colcon.colcon_core.package_identification:_identify(docker) by extension 'colcon_meta'
[1.919s] Level 1:colcon.colcon_core.package_identification:_identify(docker) by extensions ['ros']
[1.919s] Level 1:colcon.colcon_core.package_identification:_identify(docker) by extension 'ros'
[1.920s] Level 1:colcon.colcon_core.package_identification:_identify(docker) by extensions ['cmake', 'python']
[1.920s] Level 1:colcon.colcon_core.package_identification:_identify(docker) by extension 'cmake'
[1.920s] Level 1:colcon.colcon_core.package_identification:_identify(docker) by extension 'python'
[1.920s] Level 1:colcon.colcon_core.package_identification:_identify(docker) by extensions ['python_setup_py']
[1.920s] Level 1:colcon.colcon_core.package_identification:_identify(docker) by extension 'python_setup_py'
[1.921s] Level 1:colcon.colcon_core.package_identification:_identify(install) by extensions ['ignore', 'ignore_ament_install']
[1.921s] Level 1:colcon.colcon_core.package_identification:_identify(install) by extension 'ignore'
[1.921s] Level 1:colcon.colcon_core.package_identification:_identify(install) ignored
[1.922s] Level 1:colcon.colcon_core.package_identification:_identify(launch) by extensions ['ignore', 'ignore_ament_install']
[1.922s] Level 1:colcon.colcon_core.package_identification:_identify(launch) by extension 'ignore'
[1.922s] Level 1:colcon.colcon_core.package_identification:_identify(launch) by extension 'ignore_ament_install'
[1.923s] Level 1:colcon.colcon_core.package_identification:_identify(launch) by extensions ['colcon_pkg']
[1.923s] Level 1:colcon.colcon_core.package_identification:_identify(launch) by extension 'colcon_pkg'
[1.923s] Level 1:colcon.colcon_core.package_identification:_identify(launch) by extensions ['colcon_meta']
[1.923s] Level 1:colcon.colcon_core.package_identification:_identify(launch) by extension 'colcon_meta'
[1.923s] Level 1:colcon.colcon_core.package_identification:_identify(launch) by extensions ['ros']
[1.923s] Level 1:colcon.colcon_core.package_identification:_identify(launch) by extension 'ros'
[1.924s] Level 1:colcon.colcon_core.package_identification:_identify(launch) by extensions ['cmake', 'python']
[1.924s] Level 1:colcon.colcon_core.package_identification:_identify(launch) by extension 'cmake'
[1.924s] Level 1:colcon.colcon_core.package_identification:_identify(launch) by extension 'python'
[1.925s] Level 1:colcon.colcon_core.package_identification:_identify(launch) by extensions ['python_setup_py']
[1.925s] Level 1:colcon.colcon_core.package_identification:_identify(launch) by extension 'python_setup_py'
[1.930s] Level 1:colcon.colcon_core.package_identification:_identify(launch/__pycache__) by extensions ['ignore', 'ignore_ament_install']
[1.931s] Level 1:colcon.colcon_core.package_identification:_identify(launch/__pycache__) by extension 'ignore'
[1.932s] Level 1:colcon.colcon_core.package_identification:_identify(launch/__pycache__) by extension 'ignore_ament_install'
[1.932s] Level 1:colcon.colcon_core.package_identification:_identify(launch/__pycache__) by extensions ['colcon_pkg']
[1.932s] Level 1:colcon.colcon_core.package_identification:_identify(launch/__pycache__) by extension 'colcon_pkg'
[1.933s] Level 1:colcon.colcon_core.package_identification:_identify(launch/__pycache__) by extensions ['colcon_meta']
[1.933s] Level 1:colcon.colcon_core.package_identification:_identify(launch/__pycache__) by extension 'colcon_meta'
[1.933s] Level 1:colcon.colcon_core.package_identification:_identify(launch/__pycache__) by extensions ['ros']
[1.933s] Level 1:colcon.colcon_core.package_identification:_identify(launch/__pycache__) by extension 'ros'
[1.933s] Level 1:colcon.colcon_core.package_identification:_identify(launch/__pycache__) by extensions ['cmake', 'python']
[1.934s] Level 1:colcon.colcon_core.package_identification:_identify(launch/__pycache__) by extension 'cmake'
[1.934s] Level 1:colcon.colcon_core.package_identification:_identify(launch/__pycache__) by extension 'python'
[1.934s] Level 1:colcon.colcon_core.package_identification:_identify(launch/__pycache__) by extensions ['python_setup_py']
[1.934s] Level 1:colcon.colcon_core.package_identification:_identify(launch/__pycache__) by extension 'python_setup_py'
[1.935s] Level 1:colcon.colcon_core.package_identification:_identify(log) by extensions ['ignore', 'ignore_ament_install']
[1.935s] Level 1:colcon.colcon_core.package_identification:_identify(log) by extension 'ignore'
[1.935s] Level 1:colcon.colcon_core.package_identification:_identify(log) ignored
[1.936s] Level 1:colcon.colcon_core.package_identification:_identify(scripts) by extensions ['ignore', 'ignore_ament_install']
[1.936s] Level 1:colcon.colcon_core.package_identification:_identify(scripts) by extension 'ignore'
[1.936s] Level 1:colcon.colcon_core.package_identification:_identify(scripts) by extension 'ignore_ament_install'
[1.937s] Level 1:colcon.colcon_core.package_identification:_identify(scripts) by extensions ['colcon_pkg']
[1.937s] Level 1:colcon.colcon_core.package_identification:_identify(scripts) by extension 'colcon_pkg'
[1.937s] Level 1:colcon.colcon_core.package_identification:_identify(scripts) by extensions ['colcon_meta']
[1.937s] Level 1:colcon.colcon_core.package_identification:_identify(scripts) by extension 'colcon_meta'
[1.937s] Level 1:colcon.colcon_core.package_identification:_identify(scripts) by extensions ['ros']
[1.937s] Level 1:colcon.colcon_core.package_identification:_identify(scripts) by extension 'ros'
[1.938s] Level 1:colcon.colcon_core.package_identification:_identify(scripts) by extensions ['cmake', 'python']
[1.938s] Level 1:colcon.colcon_core.package_identification:_identify(scripts) by extension 'cmake'
[1.938s] Level 1:colcon.colcon_core.package_identification:_identify(scripts) by extension 'python'
[1.938s] Level 1:colcon.colcon_core.package_identification:_identify(scripts) by extensions ['python_setup_py']
[1.938s] Level 1:colcon.colcon_core.package_identification:_identify(scripts) by extension 'python_setup_py'
[1.941s] Level 1:colcon.colcon_core.package_identification:_identify(scripts/yaml-cpp-0.6) by extensions ['ignore', 'ignore_ament_install']
[1.942s] Level 1:colcon.colcon_core.package_identification:_identify(scripts/yaml-cpp-0.6) by extension 'ignore'
[1.942s] Level 1:colcon.colcon_core.package_identification:_identify(scripts/yaml-cpp-0.6) by extension 'ignore_ament_install'
[1.942s] Level 1:colcon.colcon_core.package_identification:_identify(scripts/yaml-cpp-0.6) by extensions ['colcon_pkg']
[1.942s] Level 1:colcon.colcon_core.package_identification:_identify(scripts/yaml-cpp-0.6) by extension 'colcon_pkg'
[1.943s] Level 1:colcon.colcon_core.package_identification:_identify(scripts/yaml-cpp-0.6) by extensions ['colcon_meta']
[1.943s] Level 1:colcon.colcon_core.package_identification:_identify(scripts/yaml-cpp-0.6) by extension 'colcon_meta'
[1.943s] Level 1:colcon.colcon_core.package_identification:_identify(scripts/yaml-cpp-0.6) by extensions ['ros']
[1.943s] Level 1:colcon.colcon_core.package_identification:_identify(scripts/yaml-cpp-0.6) by extension 'ros'
[1.943s] Level 1:colcon.colcon_core.package_identification:_identify(scripts/yaml-cpp-0.6) by extensions ['cmake', 'python']
[1.944s] Level 1:colcon.colcon_core.package_identification:_identify(scripts/yaml-cpp-0.6) by extension 'cmake'
[2.081s] Level 1:colcon.colcon_core.package_identification:_identify(scripts/yaml-cpp-0.6) by extension 'python'
[2.082s] DEBUG:colcon.colcon_core.package_identification:Package 'scripts/yaml-cpp-0.6' with type 'cmake' and name 'YAML_CPP'
[2.082s] Level 1:colcon.colcon_core.package_identification:_identify(src) by extensions ['ignore', 'ignore_ament_install']
[2.083s] Level 1:colcon.colcon_core.package_identification:_identify(src) by extension 'ignore'
[2.083s] Level 1:colcon.colcon_core.package_identification:_identify(src) by extension 'ignore_ament_install'
[2.083s] Level 1:colcon.colcon_core.package_identification:_identify(src) by extensions ['colcon_pkg']
[2.084s] Level 1:colcon.colcon_core.package_identification:_identify(src) by extension 'colcon_pkg'
[2.084s] Level 1:colcon.colcon_core.package_identification:_identify(src) by extensions ['colcon_meta']
[2.084s] Level 1:colcon.colcon_core.package_identification:_identify(src) by extension 'colcon_meta'
[2.084s] Level 1:colcon.colcon_core.package_identification:_identify(src) by extensions ['ros']
[2.084s] Level 1:colcon.colcon_core.package_identification:_identify(src) by extension 'ros'
[2.085s] Level 1:colcon.colcon_core.package_identification:_identify(src) by extensions ['cmake', 'python']
[2.085s] Level 1:colcon.colcon_core.package_identification:_identify(src) by extension 'cmake'
[2.085s] Level 1:colcon.colcon_core.package_identification:_identify(src) by extension 'python'
[2.085s] Level 1:colcon.colcon_core.package_identification:_identify(src) by extensions ['python_setup_py']
[2.085s] Level 1:colcon.colcon_core.package_identification:_identify(src) by extension 'python_setup_py'
[2.086s] Level 1:colcon.colcon_core.package_identification:_identify(src/motion_controller) by extensions ['ignore', 'ignore_ament_install']
[2.086s] Level 1:colcon.colcon_core.package_identification:_identify(src/motion_controller) by extension 'ignore'
[2.086s] Level 1:colcon.colcon_core.package_identification:_identify(src/motion_controller) by extension 'ignore_ament_install'
[2.087s] Level 1:colcon.colcon_core.package_identification:_identify(src/motion_controller) by extensions ['colcon_pkg']
[2.087s] Level 1:colcon.colcon_core.package_identification:_identify(src/motion_controller) by extension 'colcon_pkg'
[2.087s] Level 1:colcon.colcon_core.package_identification:_identify(src/motion_controller) by extensions ['colcon_meta']
[2.087s] Level 1:colcon.colcon_core.package_identification:_identify(src/motion_controller) by extension 'colcon_meta'
[2.087s] Level 1:colcon.colcon_core.package_identification:_identify(src/motion_controller) by extensions ['ros']
[2.088s] Level 1:colcon.colcon_core.package_identification:_identify(src/motion_controller) by extension 'ros'
[2.088s] Level 1:colcon.colcon_core.package_identification:_identify(src/motion_controller) by extensions ['cmake', 'python']
[2.088s] Level 1:colcon.colcon_core.package_identification:_identify(src/motion_controller) by extension 'cmake'
[2.088s] Level 1:colcon.colcon_core.package_identification:_identify(src/motion_controller) by extension 'python'
[2.088s] Level 1:colcon.colcon_core.package_identification:_identify(src/motion_controller) by extensions ['python_setup_py']
[2.089s] Level 1:colcon.colcon_core.package_identification:_identify(src/motion_controller) by extension 'python_setup_py'
[2.093s] Level 1:colcon.colcon_core.package_identification:_identify(src/motion_controller/motion_controller_msgs) by extensions ['ignore', 'ignore_ament_install']
[2.094s] Level 1:colcon.colcon_core.package_identification:_identify(src/motion_controller/motion_controller_msgs) by extension 'ignore'
[2.094s] Level 1:colcon.colcon_core.package_identification:_identify(src/motion_controller/motion_controller_msgs) by extension 'ignore_ament_install'
[2.094s] Level 1:colcon.colcon_core.package_identification:_identify(src/motion_controller/motion_controller_msgs) by extensions ['colcon_pkg']
[2.095s] Level 1:colcon.colcon_core.package_identification:_identify(src/motion_controller/motion_controller_msgs) by extension 'colcon_pkg'
[2.095s] Level 1:colcon.colcon_core.package_identification:_identify(src/motion_controller/motion_controller_msgs) by extensions ['colcon_meta']
[2.095s] Level 1:colcon.colcon_core.package_identification:_identify(src/motion_controller/motion_controller_msgs) by extension 'colcon_meta'
[2.095s] Level 1:colcon.colcon_core.package_identification:_identify(src/motion_controller/motion_controller_msgs) by extensions ['ros']
[2.095s] Level 1:colcon.colcon_core.package_identification:_identify(src/motion_controller/motion_controller_msgs) by extension 'ros'
[2.107s] DEBUG:colcon.colcon_core.package_identification:Package 'src/motion_controller/motion_controller_msgs' with type 'ros.ament_cmake' and name 'motion_controller_msgs'
[2.108s] Level 1:colcon.colcon_core.package_identification:_identify(src/motion_controller/motion_controller_node) by extensions ['ignore', 'ignore_ament_install']
[2.108s] Level 1:colcon.colcon_core.package_identification:_identify(src/motion_controller/motion_controller_node) by extension 'ignore'
[2.109s] Level 1:colcon.colcon_core.package_identification:_identify(src/motion_controller/motion_controller_node) by extension 'ignore_ament_install'
[2.109s] Level 1:colcon.colcon_core.package_identification:_identify(src/motion_controller/motion_controller_node) by extensions ['colcon_pkg']
[2.109s] Level 1:colcon.colcon_core.package_identification:_identify(src/motion_controller/motion_controller_node) by extension 'colcon_pkg'
[2.109s] Level 1:colcon.colcon_core.package_identification:_identify(src/motion_controller/motion_controller_node) by extensions ['colcon_meta']
[2.109s] Level 1:colcon.colcon_core.package_identification:_identify(src/motion_controller/motion_controller_node) by extension 'colcon_meta'
[2.110s] Level 1:colcon.colcon_core.package_identification:_identify(src/motion_controller/motion_controller_node) by extensions ['ros']
[2.110s] Level 1:colcon.colcon_core.package_identification:_identify(src/motion_controller/motion_controller_node) by extension 'ros'
[2.112s] DEBUG:colcon.colcon_core.package_identification:Package 'src/motion_controller/motion_controller_node' with type 'ros.ament_cmake' and name 'motion_controller_node'
[2.113s] Level 1:colcon.colcon_core.package_identification:_identify(src/motor_controllers) by extensions ['ignore', 'ignore_ament_install']
[2.113s] Level 1:colcon.colcon_core.package_identification:_identify(src/motor_controllers) by extension 'ignore'
[2.113s] Level 1:colcon.colcon_core.package_identification:_identify(src/motor_controllers) by extension 'ignore_ament_install'
[2.113s] Level 1:colcon.colcon_core.package_identification:_identify(src/motor_controllers) by extensions ['colcon_pkg']
[2.114s] Level 1:colcon.colcon_core.package_identification:_identify(src/motor_controllers) by extension 'colcon_pkg'
[2.114s] Level 1:colcon.colcon_core.package_identification:_identify(src/motor_controllers) by extensions ['colcon_meta']
[2.114s] Level 1:colcon.colcon_core.package_identification:_identify(src/motor_controllers) by extension 'colcon_meta'
[2.114s] Level 1:colcon.colcon_core.package_identification:_identify(src/motor_controllers) by extensions ['ros']
[2.114s] Level 1:colcon.colcon_core.package_identification:_identify(src/motor_controllers) by extension 'ros'
[2.115s] Level 1:colcon.colcon_core.package_identification:_identify(src/motor_controllers) by extensions ['cmake', 'python']
[2.115s] Level 1:colcon.colcon_core.package_identification:_identify(src/motor_controllers) by extension 'cmake'
[2.115s] Level 1:colcon.colcon_core.package_identification:_identify(src/motor_controllers) by extension 'python'
[2.115s] Level 1:colcon.colcon_core.package_identification:_identify(src/motor_controllers) by extensions ['python_setup_py']
[2.116s] Level 1:colcon.colcon_core.package_identification:_identify(src/motor_controllers) by extension 'python_setup_py'
[2.116s] Level 1:colcon.colcon_core.package_identification:_identify(src/motor_controllers/build) by extensions ['ignore', 'ignore_ament_install']
[2.117s] Level 1:colcon.colcon_core.package_identification:_identify(src/motor_controllers/build) by extension 'ignore'
[2.117s] Level 1:colcon.colcon_core.package_identification:_identify(src/motor_controllers/build) ignored
[2.117s] Level 1:colcon.colcon_core.package_identification:_identify(src/motor_controllers/digger_motor_node) by extensions ['ignore', 'ignore_ament_install']
[2.118s] Level 1:colcon.colcon_core.package_identification:_identify(src/motor_controllers/digger_motor_node) by extension 'ignore'
[2.118s] Level 1:colcon.colcon_core.package_identification:_identify(src/motor_controllers/digger_motor_node) by extension 'ignore_ament_install'
[2.119s] Level 1:colcon.colcon_core.package_identification:_identify(src/motor_controllers/digger_motor_node) by extensions ['colcon_pkg']
[2.119s] Level 1:colcon.colcon_core.package_identification:_identify(src/motor_controllers/digger_motor_node) by extension 'colcon_pkg'
[2.119s] Level 1:colcon.colcon_core.package_identification:_identify(src/motor_controllers/digger_motor_node) by extensions ['colcon_meta']
[2.119s] Level 1:colcon.colcon_core.package_identification:_identify(src/motor_controllers/digger_motor_node) by extension 'colcon_meta'
[2.119s] Level 1:colcon.colcon_core.package_identification:_identify(src/motor_controllers/digger_motor_node) by extensions ['ros']
[2.120s] Level 1:colcon.colcon_core.package_identification:_identify(src/motor_controllers/digger_motor_node) by extension 'ros'
[2.124s] DEBUG:colcon.colcon_core.package_identification:Package 'src/motor_controllers/digger_motor_node' with type 'ros.ament_python' and name 'digger_motor_node'
[2.124s] Level 1:colcon.colcon_core.package_identification:_identify(src/motor_controllers/install) by extensions ['ignore', 'ignore_ament_install']
[2.125s] Level 1:colcon.colcon_core.package_identification:_identify(src/motor_controllers/install) by extension 'ignore'
[2.125s] Level 1:colcon.colcon_core.package_identification:_identify(src/motor_controllers/install) ignored
[2.125s] Level 1:colcon.colcon_core.package_identification:_identify(src/motor_controllers/log) by extensions ['ignore', 'ignore_ament_install']
[2.126s] Level 1:colcon.colcon_core.package_identification:_identify(src/motor_controllers/log) by extension 'ignore'
[2.126s] Level 1:colcon.colcon_core.package_identification:_identify(src/motor_controllers/log) ignored
[2.126s] Level 1:colcon.colcon_core.package_identification:_identify(src/motor_controllers/maxon_motor_node) by extensions ['ignore', 'ignore_ament_install']
[2.127s] Level 1:colcon.colcon_core.package_identification:_identify(src/motor_controllers/maxon_motor_node) by extension 'ignore'
[2.127s] Level 1:colcon.colcon_core.package_identification:_identify(src/motor_controllers/maxon_motor_node) by extension 'ignore_ament_install'
[2.127s] Level 1:colcon.colcon_core.package_identification:_identify(src/motor_controllers/maxon_motor_node) by extensions ['colcon_pkg']
[2.127s] Level 1:colcon.colcon_core.package_identification:_identify(src/motor_controllers/maxon_motor_node) by extension 'colcon_pkg'
[2.127s] Level 1:colcon.colcon_core.package_identification:_identify(src/motor_controllers/maxon_motor_node) by extensions ['colcon_meta']
[2.127s] Level 1:colcon.colcon_core.package_identification:_identify(src/motor_controllers/maxon_motor_node) by extension 'colcon_meta'
[2.128s] Level 1:colcon.colcon_core.package_identification:_identify(src/motor_controllers/maxon_motor_node) by extensions ['ros']
[2.128s] Level 1:colcon.colcon_core.package_identification:_identify(src/motor_controllers/maxon_motor_node) by extension 'ros'
[2.131s] DEBUG:colcon.colcon_core.package_identification:Package 'src/motor_controllers/maxon_motor_node' with type 'ros.ament_python' and name 'maxon_motor_node'
[2.132s] Level 1:colcon.colcon_core.package_identification:_identify(src/motor_controllers/stepper_motor) by extensions ['ignore', 'ignore_ament_install']
[2.132s] Level 1:colcon.colcon_core.package_identification:_identify(src/motor_controllers/stepper_motor) by extension 'ignore'
[2.132s] Level 1:colcon.colcon_core.package_identification:_identify(src/motor_controllers/stepper_motor) by extension 'ignore_ament_install'
[2.132s] Level 1:colcon.colcon_core.package_identification:_identify(src/motor_controllers/stepper_motor) by extensions ['colcon_pkg']
[2.133s] Level 1:colcon.colcon_core.package_identification:_identify(src/motor_controllers/stepper_motor) by extension 'colcon_pkg'
[2.133s] Level 1:colcon.colcon_core.package_identification:_identify(src/motor_controllers/stepper_motor) by extensions ['colcon_meta']
[2.133s] Level 1:colcon.colcon_core.package_identification:_identify(src/motor_controllers/stepper_motor) by extension 'colcon_meta'
[2.133s] Level 1:colcon.colcon_core.package_identification:_identify(src/motor_controllers/stepper_motor) by extensions ['ros']
[2.133s] Level 1:colcon.colcon_core.package_identification:_identify(src/motor_controllers/stepper_motor) by extension 'ros'
[2.136s] DEBUG:colcon.colcon_core.package_identification:Package 'src/motor_controllers/stepper_motor' with type 'ros.ament_python' and name 'stepper_motor'
[2.137s] Level 1:colcon.colcon_core.package_identification:_identify(src/ros2_intel_realsense) by extensions ['ignore', 'ignore_ament_install']
[2.137s] Level 1:colcon.colcon_core.package_identification:_identify(src/ros2_intel_realsense) by extension 'ignore'
[2.137s] Level 1:colcon.colcon_core.package_identification:_identify(src/ros2_intel_realsense) by extension 'ignore_ament_install'
[2.137s] Level 1:colcon.colcon_core.package_identification:_identify(src/ros2_intel_realsense) by extensions ['colcon_pkg']
[2.137s] Level 1:colcon.colcon_core.package_identification:_identify(src/ros2_intel_realsense) by extension 'colcon_pkg'
[2.138s] Level 1:colcon.colcon_core.package_identification:_identify(src/ros2_intel_realsense) by extensions ['colcon_meta']
[2.138s] Level 1:colcon.colcon_core.package_identification:_identify(src/ros2_intel_realsense) by extension 'colcon_meta'
[2.138s] Level 1:colcon.colcon_core.package_identification:_identify(src/ros2_intel_realsense) by extensions ['ros']
[2.138s] Level 1:colcon.colcon_core.package_identification:_identify(src/ros2_intel_realsense) by extension 'ros'
[2.139s] Level 1:colcon.colcon_core.package_identification:_identify(src/ros2_intel_realsense) by extensions ['cmake', 'python']
[2.139s] Level 1:colcon.colcon_core.package_identification:_identify(src/ros2_intel_realsense) by extension 'cmake'
[2.139s] Level 1:colcon.colcon_core.package_identification:_identify(src/ros2_intel_realsense) by extension 'python'
[2.139s] Level 1:colcon.colcon_core.package_identification:_identify(src/ros2_intel_realsense) by extensions ['python_setup_py']
[2.139s] Level 1:colcon.colcon_core.package_identification:_identify(src/ros2_intel_realsense) by extension 'python_setup_py'
[2.140s] Level 1:colcon.colcon_core.package_identification:_identify(src/ros2_intel_realsense/realsense_examples) by extensions ['ignore', 'ignore_ament_install']
[2.141s] Level 1:colcon.colcon_core.package_identification:_identify(src/ros2_intel_realsense/realsense_examples) by extension 'ignore'
[2.141s] Level 1:colcon.colcon_core.package_identification:_identify(src/ros2_intel_realsense/realsense_examples) by extension 'ignore_ament_install'
[2.141s] Level 1:colcon.colcon_core.package_identification:_identify(src/ros2_intel_realsense/realsense_examples) by extensions ['colcon_pkg']
[2.141s] Level 1:colcon.colcon_core.package_identification:_identify(src/ros2_intel_realsense/realsense_examples) by extension 'colcon_pkg'
[2.141s] Level 1:colcon.colcon_core.package_identification:_identify(src/ros2_intel_realsense/realsense_examples) by extensions ['colcon_meta']
[2.141s] Level 1:colcon.colcon_core.package_identification:_identify(src/ros2_intel_realsense/realsense_examples) by extension 'colcon_meta'
[2.142s] Level 1:colcon.colcon_core.package_identification:_identify(src/ros2_intel_realsense/realsense_examples) by extensions ['ros']
[2.142s] Level 1:colcon.colcon_core.package_identification:_identify(src/ros2_intel_realsense/realsense_examples) by extension 'ros'
[2.147s] DEBUG:colcon.colcon_core.package_identification:Package 'src/ros2_intel_realsense/realsense_examples' with type 'ros.ament_cmake' and name 'realsense_examples'
[2.148s] Level 1:colcon.colcon_core.package_identification:_identify(src/ros2_intel_realsense/realsense_msgs) by extensions ['ignore', 'ignore_ament_install']
[2.148s] Level 1:colcon.colcon_core.package_identification:_identify(src/ros2_intel_realsense/realsense_msgs) by extension 'ignore'
[2.148s] Level 1:colcon.colcon_core.package_identification:_identify(src/ros2_intel_realsense/realsense_msgs) by extension 'ignore_ament_install'
[2.149s] Level 1:colcon.colcon_core.package_identification:_identify(src/ros2_intel_realsense/realsense_msgs) by extensions ['colcon_pkg']
[2.149s] Level 1:colcon.colcon_core.package_identification:_identify(src/ros2_intel_realsense/realsense_msgs) by extension 'colcon_pkg'
[2.149s] Level 1:colcon.colcon_core.package_identification:_identify(src/ros2_intel_realsense/realsense_msgs) by extensions ['colcon_meta']
[2.149s] Level 1:colcon.colcon_core.package_identification:_identify(src/ros2_intel_realsense/realsense_msgs) by extension 'colcon_meta'
[2.149s] Level 1:colcon.colcon_core.package_identification:_identify(src/ros2_intel_realsense/realsense_msgs) by extensions ['ros']
[2.149s] Level 1:colcon.colcon_core.package_identification:_identify(src/ros2_intel_realsense/realsense_msgs) by extension 'ros'
[2.152s] DEBUG:colcon.colcon_core.package_identification:Package 'src/ros2_intel_realsense/realsense_msgs' with type 'ros.ament_cmake' and name 'realsense_msgs'
[2.153s] Level 1:colcon.colcon_core.package_identification:_identify(src/ros2_intel_realsense/realsense_node) by extensions ['ignore', 'ignore_ament_install']
[2.153s] Level 1:colcon.colcon_core.package_identification:_identify(src/ros2_intel_realsense/realsense_node) by extension 'ignore'
[2.154s] Level 1:colcon.colcon_core.package_identification:_identify(src/ros2_intel_realsense/realsense_node) by extension 'ignore_ament_install'
[2.154s] Level 1:colcon.colcon_core.package_identification:_identify(src/ros2_intel_realsense/realsense_node) by extensions ['colcon_pkg']
[2.154s] Level 1:colcon.colcon_core.package_identification:_identify(src/ros2_intel_realsense/realsense_node) by extension 'colcon_pkg'
[2.155s] Level 1:colcon.colcon_core.package_identification:_identify(src/ros2_intel_realsense/realsense_node) by extensions ['colcon_meta']
[2.155s] Level 1:colcon.colcon_core.package_identification:_identify(src/ros2_intel_realsense/realsense_node) by extension 'colcon_meta'
[2.155s] Level 1:colcon.colcon_core.package_identification:_identify(src/ros2_intel_realsense/realsense_node) by extensions ['ros']
[2.155s] Level 1:colcon.colcon_core.package_identification:_identify(src/ros2_intel_realsense/realsense_node) by extension 'ros'
[2.161s] DEBUG:colcon.colcon_core.package_identification:Package 'src/ros2_intel_realsense/realsense_node' with type 'ros.ament_cmake' and name 'realsense_node'
[2.161s] Level 1:colcon.colcon_core.package_identification:_identify(src/ros2_intel_realsense/realsense_ros) by extensions ['ignore', 'ignore_ament_install']
[2.162s] Level 1:colcon.colcon_core.package_identification:_identify(src/ros2_intel_realsense/realsense_ros) by extension 'ignore'
[2.162s] Level 1:colcon.colcon_core.package_identification:_identify(src/ros2_intel_realsense/realsense_ros) by extension 'ignore_ament_install'
[2.162s] Level 1:colcon.colcon_core.package_identification:_identify(src/ros2_intel_realsense/realsense_ros) by extensions ['colcon_pkg']
[2.163s] Level 1:colcon.colcon_core.package_identification:_identify(src/ros2_intel_realsense/realsense_ros) by extension 'colcon_pkg'
[2.163s] Level 1:colcon.colcon_core.package_identification:_identify(src/ros2_intel_realsense/realsense_ros) by extensions ['colcon_meta']
[2.163s] Level 1:colcon.colcon_core.package_identification:_identify(src/ros2_intel_realsense/realsense_ros) by extension 'colcon_meta'
[2.163s] Level 1:colcon.colcon_core.package_identification:_identify(src/ros2_intel_realsense/realsense_ros) by extensions ['ros']
[2.164s] Level 1:colcon.colcon_core.package_identification:_identify(src/ros2_intel_realsense/realsense_ros) by extension 'ros'
[2.170s] DEBUG:colcon.colcon_core.package_identification:Package 'src/ros2_intel_realsense/realsense_ros' with type 'ros.ament_cmake' and name 'realsense_ros'
[2.171s] Level 1:colcon.colcon_core.package_identification:_identify(src/teleop_node) by extensions ['ignore', 'ignore_ament_install']
[2.172s] Level 1:colcon.colcon_core.package_identification:_identify(src/teleop_node) by extension 'ignore'
[2.173s] Level 1:colcon.colcon_core.package_identification:_identify(src/teleop_node) by extension 'ignore_ament_install'
[2.173s] Level 1:colcon.colcon_core.package_identification:_identify(src/teleop_node) by extensions ['colcon_pkg']
[2.173s] Level 1:colcon.colcon_core.package_identification:_identify(src/teleop_node) by extension 'colcon_pkg'
[2.173s] Level 1:colcon.colcon_core.package_identification:_identify(src/teleop_node) by extensions ['colcon_meta']
[2.174s] Level 1:colcon.colcon_core.package_identification:_identify(src/teleop_node) by extension 'colcon_meta'
[2.174s] Level 1:colcon.colcon_core.package_identification:_identify(src/teleop_node) by extensions ['ros']
[2.174s] Level 1:colcon.colcon_core.package_identification:_identify(src/teleop_node) by extension 'ros'
[2.180s] DEBUG:colcon.colcon_core.package_identification:Package 'src/teleop_node' with type 'ros.ament_python' and name 'teleop_node'
[2.180s] Level 1:colcon.colcon_core.package_discovery:discover_packages(recursive) using defaults
[2.181s] Level 1:colcon.colcon_core.package_discovery:discover_packages(ignore) discover
[2.181s] Level 1:colcon.colcon_core.package_discovery:discover_packages(ignore) using defaults
[2.181s] Level 1:colcon.colcon_core.package_discovery:discover_packages(path) discover
[2.181s] Level 1:colcon.colcon_core.package_discovery:discover_packages(path) using defaults
[2.337s] INFO:colcon.colcon_core.package_selection:Skipping previously built package 'YAML_CPP' in 'scripts/yaml-cpp-0.6'
[2.338s] INFO:colcon.colcon_core.package_selection:Skipping previously built package 'digger_motor_node' in 'src/motor_controllers/digger_motor_node'
[2.339s] INFO:colcon.colcon_core.package_selection:Skipping previously built package 'motion_controller_msgs' in 'src/motion_controller/motion_controller_msgs'
[2.340s] INFO:colcon.colcon_core.package_selection:Skipping previously built package 'realsense_msgs' in 'src/ros2_intel_realsense/realsense_msgs'
[2.342s] INFO:colcon.colcon_core.package_selection:Skipping previously built package 'teleop_node' in 'src/teleop_node'
[2.344s] INFO:colcon.colcon_core.package_selection:Skipping previously built package 'maxon_motor_node' in 'src/motor_controllers/maxon_motor_node'
[2.345s] INFO:colcon.colcon_core.package_selection:Skipping previously built package 'motion_controller_node' in 'src/motion_controller/motion_controller_node'
[2.347s] INFO:colcon.colcon_core.package_selection:Skipping previously built package 'stepper_motor' in 'src/motor_controllers/stepper_motor'
[2.350s] INFO:colcon.colcon_core.package_selection:Skipping package 'realsense_ros' in 'src/ros2_intel_realsense/realsense_ros'
[2.350s] INFO:colcon.colcon_core.package_selection:Skipping package 'realsense_node' in 'src/ros2_intel_realsense/realsense_node'
[2.351s] INFO:colcon.colcon_core.package_selection:Skipping package 'realsense_examples' in 'src/ros2_intel_realsense/realsense_examples'
[2.353s] INFO:colcon.colcon_core.executor:Executing jobs using 'parallel' executor
[2.364s] DEBUG:colcon.colcon_parallel_executor.executor.parallel:run_until_complete
[2.365s] DEBUG:colcon.colcon_parallel_executor.executor.parallel:closing loop
[2.367s] DEBUG:colcon.colcon_parallel_executor.executor.parallel:loop closed
[2.368s] DEBUG:colcon.colcon_parallel_executor.executor.parallel:run_until_complete finished with '0'
[2.368s] DEBUG:colcon.colcon_core.event_reactor:joining thread
[2.421s] INFO:colcon.colcon_core.plugin_system:Skipping extension 'colcon_notification.desktop_notification.terminal_notifier': Not used on non-Darwin systems
[2.422s] INFO:colcon.colcon_core.plugin_system:Skipping extension 'colcon_notification.desktop_notification.win32': Not used on non-Windows systems
[2.422s] INFO:colcon.colcon_notification.desktop_notification:Sending desktop notification using 'notify2'
[2.604s] DEBUG:colcon.colcon_core.event_reactor:joined thread
[2.655s] INFO:colcon.colcon_core.plugin_system:Skipping extension 'colcon_core.shell.bat': Not used on non-Windows systems
[2.658s] INFO:colcon.colcon_core.shell:Creating prefix script '/home/usr/usr_ws_2020/install/local_setup.ps1'
[2.664s] INFO:colcon.colcon_core.shell:Creating prefix util module '/home/usr/usr_ws_2020/install/_local_setup_util_ps1.py'
[2.672s] INFO:colcon.colcon_core.shell:Creating prefix chain script '/home/usr/usr_ws_2020/install/setup.ps1'
[2.745s] INFO:colcon.colcon_core.shell:Creating prefix script '/home/usr/usr_ws_2020/install/local_setup.sh'
[2.749s] INFO:colcon.colcon_core.shell:Creating prefix util module '/home/usr/usr_ws_2020/install/_local_setup_util_sh.py'
[2.751s] INFO:colcon.colcon_core.shell:Creating prefix chain script '/home/usr/usr_ws_2020/install/setup.sh'
[2.808s] INFO:colcon.colcon_core.shell:Creating prefix script '/home/usr/usr_ws_2020/install/local_setup.bash'
[2.813s] INFO:colcon.colcon_core.shell:Creating prefix chain script '/home/usr/usr_ws_2020/install/setup.bash'
[2.866s] INFO:colcon.colcon_core.shell:Creating prefix script '/home/usr/usr_ws_2020/install/local_setup.zsh'
[2.871s] INFO:colcon.colcon_core.shell:Creating prefix chain script '/home/usr/usr_ws_2020/install/setup.zsh'
