-- Found ament_cmake: 0.9.8 (/opt/ros/foxy/install/ament_cmake/share/ament_cmake/cmake)
-- Found PythonInterp: /usr/bin/python3 (found suitable version "3.6.9", minimum required is "3") 
-- Using PYTHON_EXECUTABLE: /usr/bin/python3
-- Override CMake install command with custom implementation using symlinks instead of copying resources
-- Found rosidl_default_generators: 1.0.1 (/opt/ros/foxy/install/rosidl_default_generators/share/rosidl_default_generators/cmake)
-- Using all available rosidl_typesupport_c: rosidl_typesupport_introspection_c;rosidl_typesupport_fastrtps_c
-- Found rosidl_adapter: 1.2.1 (/opt/ros/foxy/install/rosidl_adapter/share/rosidl_adapter/cmake)
-- Using all available rosidl_typesupport_cpp: rosidl_typesupport_introspection_cpp;rosidl_typesupport_fastrtps_cpp
-- Found PythonInterp: /usr/bin/python3 (found version "3.6.9") 
-- Found ament_cmake_ros: 0.9.2 (/opt/ros/foxy/install/ament_cmake_ros/share/ament_cmake_ros/cmake)
-- Using all available rosidl_typesupport_c: rosidl_typesupport_introspection_c;rosidl_typesupport_fastrtps_c
-- Using all available rosidl_typesupport_cpp: rosidl_typesupport_introspection_cpp;rosidl_typesupport_fastrtps_cpp
-- Found PythonInterp: /usr/bin/python3 (found suitable version "3.6.9", minimum required is "3.5") 
-- Found python_cmake_module: 0.8.1 (/opt/ros/foxy/install/python_cmake_module/share/python_cmake_module/cmake)
-- Using PYTHON_EXECUTABLE: /usr/bin/python3
-- Using PYTHON_INCLUDE_DIRS: /usr/include/python3.6m
-- Using PYTHON_LIBRARIES: /usr/lib/aarch64-linux-gnu/libpython3.6m.so
-- Configuring done
-- Generating done
-- Build files have been written to: /home/usr/usr_ws_2020/build/motion_controller_msgs
[  2%] Built target motion_controller_msgs__cpp
[ 12%] Built target motion_controller_msgs__rosidl_generator_c
[ 23%] Built target motion_controller_msgs__rosidl_typesupport_introspection_c
[ 33%] Built target motion_controller_msgs__rosidl_typesupport_introspection_cpp
[ 43%] Built target motion_controller_msgs__rosidl_typesupport_cpp
[ 53%] Built target motion_controller_msgs__rosidl_typesupport_fastrtps_cpp
[ 64%] Built target motion_controller_msgs__rosidl_typesupport_c
[ 74%] Built target motion_controller_msgs__rosidl_typesupport_fastrtps_c
[ 74%] Built target motion_controller_msgs
[ 76%] Built target motion_controller_msgs__py
[ 84%] Built target motion_controller_msgs__python
[ 89%] Built target motion_controller_msgs__rosidl_typesupport_fastrtps_c__pyext
[ 94%] Built target motion_controller_msgs__rosidl_typesupport_introspection_c__pyext
[100%] Built target motion_controller_msgs__rosidl_typesupport_c__pyext
[  2%] Built target motion_controller_msgs__cpp
[ 12%] Built target motion_controller_msgs__rosidl_generator_c
[ 23%] Built target motion_controller_msgs__rosidl_typesupport_introspection_cpp
[ 33%] Built target motion_controller_msgs__rosidl_typesupport_cpp
[ 43%] Built target motion_controller_msgs__rosidl_typesupport_fastrtps_cpp
[ 53%] Built target motion_controller_msgs__rosidl_typesupport_introspection_c
[ 64%] Built target motion_controller_msgs__rosidl_typesupport_c
[ 74%] Built target motion_controller_msgs__rosidl_typesupport_fastrtps_c
[ 74%] Built target motion_controller_msgs
[ 76%] Built target motion_controller_msgs__py
[ 84%] Built target motion_controller_msgs__python
[ 89%] Built target motion_controller_msgs__rosidl_typesupport_fastrtps_c__pyext
[ 94%] Built target motion_controller_msgs__rosidl_typesupport_c__pyext
[100%] Built target motion_controller_msgs__rosidl_typesupport_introspection_c__pyext
[36mInstall the project...[0m
-- Install configuration: ""
-- Execute custom install script
-- Up-to-date symlink: /home/usr/usr_ws_2020/install/motion_controller_msgs/share/ament_index/resource_index/rosidl_interfaces/motion_controller_msgs
-- Up-to-date symlink: /home/usr/usr_ws_2020/install/motion_controller_msgs/include/motion_controller_msgs/msg/detail/mobility__functions.h
-- Up-to-date symlink: /home/usr/usr_ws_2020/install/motion_controller_msgs/include/motion_controller_msgs/msg/detail/mobility__struct.h
-- Up-to-date symlink: /home/usr/usr_ws_2020/install/motion_controller_msgs/include/motion_controller_msgs/msg/detail/mobility__type_support.h
-- Up-to-date symlink: /home/usr/usr_ws_2020/install/motion_controller_msgs/include/motion_controller_msgs/msg/detail/roboclaw_command__functions.h
-- Up-to-date symlink: /home/usr/usr_ws_2020/install/motion_controller_msgs/include/motion_controller_msgs/msg/detail/roboclaw_command__struct.h
-- Up-to-date symlink: /home/usr/usr_ws_2020/install/motion_controller_msgs/include/motion_controller_msgs/msg/detail/roboclaw_command__type_support.h
-- Up-to-date symlink: /home/usr/usr_ws_2020/install/motion_controller_msgs/include/motion_controller_msgs/msg/mobility.h
-- Up-to-date symlink: /home/usr/usr_ws_2020/install/motion_controller_msgs/include/motion_controller_msgs/msg/roboclaw_command.h
-- Up-to-date symlink: /home/usr/usr_ws_2020/install/motion_controller_msgs/include/motion_controller_msgs/msg/rosidl_generator_c__visibility_control.h
-- Up-to-date symlink: /home/usr/usr_ws_2020/install/motion_controller_msgs/share/motion_controller_msgs/environment/library_path.sh
-- Up-to-date symlink: /home/usr/usr_ws_2020/install/motion_controller_msgs/share/motion_controller_msgs/environment/library_path.dsv
-- Up-to-date symlink: /home/usr/usr_ws_2020/install/motion_controller_msgs/include/motion_controller_msgs/msg/detail/mobility__rosidl_typesupport_introspection_c.h
-- Up-to-date symlink: /home/usr/usr_ws_2020/install/motion_controller_msgs/include/motion_controller_msgs/msg/detail/roboclaw_command__rosidl_typesupport_introspection_c.h
-- Up-to-date symlink: /home/usr/usr_ws_2020/install/motion_controller_msgs/include/motion_controller_msgs/msg/rosidl_typesupport_introspection_c__visibility_control.h
-- Up-to-date symlink: /home/usr/usr_ws_2020/install/motion_controller_msgs/include/motion_controller_msgs/msg/detail/mobility__rosidl_typesupport_fastrtps_c.h
-- Up-to-date symlink: /home/usr/usr_ws_2020/install/motion_controller_msgs/include/motion_controller_msgs/msg/detail/roboclaw_command__rosidl_typesupport_fastrtps_c.h
-- Up-to-date symlink: /home/usr/usr_ws_2020/install/motion_controller_msgs/include/motion_controller_msgs/msg/rosidl_typesupport_fastrtps_c__visibility_control.h
-- Up-to-date symlink: /home/usr/usr_ws_2020/install/motion_controller_msgs/lib/libmotion_controller_msgs__rosidl_typesupport_fastrtps_c.so
-- Up-to-date symlink: /home/usr/usr_ws_2020/install/motion_controller_msgs/include/motion_controller_msgs/msg/detail/mobility__rosidl_typesupport_fastrtps_cpp.hpp
-- Up-to-date symlink: /home/usr/usr_ws_2020/install/motion_controller_msgs/include/motion_controller_msgs/msg/detail/roboclaw_command__rosidl_typesupport_fastrtps_cpp.hpp
-- Up-to-date symlink: /home/usr/usr_ws_2020/install/motion_controller_msgs/include/motion_controller_msgs/msg/rosidl_typesupport_fastrtps_cpp__visibility_control.h
-- Up-to-date symlink: /home/usr/usr_ws_2020/install/motion_controller_msgs/lib/libmotion_controller_msgs__rosidl_typesupport_fastrtps_cpp.so
-- Up-to-date symlink: /home/usr/usr_ws_2020/install/motion_controller_msgs/include/motion_controller_msgs/msg/detail/mobility__builder.hpp
-- Up-to-date symlink: /home/usr/usr_ws_2020/install/motion_controller_msgs/include/motion_controller_msgs/msg/detail/mobility__struct.hpp
-- Up-to-date symlink: /home/usr/usr_ws_2020/install/motion_controller_msgs/include/motion_controller_msgs/msg/detail/mobility__traits.hpp
-- Up-to-date symlink: /home/usr/usr_ws_2020/install/motion_controller_msgs/include/motion_controller_msgs/msg/detail/roboclaw_command__builder.hpp
-- Up-to-date symlink: /home/usr/usr_ws_2020/install/motion_controller_msgs/include/motion_controller_msgs/msg/detail/roboclaw_command__struct.hpp
-- Up-to-date symlink: /home/usr/usr_ws_2020/install/motion_controller_msgs/include/motion_controller_msgs/msg/detail/roboclaw_command__traits.hpp
-- Up-to-date symlink: /home/usr/usr_ws_2020/install/motion_controller_msgs/include/motion_controller_msgs/msg/mobility.hpp
-- Up-to-date symlink: /home/usr/usr_ws_2020/install/motion_controller_msgs/include/motion_controller_msgs/msg/roboclaw_command.hpp
-- Up-to-date symlink: /home/usr/usr_ws_2020/install/motion_controller_msgs/include/motion_controller_msgs/msg/detail/mobility__rosidl_typesupport_introspection_cpp.hpp
-- Up-to-date symlink: /home/usr/usr_ws_2020/install/motion_controller_msgs/include/motion_controller_msgs/msg/detail/roboclaw_command__rosidl_typesupport_introspection_cpp.hpp
-- Up-to-date symlink: /home/usr/usr_ws_2020/install/motion_controller_msgs/share/motion_controller_msgs/environment/pythonpath.sh
-- Up-to-date symlink: /home/usr/usr_ws_2020/install/motion_controller_msgs/share/motion_controller_msgs/environment/pythonpath.dsv
-- Up-to-date symlink: /home/usr/usr_ws_2020/install/motion_controller_msgs/lib/python3.6/site-packages/motion_controller_msgs/__init__.py
-- Up-to-date symlink: /home/usr/usr_ws_2020/install/motion_controller_msgs/lib/python3.6/site-packages/motion_controller_msgs/msg/__init__.py
-- Up-to-date symlink: /home/usr/usr_ws_2020/install/motion_controller_msgs/lib/python3.6/site-packages/motion_controller_msgs/msg/_mobility.py
-- Up-to-date symlink: /home/usr/usr_ws_2020/install/motion_controller_msgs/lib/python3.6/site-packages/motion_controller_msgs/msg/_roboclaw_command.py
-- Up-to-date symlink: /home/usr/usr_ws_2020/install/motion_controller_msgs/lib/python3.6/site-packages/motion_controller_msgs/motion_controller_msgs_s__rosidl_typesupport_introspection_c.cpython-36m-aarch64-linux-gnu.so
-- Up-to-date symlink: /home/usr/usr_ws_2020/install/motion_controller_msgs/lib/python3.6/site-packages/motion_controller_msgs/motion_controller_msgs_s__rosidl_typesupport_fastrtps_c.cpython-36m-aarch64-linux-gnu.so
-- Up-to-date symlink: /home/usr/usr_ws_2020/install/motion_controller_msgs/lib/python3.6/site-packages/motion_controller_msgs/motion_controller_msgs_s__rosidl_typesupport_c.cpython-36m-aarch64-linux-gnu.so
-- Up-to-date symlink: /home/usr/usr_ws_2020/install/motion_controller_msgs/lib/libmotion_controller_msgs__python.so
-- Up-to-date symlink: /home/usr/usr_ws_2020/install/motion_controller_msgs/share/motion_controller_msgs/msg/Mobility.idl
-- Up-to-date symlink: /home/usr/usr_ws_2020/install/motion_controller_msgs/share/motion_controller_msgs/msg/RoboclawCommand.idl
-- Up-to-date symlink: /home/usr/usr_ws_2020/install/motion_controller_msgs/share/motion_controller_msgs/msg/Mobility.msg
-- Up-to-date symlink: /home/usr/usr_ws_2020/install/motion_controller_msgs/share/motion_controller_msgs/msg/RoboclawCommand.msg
-- Up-to-date symlink: /home/usr/usr_ws_2020/install/motion_controller_msgs/share/ament_index/resource_index/package_run_dependencies/motion_controller_msgs
-- Up-to-date symlink: /home/usr/usr_ws_2020/install/motion_controller_msgs/share/ament_index/resource_index/parent_prefix_path/motion_controller_msgs
-- Up-to-date symlink: /home/usr/usr_ws_2020/install/motion_controller_msgs/share/motion_controller_msgs/environment/ament_prefix_path.sh
-- Up-to-date symlink: /home/usr/usr_ws_2020/install/motion_controller_msgs/share/motion_controller_msgs/environment/ament_prefix_path.dsv
-- Up-to-date symlink: /home/usr/usr_ws_2020/install/motion_controller_msgs/share/motion_controller_msgs/environment/path.sh
-- Up-to-date symlink: /home/usr/usr_ws_2020/install/motion_controller_msgs/share/motion_controller_msgs/environment/path.dsv
-- Up-to-date symlink: /home/usr/usr_ws_2020/install/motion_controller_msgs/share/motion_controller_msgs/local_setup.bash
-- Up-to-date symlink: /home/usr/usr_ws_2020/install/motion_controller_msgs/share/motion_controller_msgs/local_setup.sh
-- Up-to-date symlink: /home/usr/usr_ws_2020/install/motion_controller_msgs/share/motion_controller_msgs/local_setup.zsh
-- Up-to-date symlink: /home/usr/usr_ws_2020/install/motion_controller_msgs/share/motion_controller_msgs/local_setup.dsv
-- Symlinking: /home/usr/usr_ws_2020/install/motion_controller_msgs/share/motion_controller_msgs/package.dsv
-- Up-to-date symlink: /home/usr/usr_ws_2020/install/motion_controller_msgs/share/ament_index/resource_index/packages/motion_controller_msgs
-- Up-to-date symlink: /home/usr/usr_ws_2020/install/motion_controller_msgs/share/motion_controller_msgs/cmake/rosidl_cmake-extras.cmake
-- Up-to-date symlink: /home/usr/usr_ws_2020/install/motion_controller_msgs/share/motion_controller_msgs/cmake/ament_cmake_export_dependencies-extras.cmake
-- Up-to-date symlink: /home/usr/usr_ws_2020/install/motion_controller_msgs/share/motion_controller_msgs/cmake/ament_cmake_export_libraries-extras.cmake
-- Up-to-date symlink: /home/usr/usr_ws_2020/install/motion_controller_msgs/share/motion_controller_msgs/cmake/ament_cmake_export_targets-extras.cmake
-- Up-to-date symlink: /home/usr/usr_ws_2020/install/motion_controller_msgs/share/motion_controller_msgs/cmake/ament_cmake_export_include_directories-extras.cmake
-- Up-to-date symlink: /home/usr/usr_ws_2020/install/motion_controller_msgs/share/motion_controller_msgs/cmake/rosidl_cmake_export_typesupport_targets-extras.cmake
-- Up-to-date symlink: /home/usr/usr_ws_2020/install/motion_controller_msgs/share/motion_controller_msgs/cmake/rosidl_cmake_export_typesupport_libraries-extras.cmake
-- Up-to-date symlink: /home/usr/usr_ws_2020/install/motion_controller_msgs/share/motion_controller_msgs/cmake/motion_controller_msgsConfig.cmake
-- Up-to-date symlink: /home/usr/usr_ws_2020/install/motion_controller_msgs/share/motion_controller_msgs/cmake/motion_controller_msgsConfig-version.cmake
-- Up-to-date symlink: /home/usr/usr_ws_2020/install/motion_controller_msgs/share/motion_controller_msgs/package.xml
-- Up-to-date: /home/usr/usr_ws_2020/install/motion_controller_msgs/lib/libmotion_controller_msgs__rosidl_generator_c.so
-- Up-to-date: /home/usr/usr_ws_2020/install/motion_controller_msgs/lib/libmotion_controller_msgs__rosidl_typesupport_introspection_c.so
-- Up-to-date: /home/usr/usr_ws_2020/install/motion_controller_msgs/lib/libmotion_controller_msgs__rosidl_typesupport_c.so
-- Up-to-date: /home/usr/usr_ws_2020/install/motion_controller_msgs/lib/libmotion_controller_msgs__rosidl_typesupport_introspection_cpp.so
-- Up-to-date: /home/usr/usr_ws_2020/install/motion_controller_msgs/lib/libmotion_controller_msgs__rosidl_typesupport_cpp.so
Compiling '/home/usr/usr_ws_2020/install/motion_controller_msgs/lib/python3.6/site-packages/motion_controller_msgs/__init__.py'...
-- Up-to-date: /home/usr/usr_ws_2020/install/motion_controller_msgs/share/motion_controller_msgs/cmake/motion_controller_msgs__rosidl_generator_cExport.cmake
-- Installing: /home/usr/usr_ws_2020/install/motion_controller_msgs/share/motion_controller_msgs/cmake/motion_controller_msgs__rosidl_generator_cExport-noconfig.cmake
-- Up-to-date: /home/usr/usr_ws_2020/install/motion_controller_msgs/share/motion_controller_msgs/cmake/motion_controller_msgs__rosidl_typesupport_introspection_cExport.cmake
-- Installing: /home/usr/usr_ws_2020/install/motion_controller_msgs/share/motion_controller_msgs/cmake/motion_controller_msgs__rosidl_typesupport_introspection_cExport-noconfig.cmake
-- Up-to-date: /home/usr/usr_ws_2020/install/motion_controller_msgs/share/motion_controller_msgs/cmake/motion_controller_msgs__rosidl_typesupport_cExport.cmake
-- Installing: /home/usr/usr_ws_2020/install/motion_controller_msgs/share/motion_controller_msgs/cmake/motion_controller_msgs__rosidl_typesupport_cExport-noconfig.cmake
-- Up-to-date: /home/usr/usr_ws_2020/install/motion_controller_msgs/share/motion_controller_msgs/cmake/motion_controller_msgs__rosidl_generator_cppExport.cmake
-- Up-to-date: /home/usr/usr_ws_2020/install/motion_controller_msgs/share/motion_controller_msgs/cmake/motion_controller_msgs__rosidl_typesupport_introspection_cppExport.cmake
-- Installing: /home/usr/usr_ws_2020/install/motion_controller_msgs/share/motion_controller_msgs/cmake/motion_controller_msgs__rosidl_typesupport_introspection_cppExport-noconfig.cmake
-- Up-to-date: /home/usr/usr_ws_2020/install/motion_controller_msgs/share/motion_controller_msgs/cmake/motion_controller_msgs__rosidl_typesupport_cppExport.cmake
-- Installing: /home/usr/usr_ws_2020/install/motion_controller_msgs/share/motion_controller_msgs/cmake/motion_controller_msgs__rosidl_typesupport_cppExport-noconfig.cmake
