[0.421s] Invoking command in '/home/usr/usr_ws_2020/build/motion_controller_msgs': CMAKE_PREFIX_PATH=${CMAKE_PREFIX_PATH}:/home/usr/usr_ws_2020/install/teleop_node:/home/usr/usr_ws_2020/install/maxon_motor_node:/home/usr/usr_ws_2020/install/digger_motor_node:/opt/ros/foxy/install/ros2bag:/opt/ros/foxy/install/sros2:/opt/ros/foxy/install/ros2topic:/opt/ros/foxy/install/ros2test:/opt/ros/foxy/install/ros2component:/opt/ros/foxy/install/ros2param:/opt/ros/foxy/install/ros2lifecycle:/opt/ros/foxy/install/ros2service:/opt/ros/foxy/install/ros2run:/opt/ros/foxy/install/ros2launch:/opt/ros/foxy/install/ros2pkg:/opt/ros/foxy/install/ros2node:/opt/ros/foxy/install/ros2multicast:/opt/ros/foxy/install/ros2interface:/opt/ros/foxy/install/ros2doctor:/opt/ros/foxy/install/ros2action:/opt/ros/foxy/install/ros2cli:/opt/ros/foxy/install/launch_testing_ros:/opt/ros/foxy/install/launch_ros:/opt/ros/foxy/install/ament_uncrustify:/opt/ros/foxy/install/rpyutils:/opt/ros/foxy/install/rosidl_runtime_py:/opt/ros/foxy/install/launch_yaml:/opt/ros/foxy/install/launch_xml:/opt/ros/foxy/install/launch_testing:/opt/ros/foxy/install/launch:/opt/ros/foxy/install/osrf_pycommon:/opt/ros/foxy/install/domain_coordinator:/opt/ros/foxy/install/ament_xmllint:/opt/ros/foxy/install/ament_pep257:/opt/ros/foxy/install/ament_package:/opt/ros/foxy/install/ament_mypy:/opt/ros/foxy/install/ament_lint_cmake:/opt/ros/foxy/install/ament_flake8:/opt/ros/foxy/install/ament_copyright:/opt/ros/foxy/install/ament_lint:/opt/ros/foxy/install/ament_index_python:/opt/ros/foxy/install/ament_cpplint:/opt/ros/foxy/install/ament_cppcheck /usr/bin/cmake /home/usr/usr_ws_2020/src/motion_controller/motion_controller_msgs -DCMAKE_INSTALL_PREFIX=/home/usr/usr_ws_2020/install/motion_controller_msgs
[0.548s] -- Found ament_cmake: 0.9.8 (/opt/ros/foxy/install/ament_cmake/share/ament_cmake/cmake)
[0.900s] -- Found PythonInterp: /usr/bin/python3 (found suitable version "3.6.9", minimum required is "3") 
[0.901s] -- Using PYTHON_EXECUTABLE: /usr/bin/python3
[2.440s] -- Override CMake install command with custom implementation using symlinks instead of copying resources
[2.645s] -- Found rosidl_default_generators: 1.0.1 (/opt/ros/foxy/install/rosidl_default_generators/share/rosidl_default_generators/cmake)
[3.028s] -- Using all available rosidl_typesupport_c: rosidl_typesupport_introspection_c;rosidl_typesupport_fastrtps_c
[3.072s] -- Found rosidl_adapter: 1.2.1 (/opt/ros/foxy/install/rosidl_adapter/share/rosidl_adapter/cmake)
[4.324s] -- Using all available rosidl_typesupport_cpp: rosidl_typesupport_introspection_cpp;rosidl_typesupport_fastrtps_cpp
[4.812s] -- Found PythonInterp: /usr/bin/python3 (found version "3.6.9") 
[6.555s] -- Found ament_cmake_ros: 0.9.2 (/opt/ros/foxy/install/ament_cmake_ros/share/ament_cmake_ros/cmake)
[7.488s] -- Using all available rosidl_typesupport_c: rosidl_typesupport_introspection_c;rosidl_typesupport_fastrtps_c
[7.797s] -- Using all available rosidl_typesupport_cpp: rosidl_typesupport_introspection_cpp;rosidl_typesupport_fastrtps_cpp
[8.181s] -- Found PythonInterp: /usr/bin/python3 (found suitable version "3.6.9", minimum required is "3.5") 
[8.191s] -- Found python_cmake_module: 0.8.1 (/opt/ros/foxy/install/python_cmake_module/share/python_cmake_module/cmake)
[8.488s] -- Using PYTHON_EXECUTABLE: /usr/bin/python3
[8.489s] -- Using PYTHON_INCLUDE_DIRS: /usr/include/python3.6m
[8.491s] -- Using PYTHON_LIBRARIES: /usr/lib/aarch64-linux-gnu/libpython3.6m.so
[9.449s] -- Configuring done
[9.854s] -- Generating done
[9.877s] -- Build files have been written to: /home/usr/usr_ws_2020/build/motion_controller_msgs
[9.908s] Invoked command in '/home/usr/usr_ws_2020/build/motion_controller_msgs' returned '0': CMAKE_PREFIX_PATH=${CMAKE_PREFIX_PATH}:/home/usr/usr_ws_2020/install/teleop_node:/home/usr/usr_ws_2020/install/maxon_motor_node:/home/usr/usr_ws_2020/install/digger_motor_node:/opt/ros/foxy/install/ros2bag:/opt/ros/foxy/install/sros2:/opt/ros/foxy/install/ros2topic:/opt/ros/foxy/install/ros2test:/opt/ros/foxy/install/ros2component:/opt/ros/foxy/install/ros2param:/opt/ros/foxy/install/ros2lifecycle:/opt/ros/foxy/install/ros2service:/opt/ros/foxy/install/ros2run:/opt/ros/foxy/install/ros2launch:/opt/ros/foxy/install/ros2pkg:/opt/ros/foxy/install/ros2node:/opt/ros/foxy/install/ros2multicast:/opt/ros/foxy/install/ros2interface:/opt/ros/foxy/install/ros2doctor:/opt/ros/foxy/install/ros2action:/opt/ros/foxy/install/ros2cli:/opt/ros/foxy/install/launch_testing_ros:/opt/ros/foxy/install/launch_ros:/opt/ros/foxy/install/ament_uncrustify:/opt/ros/foxy/install/rpyutils:/opt/ros/foxy/install/rosidl_runtime_py:/opt/ros/foxy/install/launch_yaml:/opt/ros/foxy/install/launch_xml:/opt/ros/foxy/install/launch_testing:/opt/ros/foxy/install/launch:/opt/ros/foxy/install/osrf_pycommon:/opt/ros/foxy/install/domain_coordinator:/opt/ros/foxy/install/ament_xmllint:/opt/ros/foxy/install/ament_pep257:/opt/ros/foxy/install/ament_package:/opt/ros/foxy/install/ament_mypy:/opt/ros/foxy/install/ament_lint_cmake:/opt/ros/foxy/install/ament_flake8:/opt/ros/foxy/install/ament_copyright:/opt/ros/foxy/install/ament_lint:/opt/ros/foxy/install/ament_index_python:/opt/ros/foxy/install/ament_cpplint:/opt/ros/foxy/install/ament_cppcheck /usr/bin/cmake /home/usr/usr_ws_2020/src/motion_controller/motion_controller_msgs -DCMAKE_INSTALL_PREFIX=/home/usr/usr_ws_2020/install/motion_controller_msgs
[9.919s] Invoking command in '/home/usr/usr_ws_2020/build/motion_controller_msgs': CMAKE_PREFIX_PATH=${CMAKE_PREFIX_PATH}:/home/usr/usr_ws_2020/install/teleop_node:/home/usr/usr_ws_2020/install/maxon_motor_node:/home/usr/usr_ws_2020/install/digger_motor_node:/opt/ros/foxy/install/ros2bag:/opt/ros/foxy/install/sros2:/opt/ros/foxy/install/ros2topic:/opt/ros/foxy/install/ros2test:/opt/ros/foxy/install/ros2component:/opt/ros/foxy/install/ros2param:/opt/ros/foxy/install/ros2lifecycle:/opt/ros/foxy/install/ros2service:/opt/ros/foxy/install/ros2run:/opt/ros/foxy/install/ros2launch:/opt/ros/foxy/install/ros2pkg:/opt/ros/foxy/install/ros2node:/opt/ros/foxy/install/ros2multicast:/opt/ros/foxy/install/ros2interface:/opt/ros/foxy/install/ros2doctor:/opt/ros/foxy/install/ros2action:/opt/ros/foxy/install/ros2cli:/opt/ros/foxy/install/launch_testing_ros:/opt/ros/foxy/install/launch_ros:/opt/ros/foxy/install/ament_uncrustify:/opt/ros/foxy/install/rpyutils:/opt/ros/foxy/install/rosidl_runtime_py:/opt/ros/foxy/install/launch_yaml:/opt/ros/foxy/install/launch_xml:/opt/ros/foxy/install/launch_testing:/opt/ros/foxy/install/launch:/opt/ros/foxy/install/osrf_pycommon:/opt/ros/foxy/install/domain_coordinator:/opt/ros/foxy/install/ament_xmllint:/opt/ros/foxy/install/ament_pep257:/opt/ros/foxy/install/ament_package:/opt/ros/foxy/install/ament_mypy:/opt/ros/foxy/install/ament_lint_cmake:/opt/ros/foxy/install/ament_flake8:/opt/ros/foxy/install/ament_copyright:/opt/ros/foxy/install/ament_lint:/opt/ros/foxy/install/ament_index_python:/opt/ros/foxy/install/ament_cpplint:/opt/ros/foxy/install/ament_cppcheck /usr/bin/cmake --build /home/usr/usr_ws_2020/build/motion_controller_msgs -- -j4 -l4
[10.467s] [  2%] Built target motion_controller_msgs__cpp
[10.550s] [ 12%] Built target motion_controller_msgs__rosidl_generator_c
[10.872s] [ 23%] Built target motion_controller_msgs__rosidl_typesupport_introspection_c
[10.873s] [ 33%] Built target motion_controller_msgs__rosidl_typesupport_introspection_cpp
[10.972s] [ 43%] Built target motion_controller_msgs__rosidl_typesupport_cpp
[10.978s] [ 53%] Built target motion_controller_msgs__rosidl_typesupport_fastrtps_cpp
[11.084s] [ 64%] Built target motion_controller_msgs__rosidl_typesupport_c
[11.175s] [ 74%] Built target motion_controller_msgs__rosidl_typesupport_fastrtps_c
[11.295s] [ 74%] Built target motion_controller_msgs
[11.455s] [ 76%] Built target motion_controller_msgs__py
[11.619s] [ 84%] Built target motion_controller_msgs__python
[11.800s] [ 89%] Built target motion_controller_msgs__rosidl_typesupport_fastrtps_c__pyext
[11.810s] [ 94%] Built target motion_controller_msgs__rosidl_typesupport_introspection_c__pyext
[11.837s] [100%] Built target motion_controller_msgs__rosidl_typesupport_c__pyext
[12.896s] Invoked command in '/home/usr/usr_ws_2020/build/motion_controller_msgs' returned '0': CMAKE_PREFIX_PATH=${CMAKE_PREFIX_PATH}:/home/usr/usr_ws_2020/install/teleop_node:/home/usr/usr_ws_2020/install/maxon_motor_node:/home/usr/usr_ws_2020/install/digger_motor_node:/opt/ros/foxy/install/ros2bag:/opt/ros/foxy/install/sros2:/opt/ros/foxy/install/ros2topic:/opt/ros/foxy/install/ros2test:/opt/ros/foxy/install/ros2component:/opt/ros/foxy/install/ros2param:/opt/ros/foxy/install/ros2lifecycle:/opt/ros/foxy/install/ros2service:/opt/ros/foxy/install/ros2run:/opt/ros/foxy/install/ros2launch:/opt/ros/foxy/install/ros2pkg:/opt/ros/foxy/install/ros2node:/opt/ros/foxy/install/ros2multicast:/opt/ros/foxy/install/ros2interface:/opt/ros/foxy/install/ros2doctor:/opt/ros/foxy/install/ros2action:/opt/ros/foxy/install/ros2cli:/opt/ros/foxy/install/launch_testing_ros:/opt/ros/foxy/install/launch_ros:/opt/ros/foxy/install/ament_uncrustify:/opt/ros/foxy/install/rpyutils:/opt/ros/foxy/install/rosidl_runtime_py:/opt/ros/foxy/install/launch_yaml:/opt/ros/foxy/install/launch_xml:/opt/ros/foxy/install/launch_testing:/opt/ros/foxy/install/launch:/opt/ros/foxy/install/osrf_pycommon:/opt/ros/foxy/install/domain_coordinator:/opt/ros/foxy/install/ament_xmllint:/opt/ros/foxy/install/ament_pep257:/opt/ros/foxy/install/ament_package:/opt/ros/foxy/install/ament_mypy:/opt/ros/foxy/install/ament_lint_cmake:/opt/ros/foxy/install/ament_flake8:/opt/ros/foxy/install/ament_copyright:/opt/ros/foxy/install/ament_lint:/opt/ros/foxy/install/ament_index_python:/opt/ros/foxy/install/ament_cpplint:/opt/ros/foxy/install/ament_cppcheck /usr/bin/cmake --build /home/usr/usr_ws_2020/build/motion_controller_msgs -- -j4 -l4
[14.026s] Invoking command in '/home/usr/usr_ws_2020/build/motion_controller_msgs': CMAKE_PREFIX_PATH=${CMAKE_PREFIX_PATH}:/home/usr/usr_ws_2020/install/teleop_node:/home/usr/usr_ws_2020/install/maxon_motor_node:/home/usr/usr_ws_2020/install/digger_motor_node:/opt/ros/foxy/install/ros2bag:/opt/ros/foxy/install/sros2:/opt/ros/foxy/install/ros2topic:/opt/ros/foxy/install/ros2test:/opt/ros/foxy/install/ros2component:/opt/ros/foxy/install/ros2param:/opt/ros/foxy/install/ros2lifecycle:/opt/ros/foxy/install/ros2service:/opt/ros/foxy/install/ros2run:/opt/ros/foxy/install/ros2launch:/opt/ros/foxy/install/ros2pkg:/opt/ros/foxy/install/ros2node:/opt/ros/foxy/install/ros2multicast:/opt/ros/foxy/install/ros2interface:/opt/ros/foxy/install/ros2doctor:/opt/ros/foxy/install/ros2action:/opt/ros/foxy/install/ros2cli:/opt/ros/foxy/install/launch_testing_ros:/opt/ros/foxy/install/launch_ros:/opt/ros/foxy/install/ament_uncrustify:/opt/ros/foxy/install/rpyutils:/opt/ros/foxy/install/rosidl_runtime_py:/opt/ros/foxy/install/launch_yaml:/opt/ros/foxy/install/launch_xml:/opt/ros/foxy/install/launch_testing:/opt/ros/foxy/install/launch:/opt/ros/foxy/install/osrf_pycommon:/opt/ros/foxy/install/domain_coordinator:/opt/ros/foxy/install/ament_xmllint:/opt/ros/foxy/install/ament_pep257:/opt/ros/foxy/install/ament_package:/opt/ros/foxy/install/ament_mypy:/opt/ros/foxy/install/ament_lint_cmake:/opt/ros/foxy/install/ament_flake8:/opt/ros/foxy/install/ament_copyright:/opt/ros/foxy/install/ament_lint:/opt/ros/foxy/install/ament_index_python:/opt/ros/foxy/install/ament_cpplint:/opt/ros/foxy/install/ament_cppcheck /usr/bin/cmake --build /home/usr/usr_ws_2020/build/motion_controller_msgs --target install -- -j4 -l4
[14.475s] [  2%] Built target motion_controller_msgs__cpp
[14.514s] [ 12%] Built target motion_controller_msgs__rosidl_generator_c
[14.746s] [ 23%] Built target motion_controller_msgs__rosidl_typesupport_introspection_cpp
[14.807s] [ 33%] Built target motion_controller_msgs__rosidl_typesupport_cpp
[14.819s] [ 43%] Built target motion_controller_msgs__rosidl_typesupport_fastrtps_cpp
[14.830s] [ 53%] Built target motion_controller_msgs__rosidl_typesupport_introspection_c
[14.958s] [ 64%] Built target motion_controller_msgs__rosidl_typesupport_c
[15.010s] [ 74%] Built target motion_controller_msgs__rosidl_typesupport_fastrtps_c
[15.142s] [ 74%] Built target motion_controller_msgs
[15.282s] [ 76%] Built target motion_controller_msgs__py
[15.441s] [ 84%] Built target motion_controller_msgs__python
[15.652s] [ 89%] Built target motion_controller_msgs__rosidl_typesupport_fastrtps_c__pyext
[15.662s] [ 94%] Built target motion_controller_msgs__rosidl_typesupport_c__pyext
[15.726s] [100%] Built target motion_controller_msgs__rosidl_typesupport_introspection_c__pyext
[15.942s] [36mInstall the project...[0m
[16.042s] -- Install configuration: ""
[16.044s] -- Execute custom install script
[16.052s] -- Up-to-date symlink: /home/usr/usr_ws_2020/install/motion_controller_msgs/share/ament_index/resource_index/rosidl_interfaces/motion_controller_msgs
[16.061s] -- Up-to-date symlink: /home/usr/usr_ws_2020/install/motion_controller_msgs/include/motion_controller_msgs/msg/detail/mobility__functions.h
[16.063s] -- Up-to-date symlink: /home/usr/usr_ws_2020/install/motion_controller_msgs/include/motion_controller_msgs/msg/detail/mobility__struct.h
[16.063s] -- Up-to-date symlink: /home/usr/usr_ws_2020/install/motion_controller_msgs/include/motion_controller_msgs/msg/detail/mobility__type_support.h
[16.066s] -- Up-to-date symlink: /home/usr/usr_ws_2020/install/motion_controller_msgs/include/motion_controller_msgs/msg/detail/roboclaw_command__functions.h
[16.066s] -- Up-to-date symlink: /home/usr/usr_ws_2020/install/motion_controller_msgs/include/motion_controller_msgs/msg/detail/roboclaw_command__struct.h
[16.067s] -- Up-to-date symlink: /home/usr/usr_ws_2020/install/motion_controller_msgs/include/motion_controller_msgs/msg/detail/roboclaw_command__type_support.h
[16.070s] -- Up-to-date symlink: /home/usr/usr_ws_2020/install/motion_controller_msgs/include/motion_controller_msgs/msg/mobility.h
[16.071s] -- Up-to-date symlink: /home/usr/usr_ws_2020/install/motion_controller_msgs/include/motion_controller_msgs/msg/roboclaw_command.h
[16.071s] -- Up-to-date symlink: /home/usr/usr_ws_2020/install/motion_controller_msgs/include/motion_controller_msgs/msg/rosidl_generator_c__visibility_control.h
[16.073s] -- Up-to-date symlink: /home/usr/usr_ws_2020/install/motion_controller_msgs/share/motion_controller_msgs/environment/library_path.sh
[16.076s] -- Up-to-date symlink: /home/usr/usr_ws_2020/install/motion_controller_msgs/share/motion_controller_msgs/environment/library_path.dsv
[16.084s] -- Up-to-date symlink: /home/usr/usr_ws_2020/install/motion_controller_msgs/include/motion_controller_msgs/msg/detail/mobility__rosidl_typesupport_introspection_c.h
[16.085s] -- Up-to-date symlink: /home/usr/usr_ws_2020/install/motion_controller_msgs/include/motion_controller_msgs/msg/detail/roboclaw_command__rosidl_typesupport_introspection_c.h
[16.089s] -- Up-to-date symlink: /home/usr/usr_ws_2020/install/motion_controller_msgs/include/motion_controller_msgs/msg/rosidl_typesupport_introspection_c__visibility_control.h
[16.095s] -- Up-to-date symlink: /home/usr/usr_ws_2020/install/motion_controller_msgs/include/motion_controller_msgs/msg/detail/mobility__rosidl_typesupport_fastrtps_c.h
[16.096s] -- Up-to-date symlink: /home/usr/usr_ws_2020/install/motion_controller_msgs/include/motion_controller_msgs/msg/detail/roboclaw_command__rosidl_typesupport_fastrtps_c.h
[16.098s] -- Up-to-date symlink: /home/usr/usr_ws_2020/install/motion_controller_msgs/include/motion_controller_msgs/msg/rosidl_typesupport_fastrtps_c__visibility_control.h
[16.100s] -- Up-to-date symlink: /home/usr/usr_ws_2020/install/motion_controller_msgs/lib/libmotion_controller_msgs__rosidl_typesupport_fastrtps_c.so
[16.106s] -- Up-to-date symlink: /home/usr/usr_ws_2020/install/motion_controller_msgs/include/motion_controller_msgs/msg/detail/mobility__rosidl_typesupport_fastrtps_cpp.hpp
[16.110s] -- Up-to-date symlink: /home/usr/usr_ws_2020/install/motion_controller_msgs/include/motion_controller_msgs/msg/detail/roboclaw_command__rosidl_typesupport_fastrtps_cpp.hpp
[16.111s] -- Up-to-date symlink: /home/usr/usr_ws_2020/install/motion_controller_msgs/include/motion_controller_msgs/msg/rosidl_typesupport_fastrtps_cpp__visibility_control.h
[16.113s] -- Up-to-date symlink: /home/usr/usr_ws_2020/install/motion_controller_msgs/lib/libmotion_controller_msgs__rosidl_typesupport_fastrtps_cpp.so
[16.118s] -- Up-to-date symlink: /home/usr/usr_ws_2020/install/motion_controller_msgs/include/motion_controller_msgs/msg/detail/mobility__builder.hpp
[16.123s] -- Up-to-date symlink: /home/usr/usr_ws_2020/install/motion_controller_msgs/include/motion_controller_msgs/msg/detail/mobility__struct.hpp
[16.125s] -- Up-to-date symlink: /home/usr/usr_ws_2020/install/motion_controller_msgs/include/motion_controller_msgs/msg/detail/mobility__traits.hpp
[16.127s] -- Up-to-date symlink: /home/usr/usr_ws_2020/install/motion_controller_msgs/include/motion_controller_msgs/msg/detail/roboclaw_command__builder.hpp
[16.129s] -- Up-to-date symlink: /home/usr/usr_ws_2020/install/motion_controller_msgs/include/motion_controller_msgs/msg/detail/roboclaw_command__struct.hpp
[16.131s] -- Up-to-date symlink: /home/usr/usr_ws_2020/install/motion_controller_msgs/include/motion_controller_msgs/msg/detail/roboclaw_command__traits.hpp
[16.133s] -- Up-to-date symlink: /home/usr/usr_ws_2020/install/motion_controller_msgs/include/motion_controller_msgs/msg/mobility.hpp
[16.136s] -- Up-to-date symlink: /home/usr/usr_ws_2020/install/motion_controller_msgs/include/motion_controller_msgs/msg/roboclaw_command.hpp
[16.139s] -- Up-to-date symlink: /home/usr/usr_ws_2020/install/motion_controller_msgs/include/motion_controller_msgs/msg/detail/mobility__rosidl_typesupport_introspection_cpp.hpp
[16.140s] -- Up-to-date symlink: /home/usr/usr_ws_2020/install/motion_controller_msgs/include/motion_controller_msgs/msg/detail/roboclaw_command__rosidl_typesupport_introspection_cpp.hpp
[16.145s] -- Up-to-date symlink: /home/usr/usr_ws_2020/install/motion_controller_msgs/share/motion_controller_msgs/environment/pythonpath.sh
[16.148s] -- Up-to-date symlink: /home/usr/usr_ws_2020/install/motion_controller_msgs/share/motion_controller_msgs/environment/pythonpath.dsv
[16.154s] -- Up-to-date symlink: /home/usr/usr_ws_2020/install/motion_controller_msgs/lib/python3.6/site-packages/motion_controller_msgs/__init__.py
[16.162s] -- Up-to-date symlink: /home/usr/usr_ws_2020/install/motion_controller_msgs/lib/python3.6/site-packages/motion_controller_msgs/msg/__init__.py
[16.163s] -- Up-to-date symlink: /home/usr/usr_ws_2020/install/motion_controller_msgs/lib/python3.6/site-packages/motion_controller_msgs/msg/_mobility.py
[16.165s] -- Up-to-date symlink: /home/usr/usr_ws_2020/install/motion_controller_msgs/lib/python3.6/site-packages/motion_controller_msgs/msg/_roboclaw_command.py
[16.169s] -- Up-to-date symlink: /home/usr/usr_ws_2020/install/motion_controller_msgs/lib/python3.6/site-packages/motion_controller_msgs/motion_controller_msgs_s__rosidl_typesupport_introspection_c.cpython-36m-aarch64-linux-gnu.so
[16.172s] -- Up-to-date symlink: /home/usr/usr_ws_2020/install/motion_controller_msgs/lib/python3.6/site-packages/motion_controller_msgs/motion_controller_msgs_s__rosidl_typesupport_fastrtps_c.cpython-36m-aarch64-linux-gnu.so
[16.176s] -- Up-to-date symlink: /home/usr/usr_ws_2020/install/motion_controller_msgs/lib/python3.6/site-packages/motion_controller_msgs/motion_controller_msgs_s__rosidl_typesupport_c.cpython-36m-aarch64-linux-gnu.so
[16.178s] -- Up-to-date symlink: /home/usr/usr_ws_2020/install/motion_controller_msgs/lib/libmotion_controller_msgs__python.so
[16.185s] -- Up-to-date symlink: /home/usr/usr_ws_2020/install/motion_controller_msgs/share/motion_controller_msgs/msg/Mobility.idl
[16.187s] -- Up-to-date symlink: /home/usr/usr_ws_2020/install/motion_controller_msgs/share/motion_controller_msgs/msg/RoboclawCommand.idl
[16.189s] -- Up-to-date symlink: /home/usr/usr_ws_2020/install/motion_controller_msgs/share/motion_controller_msgs/msg/Mobility.msg
[16.191s] -- Up-to-date symlink: /home/usr/usr_ws_2020/install/motion_controller_msgs/share/motion_controller_msgs/msg/RoboclawCommand.msg
[16.193s] -- Up-to-date symlink: /home/usr/usr_ws_2020/install/motion_controller_msgs/share/ament_index/resource_index/package_run_dependencies/motion_controller_msgs
[16.195s] -- Up-to-date symlink: /home/usr/usr_ws_2020/install/motion_controller_msgs/share/ament_index/resource_index/parent_prefix_path/motion_controller_msgs
[16.197s] -- Up-to-date symlink: /home/usr/usr_ws_2020/install/motion_controller_msgs/share/motion_controller_msgs/environment/ament_prefix_path.sh
[16.198s] -- Up-to-date symlink: /home/usr/usr_ws_2020/install/motion_controller_msgs/share/motion_controller_msgs/environment/ament_prefix_path.dsv
[16.200s] -- Up-to-date symlink: /home/usr/usr_ws_2020/install/motion_controller_msgs/share/motion_controller_msgs/environment/path.sh
[16.201s] -- Up-to-date symlink: /home/usr/usr_ws_2020/install/motion_controller_msgs/share/motion_controller_msgs/environment/path.dsv
[16.202s] -- Up-to-date symlink: /home/usr/usr_ws_2020/install/motion_controller_msgs/share/motion_controller_msgs/local_setup.bash
[16.204s] -- Up-to-date symlink: /home/usr/usr_ws_2020/install/motion_controller_msgs/share/motion_controller_msgs/local_setup.sh
[16.206s] -- Up-to-date symlink: /home/usr/usr_ws_2020/install/motion_controller_msgs/share/motion_controller_msgs/local_setup.zsh
[16.207s] -- Up-to-date symlink: /home/usr/usr_ws_2020/install/motion_controller_msgs/share/motion_controller_msgs/local_setup.dsv
[16.207s] -- Symlinking: /home/usr/usr_ws_2020/install/motion_controller_msgs/share/motion_controller_msgs/package.dsv
[16.276s] -- Up-to-date symlink: /home/usr/usr_ws_2020/install/motion_controller_msgs/share/ament_index/resource_index/packages/motion_controller_msgs
[16.279s] -- Up-to-date symlink: /home/usr/usr_ws_2020/install/motion_controller_msgs/share/motion_controller_msgs/cmake/rosidl_cmake-extras.cmake
[16.282s] -- Up-to-date symlink: /home/usr/usr_ws_2020/install/motion_controller_msgs/share/motion_controller_msgs/cmake/ament_cmake_export_dependencies-extras.cmake
[16.284s] -- Up-to-date symlink: /home/usr/usr_ws_2020/install/motion_controller_msgs/share/motion_controller_msgs/cmake/ament_cmake_export_libraries-extras.cmake
[16.287s] -- Up-to-date symlink: /home/usr/usr_ws_2020/install/motion_controller_msgs/share/motion_controller_msgs/cmake/ament_cmake_export_targets-extras.cmake
[16.289s] -- Up-to-date symlink: /home/usr/usr_ws_2020/install/motion_controller_msgs/share/motion_controller_msgs/cmake/ament_cmake_export_include_directories-extras.cmake
[16.296s] -- Up-to-date symlink: /home/usr/usr_ws_2020/install/motion_controller_msgs/share/motion_controller_msgs/cmake/rosidl_cmake_export_typesupport_targets-extras.cmake
[16.298s] -- Up-to-date symlink: /home/usr/usr_ws_2020/install/motion_controller_msgs/share/motion_controller_msgs/cmake/rosidl_cmake_export_typesupport_libraries-extras.cmake
[16.300s] -- Up-to-date symlink: /home/usr/usr_ws_2020/install/motion_controller_msgs/share/motion_controller_msgs/cmake/motion_controller_msgsConfig.cmake
[16.302s] -- Up-to-date symlink: /home/usr/usr_ws_2020/install/motion_controller_msgs/share/motion_controller_msgs/cmake/motion_controller_msgsConfig-version.cmake
[16.304s] -- Up-to-date symlink: /home/usr/usr_ws_2020/install/motion_controller_msgs/share/motion_controller_msgs/package.xml
[16.306s] -- Up-to-date: /home/usr/usr_ws_2020/install/motion_controller_msgs/lib/libmotion_controller_msgs__rosidl_generator_c.so
[16.308s] -- Up-to-date: /home/usr/usr_ws_2020/install/motion_controller_msgs/lib/libmotion_controller_msgs__rosidl_typesupport_introspection_c.so
[16.310s] -- Up-to-date: /home/usr/usr_ws_2020/install/motion_controller_msgs/lib/libmotion_controller_msgs__rosidl_typesupport_c.so
[16.312s] -- Up-to-date: /home/usr/usr_ws_2020/install/motion_controller_msgs/lib/libmotion_controller_msgs__rosidl_typesupport_introspection_cpp.so
[16.315s] -- Up-to-date: /home/usr/usr_ws_2020/install/motion_controller_msgs/lib/libmotion_controller_msgs__rosidl_typesupport_cpp.so
[16.772s] Compiling '/home/usr/usr_ws_2020/install/motion_controller_msgs/lib/python3.6/site-packages/motion_controller_msgs/__init__.py'...
[16.794s] -- Up-to-date: /home/usr/usr_ws_2020/install/motion_controller_msgs/share/motion_controller_msgs/cmake/motion_controller_msgs__rosidl_generator_cExport.cmake
[16.795s] -- Installing: /home/usr/usr_ws_2020/install/motion_controller_msgs/share/motion_controller_msgs/cmake/motion_controller_msgs__rosidl_generator_cExport-noconfig.cmake
[16.797s] -- Up-to-date: /home/usr/usr_ws_2020/install/motion_controller_msgs/share/motion_controller_msgs/cmake/motion_controller_msgs__rosidl_typesupport_introspection_cExport.cmake
[16.798s] -- Installing: /home/usr/usr_ws_2020/install/motion_controller_msgs/share/motion_controller_msgs/cmake/motion_controller_msgs__rosidl_typesupport_introspection_cExport-noconfig.cmake
[16.800s] -- Up-to-date: /home/usr/usr_ws_2020/install/motion_controller_msgs/share/motion_controller_msgs/cmake/motion_controller_msgs__rosidl_typesupport_cExport.cmake
[16.802s] -- Installing: /home/usr/usr_ws_2020/install/motion_controller_msgs/share/motion_controller_msgs/cmake/motion_controller_msgs__rosidl_typesupport_cExport-noconfig.cmake
[16.802s] -- Up-to-date: /home/usr/usr_ws_2020/install/motion_controller_msgs/share/motion_controller_msgs/cmake/motion_controller_msgs__rosidl_generator_cppExport.cmake
[16.803s] -- Up-to-date: /home/usr/usr_ws_2020/install/motion_controller_msgs/share/motion_controller_msgs/cmake/motion_controller_msgs__rosidl_typesupport_introspection_cppExport.cmake
[16.804s] -- Installing: /home/usr/usr_ws_2020/install/motion_controller_msgs/share/motion_controller_msgs/cmake/motion_controller_msgs__rosidl_typesupport_introspection_cppExport-noconfig.cmake
[16.806s] -- Up-to-date: /home/usr/usr_ws_2020/install/motion_controller_msgs/share/motion_controller_msgs/cmake/motion_controller_msgs__rosidl_typesupport_cppExport.cmake
[16.807s] -- Installing: /home/usr/usr_ws_2020/install/motion_controller_msgs/share/motion_controller_msgs/cmake/motion_controller_msgs__rosidl_typesupport_cppExport-noconfig.cmake
[16.827s] Invoked command in '/home/usr/usr_ws_2020/build/motion_controller_msgs' returned '0': CMAKE_PREFIX_PATH=${CMAKE_PREFIX_PATH}:/home/usr/usr_ws_2020/install/teleop_node:/home/usr/usr_ws_2020/install/maxon_motor_node:/home/usr/usr_ws_2020/install/digger_motor_node:/opt/ros/foxy/install/ros2bag:/opt/ros/foxy/install/sros2:/opt/ros/foxy/install/ros2topic:/opt/ros/foxy/install/ros2test:/opt/ros/foxy/install/ros2component:/opt/ros/foxy/install/ros2param:/opt/ros/foxy/install/ros2lifecycle:/opt/ros/foxy/install/ros2service:/opt/ros/foxy/install/ros2run:/opt/ros/foxy/install/ros2launch:/opt/ros/foxy/install/ros2pkg:/opt/ros/foxy/install/ros2node:/opt/ros/foxy/install/ros2multicast:/opt/ros/foxy/install/ros2interface:/opt/ros/foxy/install/ros2doctor:/opt/ros/foxy/install/ros2action:/opt/ros/foxy/install/ros2cli:/opt/ros/foxy/install/launch_testing_ros:/opt/ros/foxy/install/launch_ros:/opt/ros/foxy/install/ament_uncrustify:/opt/ros/foxy/install/rpyutils:/opt/ros/foxy/install/rosidl_runtime_py:/opt/ros/foxy/install/launch_yaml:/opt/ros/foxy/install/launch_xml:/opt/ros/foxy/install/launch_testing:/opt/ros/foxy/install/launch:/opt/ros/foxy/install/osrf_pycommon:/opt/ros/foxy/install/domain_coordinator:/opt/ros/foxy/install/ament_xmllint:/opt/ros/foxy/install/ament_pep257:/opt/ros/foxy/install/ament_package:/opt/ros/foxy/install/ament_mypy:/opt/ros/foxy/install/ament_lint_cmake:/opt/ros/foxy/install/ament_flake8:/opt/ros/foxy/install/ament_copyright:/opt/ros/foxy/install/ament_lint:/opt/ros/foxy/install/ament_index_python:/opt/ros/foxy/install/ament_cpplint:/opt/ros/foxy/install/ament_cppcheck /usr/bin/cmake --build /home/usr/usr_ws_2020/build/motion_controller_msgs --target install -- -j4 -l4
