[2.314s] Invoking command in '/home/usr/usr_ws_2020/build/teleop_node': PYTHONPATH=/home/usr/usr_ws_2020/install/teleop_node/lib/python3.6/site-packages:${PYTHONPATH} /usr/bin/python3 setup.py develop --prefix /home/usr/usr_ws_2020/install/teleop_node --uninstall --editable --build-directory /home/usr/usr_ws_2020/build/teleop_node/build
[3.942s] /home/usr/.local/lib/python3.6/site-packages/setuptools/dist.py:651: UserWarning: Usage of dash-separated 'script-dir' will not be supported in future versions. Please use the underscore name 'script_dir' instead
[3.943s]   % (opt, underscore_opt))
[3.943s] /home/usr/.local/lib/python3.6/site-packages/setuptools/dist.py:651: UserWarning: Usage of dash-separated 'install-scripts' will not be supported in future versions. Please use the underscore name 'install_scripts' instead
[3.944s]   % (opt, underscore_opt))
[4.219s] running develop
[5.459s] Invoked command in '/home/usr/usr_ws_2020/build/teleop_node' returned '0': PYTHONPATH=/home/usr/usr_ws_2020/install/teleop_node/lib/python3.6/site-packages:${PYTHONPATH} /usr/bin/python3 setup.py develop --prefix /home/usr/usr_ws_2020/install/teleop_node --uninstall --editable --build-directory /home/usr/usr_ws_2020/build/teleop_node/build
[5.463s] Invoking command in '/home/usr/usr_ws_2020/src/teleop_node': PYTHONPATH=/home/usr/usr_ws_2020/install/teleop_node/lib/python3.6/site-packages:${PYTHONPATH} /usr/bin/python3 setup.py egg_info --egg-base ../../build/teleop_node build --build-base /home/usr/usr_ws_2020/build/teleop_node/build install --prefix /home/usr/usr_ws_2020/install/teleop_node --record /home/usr/usr_ws_2020/build/teleop_node/install.log --single-version-externally-managed
[7.241s] /home/usr/.local/lib/python3.6/site-packages/setuptools/dist.py:651: UserWarning: Usage of dash-separated 'script-dir' will not be supported in future versions. Please use the underscore name 'script_dir' instead
[7.242s]   % (opt, underscore_opt))
[7.242s] /home/usr/.local/lib/python3.6/site-packages/setuptools/dist.py:651: UserWarning: Usage of dash-separated 'install-scripts' will not be supported in future versions. Please use the underscore name 'install_scripts' instead
[7.244s]   % (opt, underscore_opt))
[7.402s] running egg_info
[7.405s] writing ../../build/teleop_node/teleop_node.egg-info/PKG-INFO
[7.407s] writing dependency_links to ../../build/teleop_node/teleop_node.egg-info/dependency_links.txt
[7.408s] writing entry points to ../../build/teleop_node/teleop_node.egg-info/entry_points.txt
[7.408s] writing requirements to ../../build/teleop_node/teleop_node.egg-info/requires.txt
[7.409s] writing top-level names to ../../build/teleop_node/teleop_node.egg-info/top_level.txt
[7.593s] reading manifest file '../../build/teleop_node/teleop_node.egg-info/SOURCES.txt'
[7.598s] writing manifest file '../../build/teleop_node/teleop_node.egg-info/SOURCES.txt'
[7.599s] running build
[7.599s] running build_py
[7.601s] running install
[7.605s] running install_lib
[7.611s] running install_data
[7.613s] running install_egg_info
[7.624s] removing '/home/usr/usr_ws_2020/install/teleop_node/lib/python3.6/site-packages/teleop_node-0.0.0-py3.6.egg-info' (and everything under it)
[7.625s] Copying ../../build/teleop_node/teleop_node.egg-info to /home/usr/usr_ws_2020/install/teleop_node/lib/python3.6/site-packages/teleop_node-0.0.0-py3.6.egg-info
[7.629s] running install_scripts
[7.732s] Installing teleop script to /home/usr/usr_ws_2020/install/teleop_node/lib/teleop_node
[7.735s] writing list of installed files to '/home/usr/usr_ws_2020/build/teleop_node/install.log'
[7.842s] Invoked command in '/home/usr/usr_ws_2020/src/teleop_node' returned '0': PYTHONPATH=/home/usr/usr_ws_2020/install/teleop_node/lib/python3.6/site-packages:${PYTHONPATH} /usr/bin/python3 setup.py egg_info --egg-base ../../build/teleop_node build --build-base /home/usr/usr_ws_2020/build/teleop_node/build install --prefix /home/usr/usr_ws_2020/install/teleop_node --record /home/usr/usr_ws_2020/build/teleop_node/install.log --single-version-externally-managed
