[0.393s] Invoking command in '/home/usr/usr_ws_2020/build/YAML_CPP': /usr/bin/cmake --build /home/usr/usr_ws_2020/build/YAML_CPP -- -j4 -l4
[2.585s] [ 51%] Built target yaml-cpp
[2.585s] [ 58%] Built target gmock_main
[2.585s] [ 65%] Built target gtest
[2.586s] [ 66%] Built target gmock
[2.586s] [ 70%] Built target read
[2.586s] [ 73%] Built target sandbox
[2.587s] [ 76%] Built target parse
[2.587s] [ 96%] Built target run-tests
[2.587s] [100%] Built target gtest_main
[4.380s] Invoked command in '/home/usr/usr_ws_2020/build/YAML_CPP' returned '0': /usr/bin/cmake --build /home/usr/usr_ws_2020/build/YAML_CPP -- -j4 -l4
[6.881s] Invoking command in '/home/usr/usr_ws_2020/build/YAML_CPP': /usr/bin/cmake --build /home/usr/usr_ws_2020/build/YAML_CPP --target install -- -j4 -l4
[7.866s] [  5%] Built target gmock
[7.976s] [  8%] Built target gtest
[7.978s] [ 60%] Built target yaml-cpp
[7.984s] [ 66%] Built target gmock_main
[8.449s] [ 70%] Built target gtest_main
[8.475s] [ 73%] Built target parse
[8.483s] [ 76%] Built target sandbox
[8.544s] [ 96%] Built target run-tests
[8.698s] [100%] Built target read
[8.902s] [36mInstall the project...[0m
[8.990s] -- Install configuration: "Release"
[8.993s] -- Up-to-date: /home/usr/usr_ws_2020/install/YAML_CPP/lib/libyaml-cpp.a
[8.993s] -- Up-to-date: /home/usr/usr_ws_2020/install/YAML_CPP/include/yaml-cpp
[8.994s] -- Up-to-date: /home/usr/usr_ws_2020/install/YAML_CPP/include/yaml-cpp/node
[8.994s] -- Up-to-date: /home/usr/usr_ws_2020/install/YAML_CPP/include/yaml-cpp/node/emit.h
[8.994s] -- Up-to-date: /home/usr/usr_ws_2020/install/YAML_CPP/include/yaml-cpp/node/ptr.h
[8.995s] -- Up-to-date: /home/usr/usr_ws_2020/install/YAML_CPP/include/yaml-cpp/node/iterator.h
[8.995s] -- Up-to-date: /home/usr/usr_ws_2020/install/YAML_CPP/include/yaml-cpp/node/convert.h
[8.995s] -- Up-to-date: /home/usr/usr_ws_2020/install/YAML_CPP/include/yaml-cpp/node/detail
[8.995s] -- Up-to-date: /home/usr/usr_ws_2020/install/YAML_CPP/include/yaml-cpp/node/detail/iterator_fwd.h
[8.996s] -- Up-to-date: /home/usr/usr_ws_2020/install/YAML_CPP/include/yaml-cpp/node/detail/node_data.h
[8.996s] -- Up-to-date: /home/usr/usr_ws_2020/install/YAML_CPP/include/yaml-cpp/node/detail/node_ref.h
[8.996s] -- Up-to-date: /home/usr/usr_ws_2020/install/YAML_CPP/include/yaml-cpp/node/detail/memory.h
[8.997s] -- Up-to-date: /home/usr/usr_ws_2020/install/YAML_CPP/include/yaml-cpp/node/detail/bool_type.h
[8.997s] -- Up-to-date: /home/usr/usr_ws_2020/install/YAML_CPP/include/yaml-cpp/node/detail/iterator.h
[8.997s] -- Up-to-date: /home/usr/usr_ws_2020/install/YAML_CPP/include/yaml-cpp/node/detail/node_iterator.h
[8.998s] -- Up-to-date: /home/usr/usr_ws_2020/install/YAML_CPP/include/yaml-cpp/node/detail/impl.h
[8.998s] -- Up-to-date: /home/usr/usr_ws_2020/install/YAML_CPP/include/yaml-cpp/node/detail/node.h
[8.999s] -- Up-to-date: /home/usr/usr_ws_2020/install/YAML_CPP/include/yaml-cpp/node/parse.h
[9.000s] -- Up-to-date: /home/usr/usr_ws_2020/install/YAML_CPP/include/yaml-cpp/node/type.h
[9.001s] -- Up-to-date: /home/usr/usr_ws_2020/install/YAML_CPP/include/yaml-cpp/node/impl.h
[9.002s] -- Up-to-date: /home/usr/usr_ws_2020/install/YAML_CPP/include/yaml-cpp/node/node.h
[9.003s] -- Up-to-date: /home/usr/usr_ws_2020/install/YAML_CPP/include/yaml-cpp/ostream_wrapper.h
[9.003s] -- Up-to-date: /home/usr/usr_ws_2020/install/YAML_CPP/include/yaml-cpp/anchor.h
[9.003s] -- Up-to-date: /home/usr/usr_ws_2020/install/YAML_CPP/include/yaml-cpp/yaml.h
[9.004s] -- Up-to-date: /home/usr/usr_ws_2020/install/YAML_CPP/include/yaml-cpp/emittermanip.h
[9.004s] -- Up-to-date: /home/usr/usr_ws_2020/install/YAML_CPP/include/yaml-cpp/parser.h
[9.004s] -- Up-to-date: /home/usr/usr_ws_2020/install/YAML_CPP/include/yaml-cpp/dll.h
[9.005s] -- Up-to-date: /home/usr/usr_ws_2020/install/YAML_CPP/include/yaml-cpp/emitter.h
[9.005s] -- Up-to-date: /home/usr/usr_ws_2020/install/YAML_CPP/include/yaml-cpp/stlemitter.h
[9.005s] -- Up-to-date: /home/usr/usr_ws_2020/install/YAML_CPP/include/yaml-cpp/null.h
[9.005s] -- Up-to-date: /home/usr/usr_ws_2020/install/YAML_CPP/include/yaml-cpp/binary.h
[9.006s] -- Up-to-date: /home/usr/usr_ws_2020/install/YAML_CPP/include/yaml-cpp/contrib
[9.006s] -- Up-to-date: /home/usr/usr_ws_2020/install/YAML_CPP/include/yaml-cpp/contrib/anchordict.h
[9.007s] -- Up-to-date: /home/usr/usr_ws_2020/install/YAML_CPP/include/yaml-cpp/contrib/graphbuilder.h
[9.007s] -- Up-to-date: /home/usr/usr_ws_2020/install/YAML_CPP/include/yaml-cpp/traits.h
[9.007s] -- Up-to-date: /home/usr/usr_ws_2020/install/YAML_CPP/include/yaml-cpp/emitfromevents.h
[9.008s] -- Up-to-date: /home/usr/usr_ws_2020/install/YAML_CPP/include/yaml-cpp/emitterstyle.h
[9.008s] -- Up-to-date: /home/usr/usr_ws_2020/install/YAML_CPP/include/yaml-cpp/exceptions.h
[9.008s] -- Up-to-date: /home/usr/usr_ws_2020/install/YAML_CPP/include/yaml-cpp/noncopyable.h
[9.009s] -- Up-to-date: /home/usr/usr_ws_2020/install/YAML_CPP/include/yaml-cpp/eventhandler.h
[9.009s] -- Up-to-date: /home/usr/usr_ws_2020/install/YAML_CPP/include/yaml-cpp/emitterdef.h
[9.015s] -- Up-to-date: /home/usr/usr_ws_2020/install/YAML_CPP/include/yaml-cpp/mark.h
[9.018s] -- Up-to-date: /home/usr/usr_ws_2020/install/YAML_CPP/lib/cmake/yaml-cpp/yaml-cpp-config.cmake
[9.019s] -- Up-to-date: /home/usr/usr_ws_2020/install/YAML_CPP/lib/cmake/yaml-cpp/yaml-cpp-config-version.cmake
[9.021s] -- Up-to-date: /home/usr/usr_ws_2020/install/YAML_CPP/lib/cmake/yaml-cpp/yaml-cpp-targets.cmake
[9.032s] -- Up-to-date: /home/usr/usr_ws_2020/install/YAML_CPP/lib/cmake/yaml-cpp/yaml-cpp-targets-release.cmake
[9.033s] -- Up-to-date: /home/usr/usr_ws_2020/install/YAML_CPP/lib/pkgconfig/yaml-cpp.pc
[9.033s] -- Up-to-date: /home/usr/usr_ws_2020/install/YAML_CPP/lib/libgmock.a
[9.034s] -- Up-to-date: /home/usr/usr_ws_2020/install/YAML_CPP/lib/libgmock_main.a
[9.034s] -- Up-to-date: /home/usr/usr_ws_2020/install/YAML_CPP/include/gmock
[9.034s] -- Up-to-date: /home/usr/usr_ws_2020/install/YAML_CPP/include/gmock/gmock-generated-actions.h.pump
[9.035s] -- Up-to-date: /home/usr/usr_ws_2020/install/YAML_CPP/include/gmock/gmock.h
[9.040s] -- Up-to-date: /home/usr/usr_ws_2020/install/YAML_CPP/include/gmock/gmock-generated-matchers.h
[9.040s] -- Up-to-date: /home/usr/usr_ws_2020/install/YAML_CPP/include/gmock/internal
[9.041s] -- Up-to-date: /home/usr/usr_ws_2020/install/YAML_CPP/include/gmock/internal/gmock-generated-internal-utils.h.pump
[9.041s] -- Up-to-date: /home/usr/usr_ws_2020/install/YAML_CPP/include/gmock/internal/gmock-internal-utils.h
[9.042s] -- Up-to-date: /home/usr/usr_ws_2020/install/YAML_CPP/include/gmock/internal/gmock-port.h
[9.042s] -- Up-to-date: /home/usr/usr_ws_2020/install/YAML_CPP/include/gmock/internal/gmock-generated-internal-utils.h
[9.042s] -- Up-to-date: /home/usr/usr_ws_2020/install/YAML_CPP/include/gmock/internal/custom
[9.047s] -- Up-to-date: /home/usr/usr_ws_2020/install/YAML_CPP/include/gmock/internal/custom/gmock-generated-actions.h.pump
[9.048s] -- Up-to-date: /home/usr/usr_ws_2020/install/YAML_CPP/include/gmock/internal/custom/gmock-generated-actions.h
[9.048s] -- Up-to-date: /home/usr/usr_ws_2020/install/YAML_CPP/include/gmock/internal/custom/gmock-port.h
[9.049s] -- Up-to-date: /home/usr/usr_ws_2020/install/YAML_CPP/include/gmock/internal/custom/gmock-matchers.h
[9.049s] -- Up-to-date: /home/usr/usr_ws_2020/install/YAML_CPP/include/gmock/gmock-generated-actions.h
[9.049s] -- Up-to-date: /home/usr/usr_ws_2020/install/YAML_CPP/include/gmock/gmock-generated-nice-strict.h
[9.050s] -- Up-to-date: /home/usr/usr_ws_2020/install/YAML_CPP/include/gmock/gmock-matchers.h
[9.050s] -- Up-to-date: /home/usr/usr_ws_2020/install/YAML_CPP/include/gmock/gmock-actions.h
[9.051s] -- Up-to-date: /home/usr/usr_ws_2020/install/YAML_CPP/include/gmock/gmock-more-actions.h
[9.051s] -- Up-to-date: /home/usr/usr_ws_2020/install/YAML_CPP/include/gmock/gmock-generated-function-mockers.h
[9.052s] -- Up-to-date: /home/usr/usr_ws_2020/install/YAML_CPP/include/gmock/gmock-generated-function-mockers.h.pump
[9.053s] -- Up-to-date: /home/usr/usr_ws_2020/install/YAML_CPP/include/gmock/gmock-generated-matchers.h.pump
[9.053s] -- Up-to-date: /home/usr/usr_ws_2020/install/YAML_CPP/include/gmock/gmock-more-matchers.h
[9.053s] -- Up-to-date: /home/usr/usr_ws_2020/install/YAML_CPP/include/gmock/gmock-cardinalities.h
[9.054s] -- Up-to-date: /home/usr/usr_ws_2020/install/YAML_CPP/include/gmock/gmock-spec-builders.h
[9.082s] -- Up-to-date: /home/usr/usr_ws_2020/install/YAML_CPP/include/gmock/gmock-generated-nice-strict.h.pump
[9.083s] -- Up-to-date: /home/usr/usr_ws_2020/install/YAML_CPP/lib/libgtest.a
[9.084s] -- Up-to-date: /home/usr/usr_ws_2020/install/YAML_CPP/lib/libgtest_main.a
[9.085s] -- Up-to-date: /home/usr/usr_ws_2020/install/YAML_CPP/include/gtest
[9.085s] -- Up-to-date: /home/usr/usr_ws_2020/install/YAML_CPP/include/gtest/gtest_prod.h
[9.085s] -- Up-to-date: /home/usr/usr_ws_2020/install/YAML_CPP/include/gtest/internal
[9.086s] -- Up-to-date: /home/usr/usr_ws_2020/install/YAML_CPP/include/gtest/internal/gtest-type-util.h
[9.086s] -- Up-to-date: /home/usr/usr_ws_2020/install/YAML_CPP/include/gtest/internal/gtest-param-util-generated.h.pump
[9.087s] -- Up-to-date: /home/usr/usr_ws_2020/install/YAML_CPP/include/gtest/internal/gtest-internal.h
[9.087s] -- Up-to-date: /home/usr/usr_ws_2020/install/YAML_CPP/include/gtest/internal/gtest-type-util.h.pump
[9.087s] -- Up-to-date: /home/usr/usr_ws_2020/install/YAML_CPP/include/gtest/internal/gtest-tuple.h
[9.088s] -- Up-to-date: /home/usr/usr_ws_2020/install/YAML_CPP/include/gtest/internal/gtest-param-util-generated.h
[9.088s] -- Up-to-date: /home/usr/usr_ws_2020/install/YAML_CPP/include/gtest/internal/gtest-port.h
[9.089s] -- Up-to-date: /home/usr/usr_ws_2020/install/YAML_CPP/include/gtest/internal/gtest-string.h
[9.089s] -- Up-to-date: /home/usr/usr_ws_2020/install/YAML_CPP/include/gtest/internal/gtest-linked_ptr.h
[9.089s] -- Up-to-date: /home/usr/usr_ws_2020/install/YAML_CPP/include/gtest/internal/gtest-param-util.h
[9.090s] -- Up-to-date: /home/usr/usr_ws_2020/install/YAML_CPP/include/gtest/internal/custom
[9.090s] -- Up-to-date: /home/usr/usr_ws_2020/install/YAML_CPP/include/gtest/internal/custom/gtest-printers.h
[9.090s] -- Up-to-date: /home/usr/usr_ws_2020/install/YAML_CPP/include/gtest/internal/custom/gtest-port.h
[9.091s] -- Up-to-date: /home/usr/usr_ws_2020/install/YAML_CPP/include/gtest/internal/custom/gtest.h
[9.091s] -- Up-to-date: /home/usr/usr_ws_2020/install/YAML_CPP/include/gtest/internal/gtest-port-arch.h
[9.091s] -- Up-to-date: /home/usr/usr_ws_2020/install/YAML_CPP/include/gtest/internal/gtest-death-test-internal.h
[9.092s] -- Up-to-date: /home/usr/usr_ws_2020/install/YAML_CPP/include/gtest/internal/gtest-tuple.h.pump
[9.092s] -- Up-to-date: /home/usr/usr_ws_2020/install/YAML_CPP/include/gtest/internal/gtest-filepath.h
[9.092s] -- Up-to-date: /home/usr/usr_ws_2020/install/YAML_CPP/include/gtest/gtest-message.h
[9.092s] -- Up-to-date: /home/usr/usr_ws_2020/install/YAML_CPP/include/gtest/gtest_pred_impl.h
[9.093s] -- Up-to-date: /home/usr/usr_ws_2020/install/YAML_CPP/include/gtest/gtest-death-test.h
[9.093s] -- Up-to-date: /home/usr/usr_ws_2020/install/YAML_CPP/include/gtest/gtest-test-part.h
[9.093s] -- Up-to-date: /home/usr/usr_ws_2020/install/YAML_CPP/include/gtest/gtest-printers.h
[9.094s] -- Up-to-date: /home/usr/usr_ws_2020/install/YAML_CPP/include/gtest/gtest-typed-test.h
[9.118s] -- Up-to-date: /home/usr/usr_ws_2020/install/YAML_CPP/include/gtest/gtest-spi.h
[9.120s] -- Up-to-date: /home/usr/usr_ws_2020/install/YAML_CPP/include/gtest/gtest.h
[9.121s] -- Up-to-date: /home/usr/usr_ws_2020/install/YAML_CPP/include/gtest/gtest-param-test.h
[9.121s] -- Up-to-date: /home/usr/usr_ws_2020/install/YAML_CPP/include/gtest/gtest-param-test.h.pump
[9.125s] Invoked command in '/home/usr/usr_ws_2020/build/YAML_CPP' returned '0': /usr/bin/cmake --build /home/usr/usr_ws_2020/build/YAML_CPP --target install -- -j4 -l4
