-- The C compiler identification is GNU 7.5.0
-- The CXX compiler identification is GNU 7.5.0
-- Check for working C compiler: /usr/bin/cc
-- Check for working C compiler: /usr/bin/cc -- works
-- Detecting C compiler ABI info
-- Detecting C compiler ABI info - done
-- Detecting C compile features
-- Detecting C compile features - done
-- Check for working CXX compiler: /usr/bin/c++
-- Check for working CXX compiler: /usr/bin/c++ -- works
-- Detecting CXX compiler ABI info
-- Detecting CXX compiler ABI info - done
-- Detecting CXX compile features
-- Detecting CXX compile features - done
-- Found ament_cmake: 0.9.8 (/opt/ros/foxy/install/ament_cmake/share/ament_cmake/cmake)
-- Found PythonInterp: /usr/bin/python3 (found suitable version "3.6.9", minimum required is "3") 
-- Using PYTHON_EXECUTABLE: /usr/bin/python3
-- Override CMake install command with custom implementation using symlinks instead of copying resources
-- Found rosidl_default_generators: 1.0.1 (/opt/ros/foxy/install/rosidl_default_generators/share/rosidl_default_generators/cmake)
-- Using all available rosidl_typesupport_c: rosidl_typesupport_introspection_c;rosidl_typesupport_fastrtps_c
-- Found rosidl_adapter: 1.2.1 (/opt/ros/foxy/install/rosidl_adapter/share/rosidl_adapter/cmake)
-- Found OpenSSL: /usr/lib/aarch64-linux-gnu/libcrypto.so (found version "1.1.1") 
-- Found FastRTPS: /opt/ros/foxy/install/fastrtps/include  
-- Using all available rosidl_typesupport_cpp: rosidl_typesupport_introspection_cpp;rosidl_typesupport_fastrtps_cpp
-- Found std_msgs: 2.0.4 (/opt/ros/foxy/install/std_msgs/share/std_msgs/cmake)
-- Found PythonInterp: /usr/bin/python3 (found version "3.6.9") 
-- Found ament_cmake_cppcheck: 0.9.6 (/opt/ros/foxy/install/ament_cmake_cppcheck/share/ament_cmake_cppcheck/cmake)
-- Found ament_cmake_cpplint: 0.9.6 (/opt/ros/foxy/install/ament_cmake_cpplint/share/ament_cmake_cpplint/cmake)
-- Found ament_cmake_uncrustify: 0.9.6 (/opt/ros/foxy/install/ament_cmake_uncrustify/share/ament_cmake_uncrustify/cmake)
-- Found ament_cmake_ros: 0.9.2 (/opt/ros/foxy/install/ament_cmake_ros/share/ament_cmake_ros/cmake)
-- Using all available rosidl_typesupport_c: rosidl_typesupport_introspection_c;rosidl_typesupport_fastrtps_c
-- Using all available rosidl_typesupport_cpp: rosidl_typesupport_introspection_cpp;rosidl_typesupport_fastrtps_cpp
-- Found PythonInterp: /usr/bin/python3 (found suitable version "3.6.9", minimum required is "3.5") 
-- Found python_cmake_module: 0.8.1 (/opt/ros/foxy/install/python_cmake_module/share/python_cmake_module/cmake)
-- Found PythonLibs: /usr/lib/aarch64-linux-gnu/libpython3.6m.so (found suitable version "3.6.9", minimum required is "3.5") 
-- Using PYTHON_EXECUTABLE: /usr/bin/python3
-- Using PYTHON_INCLUDE_DIRS: /usr/include/python3.6m
-- Using PYTHON_LIBRARIES: /usr/lib/aarch64-linux-gnu/libpython3.6m.so
-- Found PythonExtra: .so  
-- Found ament_cmake_flake8: 0.9.6 (/opt/ros/foxy/install/ament_cmake_flake8/share/ament_cmake_flake8/cmake)
-- Found ament_cmake_pep257: 0.9.6 (/opt/ros/foxy/install/ament_cmake_pep257/share/ament_cmake_pep257/cmake)
-- Configuring done
-- Generating done
-- Build files have been written to: /home/usr/usr_ws_2020/build/realsense_msgs
[35m[1mScanning dependencies of target realsense_msgs__cpp[0m
[  3%] [34m[1mGenerating C code for ROS interfaces[0m
[  6%] [34m[1mGenerating C++ code for ROS interfaces[0m
[  6%] Built target realsense_msgs__cpp
[35m[1mScanning dependencies of target realsense_msgs__rosidl_generator_c[0m
[  9%] [34m[1mGenerating C++ type support dispatch for ROS interfaces[0m
[ 16%] [34m[1mGenerating C++ type support for eProsima Fast-RTPS[0m
[ 12%] [34m[1mGenerating C++ introspection for ROS interfaces[0m
[ 19%] [32mBuilding C object CMakeFiles/realsense_msgs__rosidl_generator_c.dir/rosidl_generator_c/realsense_msgs/msg/detail/imu_info__functions.c.o[0m
[ 22%] [32m[1mLinking C shared library librealsense_msgs__rosidl_generator_c.so[0m
[ 22%] Built target realsense_msgs__rosidl_generator_c
[ 25%] [34m[1mGenerating C type support dispatch for ROS interfaces[0m
[35m[1mScanning dependencies of target realsense_msgs__rosidl_typesupport_cpp[0m
[35m[1mScanning dependencies of target realsense_msgs__rosidl_typesupport_fastrtps_cpp[0m
[ 29%] [32mBuilding CXX object CMakeFiles/realsense_msgs__rosidl_typesupport_cpp.dir/rosidl_typesupport_cpp/realsense_msgs/msg/imu_info__type_support.cpp.o[0m
[35m[1mScanning dependencies of target realsense_msgs__rosidl_typesupport_introspection_cpp[0m
[ 32%] [32mBuilding CXX object CMakeFiles/realsense_msgs__rosidl_typesupport_fastrtps_cpp.dir/rosidl_typesupport_fastrtps_cpp/realsense_msgs/msg/detail/dds_fastrtps/imu_info__type_support.cpp.o[0m
[ 35%] [32mBuilding CXX object CMakeFiles/realsense_msgs__rosidl_typesupport_introspection_cpp.dir/rosidl_typesupport_introspection_cpp/realsense_msgs/msg/detail/imu_info__type_support.cpp.o[0m
[35m[1mScanning dependencies of target realsense_msgs__rosidl_typesupport_c[0m
[ 38%] [32mBuilding CXX object CMakeFiles/realsense_msgs__rosidl_typesupport_c.dir/rosidl_typesupport_c/realsense_msgs/msg/imu_info__type_support.cpp.o[0m
[ 41%] [32m[1mLinking CXX shared library librealsense_msgs__rosidl_typesupport_c.so[0m
[ 41%] Built target realsense_msgs__rosidl_typesupport_c
[ 45%] [32m[1mLinking CXX shared library librealsense_msgs__rosidl_typesupport_cpp.so[0m
[ 48%] [34m[1mGenerating C introspection for ROS interfaces[0m
[ 51%] [32m[1mLinking CXX shared library librealsense_msgs__rosidl_typesupport_introspection_cpp.so[0m
[ 51%] Built target realsense_msgs__rosidl_typesupport_cpp
[ 54%] [32m[1mLinking CXX shared library librealsense_msgs__rosidl_typesupport_fastrtps_cpp.so[0m
[ 54%] Built target realsense_msgs__rosidl_typesupport_introspection_cpp
[ 54%] Built target realsense_msgs__rosidl_typesupport_fastrtps_cpp
[35m[1mScanning dependencies of target realsense_msgs__rosidl_typesupport_introspection_c[0m
[ 58%] [32mBuilding C object CMakeFiles/realsense_msgs__rosidl_typesupport_introspection_c.dir/rosidl_typesupport_introspection_c/realsense_msgs/msg/detail/imu_info__type_support.c.o[0m
[ 61%] [32m[1mLinking C shared library librealsense_msgs__rosidl_typesupport_introspection_c.so[0m
[ 61%] Built target realsense_msgs__rosidl_typesupport_introspection_c
[ 64%] [34m[1mGenerating C type support for eProsima Fast-RTPS[0m
[35m[1mScanning dependencies of target realsense_msgs__rosidl_typesupport_fastrtps_c[0m
[ 67%] [32mBuilding CXX object CMakeFiles/realsense_msgs__rosidl_typesupport_fastrtps_c.dir/rosidl_typesupport_fastrtps_c/realsense_msgs/msg/detail/imu_info__type_support_c.cpp.o[0m
[ 70%] [32m[1mLinking CXX shared library librealsense_msgs__rosidl_typesupport_fastrtps_c.so[0m
[ 70%] Built target realsense_msgs__rosidl_typesupport_fastrtps_c
[35m[1mScanning dependencies of target realsense_msgs[0m
[ 70%] Built target realsense_msgs
[35m[1mScanning dependencies of target realsense_msgs__py[0m
[ 74%] [34m[1mGenerating Python code for ROS interfaces[0m
[ 74%] Built target realsense_msgs__py
[35m[1mScanning dependencies of target realsense_msgs__python[0m
[ 77%] [32mBuilding C object CMakeFiles/realsense_msgs__python.dir/rosidl_generator_py/realsense_msgs/msg/_imu_info_s.c.o[0m
[ 80%] [32m[1mLinking C shared library rosidl_generator_py/realsense_msgs/librealsense_msgs__python.so[0m
[ 80%] Built target realsense_msgs__python
[35m[1mScanning dependencies of target realsense_msgs__rosidl_typesupport_c__pyext[0m
[ 83%] [32mBuilding C object CMakeFiles/realsense_msgs__rosidl_typesupport_c__pyext.dir/rosidl_generator_py/realsense_msgs/_realsense_msgs_s.ep.rosidl_typesupport_c.c.o[0m
[ 87%] [32m[1mLinking C shared library rosidl_generator_py/realsense_msgs/realsense_msgs_s__rosidl_typesupport_c.cpython-36m-aarch64-linux-gnu.so[0m
[ 87%] Built target realsense_msgs__rosidl_typesupport_c__pyext
[35m[1mScanning dependencies of target realsense_msgs__rosidl_typesupport_fastrtps_c__pyext[0m
[ 90%] [32mBuilding C object CMakeFiles/realsense_msgs__rosidl_typesupport_fastrtps_c__pyext.dir/rosidl_generator_py/realsense_msgs/_realsense_msgs_s.ep.rosidl_typesupport_fastrtps_c.c.o[0m
[ 93%] [32m[1mLinking CXX shared library rosidl_generator_py/realsense_msgs/realsense_msgs_s__rosidl_typesupport_fastrtps_c.cpython-36m-aarch64-linux-gnu.so[0m
[ 93%] Built target realsense_msgs__rosidl_typesupport_fastrtps_c__pyext
[35m[1mScanning dependencies of target realsense_msgs__rosidl_typesupport_introspection_c__pyext[0m
[ 96%] [32mBuilding C object CMakeFiles/realsense_msgs__rosidl_typesupport_introspection_c__pyext.dir/rosidl_generator_py/realsense_msgs/_realsense_msgs_s.ep.rosidl_typesupport_introspection_c.c.o[0m
[100%] [32m[1mLinking C shared library rosidl_generator_py/realsense_msgs/realsense_msgs_s__rosidl_typesupport_introspection_c.cpython-36m-aarch64-linux-gnu.so[0m
[100%] Built target realsense_msgs__rosidl_typesupport_introspection_c__pyext
[  9%] Built target realsense_msgs__rosidl_generator_c
[ 12%] Built target realsense_msgs__cpp
[ 22%] Built target realsense_msgs__rosidl_typesupport_introspection_c
[ 32%] Built target realsense_msgs__rosidl_typesupport_cpp
[ 41%] Built target realsense_msgs__rosidl_typesupport_fastrtps_cpp
[ 51%] Built target realsense_msgs__rosidl_typesupport_introspection_cpp
[ 61%] Built target realsense_msgs__rosidl_typesupport_fastrtps_c
[ 70%] Built target realsense_msgs__rosidl_typesupport_c
[ 70%] Built target realsense_msgs
[ 74%] Built target realsense_msgs__py
[ 80%] Built target realsense_msgs__python
[ 87%] Built target realsense_msgs__rosidl_typesupport_c__pyext
[ 93%] Built target realsense_msgs__rosidl_typesupport_fastrtps_c__pyext
[100%] Built target realsense_msgs__rosidl_typesupport_introspection_c__pyext
[36mInstall the project...[0m
-- Install configuration: ""
-- Execute custom install script
-- Symlinking: /home/usr/usr_ws_2020/install/realsense_msgs/share/ament_index/resource_index/rosidl_interfaces/realsense_msgs
-- Symlinking: /home/usr/usr_ws_2020/install/realsense_msgs/include/realsense_msgs/msg/detail/imu_info__functions.h
-- Symlinking: /home/usr/usr_ws_2020/install/realsense_msgs/include/realsense_msgs/msg/detail/imu_info__struct.h
-- Symlinking: /home/usr/usr_ws_2020/install/realsense_msgs/include/realsense_msgs/msg/detail/imu_info__type_support.h
-- Symlinking: /home/usr/usr_ws_2020/install/realsense_msgs/include/realsense_msgs/msg/imu_info.h
-- Symlinking: /home/usr/usr_ws_2020/install/realsense_msgs/include/realsense_msgs/msg/rosidl_generator_c__visibility_control.h
-- Symlinking: /home/usr/usr_ws_2020/install/realsense_msgs/share/realsense_msgs/environment/library_path.sh
-- Symlinking: /home/usr/usr_ws_2020/install/realsense_msgs/share/realsense_msgs/environment/library_path.dsv
-- Symlinking: /home/usr/usr_ws_2020/install/realsense_msgs/include/realsense_msgs/msg/detail/imu_info__rosidl_typesupport_introspection_c.h
-- Symlinking: /home/usr/usr_ws_2020/install/realsense_msgs/include/realsense_msgs/msg/rosidl_typesupport_introspection_c__visibility_control.h
-- Symlinking: /home/usr/usr_ws_2020/install/realsense_msgs/include/realsense_msgs/msg/detail/imu_info__rosidl_typesupport_fastrtps_c.h
-- Symlinking: /home/usr/usr_ws_2020/install/realsense_msgs/include/realsense_msgs/msg/rosidl_typesupport_fastrtps_c__visibility_control.h
-- Symlinking: /home/usr/usr_ws_2020/install/realsense_msgs/lib/librealsense_msgs__rosidl_typesupport_fastrtps_c.so
-- Symlinking: /home/usr/usr_ws_2020/install/realsense_msgs/include/realsense_msgs/msg/detail/imu_info__rosidl_typesupport_fastrtps_cpp.hpp
-- Symlinking: /home/usr/usr_ws_2020/install/realsense_msgs/include/realsense_msgs/msg/rosidl_typesupport_fastrtps_cpp__visibility_control.h
-- Symlinking: /home/usr/usr_ws_2020/install/realsense_msgs/lib/librealsense_msgs__rosidl_typesupport_fastrtps_cpp.so
-- Symlinking: /home/usr/usr_ws_2020/install/realsense_msgs/include/realsense_msgs/msg/detail/imu_info__builder.hpp
-- Symlinking: /home/usr/usr_ws_2020/install/realsense_msgs/include/realsense_msgs/msg/detail/imu_info__struct.hpp
-- Symlinking: /home/usr/usr_ws_2020/install/realsense_msgs/include/realsense_msgs/msg/detail/imu_info__traits.hpp
-- Symlinking: /home/usr/usr_ws_2020/install/realsense_msgs/include/realsense_msgs/msg/imu_info.hpp
-- Symlinking: /home/usr/usr_ws_2020/install/realsense_msgs/include/realsense_msgs/msg/detail/imu_info__rosidl_typesupport_introspection_cpp.hpp
-- Symlinking: /home/usr/usr_ws_2020/install/realsense_msgs/share/realsense_msgs/environment/pythonpath.sh
-- Symlinking: /home/usr/usr_ws_2020/install/realsense_msgs/share/realsense_msgs/environment/pythonpath.dsv
-- Symlinking: /home/usr/usr_ws_2020/install/realsense_msgs/lib/python3.6/site-packages/realsense_msgs/__init__.py
-- Symlinking: /home/usr/usr_ws_2020/install/realsense_msgs/lib/python3.6/site-packages/realsense_msgs/msg/__init__.py
-- Symlinking: /home/usr/usr_ws_2020/install/realsense_msgs/lib/python3.6/site-packages/realsense_msgs/msg/_imu_info.py
-- Symlinking: /home/usr/usr_ws_2020/install/realsense_msgs/lib/python3.6/site-packages/realsense_msgs/realsense_msgs_s__rosidl_typesupport_introspection_c.cpython-36m-aarch64-linux-gnu.so
-- Symlinking: /home/usr/usr_ws_2020/install/realsense_msgs/lib/python3.6/site-packages/realsense_msgs/realsense_msgs_s__rosidl_typesupport_fastrtps_c.cpython-36m-aarch64-linux-gnu.so
-- Symlinking: /home/usr/usr_ws_2020/install/realsense_msgs/lib/python3.6/site-packages/realsense_msgs/realsense_msgs_s__rosidl_typesupport_c.cpython-36m-aarch64-linux-gnu.so
-- Symlinking: /home/usr/usr_ws_2020/install/realsense_msgs/lib/librealsense_msgs__python.so
-- Symlinking: /home/usr/usr_ws_2020/install/realsense_msgs/share/realsense_msgs/msg/IMUInfo.idl
-- Symlinking: /home/usr/usr_ws_2020/install/realsense_msgs/share/realsense_msgs/msg/IMUInfo.msg
-- Symlinking: /home/usr/usr_ws_2020/install/realsense_msgs/share/ament_index/resource_index/package_run_dependencies/realsense_msgs
-- Symlinking: /home/usr/usr_ws_2020/install/realsense_msgs/share/ament_index/resource_index/parent_prefix_path/realsense_msgs
-- Symlinking: /home/usr/usr_ws_2020/install/realsense_msgs/share/realsense_msgs/environment/ament_prefix_path.sh
-- Symlinking: /home/usr/usr_ws_2020/install/realsense_msgs/share/realsense_msgs/environment/ament_prefix_path.dsv
-- Symlinking: /home/usr/usr_ws_2020/install/realsense_msgs/share/realsense_msgs/environment/path.sh
-- Symlinking: /home/usr/usr_ws_2020/install/realsense_msgs/share/realsense_msgs/environment/path.dsv
-- Symlinking: /home/usr/usr_ws_2020/install/realsense_msgs/share/realsense_msgs/local_setup.bash
-- Symlinking: /home/usr/usr_ws_2020/install/realsense_msgs/share/realsense_msgs/local_setup.sh
-- Symlinking: /home/usr/usr_ws_2020/install/realsense_msgs/share/realsense_msgs/local_setup.zsh
-- Symlinking: /home/usr/usr_ws_2020/install/realsense_msgs/share/realsense_msgs/local_setup.dsv
-- Symlinking: /home/usr/usr_ws_2020/install/realsense_msgs/share/realsense_msgs/package.dsv
-- Symlinking: /home/usr/usr_ws_2020/install/realsense_msgs/share/ament_index/resource_index/packages/realsense_msgs
-- Symlinking: /home/usr/usr_ws_2020/install/realsense_msgs/share/realsense_msgs/cmake/rosidl_cmake-extras.cmake
-- Symlinking: /home/usr/usr_ws_2020/install/realsense_msgs/share/realsense_msgs/cmake/ament_cmake_export_dependencies-extras.cmake
-- Symlinking: /home/usr/usr_ws_2020/install/realsense_msgs/share/realsense_msgs/cmake/ament_cmake_export_libraries-extras.cmake
-- Symlinking: /home/usr/usr_ws_2020/install/realsense_msgs/share/realsense_msgs/cmake/ament_cmake_export_targets-extras.cmake
-- Symlinking: /home/usr/usr_ws_2020/install/realsense_msgs/share/realsense_msgs/cmake/ament_cmake_export_include_directories-extras.cmake
-- Symlinking: /home/usr/usr_ws_2020/install/realsense_msgs/share/realsense_msgs/cmake/rosidl_cmake_export_typesupport_targets-extras.cmake
-- Symlinking: /home/usr/usr_ws_2020/install/realsense_msgs/share/realsense_msgs/cmake/rosidl_cmake_export_typesupport_libraries-extras.cmake
-- Symlinking: /home/usr/usr_ws_2020/install/realsense_msgs/share/realsense_msgs/cmake/realsense_msgsConfig.cmake
-- Symlinking: /home/usr/usr_ws_2020/install/realsense_msgs/share/realsense_msgs/cmake/realsense_msgsConfig-version.cmake
-- Symlinking: /home/usr/usr_ws_2020/install/realsense_msgs/share/realsense_msgs/package.xml
-- Installing: /home/usr/usr_ws_2020/install/realsense_msgs/lib/librealsense_msgs__rosidl_generator_c.so
-- Set runtime path of "/home/usr/usr_ws_2020/install/realsense_msgs/lib/librealsense_msgs__rosidl_generator_c.so" to ""
-- Installing: /home/usr/usr_ws_2020/install/realsense_msgs/lib/librealsense_msgs__rosidl_typesupport_introspection_c.so
-- Set runtime path of "/home/usr/usr_ws_2020/install/realsense_msgs/lib/librealsense_msgs__rosidl_typesupport_introspection_c.so" to ""
-- Installing: /home/usr/usr_ws_2020/install/realsense_msgs/lib/librealsense_msgs__rosidl_typesupport_c.so
-- Set runtime path of "/home/usr/usr_ws_2020/install/realsense_msgs/lib/librealsense_msgs__rosidl_typesupport_c.so" to ""
-- Installing: /home/usr/usr_ws_2020/install/realsense_msgs/lib/librealsense_msgs__rosidl_typesupport_introspection_cpp.so
-- Set runtime path of "/home/usr/usr_ws_2020/install/realsense_msgs/lib/librealsense_msgs__rosidl_typesupport_introspection_cpp.so" to ""
-- Installing: /home/usr/usr_ws_2020/install/realsense_msgs/lib/librealsense_msgs__rosidl_typesupport_cpp.so
-- Set runtime path of "/home/usr/usr_ws_2020/install/realsense_msgs/lib/librealsense_msgs__rosidl_typesupport_cpp.so" to ""
Compiling '/home/usr/usr_ws_2020/install/realsense_msgs/lib/python3.6/site-packages/realsense_msgs/__init__.py'...
-- Installing: /home/usr/usr_ws_2020/install/realsense_msgs/share/realsense_msgs/cmake/realsense_msgs__rosidl_generator_cExport.cmake
-- Installing: /home/usr/usr_ws_2020/install/realsense_msgs/share/realsense_msgs/cmake/realsense_msgs__rosidl_generator_cExport-noconfig.cmake
-- Installing: /home/usr/usr_ws_2020/install/realsense_msgs/share/realsense_msgs/cmake/realsense_msgs__rosidl_typesupport_introspection_cExport.cmake
-- Installing: /home/usr/usr_ws_2020/install/realsense_msgs/share/realsense_msgs/cmake/realsense_msgs__rosidl_typesupport_introspection_cExport-noconfig.cmake
-- Installing: /home/usr/usr_ws_2020/install/realsense_msgs/share/realsense_msgs/cmake/realsense_msgs__rosidl_typesupport_cExport.cmake
-- Installing: /home/usr/usr_ws_2020/install/realsense_msgs/share/realsense_msgs/cmake/realsense_msgs__rosidl_typesupport_cExport-noconfig.cmake
-- Installing: /home/usr/usr_ws_2020/install/realsense_msgs/share/realsense_msgs/cmake/realsense_msgs__rosidl_generator_cppExport.cmake
-- Installing: /home/usr/usr_ws_2020/install/realsense_msgs/share/realsense_msgs/cmake/realsense_msgs__rosidl_typesupport_introspection_cppExport.cmake
-- Installing: /home/usr/usr_ws_2020/install/realsense_msgs/share/realsense_msgs/cmake/realsense_msgs__rosidl_typesupport_introspection_cppExport-noconfig.cmake
-- Installing: /home/usr/usr_ws_2020/install/realsense_msgs/share/realsense_msgs/cmake/realsense_msgs__rosidl_typesupport_cppExport.cmake
-- Installing: /home/usr/usr_ws_2020/install/realsense_msgs/share/realsense_msgs/cmake/realsense_msgs__rosidl_typesupport_cppExport-noconfig.cmake
