[0.389s] Invoking command in '/home/usr/usr_ws_2020/build/realsense_msgs': CMAKE_PREFIX_PATH=${CMAKE_PREFIX_PATH}:/opt/ros/foxy/install/ros2bag:/opt/ros/foxy/install/sros2:/opt/ros/foxy/install/ros2topic:/opt/ros/foxy/install/ros2test:/opt/ros/foxy/install/ros2component:/opt/ros/foxy/install/ros2param:/opt/ros/foxy/install/ros2lifecycle:/opt/ros/foxy/install/ros2service:/opt/ros/foxy/install/ros2run:/opt/ros/foxy/install/ros2launch:/opt/ros/foxy/install/ros2pkg:/opt/ros/foxy/install/ros2node:/opt/ros/foxy/install/ros2multicast:/opt/ros/foxy/install/ros2interface:/opt/ros/foxy/install/ros2doctor:/opt/ros/foxy/install/ros2action:/opt/ros/foxy/install/ros2cli:/opt/ros/foxy/install/launch_testing_ros:/opt/ros/foxy/install/launch_ros:/opt/ros/foxy/install/ament_uncrustify:/opt/ros/foxy/install/rpyutils:/opt/ros/foxy/install/rosidl_runtime_py:/opt/ros/foxy/install/launch_yaml:/opt/ros/foxy/install/launch_xml:/opt/ros/foxy/install/launch_testing:/opt/ros/foxy/install/launch:/opt/ros/foxy/install/osrf_pycommon:/opt/ros/foxy/install/domain_coordinator:/opt/ros/foxy/install/ament_xmllint:/opt/ros/foxy/install/ament_pep257:/opt/ros/foxy/install/ament_package:/opt/ros/foxy/install/ament_mypy:/opt/ros/foxy/install/ament_lint_cmake:/opt/ros/foxy/install/ament_flake8:/opt/ros/foxy/install/ament_copyright:/opt/ros/foxy/install/ament_lint:/opt/ros/foxy/install/ament_index_python:/opt/ros/foxy/install/ament_cpplint:/opt/ros/foxy/install/ament_cppcheck /usr/bin/cmake /home/usr/usr_ws_2020/src/ros2_intel_realsense/realsense_msgs -DAMENT_CMAKE_SYMLINK_INSTALL=1 -DCMAKE_INSTALL_PREFIX=/home/usr/usr_ws_2020/install/realsense_msgs
[0.688s] -- The C compiler identification is GNU 7.5.0
[0.948s] -- The CXX compiler identification is GNU 7.5.0
[0.980s] -- Check for working C compiler: /usr/bin/cc
[1.338s] -- Check for working C compiler: /usr/bin/cc -- works
[1.347s] -- Detecting C compiler ABI info
[1.680s] -- Detecting C compiler ABI info - done
[1.702s] -- Detecting C compile features
[2.771s] -- Detecting C compile features - done
[2.781s] -- Check for working CXX compiler: /usr/bin/c++
[3.140s] -- Check for working CXX compiler: /usr/bin/c++ -- works
[3.142s] -- Detecting CXX compiler ABI info
[3.496s] -- Detecting CXX compiler ABI info - done
[3.517s] -- Detecting CXX compile features
[5.108s] -- Detecting CXX compile features - done
[5.163s] -- Found ament_cmake: 0.9.8 (/opt/ros/foxy/install/ament_cmake/share/ament_cmake/cmake)
[5.490s] -- Found PythonInterp: /usr/bin/python3 (found suitable version "3.6.9", minimum required is "3") 
[5.492s] -- Using PYTHON_EXECUTABLE: /usr/bin/python3
[6.767s] -- Override CMake install command with custom implementation using symlinks instead of copying resources
[7.251s] -- Found rosidl_default_generators: 1.0.1 (/opt/ros/foxy/install/rosidl_default_generators/share/rosidl_default_generators/cmake)
[7.518s] -- Using all available rosidl_typesupport_c: rosidl_typesupport_introspection_c;rosidl_typesupport_fastrtps_c
[7.600s] -- Found rosidl_adapter: 1.2.1 (/opt/ros/foxy/install/rosidl_adapter/share/rosidl_adapter/cmake)
[8.280s] -- Found OpenSSL: /usr/lib/aarch64-linux-gnu/libcrypto.so (found version "1.1.1") 
[8.415s] -- Found FastRTPS: /opt/ros/foxy/install/fastrtps/include  
[9.152s] -- Using all available rosidl_typesupport_cpp: rosidl_typesupport_introspection_cpp;rosidl_typesupport_fastrtps_cpp
[9.510s] -- Found std_msgs: 2.0.4 (/opt/ros/foxy/install/std_msgs/share/std_msgs/cmake)
[10.499s] -- Found PythonInterp: /usr/bin/python3 (found version "3.6.9") 
[13.519s] -- Found ament_cmake_cppcheck: 0.9.6 (/opt/ros/foxy/install/ament_cmake_cppcheck/share/ament_cmake_cppcheck/cmake)
[13.588s] -- Found ament_cmake_cpplint: 0.9.6 (/opt/ros/foxy/install/ament_cmake_cpplint/share/ament_cmake_cpplint/cmake)
[13.609s] -- Found ament_cmake_uncrustify: 0.9.6 (/opt/ros/foxy/install/ament_cmake_uncrustify/share/ament_cmake_uncrustify/cmake)
[14.028s] -- Found ament_cmake_ros: 0.9.2 (/opt/ros/foxy/install/ament_cmake_ros/share/ament_cmake_ros/cmake)
[16.019s] -- Using all available rosidl_typesupport_c: rosidl_typesupport_introspection_c;rosidl_typesupport_fastrtps_c
[17.153s] -- Using all available rosidl_typesupport_cpp: rosidl_typesupport_introspection_cpp;rosidl_typesupport_fastrtps_cpp
[17.997s] -- Found PythonInterp: /usr/bin/python3 (found suitable version "3.6.9", minimum required is "3.5") 
[18.035s] -- Found python_cmake_module: 0.8.1 (/opt/ros/foxy/install/python_cmake_module/share/python_cmake_module/cmake)
[18.646s] -- Found PythonLibs: /usr/lib/aarch64-linux-gnu/libpython3.6m.so (found suitable version "3.6.9", minimum required is "3.5") 
[18.648s] -- Using PYTHON_EXECUTABLE: /usr/bin/python3
[18.651s] -- Using PYTHON_INCLUDE_DIRS: /usr/include/python3.6m
[18.651s] -- Using PYTHON_LIBRARIES: /usr/lib/aarch64-linux-gnu/libpython3.6m.so
[19.097s] -- Found PythonExtra: .so  
[21.479s] -- Found ament_cmake_flake8: 0.9.6 (/opt/ros/foxy/install/ament_cmake_flake8/share/ament_cmake_flake8/cmake)
[21.595s] -- Found ament_cmake_pep257: 0.9.6 (/opt/ros/foxy/install/ament_cmake_pep257/share/ament_cmake_pep257/cmake)
[21.776s] -- Configuring done
[22.560s] -- Generating done
[22.586s] -- Build files have been written to: /home/usr/usr_ws_2020/build/realsense_msgs
[22.655s] Invoked command in '/home/usr/usr_ws_2020/build/realsense_msgs' returned '0': CMAKE_PREFIX_PATH=${CMAKE_PREFIX_PATH}:/opt/ros/foxy/install/ros2bag:/opt/ros/foxy/install/sros2:/opt/ros/foxy/install/ros2topic:/opt/ros/foxy/install/ros2test:/opt/ros/foxy/install/ros2component:/opt/ros/foxy/install/ros2param:/opt/ros/foxy/install/ros2lifecycle:/opt/ros/foxy/install/ros2service:/opt/ros/foxy/install/ros2run:/opt/ros/foxy/install/ros2launch:/opt/ros/foxy/install/ros2pkg:/opt/ros/foxy/install/ros2node:/opt/ros/foxy/install/ros2multicast:/opt/ros/foxy/install/ros2interface:/opt/ros/foxy/install/ros2doctor:/opt/ros/foxy/install/ros2action:/opt/ros/foxy/install/ros2cli:/opt/ros/foxy/install/launch_testing_ros:/opt/ros/foxy/install/launch_ros:/opt/ros/foxy/install/ament_uncrustify:/opt/ros/foxy/install/rpyutils:/opt/ros/foxy/install/rosidl_runtime_py:/opt/ros/foxy/install/launch_yaml:/opt/ros/foxy/install/launch_xml:/opt/ros/foxy/install/launch_testing:/opt/ros/foxy/install/launch:/opt/ros/foxy/install/osrf_pycommon:/opt/ros/foxy/install/domain_coordinator:/opt/ros/foxy/install/ament_xmllint:/opt/ros/foxy/install/ament_pep257:/opt/ros/foxy/install/ament_package:/opt/ros/foxy/install/ament_mypy:/opt/ros/foxy/install/ament_lint_cmake:/opt/ros/foxy/install/ament_flake8:/opt/ros/foxy/install/ament_copyright:/opt/ros/foxy/install/ament_lint:/opt/ros/foxy/install/ament_index_python:/opt/ros/foxy/install/ament_cpplint:/opt/ros/foxy/install/ament_cppcheck /usr/bin/cmake /home/usr/usr_ws_2020/src/ros2_intel_realsense/realsense_msgs -DAMENT_CMAKE_SYMLINK_INSTALL=1 -DCMAKE_INSTALL_PREFIX=/home/usr/usr_ws_2020/install/realsense_msgs
[22.660s] Invoking command in '/home/usr/usr_ws_2020/build/realsense_msgs': CMAKE_PREFIX_PATH=${CMAKE_PREFIX_PATH}:/opt/ros/foxy/install/ros2bag:/opt/ros/foxy/install/sros2:/opt/ros/foxy/install/ros2topic:/opt/ros/foxy/install/ros2test:/opt/ros/foxy/install/ros2component:/opt/ros/foxy/install/ros2param:/opt/ros/foxy/install/ros2lifecycle:/opt/ros/foxy/install/ros2service:/opt/ros/foxy/install/ros2run:/opt/ros/foxy/install/ros2launch:/opt/ros/foxy/install/ros2pkg:/opt/ros/foxy/install/ros2node:/opt/ros/foxy/install/ros2multicast:/opt/ros/foxy/install/ros2interface:/opt/ros/foxy/install/ros2doctor:/opt/ros/foxy/install/ros2action:/opt/ros/foxy/install/ros2cli:/opt/ros/foxy/install/launch_testing_ros:/opt/ros/foxy/install/launch_ros:/opt/ros/foxy/install/ament_uncrustify:/opt/ros/foxy/install/rpyutils:/opt/ros/foxy/install/rosidl_runtime_py:/opt/ros/foxy/install/launch_yaml:/opt/ros/foxy/install/launch_xml:/opt/ros/foxy/install/launch_testing:/opt/ros/foxy/install/launch:/opt/ros/foxy/install/osrf_pycommon:/opt/ros/foxy/install/domain_coordinator:/opt/ros/foxy/install/ament_xmllint:/opt/ros/foxy/install/ament_pep257:/opt/ros/foxy/install/ament_package:/opt/ros/foxy/install/ament_mypy:/opt/ros/foxy/install/ament_lint_cmake:/opt/ros/foxy/install/ament_flake8:/opt/ros/foxy/install/ament_copyright:/opt/ros/foxy/install/ament_lint:/opt/ros/foxy/install/ament_index_python:/opt/ros/foxy/install/ament_cpplint:/opt/ros/foxy/install/ament_cppcheck /usr/bin/cmake --build /home/usr/usr_ws_2020/build/realsense_msgs -- -j4 -l4
[23.579s] [35m[1mScanning dependencies of target realsense_msgs__cpp[0m
[23.596s] [  3%] [34m[1mGenerating C code for ROS interfaces[0m
[23.801s] [  6%] [34m[1mGenerating C++ code for ROS interfaces[0m
[28.071s] [  6%] Built target realsense_msgs__cpp
[28.111s] [35m[1mScanning dependencies of target realsense_msgs__rosidl_generator_c[0m
[28.269s] [  9%] [34m[1mGenerating C++ type support dispatch for ROS interfaces[0m
[28.272s] [ 16%] [34m[1mGenerating C++ type support for eProsima Fast-RTPS[0m
[28.277s] [ 12%] [34m[1mGenerating C++ introspection for ROS interfaces[0m
[28.396s] [ 19%] [32mBuilding C object CMakeFiles/realsense_msgs__rosidl_generator_c.dir/rosidl_generator_c/realsense_msgs/msg/detail/imu_info__functions.c.o[0m
[29.117s] [ 22%] [32m[1mLinking C shared library librealsense_msgs__rosidl_generator_c.so[0m
[29.771s] [ 22%] Built target realsense_msgs__rosidl_generator_c
[30.007s] [ 25%] [34m[1mGenerating C type support dispatch for ROS interfaces[0m
[32.857s] [35m[1mScanning dependencies of target realsense_msgs__rosidl_typesupport_cpp[0m
[33.031s] [35m[1mScanning dependencies of target realsense_msgs__rosidl_typesupport_fastrtps_cpp[0m
[33.145s] [ 29%] [32mBuilding CXX object CMakeFiles/realsense_msgs__rosidl_typesupport_cpp.dir/rosidl_typesupport_cpp/realsense_msgs/msg/imu_info__type_support.cpp.o[0m
[33.296s] [35m[1mScanning dependencies of target realsense_msgs__rosidl_typesupport_introspection_cpp[0m
[33.379s] [ 32%] [32mBuilding CXX object CMakeFiles/realsense_msgs__rosidl_typesupport_fastrtps_cpp.dir/rosidl_typesupport_fastrtps_cpp/realsense_msgs/msg/detail/dds_fastrtps/imu_info__type_support.cpp.o[0m
[33.659s] [ 35%] [32mBuilding CXX object CMakeFiles/realsense_msgs__rosidl_typesupport_introspection_cpp.dir/rosidl_typesupport_introspection_cpp/realsense_msgs/msg/detail/imu_info__type_support.cpp.o[0m
[34.759s] [35m[1mScanning dependencies of target realsense_msgs__rosidl_typesupport_c[0m
[35.091s] [ 38%] [32mBuilding CXX object CMakeFiles/realsense_msgs__rosidl_typesupport_c.dir/rosidl_typesupport_c/realsense_msgs/msg/imu_info__type_support.cpp.o[0m
[35.583s] [ 41%] [32m[1mLinking CXX shared library librealsense_msgs__rosidl_typesupport_c.so[0m
[36.198s] [ 41%] Built target realsense_msgs__rosidl_typesupport_c
[36.373s] [ 45%] [32m[1mLinking CXX shared library librealsense_msgs__rosidl_typesupport_cpp.so[0m
[36.426s] [ 48%] [34m[1mGenerating C introspection for ROS interfaces[0m
[36.762s] [ 51%] [32m[1mLinking CXX shared library librealsense_msgs__rosidl_typesupport_introspection_cpp.so[0m
[37.011s] [ 51%] Built target realsense_msgs__rosidl_typesupport_cpp
[37.251s] [ 54%] [32m[1mLinking CXX shared library librealsense_msgs__rosidl_typesupport_fastrtps_cpp.so[0m
[37.507s] [ 54%] Built target realsense_msgs__rosidl_typesupport_introspection_cpp
[38.350s] [ 54%] Built target realsense_msgs__rosidl_typesupport_fastrtps_cpp
[39.004s] [35m[1mScanning dependencies of target realsense_msgs__rosidl_typesupport_introspection_c[0m
[39.164s] [ 58%] [32mBuilding C object CMakeFiles/realsense_msgs__rosidl_typesupport_introspection_c.dir/rosidl_typesupport_introspection_c/realsense_msgs/msg/detail/imu_info__type_support.c.o[0m
[39.545s] [ 61%] [32m[1mLinking C shared library librealsense_msgs__rosidl_typesupport_introspection_c.so[0m
[39.984s] [ 61%] Built target realsense_msgs__rosidl_typesupport_introspection_c
[40.188s] [ 64%] [34m[1mGenerating C type support for eProsima Fast-RTPS[0m
[42.776s] [35m[1mScanning dependencies of target realsense_msgs__rosidl_typesupport_fastrtps_c[0m
[43.000s] [ 67%] [32mBuilding CXX object CMakeFiles/realsense_msgs__rosidl_typesupport_fastrtps_c.dir/rosidl_typesupport_fastrtps_c/realsense_msgs/msg/detail/imu_info__type_support_c.cpp.o[0m
[45.717s] [ 70%] [32m[1mLinking CXX shared library librealsense_msgs__rosidl_typesupport_fastrtps_c.so[0m
[46.332s] [ 70%] Built target realsense_msgs__rosidl_typesupport_fastrtps_c
[46.520s] [35m[1mScanning dependencies of target realsense_msgs[0m
[46.739s] [ 70%] Built target realsense_msgs
[46.912s] [35m[1mScanning dependencies of target realsense_msgs__py[0m
[47.081s] [ 74%] [34m[1mGenerating Python code for ROS interfaces[0m
[51.371s] [ 74%] Built target realsense_msgs__py
[51.549s] [35m[1mScanning dependencies of target realsense_msgs__python[0m
[51.793s] [ 77%] [32mBuilding C object CMakeFiles/realsense_msgs__python.dir/rosidl_generator_py/realsense_msgs/msg/_imu_info_s.c.o[0m
[52.605s] [ 80%] [32m[1mLinking C shared library rosidl_generator_py/realsense_msgs/librealsense_msgs__python.so[0m
[52.935s] [ 80%] Built target realsense_msgs__python
[53.004s] [35m[1mScanning dependencies of target realsense_msgs__rosidl_typesupport_c__pyext[0m
[53.181s] [ 83%] [32mBuilding C object CMakeFiles/realsense_msgs__rosidl_typesupport_c__pyext.dir/rosidl_generator_py/realsense_msgs/_realsense_msgs_s.ep.rosidl_typesupport_c.c.o[0m
[53.655s] [ 87%] [32m[1mLinking C shared library rosidl_generator_py/realsense_msgs/realsense_msgs_s__rosidl_typesupport_c.cpython-36m-aarch64-linux-gnu.so[0m
[53.890s] [ 87%] Built target realsense_msgs__rosidl_typesupport_c__pyext
[54.051s] [35m[1mScanning dependencies of target realsense_msgs__rosidl_typesupport_fastrtps_c__pyext[0m
[54.353s] [ 90%] [32mBuilding C object CMakeFiles/realsense_msgs__rosidl_typesupport_fastrtps_c__pyext.dir/rosidl_generator_py/realsense_msgs/_realsense_msgs_s.ep.rosidl_typesupport_fastrtps_c.c.o[0m
[54.893s] [ 93%] [32m[1mLinking CXX shared library rosidl_generator_py/realsense_msgs/realsense_msgs_s__rosidl_typesupport_fastrtps_c.cpython-36m-aarch64-linux-gnu.so[0m
[55.329s] [ 93%] Built target realsense_msgs__rosidl_typesupport_fastrtps_c__pyext
[55.480s] [35m[1mScanning dependencies of target realsense_msgs__rosidl_typesupport_introspection_c__pyext[0m
[55.721s] [ 96%] [32mBuilding C object CMakeFiles/realsense_msgs__rosidl_typesupport_introspection_c__pyext.dir/rosidl_generator_py/realsense_msgs/_realsense_msgs_s.ep.rosidl_typesupport_introspection_c.c.o[0m
[56.328s] [100%] [32m[1mLinking C shared library rosidl_generator_py/realsense_msgs/realsense_msgs_s__rosidl_typesupport_introspection_c.cpython-36m-aarch64-linux-gnu.so[0m
[56.648s] [100%] Built target realsense_msgs__rosidl_typesupport_introspection_c__pyext
[56.718s] Invoked command in '/home/usr/usr_ws_2020/build/realsense_msgs' returned '0': CMAKE_PREFIX_PATH=${CMAKE_PREFIX_PATH}:/opt/ros/foxy/install/ros2bag:/opt/ros/foxy/install/sros2:/opt/ros/foxy/install/ros2topic:/opt/ros/foxy/install/ros2test:/opt/ros/foxy/install/ros2component:/opt/ros/foxy/install/ros2param:/opt/ros/foxy/install/ros2lifecycle:/opt/ros/foxy/install/ros2service:/opt/ros/foxy/install/ros2run:/opt/ros/foxy/install/ros2launch:/opt/ros/foxy/install/ros2pkg:/opt/ros/foxy/install/ros2node:/opt/ros/foxy/install/ros2multicast:/opt/ros/foxy/install/ros2interface:/opt/ros/foxy/install/ros2doctor:/opt/ros/foxy/install/ros2action:/opt/ros/foxy/install/ros2cli:/opt/ros/foxy/install/launch_testing_ros:/opt/ros/foxy/install/launch_ros:/opt/ros/foxy/install/ament_uncrustify:/opt/ros/foxy/install/rpyutils:/opt/ros/foxy/install/rosidl_runtime_py:/opt/ros/foxy/install/launch_yaml:/opt/ros/foxy/install/launch_xml:/opt/ros/foxy/install/launch_testing:/opt/ros/foxy/install/launch:/opt/ros/foxy/install/osrf_pycommon:/opt/ros/foxy/install/domain_coordinator:/opt/ros/foxy/install/ament_xmllint:/opt/ros/foxy/install/ament_pep257:/opt/ros/foxy/install/ament_package:/opt/ros/foxy/install/ament_mypy:/opt/ros/foxy/install/ament_lint_cmake:/opt/ros/foxy/install/ament_flake8:/opt/ros/foxy/install/ament_copyright:/opt/ros/foxy/install/ament_lint:/opt/ros/foxy/install/ament_index_python:/opt/ros/foxy/install/ament_cpplint:/opt/ros/foxy/install/ament_cppcheck /usr/bin/cmake --build /home/usr/usr_ws_2020/build/realsense_msgs -- -j4 -l4
[58.114s] Invoking command in '/home/usr/usr_ws_2020/build/realsense_msgs': CMAKE_PREFIX_PATH=${CMAKE_PREFIX_PATH}:/opt/ros/foxy/install/ros2bag:/opt/ros/foxy/install/sros2:/opt/ros/foxy/install/ros2topic:/opt/ros/foxy/install/ros2test:/opt/ros/foxy/install/ros2component:/opt/ros/foxy/install/ros2param:/opt/ros/foxy/install/ros2lifecycle:/opt/ros/foxy/install/ros2service:/opt/ros/foxy/install/ros2run:/opt/ros/foxy/install/ros2launch:/opt/ros/foxy/install/ros2pkg:/opt/ros/foxy/install/ros2node:/opt/ros/foxy/install/ros2multicast:/opt/ros/foxy/install/ros2interface:/opt/ros/foxy/install/ros2doctor:/opt/ros/foxy/install/ros2action:/opt/ros/foxy/install/ros2cli:/opt/ros/foxy/install/launch_testing_ros:/opt/ros/foxy/install/launch_ros:/opt/ros/foxy/install/ament_uncrustify:/opt/ros/foxy/install/rpyutils:/opt/ros/foxy/install/rosidl_runtime_py:/opt/ros/foxy/install/launch_yaml:/opt/ros/foxy/install/launch_xml:/opt/ros/foxy/install/launch_testing:/opt/ros/foxy/install/launch:/opt/ros/foxy/install/osrf_pycommon:/opt/ros/foxy/install/domain_coordinator:/opt/ros/foxy/install/ament_xmllint:/opt/ros/foxy/install/ament_pep257:/opt/ros/foxy/install/ament_package:/opt/ros/foxy/install/ament_mypy:/opt/ros/foxy/install/ament_lint_cmake:/opt/ros/foxy/install/ament_flake8:/opt/ros/foxy/install/ament_copyright:/opt/ros/foxy/install/ament_lint:/opt/ros/foxy/install/ament_index_python:/opt/ros/foxy/install/ament_cpplint:/opt/ros/foxy/install/ament_cppcheck /usr/bin/cmake --build /home/usr/usr_ws_2020/build/realsense_msgs --target install -- -j4 -l4
[58.935s] [  9%] Built target realsense_msgs__rosidl_generator_c
[59.126s] [ 12%] Built target realsense_msgs__cpp
[59.340s] [ 22%] Built target realsense_msgs__rosidl_typesupport_introspection_c
[59.589s] [ 32%] Built target realsense_msgs__rosidl_typesupport_cpp
[59.898s] [ 41%] Built target realsense_msgs__rosidl_typesupport_fastrtps_cpp
[60.229s] [ 51%] Built target realsense_msgs__rosidl_typesupport_introspection_cpp
[60.493s] [ 61%] Built target realsense_msgs__rosidl_typesupport_fastrtps_c
[60.773s] [ 70%] Built target realsense_msgs__rosidl_typesupport_c
[61.078s] [ 70%] Built target realsense_msgs
[61.303s] [ 74%] Built target realsense_msgs__py
[61.595s] [ 80%] Built target realsense_msgs__python
[61.914s] [ 87%] Built target realsense_msgs__rosidl_typesupport_c__pyext
[62.179s] [ 93%] Built target realsense_msgs__rosidl_typesupport_fastrtps_c__pyext
[62.384s] [100%] Built target realsense_msgs__rosidl_typesupport_introspection_c__pyext
[62.505s] [36mInstall the project...[0m
[62.558s] -- Install configuration: ""
[62.562s] -- Execute custom install script
[62.565s] -- Symlinking: /home/usr/usr_ws_2020/install/realsense_msgs/share/ament_index/resource_index/rosidl_interfaces/realsense_msgs
[62.624s] -- Symlinking: /home/usr/usr_ws_2020/install/realsense_msgs/include/realsense_msgs/msg/detail/imu_info__functions.h
[62.676s] -- Symlinking: /home/usr/usr_ws_2020/install/realsense_msgs/include/realsense_msgs/msg/detail/imu_info__struct.h
[62.746s] -- Symlinking: /home/usr/usr_ws_2020/install/realsense_msgs/include/realsense_msgs/msg/detail/imu_info__type_support.h
[62.825s] -- Symlinking: /home/usr/usr_ws_2020/install/realsense_msgs/include/realsense_msgs/msg/imu_info.h
[62.931s] -- Symlinking: /home/usr/usr_ws_2020/install/realsense_msgs/include/realsense_msgs/msg/rosidl_generator_c__visibility_control.h
[63.005s] -- Symlinking: /home/usr/usr_ws_2020/install/realsense_msgs/share/realsense_msgs/environment/library_path.sh
[63.074s] -- Symlinking: /home/usr/usr_ws_2020/install/realsense_msgs/share/realsense_msgs/environment/library_path.dsv
[63.142s] -- Symlinking: /home/usr/usr_ws_2020/install/realsense_msgs/include/realsense_msgs/msg/detail/imu_info__rosidl_typesupport_introspection_c.h
[63.195s] -- Symlinking: /home/usr/usr_ws_2020/install/realsense_msgs/include/realsense_msgs/msg/rosidl_typesupport_introspection_c__visibility_control.h
[63.266s] -- Symlinking: /home/usr/usr_ws_2020/install/realsense_msgs/include/realsense_msgs/msg/detail/imu_info__rosidl_typesupport_fastrtps_c.h
[63.315s] -- Symlinking: /home/usr/usr_ws_2020/install/realsense_msgs/include/realsense_msgs/msg/rosidl_typesupport_fastrtps_c__visibility_control.h
[63.377s] -- Symlinking: /home/usr/usr_ws_2020/install/realsense_msgs/lib/librealsense_msgs__rosidl_typesupport_fastrtps_c.so
[63.432s] -- Symlinking: /home/usr/usr_ws_2020/install/realsense_msgs/include/realsense_msgs/msg/detail/imu_info__rosidl_typesupport_fastrtps_cpp.hpp
[63.492s] -- Symlinking: /home/usr/usr_ws_2020/install/realsense_msgs/include/realsense_msgs/msg/rosidl_typesupport_fastrtps_cpp__visibility_control.h
[63.560s] -- Symlinking: /home/usr/usr_ws_2020/install/realsense_msgs/lib/librealsense_msgs__rosidl_typesupport_fastrtps_cpp.so
[63.620s] -- Symlinking: /home/usr/usr_ws_2020/install/realsense_msgs/include/realsense_msgs/msg/detail/imu_info__builder.hpp
[63.685s] -- Symlinking: /home/usr/usr_ws_2020/install/realsense_msgs/include/realsense_msgs/msg/detail/imu_info__struct.hpp
[63.738s] -- Symlinking: /home/usr/usr_ws_2020/install/realsense_msgs/include/realsense_msgs/msg/detail/imu_info__traits.hpp
[63.805s] -- Symlinking: /home/usr/usr_ws_2020/install/realsense_msgs/include/realsense_msgs/msg/imu_info.hpp
[63.869s] -- Symlinking: /home/usr/usr_ws_2020/install/realsense_msgs/include/realsense_msgs/msg/detail/imu_info__rosidl_typesupport_introspection_cpp.hpp
[63.921s] -- Symlinking: /home/usr/usr_ws_2020/install/realsense_msgs/share/realsense_msgs/environment/pythonpath.sh
[63.981s] -- Symlinking: /home/usr/usr_ws_2020/install/realsense_msgs/share/realsense_msgs/environment/pythonpath.dsv
[64.036s] -- Symlinking: /home/usr/usr_ws_2020/install/realsense_msgs/lib/python3.6/site-packages/realsense_msgs/__init__.py
[64.093s] -- Symlinking: /home/usr/usr_ws_2020/install/realsense_msgs/lib/python3.6/site-packages/realsense_msgs/msg/__init__.py
[64.147s] -- Symlinking: /home/usr/usr_ws_2020/install/realsense_msgs/lib/python3.6/site-packages/realsense_msgs/msg/_imu_info.py
[64.222s] -- Symlinking: /home/usr/usr_ws_2020/install/realsense_msgs/lib/python3.6/site-packages/realsense_msgs/realsense_msgs_s__rosidl_typesupport_introspection_c.cpython-36m-aarch64-linux-gnu.so
[64.278s] -- Symlinking: /home/usr/usr_ws_2020/install/realsense_msgs/lib/python3.6/site-packages/realsense_msgs/realsense_msgs_s__rosidl_typesupport_fastrtps_c.cpython-36m-aarch64-linux-gnu.so
[64.342s] -- Symlinking: /home/usr/usr_ws_2020/install/realsense_msgs/lib/python3.6/site-packages/realsense_msgs/realsense_msgs_s__rosidl_typesupport_c.cpython-36m-aarch64-linux-gnu.so
[64.401s] -- Symlinking: /home/usr/usr_ws_2020/install/realsense_msgs/lib/librealsense_msgs__python.so
[64.452s] -- Symlinking: /home/usr/usr_ws_2020/install/realsense_msgs/share/realsense_msgs/msg/IMUInfo.idl
[64.507s] -- Symlinking: /home/usr/usr_ws_2020/install/realsense_msgs/share/realsense_msgs/msg/IMUInfo.msg
[64.555s] -- Symlinking: /home/usr/usr_ws_2020/install/realsense_msgs/share/ament_index/resource_index/package_run_dependencies/realsense_msgs
[64.614s] -- Symlinking: /home/usr/usr_ws_2020/install/realsense_msgs/share/ament_index/resource_index/parent_prefix_path/realsense_msgs
[64.665s] -- Symlinking: /home/usr/usr_ws_2020/install/realsense_msgs/share/realsense_msgs/environment/ament_prefix_path.sh
[64.720s] -- Symlinking: /home/usr/usr_ws_2020/install/realsense_msgs/share/realsense_msgs/environment/ament_prefix_path.dsv
[64.763s] -- Symlinking: /home/usr/usr_ws_2020/install/realsense_msgs/share/realsense_msgs/environment/path.sh
[64.823s] -- Symlinking: /home/usr/usr_ws_2020/install/realsense_msgs/share/realsense_msgs/environment/path.dsv
[64.872s] -- Symlinking: /home/usr/usr_ws_2020/install/realsense_msgs/share/realsense_msgs/local_setup.bash
[64.916s] -- Symlinking: /home/usr/usr_ws_2020/install/realsense_msgs/share/realsense_msgs/local_setup.sh
[64.964s] -- Symlinking: /home/usr/usr_ws_2020/install/realsense_msgs/share/realsense_msgs/local_setup.zsh
[65.009s] -- Symlinking: /home/usr/usr_ws_2020/install/realsense_msgs/share/realsense_msgs/local_setup.dsv
[65.057s] -- Symlinking: /home/usr/usr_ws_2020/install/realsense_msgs/share/realsense_msgs/package.dsv
[65.104s] -- Symlinking: /home/usr/usr_ws_2020/install/realsense_msgs/share/ament_index/resource_index/packages/realsense_msgs
[65.151s] -- Symlinking: /home/usr/usr_ws_2020/install/realsense_msgs/share/realsense_msgs/cmake/rosidl_cmake-extras.cmake
[65.196s] -- Symlinking: /home/usr/usr_ws_2020/install/realsense_msgs/share/realsense_msgs/cmake/ament_cmake_export_dependencies-extras.cmake
[65.244s] -- Symlinking: /home/usr/usr_ws_2020/install/realsense_msgs/share/realsense_msgs/cmake/ament_cmake_export_libraries-extras.cmake
[65.289s] -- Symlinking: /home/usr/usr_ws_2020/install/realsense_msgs/share/realsense_msgs/cmake/ament_cmake_export_targets-extras.cmake
[65.333s] -- Symlinking: /home/usr/usr_ws_2020/install/realsense_msgs/share/realsense_msgs/cmake/ament_cmake_export_include_directories-extras.cmake
[65.377s] -- Symlinking: /home/usr/usr_ws_2020/install/realsense_msgs/share/realsense_msgs/cmake/rosidl_cmake_export_typesupport_targets-extras.cmake
[65.423s] -- Symlinking: /home/usr/usr_ws_2020/install/realsense_msgs/share/realsense_msgs/cmake/rosidl_cmake_export_typesupport_libraries-extras.cmake
[65.469s] -- Symlinking: /home/usr/usr_ws_2020/install/realsense_msgs/share/realsense_msgs/cmake/realsense_msgsConfig.cmake
[65.512s] -- Symlinking: /home/usr/usr_ws_2020/install/realsense_msgs/share/realsense_msgs/cmake/realsense_msgsConfig-version.cmake
[65.556s] -- Symlinking: /home/usr/usr_ws_2020/install/realsense_msgs/share/realsense_msgs/package.xml
[65.600s] -- Installing: /home/usr/usr_ws_2020/install/realsense_msgs/lib/librealsense_msgs__rosidl_generator_c.so
[65.602s] -- Set runtime path of "/home/usr/usr_ws_2020/install/realsense_msgs/lib/librealsense_msgs__rosidl_generator_c.so" to ""
[65.603s] -- Installing: /home/usr/usr_ws_2020/install/realsense_msgs/lib/librealsense_msgs__rosidl_typesupport_introspection_c.so
[65.604s] -- Set runtime path of "/home/usr/usr_ws_2020/install/realsense_msgs/lib/librealsense_msgs__rosidl_typesupport_introspection_c.so" to ""
[65.605s] -- Installing: /home/usr/usr_ws_2020/install/realsense_msgs/lib/librealsense_msgs__rosidl_typesupport_c.so
[65.606s] -- Set runtime path of "/home/usr/usr_ws_2020/install/realsense_msgs/lib/librealsense_msgs__rosidl_typesupport_c.so" to ""
[65.607s] -- Installing: /home/usr/usr_ws_2020/install/realsense_msgs/lib/librealsense_msgs__rosidl_typesupport_introspection_cpp.so
[65.607s] -- Set runtime path of "/home/usr/usr_ws_2020/install/realsense_msgs/lib/librealsense_msgs__rosidl_typesupport_introspection_cpp.so" to ""
[65.608s] -- Installing: /home/usr/usr_ws_2020/install/realsense_msgs/lib/librealsense_msgs__rosidl_typesupport_cpp.so
[65.610s] -- Set runtime path of "/home/usr/usr_ws_2020/install/realsense_msgs/lib/librealsense_msgs__rosidl_typesupport_cpp.so" to ""
[65.998s] Compiling '/home/usr/usr_ws_2020/install/realsense_msgs/lib/python3.6/site-packages/realsense_msgs/__init__.py'...
[66.014s] -- Installing: /home/usr/usr_ws_2020/install/realsense_msgs/share/realsense_msgs/cmake/realsense_msgs__rosidl_generator_cExport.cmake
[66.015s] -- Installing: /home/usr/usr_ws_2020/install/realsense_msgs/share/realsense_msgs/cmake/realsense_msgs__rosidl_generator_cExport-noconfig.cmake
[66.016s] -- Installing: /home/usr/usr_ws_2020/install/realsense_msgs/share/realsense_msgs/cmake/realsense_msgs__rosidl_typesupport_introspection_cExport.cmake
[66.017s] -- Installing: /home/usr/usr_ws_2020/install/realsense_msgs/share/realsense_msgs/cmake/realsense_msgs__rosidl_typesupport_introspection_cExport-noconfig.cmake
[66.020s] -- Installing: /home/usr/usr_ws_2020/install/realsense_msgs/share/realsense_msgs/cmake/realsense_msgs__rosidl_typesupport_cExport.cmake
[66.022s] -- Installing: /home/usr/usr_ws_2020/install/realsense_msgs/share/realsense_msgs/cmake/realsense_msgs__rosidl_typesupport_cExport-noconfig.cmake
[66.022s] -- Installing: /home/usr/usr_ws_2020/install/realsense_msgs/share/realsense_msgs/cmake/realsense_msgs__rosidl_generator_cppExport.cmake
[66.024s] -- Installing: /home/usr/usr_ws_2020/install/realsense_msgs/share/realsense_msgs/cmake/realsense_msgs__rosidl_typesupport_introspection_cppExport.cmake
[66.024s] -- Installing: /home/usr/usr_ws_2020/install/realsense_msgs/share/realsense_msgs/cmake/realsense_msgs__rosidl_typesupport_introspection_cppExport-noconfig.cmake
[66.026s] -- Installing: /home/usr/usr_ws_2020/install/realsense_msgs/share/realsense_msgs/cmake/realsense_msgs__rosidl_typesupport_cppExport.cmake
[66.026s] -- Installing: /home/usr/usr_ws_2020/install/realsense_msgs/share/realsense_msgs/cmake/realsense_msgs__rosidl_typesupport_cppExport-noconfig.cmake
[66.046s] Invoked command in '/home/usr/usr_ws_2020/build/realsense_msgs' returned '0': CMAKE_PREFIX_PATH=${CMAKE_PREFIX_PATH}:/opt/ros/foxy/install/ros2bag:/opt/ros/foxy/install/sros2:/opt/ros/foxy/install/ros2topic:/opt/ros/foxy/install/ros2test:/opt/ros/foxy/install/ros2component:/opt/ros/foxy/install/ros2param:/opt/ros/foxy/install/ros2lifecycle:/opt/ros/foxy/install/ros2service:/opt/ros/foxy/install/ros2run:/opt/ros/foxy/install/ros2launch:/opt/ros/foxy/install/ros2pkg:/opt/ros/foxy/install/ros2node:/opt/ros/foxy/install/ros2multicast:/opt/ros/foxy/install/ros2interface:/opt/ros/foxy/install/ros2doctor:/opt/ros/foxy/install/ros2action:/opt/ros/foxy/install/ros2cli:/opt/ros/foxy/install/launch_testing_ros:/opt/ros/foxy/install/launch_ros:/opt/ros/foxy/install/ament_uncrustify:/opt/ros/foxy/install/rpyutils:/opt/ros/foxy/install/rosidl_runtime_py:/opt/ros/foxy/install/launch_yaml:/opt/ros/foxy/install/launch_xml:/opt/ros/foxy/install/launch_testing:/opt/ros/foxy/install/launch:/opt/ros/foxy/install/osrf_pycommon:/opt/ros/foxy/install/domain_coordinator:/opt/ros/foxy/install/ament_xmllint:/opt/ros/foxy/install/ament_pep257:/opt/ros/foxy/install/ament_package:/opt/ros/foxy/install/ament_mypy:/opt/ros/foxy/install/ament_lint_cmake:/opt/ros/foxy/install/ament_flake8:/opt/ros/foxy/install/ament_copyright:/opt/ros/foxy/install/ament_lint:/opt/ros/foxy/install/ament_index_python:/opt/ros/foxy/install/ament_cpplint:/opt/ros/foxy/install/ament_cppcheck /usr/bin/cmake --build /home/usr/usr_ws_2020/build/realsense_msgs --target install -- -j4 -l4
