[4.479s] Invoking command in '/home/usr/usr_ws_2020/build/digger_motor_node': PYTHONPATH=/home/usr/usr_ws_2020/install/digger_motor_node/lib/python3.6/site-packages:${PYTHONPATH} /usr/bin/python3 setup.py develop --prefix /home/usr/usr_ws_2020/install/digger_motor_node --uninstall --editable --build-directory /home/usr/usr_ws_2020/build/digger_motor_node/build
[6.031s] /home/usr/.local/lib/python3.6/site-packages/setuptools/dist.py:651: UserWarning: Usage of dash-separated 'script-dir' will not be supported in future versions. Please use the underscore name 'script_dir' instead
[6.056s]   % (opt, underscore_opt))
[6.056s] /home/usr/.local/lib/python3.6/site-packages/setuptools/dist.py:651: UserWarning: Usage of dash-separated 'install-scripts' will not be supported in future versions. Please use the underscore name 'install_scripts' instead
[6.057s]   % (opt, underscore_opt))
[6.324s] running develop
[7.381s] Invoked command in '/home/usr/usr_ws_2020/build/digger_motor_node' returned '0': PYTHONPATH=/home/usr/usr_ws_2020/install/digger_motor_node/lib/python3.6/site-packages:${PYTHONPATH} /usr/bin/python3 setup.py develop --prefix /home/usr/usr_ws_2020/install/digger_motor_node --uninstall --editable --build-directory /home/usr/usr_ws_2020/build/digger_motor_node/build
[7.416s] Invoking command in '/home/usr/usr_ws_2020/src/motor_controllers/digger_motor_node': PYTHONPATH=/home/usr/usr_ws_2020/install/digger_motor_node/lib/python3.6/site-packages:${PYTHONPATH} /usr/bin/python3 setup.py egg_info --egg-base ../../../build/digger_motor_node build --build-base /home/usr/usr_ws_2020/build/digger_motor_node/build install --prefix /home/usr/usr_ws_2020/install/digger_motor_node --record /home/usr/usr_ws_2020/build/digger_motor_node/install.log --single-version-externally-managed
[9.187s] /home/usr/.local/lib/python3.6/site-packages/setuptools/dist.py:651: UserWarning: Usage of dash-separated 'script-dir' will not be supported in future versions. Please use the underscore name 'script_dir' instead
[9.188s]   % (opt, underscore_opt))
[9.188s] /home/usr/.local/lib/python3.6/site-packages/setuptools/dist.py:651: UserWarning: Usage of dash-separated 'install-scripts' will not be supported in future versions. Please use the underscore name 'install_scripts' instead
[9.189s]   % (opt, underscore_opt))
[9.339s] running egg_info
[9.341s] writing ../../../build/digger_motor_node/digger_motor_node.egg-info/PKG-INFO
[9.344s] writing dependency_links to ../../../build/digger_motor_node/digger_motor_node.egg-info/dependency_links.txt
[9.346s] writing entry points to ../../../build/digger_motor_node/digger_motor_node.egg-info/entry_points.txt
[9.346s] writing requirements to ../../../build/digger_motor_node/digger_motor_node.egg-info/requires.txt
[9.348s] writing top-level names to ../../../build/digger_motor_node/digger_motor_node.egg-info/top_level.txt
[9.534s] reading manifest file '../../../build/digger_motor_node/digger_motor_node.egg-info/SOURCES.txt'
[9.546s] writing manifest file '../../../build/digger_motor_node/digger_motor_node.egg-info/SOURCES.txt'
[9.547s] running build
[9.547s] running build_py
[9.547s] running install
[9.549s] running install_lib
[9.554s] running install_data
[9.557s] running install_egg_info
[9.576s] removing '/home/usr/usr_ws_2020/install/digger_motor_node/lib/python3.6/site-packages/digger_motor_node-0.0.0-py3.6.egg-info' (and everything under it)
[9.578s] Copying ../../../build/digger_motor_node/digger_motor_node.egg-info to /home/usr/usr_ws_2020/install/digger_motor_node/lib/python3.6/site-packages/digger_motor_node-0.0.0-py3.6.egg-info
[9.579s] running install_scripts
[9.703s] Installing digger_motor_controller script to /home/usr/usr_ws_2020/install/digger_motor_node/lib/digger_motor_node
[9.704s] writing list of installed files to '/home/usr/usr_ws_2020/build/digger_motor_node/install.log'
[9.835s] Invoked command in '/home/usr/usr_ws_2020/src/motor_controllers/digger_motor_node' returned '0': PYTHONPATH=/home/usr/usr_ws_2020/install/digger_motor_node/lib/python3.6/site-packages:${PYTHONPATH} /usr/bin/python3 setup.py egg_info --egg-base ../../../build/digger_motor_node build --build-base /home/usr/usr_ws_2020/build/digger_motor_node/build install --prefix /home/usr/usr_ws_2020/install/digger_motor_node --record /home/usr/usr_ws_2020/build/digger_motor_node/install.log --single-version-externally-managed
