[4.426s] Invoking command in '/home/usr/usr_ws_2020/build/teleop_node': PYTHONPATH=/home/usr/usr_ws_2020/install/teleop_node/lib/python3.6/site-packages:${PYTHONPATH} /usr/bin/python3 setup.py develop --prefix /home/usr/usr_ws_2020/install/teleop_node --uninstall --editable --build-directory /home/usr/usr_ws_2020/build/teleop_node/build
[6.151s] /home/usr/.local/lib/python3.6/site-packages/setuptools/dist.py:651: UserWarning: Usage of dash-separated 'script-dir' will not be supported in future versions. Please use the underscore name 'script_dir' instead
[6.151s]   % (opt, underscore_opt))
[6.152s] /home/usr/.local/lib/python3.6/site-packages/setuptools/dist.py:651: UserWarning: Usage of dash-separated 'install-scripts' will not be supported in future versions. Please use the underscore name 'install_scripts' instead
[6.152s]   % (opt, underscore_opt))
[6.429s] running develop
[7.378s] Invoked command in '/home/usr/usr_ws_2020/build/teleop_node' returned '0': PYTHONPATH=/home/usr/usr_ws_2020/install/teleop_node/lib/python3.6/site-packages:${PYTHONPATH} /usr/bin/python3 setup.py develop --prefix /home/usr/usr_ws_2020/install/teleop_node --uninstall --editable --build-directory /home/usr/usr_ws_2020/build/teleop_node/build
[7.392s] Invoking command in '/home/usr/usr_ws_2020/src/teleop_node': PYTHONPATH=/home/usr/usr_ws_2020/install/teleop_node/lib/python3.6/site-packages:${PYTHONPATH} /usr/bin/python3 setup.py egg_info --egg-base ../../build/teleop_node build --build-base /home/usr/usr_ws_2020/build/teleop_node/build install --prefix /home/usr/usr_ws_2020/install/teleop_node --record /home/usr/usr_ws_2020/build/teleop_node/install.log --single-version-externally-managed
[9.397s] /home/usr/.local/lib/python3.6/site-packages/setuptools/dist.py:651: UserWarning: Usage of dash-separated 'script-dir' will not be supported in future versions. Please use the underscore name 'script_dir' instead
[9.397s]   % (opt, underscore_opt))
[9.398s] /home/usr/.local/lib/python3.6/site-packages/setuptools/dist.py:651: UserWarning: Usage of dash-separated 'install-scripts' will not be supported in future versions. Please use the underscore name 'install_scripts' instead
[9.398s]   % (opt, underscore_opt))
[9.541s] running egg_info
[9.547s] writing ../../build/teleop_node/teleop_node.egg-info/PKG-INFO
[9.548s] writing dependency_links to ../../build/teleop_node/teleop_node.egg-info/dependency_links.txt
[9.549s] writing entry points to ../../build/teleop_node/teleop_node.egg-info/entry_points.txt
[9.552s] writing requirements to ../../build/teleop_node/teleop_node.egg-info/requires.txt
[9.553s] writing top-level names to ../../build/teleop_node/teleop_node.egg-info/top_level.txt
[9.720s] reading manifest file '../../build/teleop_node/teleop_node.egg-info/SOURCES.txt'
[9.724s] writing manifest file '../../build/teleop_node/teleop_node.egg-info/SOURCES.txt'
[9.725s] running build
[9.726s] running build_py
[9.726s] running install
[9.727s] running install_lib
[9.736s] running install_data
[9.738s] running install_egg_info
[9.753s] removing '/home/usr/usr_ws_2020/install/teleop_node/lib/python3.6/site-packages/teleop_node-0.0.0-py3.6.egg-info' (and everything under it)
[9.754s] Copying ../../build/teleop_node/teleop_node.egg-info to /home/usr/usr_ws_2020/install/teleop_node/lib/python3.6/site-packages/teleop_node-0.0.0-py3.6.egg-info
[9.754s] running install_scripts
[9.853s] Installing teleop script to /home/usr/usr_ws_2020/install/teleop_node/lib/teleop_node
[9.856s] writing list of installed files to '/home/usr/usr_ws_2020/build/teleop_node/install.log'
[10.109s] Invoked command in '/home/usr/usr_ws_2020/src/teleop_node' returned '0': PYTHONPATH=/home/usr/usr_ws_2020/install/teleop_node/lib/python3.6/site-packages:${PYTHONPATH} /usr/bin/python3 setup.py egg_info --egg-base ../../build/teleop_node build --build-base /home/usr/usr_ws_2020/build/teleop_node/build install --prefix /home/usr/usr_ws_2020/install/teleop_node --record /home/usr/usr_ws_2020/build/teleop_node/install.log --single-version-externally-managed
