[  9%] Built target realsense_msgs__rosidl_generator_c
[ 12%] Built target realsense_msgs__cpp
[ 22%] Built target realsense_msgs__rosidl_typesupport_introspection_cpp
[ 32%] Built target realsense_msgs__rosidl_typesupport_c
[ 41%] Built target realsense_msgs__rosidl_typesupport_cpp
[ 51%] Built target realsense_msgs__rosidl_typesupport_introspection_c
[ 61%] Built target realsense_msgs__rosidl_typesupport_fastrtps_cpp
[ 70%] Built target realsense_msgs__rosidl_typesupport_fastrtps_c
[ 70%] Built target realsense_msgs
[ 74%] Built target realsense_msgs__py
[ 80%] Built target realsense_msgs__python
[ 87%] Built target realsense_msgs__rosidl_typesupport_c__pyext
[ 93%] Built target realsense_msgs__rosidl_typesupport_introspection_c__pyext
[100%] Built target realsense_msgs__rosidl_typesupport_fastrtps_c__pyext
[  9%] Built target realsense_msgs__rosidl_generator_c
[ 12%] Built target realsense_msgs__cpp
make[2]: *** [CMakeFiles/realsense_msgs__rosidl_typesupport_c.dir/depend] Interrupt
make[1]: *** [CMakeFiles/realsense_msgs__rosidl_typesupport_c.dir/all] Interrupt
make[2]: *** [CMakeFiles/realsense_msgs__rosidl_typesupport_introspection_cpp.dir/depend] Interrupt
make[1]: *** [CMakeFiles/realsense_msgs__rosidl_typesupport_introspection_cpp.dir/all] Interrupt
make[2]: *** [CMakeFiles/realsense_msgs__rosidl_typesupport_introspection_c.dir/depend] Interrupt
make[2]: *** [CMakeFiles/realsense_msgs__rosidl_typesupport_cpp.dir/depend] Interrupt
CMakeFiles/realsense_msgs__rosidl_typesupport_c.dir/build.make:170: recipe for target 'CMakeFiles/realsense_msgs__rosidl_typesupport_c.dir/depend' failed
CMakeFiles/Makefile2:403: recipe for target 'CMakeFiles/realsense_msgs__rosidl_typesupport_c.dir/all' failed
CMakeFiles/realsense_msgs__rosidl_typesupport_introspection_cpp.dir/build.make:176: recipe for target 'CMakeFiles/realsense_msgs__rosidl_typesupport_introspection_cpp.dir/depend' failed
CMakeFiles/Makefile2:482: recipe for target 'CMakeFiles/realsense_msgs__rosidl_typesupport_introspection_cpp.dir/all' failed
CMakeFiles/realsense_msgs__rosidl_typesupport_introspection_c.dir/build.make:177: recipe for target 'CMakeFiles/realsense_msgs__rosidl_typesupport_introspection_c.dir/depend' failed
CMakeFiles/realsense_msgs__rosidl_typesupport_cpp.dir/build.make:170: recipe for target 'CMakeFiles/realsense_msgs__rosidl_typesupport_cpp.dir/depend' failed
CMakeFiles/Makefile2:366: recipe for target 'CMakeFiles/realsense_msgs__rosidl_typesupport_introspection_c.dir/all' failed
CMakeFiles/Makefile2:219: recipe for target 'CMakeFiles/realsense_msgs__rosidl_typesupport_cpp.dir/all' failed
Makefile:140: recipe for target 'all' failed
make[1]: *** [CMakeFiles/realsense_msgs__rosidl_typesupport_introspection_c.dir/all] Interrupt
make[1]: *** [CMakeFiles/realsense_msgs__rosidl_typesupport_cpp.dir/all] Interrupt
make: *** [all] Interrupt
