[0.362s] Invoking command in '/home/usr/usr_ws_2020/build/realsense_msgs': CMAKE_PREFIX_PATH=${CMAKE_PREFIX_PATH}:/opt/ros/foxy/install/ros2bag:/opt/ros/foxy/install/sros2:/opt/ros/foxy/install/ros2topic:/opt/ros/foxy/install/ros2test:/opt/ros/foxy/install/ros2component:/opt/ros/foxy/install/ros2param:/opt/ros/foxy/install/ros2lifecycle:/opt/ros/foxy/install/ros2service:/opt/ros/foxy/install/ros2run:/opt/ros/foxy/install/ros2launch:/opt/ros/foxy/install/ros2pkg:/opt/ros/foxy/install/ros2node:/opt/ros/foxy/install/ros2multicast:/opt/ros/foxy/install/ros2interface:/opt/ros/foxy/install/ros2doctor:/opt/ros/foxy/install/ros2action:/opt/ros/foxy/install/ros2cli:/opt/ros/foxy/install/launch_testing_ros:/opt/ros/foxy/install/launch_ros:/opt/ros/foxy/install/ament_uncrustify:/opt/ros/foxy/install/rpyutils:/opt/ros/foxy/install/rosidl_runtime_py:/opt/ros/foxy/install/launch_yaml:/opt/ros/foxy/install/launch_xml:/opt/ros/foxy/install/launch_testing:/opt/ros/foxy/install/launch:/opt/ros/foxy/install/osrf_pycommon:/opt/ros/foxy/install/domain_coordinator:/opt/ros/foxy/install/ament_xmllint:/opt/ros/foxy/install/ament_pep257:/opt/ros/foxy/install/ament_package:/opt/ros/foxy/install/ament_mypy:/opt/ros/foxy/install/ament_lint_cmake:/opt/ros/foxy/install/ament_flake8:/opt/ros/foxy/install/ament_copyright:/opt/ros/foxy/install/ament_lint:/opt/ros/foxy/install/ament_index_python:/opt/ros/foxy/install/ament_cpplint:/opt/ros/foxy/install/ament_cppcheck /usr/bin/cmake --build /home/usr/usr_ws_2020/build/realsense_msgs -- -j4 -l4
[0.744s] [  9%] Built target realsense_msgs__rosidl_generator_c
[0.853s] [ 12%] Built target realsense_msgs__cpp
[1.077s] [ 22%] Built target realsense_msgs__rosidl_typesupport_introspection_cpp
[1.085s] [ 32%] Built target realsense_msgs__rosidl_typesupport_c
[1.150s] [ 41%] Built target realsense_msgs__rosidl_typesupport_cpp
[1.232s] [ 51%] Built target realsense_msgs__rosidl_typesupport_introspection_c
[1.391s] [ 61%] Built target realsense_msgs__rosidl_typesupport_fastrtps_cpp
[1.531s] [ 70%] Built target realsense_msgs__rosidl_typesupport_fastrtps_c
[1.640s] [ 70%] Built target realsense_msgs
[1.751s] [ 74%] Built target realsense_msgs__py
[1.900s] [ 80%] Built target realsense_msgs__python
[2.056s] [ 87%] Built target realsense_msgs__rosidl_typesupport_c__pyext
[2.098s] [ 93%] Built target realsense_msgs__rosidl_typesupport_introspection_c__pyext
[2.102s] [100%] Built target realsense_msgs__rosidl_typesupport_fastrtps_c__pyext
[2.544s] Invoked command in '/home/usr/usr_ws_2020/build/realsense_msgs' returned '0': CMAKE_PREFIX_PATH=${CMAKE_PREFIX_PATH}:/opt/ros/foxy/install/ros2bag:/opt/ros/foxy/install/sros2:/opt/ros/foxy/install/ros2topic:/opt/ros/foxy/install/ros2test:/opt/ros/foxy/install/ros2component:/opt/ros/foxy/install/ros2param:/opt/ros/foxy/install/ros2lifecycle:/opt/ros/foxy/install/ros2service:/opt/ros/foxy/install/ros2run:/opt/ros/foxy/install/ros2launch:/opt/ros/foxy/install/ros2pkg:/opt/ros/foxy/install/ros2node:/opt/ros/foxy/install/ros2multicast:/opt/ros/foxy/install/ros2interface:/opt/ros/foxy/install/ros2doctor:/opt/ros/foxy/install/ros2action:/opt/ros/foxy/install/ros2cli:/opt/ros/foxy/install/launch_testing_ros:/opt/ros/foxy/install/launch_ros:/opt/ros/foxy/install/ament_uncrustify:/opt/ros/foxy/install/rpyutils:/opt/ros/foxy/install/rosidl_runtime_py:/opt/ros/foxy/install/launch_yaml:/opt/ros/foxy/install/launch_xml:/opt/ros/foxy/install/launch_testing:/opt/ros/foxy/install/launch:/opt/ros/foxy/install/osrf_pycommon:/opt/ros/foxy/install/domain_coordinator:/opt/ros/foxy/install/ament_xmllint:/opt/ros/foxy/install/ament_pep257:/opt/ros/foxy/install/ament_package:/opt/ros/foxy/install/ament_mypy:/opt/ros/foxy/install/ament_lint_cmake:/opt/ros/foxy/install/ament_flake8:/opt/ros/foxy/install/ament_copyright:/opt/ros/foxy/install/ament_lint:/opt/ros/foxy/install/ament_index_python:/opt/ros/foxy/install/ament_cpplint:/opt/ros/foxy/install/ament_cppcheck /usr/bin/cmake --build /home/usr/usr_ws_2020/build/realsense_msgs -- -j4 -l4
[3.002s] Invoking command in '/home/usr/usr_ws_2020/build/realsense_msgs': CMAKE_PREFIX_PATH=${CMAKE_PREFIX_PATH}:/opt/ros/foxy/install/ros2bag:/opt/ros/foxy/install/sros2:/opt/ros/foxy/install/ros2topic:/opt/ros/foxy/install/ros2test:/opt/ros/foxy/install/ros2component:/opt/ros/foxy/install/ros2param:/opt/ros/foxy/install/ros2lifecycle:/opt/ros/foxy/install/ros2service:/opt/ros/foxy/install/ros2run:/opt/ros/foxy/install/ros2launch:/opt/ros/foxy/install/ros2pkg:/opt/ros/foxy/install/ros2node:/opt/ros/foxy/install/ros2multicast:/opt/ros/foxy/install/ros2interface:/opt/ros/foxy/install/ros2doctor:/opt/ros/foxy/install/ros2action:/opt/ros/foxy/install/ros2cli:/opt/ros/foxy/install/launch_testing_ros:/opt/ros/foxy/install/launch_ros:/opt/ros/foxy/install/ament_uncrustify:/opt/ros/foxy/install/rpyutils:/opt/ros/foxy/install/rosidl_runtime_py:/opt/ros/foxy/install/launch_yaml:/opt/ros/foxy/install/launch_xml:/opt/ros/foxy/install/launch_testing:/opt/ros/foxy/install/launch:/opt/ros/foxy/install/osrf_pycommon:/opt/ros/foxy/install/domain_coordinator:/opt/ros/foxy/install/ament_xmllint:/opt/ros/foxy/install/ament_pep257:/opt/ros/foxy/install/ament_package:/opt/ros/foxy/install/ament_mypy:/opt/ros/foxy/install/ament_lint_cmake:/opt/ros/foxy/install/ament_flake8:/opt/ros/foxy/install/ament_copyright:/opt/ros/foxy/install/ament_lint:/opt/ros/foxy/install/ament_index_python:/opt/ros/foxy/install/ament_cpplint:/opt/ros/foxy/install/ament_cppcheck /usr/bin/cmake --build /home/usr/usr_ws_2020/build/realsense_msgs --target install -- -j4 -l4
[3.363s] [  9%] Built target realsense_msgs__rosidl_generator_c
[3.369s] [ 12%] Built target realsense_msgs__cpp
[3.548s] make[2]: *** [CMakeFiles/realsense_msgs__rosidl_typesupport_c.dir/depend] Interrupt
[3.548s] make[1]: *** [CMakeFiles/realsense_msgs__rosidl_typesupport_c.dir/all] Interrupt
[3.548s] make[2]: *** [CMakeFiles/realsense_msgs__rosidl_typesupport_introspection_cpp.dir/depend] Interrupt
[3.549s] make[1]: *** [CMakeFiles/realsense_msgs__rosidl_typesupport_introspection_cpp.dir/all] Interrupt
[3.549s] make[2]: *** [CMakeFiles/realsense_msgs__rosidl_typesupport_introspection_c.dir/depend] Interrupt
[3.549s] make[2]: *** [CMakeFiles/realsense_msgs__rosidl_typesupport_cpp.dir/depend] Interrupt
[3.554s] CMakeFiles/realsense_msgs__rosidl_typesupport_c.dir/build.make:170: recipe for target 'CMakeFiles/realsense_msgs__rosidl_typesupport_c.dir/depend' failed
[3.555s] CMakeFiles/Makefile2:403: recipe for target 'CMakeFiles/realsense_msgs__rosidl_typesupport_c.dir/all' failed
[3.555s] CMakeFiles/realsense_msgs__rosidl_typesupport_introspection_cpp.dir/build.make:176: recipe for target 'CMakeFiles/realsense_msgs__rosidl_typesupport_introspection_cpp.dir/depend' failed
[3.555s] CMakeFiles/Makefile2:482: recipe for target 'CMakeFiles/realsense_msgs__rosidl_typesupport_introspection_cpp.dir/all' failed
[3.556s] CMakeFiles/realsense_msgs__rosidl_typesupport_introspection_c.dir/build.make:177: recipe for target 'CMakeFiles/realsense_msgs__rosidl_typesupport_introspection_c.dir/depend' failed
[3.556s] CMakeFiles/realsense_msgs__rosidl_typesupport_cpp.dir/build.make:170: recipe for target 'CMakeFiles/realsense_msgs__rosidl_typesupport_cpp.dir/depend' failed
[3.557s] CMakeFiles/Makefile2:366: recipe for target 'CMakeFiles/realsense_msgs__rosidl_typesupport_introspection_c.dir/all' failed
[3.557s] CMakeFiles/Makefile2:219: recipe for target 'CMakeFiles/realsense_msgs__rosidl_typesupport_cpp.dir/all' failed
[3.557s] Makefile:140: recipe for target 'all' failed
[3.558s] make[1]: *** [CMakeFiles/realsense_msgs__rosidl_typesupport_introspection_c.dir/all] Interrupt
[3.558s] make[1]: *** [CMakeFiles/realsense_msgs__rosidl_typesupport_cpp.dir/all] Interrupt
[3.558s] make: *** [all] Interrupt
