[1.855s] DEBUG:colcon:Command line arguments: ['/usr/bin/colcon', 'build', '--packages-skip-regex', 'real*']
[1.856s] DEBUG:colcon:Parsed command line arguments: Namespace(ament_cmake_args=None, base_paths=['.'], build_base='build', catkin_cmake_args=None, catkin_skip_building_tests=False, cmake_args=None, cmake_clean_cache=False, cmake_clean_first=False, cmake_force_configure=False, cmake_target=None, cmake_target_skip_unavailable=False, continue_on_error=False, event_handlers=None, executor='parallel', ignore_user_meta=False, install_base='install', log_base=None, log_level=None, main=<bound method BuildVerb.main of <colcon_core.verb.build.BuildVerb object at 0x7f90395978>>, merge_install=False, metas=['./colcon.meta'], packages_above=None, packages_above_and_dependencies=None, packages_above_depth=None, packages_end=None, packages_ignore=None, packages_ignore_regex=None, packages_select=None, packages_select_build_failed=False, packages_select_by_dep=None, packages_select_regex=None, packages_select_test_failures=False, packages_skip=None, packages_skip_build_finished=False, packages_skip_by_dep=None, packages_skip_regex=[re.compile('real*')], packages_skip_test_passed=False, packages_skip_up_to=None, packages_start=None, packages_up_to=None, packages_up_to_regex=None, parallel_workers=4, paths=None, symlink_install=False, test_result_base=None, verb_extension=<colcon_core.verb.build.BuildVerb object at 0x7f90395978>, verb_name='build', verb_parser=<colcon_defaults.argument_parser.defaults.DefaultArgumentsDecorator object at 0x7f90395cc0>)
[1.906s] Level 1:colcon.colcon_core.package_discovery:discover_packages(colcon_meta) check parameters
[1.907s] Level 1:colcon.colcon_core.package_discovery:discover_packages(recursive) check parameters
[1.907s] Level 1:colcon.colcon_core.package_discovery:discover_packages(ignore) check parameters
[1.908s] Level 1:colcon.colcon_core.package_discovery:discover_packages(path) check parameters
[1.908s] Level 1:colcon.colcon_core.package_discovery:discover_packages(colcon_meta) discover
[1.910s] Level 1:colcon.colcon_core.package_discovery:discover_packages(recursive) discover
[1.910s] INFO:colcon.colcon_core.package_discovery:Crawling recursively for packages in '/home/usr/usr_ws_2020'
[1.910s] Level 1:colcon.colcon_core.package_identification:_identify(.) by extensions ['ignore', 'ignore_ament_install']
[1.911s] Level 1:colcon.colcon_core.package_identification:_identify(.) by extension 'ignore'
[1.911s] Level 1:colcon.colcon_core.package_identification:_identify(.) by extension 'ignore_ament_install'
[1.911s] Level 1:colcon.colcon_core.package_identification:_identify(.) by extensions ['colcon_pkg']
[1.912s] Level 1:colcon.colcon_core.package_identification:_identify(.) by extension 'colcon_pkg'
[1.912s] Level 1:colcon.colcon_core.package_identification:_identify(.) by extensions ['colcon_meta']
[1.912s] Level 1:colcon.colcon_core.package_identification:_identify(.) by extension 'colcon_meta'
[1.912s] Level 1:colcon.colcon_core.package_identification:_identify(.) by extensions ['ros']
[1.912s] Level 1:colcon.colcon_core.package_identification:_identify(.) by extension 'ros'
[2.025s] Level 1:colcon.colcon_core.package_identification:_identify(.) by extensions ['cmake', 'python']
[2.026s] Level 1:colcon.colcon_core.package_identification:_identify(.) by extension 'cmake'
[2.026s] Level 1:colcon.colcon_core.package_identification:_identify(.) by extension 'python'
[2.026s] Level 1:colcon.colcon_core.package_identification:_identify(.) by extensions ['python_setup_py']
[2.027s] Level 1:colcon.colcon_core.package_identification:_identify(.) by extension 'python_setup_py'
[2.027s] Level 1:colcon.colcon_core.package_identification:_identify(build) by extensions ['ignore', 'ignore_ament_install']
[2.028s] Level 1:colcon.colcon_core.package_identification:_identify(build) by extension 'ignore'
[2.028s] Level 1:colcon.colcon_core.package_identification:_identify(build) ignored
[2.030s] Level 1:colcon.colcon_core.package_identification:_identify(docker) by extensions ['ignore', 'ignore_ament_install']
[2.030s] Level 1:colcon.colcon_core.package_identification:_identify(docker) by extension 'ignore'
[2.031s] Level 1:colcon.colcon_core.package_identification:_identify(docker) by extension 'ignore_ament_install'
[2.031s] Level 1:colcon.colcon_core.package_identification:_identify(docker) by extensions ['colcon_pkg']
[2.031s] Level 1:colcon.colcon_core.package_identification:_identify(docker) by extension 'colcon_pkg'
[2.031s] Level 1:colcon.colcon_core.package_identification:_identify(docker) by extensions ['colcon_meta']
[2.031s] Level 1:colcon.colcon_core.package_identification:_identify(docker) by extension 'colcon_meta'
[2.032s] Level 1:colcon.colcon_core.package_identification:_identify(docker) by extensions ['ros']
[2.032s] Level 1:colcon.colcon_core.package_identification:_identify(docker) by extension 'ros'
[2.033s] Level 1:colcon.colcon_core.package_identification:_identify(docker) by extensions ['cmake', 'python']
[2.033s] Level 1:colcon.colcon_core.package_identification:_identify(docker) by extension 'cmake'
[2.033s] Level 1:colcon.colcon_core.package_identification:_identify(docker) by extension 'python'
[2.033s] Level 1:colcon.colcon_core.package_identification:_identify(docker) by extensions ['python_setup_py']
[2.033s] Level 1:colcon.colcon_core.package_identification:_identify(docker) by extension 'python_setup_py'
[2.034s] Level 1:colcon.colcon_core.package_identification:_identify(install) by extensions ['ignore', 'ignore_ament_install']
[2.035s] Level 1:colcon.colcon_core.package_identification:_identify(install) by extension 'ignore'
[2.035s] Level 1:colcon.colcon_core.package_identification:_identify(install) ignored
[2.035s] Level 1:colcon.colcon_core.package_identification:_identify(launch) by extensions ['ignore', 'ignore_ament_install']
[2.036s] Level 1:colcon.colcon_core.package_identification:_identify(launch) by extension 'ignore'
[2.036s] Level 1:colcon.colcon_core.package_identification:_identify(launch) by extension 'ignore_ament_install'
[2.036s] Level 1:colcon.colcon_core.package_identification:_identify(launch) by extensions ['colcon_pkg']
[2.037s] Level 1:colcon.colcon_core.package_identification:_identify(launch) by extension 'colcon_pkg'
[2.037s] Level 1:colcon.colcon_core.package_identification:_identify(launch) by extensions ['colcon_meta']
[2.037s] Level 1:colcon.colcon_core.package_identification:_identify(launch) by extension 'colcon_meta'
[2.038s] Level 1:colcon.colcon_core.package_identification:_identify(launch) by extensions ['ros']
[2.038s] Level 1:colcon.colcon_core.package_identification:_identify(launch) by extension 'ros'
[2.038s] Level 1:colcon.colcon_core.package_identification:_identify(launch) by extensions ['cmake', 'python']
[2.039s] Level 1:colcon.colcon_core.package_identification:_identify(launch) by extension 'cmake'
[2.039s] Level 1:colcon.colcon_core.package_identification:_identify(launch) by extension 'python'
[2.039s] Level 1:colcon.colcon_core.package_identification:_identify(launch) by extensions ['python_setup_py']
[2.039s] Level 1:colcon.colcon_core.package_identification:_identify(launch) by extension 'python_setup_py'
[2.040s] Level 1:colcon.colcon_core.package_identification:_identify(launch/__pycache__) by extensions ['ignore', 'ignore_ament_install']
[2.040s] Level 1:colcon.colcon_core.package_identification:_identify(launch/__pycache__) by extension 'ignore'
[2.041s] Level 1:colcon.colcon_core.package_identification:_identify(launch/__pycache__) by extension 'ignore_ament_install'
[2.041s] Level 1:colcon.colcon_core.package_identification:_identify(launch/__pycache__) by extensions ['colcon_pkg']
[2.041s] Level 1:colcon.colcon_core.package_identification:_identify(launch/__pycache__) by extension 'colcon_pkg'
[2.042s] Level 1:colcon.colcon_core.package_identification:_identify(launch/__pycache__) by extensions ['colcon_meta']
[2.042s] Level 1:colcon.colcon_core.package_identification:_identify(launch/__pycache__) by extension 'colcon_meta'
[2.042s] Level 1:colcon.colcon_core.package_identification:_identify(launch/__pycache__) by extensions ['ros']
[2.042s] Level 1:colcon.colcon_core.package_identification:_identify(launch/__pycache__) by extension 'ros'
[2.043s] Level 1:colcon.colcon_core.package_identification:_identify(launch/__pycache__) by extensions ['cmake', 'python']
[2.043s] Level 1:colcon.colcon_core.package_identification:_identify(launch/__pycache__) by extension 'cmake'
[2.043s] Level 1:colcon.colcon_core.package_identification:_identify(launch/__pycache__) by extension 'python'
[2.044s] Level 1:colcon.colcon_core.package_identification:_identify(launch/__pycache__) by extensions ['python_setup_py']
[2.044s] Level 1:colcon.colcon_core.package_identification:_identify(launch/__pycache__) by extension 'python_setup_py'
[2.045s] Level 1:colcon.colcon_core.package_identification:_identify(log) by extensions ['ignore', 'ignore_ament_install']
[2.047s] Level 1:colcon.colcon_core.package_identification:_identify(log) by extension 'ignore'
[2.047s] Level 1:colcon.colcon_core.package_identification:_identify(log) ignored
[2.048s] Level 1:colcon.colcon_core.package_identification:_identify(scripts) by extensions ['ignore', 'ignore_ament_install']
[2.048s] Level 1:colcon.colcon_core.package_identification:_identify(scripts) by extension 'ignore'
[2.048s] Level 1:colcon.colcon_core.package_identification:_identify(scripts) by extension 'ignore_ament_install'
[2.049s] Level 1:colcon.colcon_core.package_identification:_identify(scripts) by extensions ['colcon_pkg']
[2.049s] Level 1:colcon.colcon_core.package_identification:_identify(scripts) by extension 'colcon_pkg'
[2.049s] Level 1:colcon.colcon_core.package_identification:_identify(scripts) by extensions ['colcon_meta']
[2.049s] Level 1:colcon.colcon_core.package_identification:_identify(scripts) by extension 'colcon_meta'
[2.050s] Level 1:colcon.colcon_core.package_identification:_identify(scripts) by extensions ['ros']
[2.050s] Level 1:colcon.colcon_core.package_identification:_identify(scripts) by extension 'ros'
[2.050s] Level 1:colcon.colcon_core.package_identification:_identify(scripts) by extensions ['cmake', 'python']
[2.050s] Level 1:colcon.colcon_core.package_identification:_identify(scripts) by extension 'cmake'
[2.051s] Level 1:colcon.colcon_core.package_identification:_identify(scripts) by extension 'python'
[2.051s] Level 1:colcon.colcon_core.package_identification:_identify(scripts) by extensions ['python_setup_py']
[2.051s] Level 1:colcon.colcon_core.package_identification:_identify(scripts) by extension 'python_setup_py'
[2.052s] Level 1:colcon.colcon_core.package_identification:_identify(scripts/yaml-cpp-0.6) by extensions ['ignore', 'ignore_ament_install']
[2.052s] Level 1:colcon.colcon_core.package_identification:_identify(scripts/yaml-cpp-0.6) by extension 'ignore'
[2.052s] Level 1:colcon.colcon_core.package_identification:_identify(scripts/yaml-cpp-0.6) by extension 'ignore_ament_install'
[2.053s] Level 1:colcon.colcon_core.package_identification:_identify(scripts/yaml-cpp-0.6) by extensions ['colcon_pkg']
[2.053s] Level 1:colcon.colcon_core.package_identification:_identify(scripts/yaml-cpp-0.6) by extension 'colcon_pkg'
[2.053s] Level 1:colcon.colcon_core.package_identification:_identify(scripts/yaml-cpp-0.6) by extensions ['colcon_meta']
[2.054s] Level 1:colcon.colcon_core.package_identification:_identify(scripts/yaml-cpp-0.6) by extension 'colcon_meta'
[2.054s] Level 1:colcon.colcon_core.package_identification:_identify(scripts/yaml-cpp-0.6) by extensions ['ros']
[2.054s] Level 1:colcon.colcon_core.package_identification:_identify(scripts/yaml-cpp-0.6) by extension 'ros'
[2.054s] Level 1:colcon.colcon_core.package_identification:_identify(scripts/yaml-cpp-0.6) by extensions ['cmake', 'python']
[2.055s] Level 1:colcon.colcon_core.package_identification:_identify(scripts/yaml-cpp-0.6) by extension 'cmake'
[2.118s] Level 1:colcon.colcon_core.package_identification:_identify(scripts/yaml-cpp-0.6) by extension 'python'
[2.119s] DEBUG:colcon.colcon_core.package_identification:Package 'scripts/yaml-cpp-0.6' with type 'cmake' and name 'YAML_CPP'
[2.120s] Level 1:colcon.colcon_core.package_identification:_identify(src) by extensions ['ignore', 'ignore_ament_install']
[2.121s] Level 1:colcon.colcon_core.package_identification:_identify(src) by extension 'ignore'
[2.122s] Level 1:colcon.colcon_core.package_identification:_identify(src) by extension 'ignore_ament_install'
[2.122s] Level 1:colcon.colcon_core.package_identification:_identify(src) by extensions ['colcon_pkg']
[2.122s] Level 1:colcon.colcon_core.package_identification:_identify(src) by extension 'colcon_pkg'
[2.122s] Level 1:colcon.colcon_core.package_identification:_identify(src) by extensions ['colcon_meta']
[2.123s] Level 1:colcon.colcon_core.package_identification:_identify(src) by extension 'colcon_meta'
[2.123s] Level 1:colcon.colcon_core.package_identification:_identify(src) by extensions ['ros']
[2.123s] Level 1:colcon.colcon_core.package_identification:_identify(src) by extension 'ros'
[2.124s] Level 1:colcon.colcon_core.package_identification:_identify(src) by extensions ['cmake', 'python']
[2.124s] Level 1:colcon.colcon_core.package_identification:_identify(src) by extension 'cmake'
[2.124s] Level 1:colcon.colcon_core.package_identification:_identify(src) by extension 'python'
[2.125s] Level 1:colcon.colcon_core.package_identification:_identify(src) by extensions ['python_setup_py']
[2.125s] Level 1:colcon.colcon_core.package_identification:_identify(src) by extension 'python_setup_py'
[2.125s] Level 1:colcon.colcon_core.package_identification:_identify(src/motion_controller) by extensions ['ignore', 'ignore_ament_install']
[2.126s] Level 1:colcon.colcon_core.package_identification:_identify(src/motion_controller) by extension 'ignore'
[2.126s] Level 1:colcon.colcon_core.package_identification:_identify(src/motion_controller) by extension 'ignore_ament_install'
[2.126s] Level 1:colcon.colcon_core.package_identification:_identify(src/motion_controller) by extensions ['colcon_pkg']
[2.126s] Level 1:colcon.colcon_core.package_identification:_identify(src/motion_controller) by extension 'colcon_pkg'
[2.127s] Level 1:colcon.colcon_core.package_identification:_identify(src/motion_controller) by extensions ['colcon_meta']
[2.127s] Level 1:colcon.colcon_core.package_identification:_identify(src/motion_controller) by extension 'colcon_meta'
[2.127s] Level 1:colcon.colcon_core.package_identification:_identify(src/motion_controller) by extensions ['ros']
[2.127s] Level 1:colcon.colcon_core.package_identification:_identify(src/motion_controller) by extension 'ros'
[2.128s] Level 1:colcon.colcon_core.package_identification:_identify(src/motion_controller) by extensions ['cmake', 'python']
[2.128s] Level 1:colcon.colcon_core.package_identification:_identify(src/motion_controller) by extension 'cmake'
[2.128s] Level 1:colcon.colcon_core.package_identification:_identify(src/motion_controller) by extension 'python'
[2.129s] Level 1:colcon.colcon_core.package_identification:_identify(src/motion_controller) by extensions ['python_setup_py']
[2.129s] Level 1:colcon.colcon_core.package_identification:_identify(src/motion_controller) by extension 'python_setup_py'
[2.129s] Level 1:colcon.colcon_core.package_identification:_identify(src/motion_controller/motion_controller_msgs) by extensions ['ignore', 'ignore_ament_install']
[2.130s] Level 1:colcon.colcon_core.package_identification:_identify(src/motion_controller/motion_controller_msgs) by extension 'ignore'
[2.131s] Level 1:colcon.colcon_core.package_identification:_identify(src/motion_controller/motion_controller_msgs) by extension 'ignore_ament_install'
[2.131s] Level 1:colcon.colcon_core.package_identification:_identify(src/motion_controller/motion_controller_msgs) by extensions ['colcon_pkg']
[2.131s] Level 1:colcon.colcon_core.package_identification:_identify(src/motion_controller/motion_controller_msgs) by extension 'colcon_pkg'
[2.132s] Level 1:colcon.colcon_core.package_identification:_identify(src/motion_controller/motion_controller_msgs) by extensions ['colcon_meta']
[2.132s] Level 1:colcon.colcon_core.package_identification:_identify(src/motion_controller/motion_controller_msgs) by extension 'colcon_meta'
[2.132s] Level 1:colcon.colcon_core.package_identification:_identify(src/motion_controller/motion_controller_msgs) by extensions ['ros']
[2.132s] Level 1:colcon.colcon_core.package_identification:_identify(src/motion_controller/motion_controller_msgs) by extension 'ros'
[2.145s] DEBUG:colcon.colcon_core.package_identification:Package 'src/motion_controller/motion_controller_msgs' with type 'ros.ament_cmake' and name 'motion_controller_msgs'
[2.145s] Level 1:colcon.colcon_core.package_identification:_identify(src/motion_controller/motion_controller_node) by extensions ['ignore', 'ignore_ament_install']
[2.146s] Level 1:colcon.colcon_core.package_identification:_identify(src/motion_controller/motion_controller_node) by extension 'ignore'
[2.146s] Level 1:colcon.colcon_core.package_identification:_identify(src/motion_controller/motion_controller_node) by extension 'ignore_ament_install'
[2.146s] Level 1:colcon.colcon_core.package_identification:_identify(src/motion_controller/motion_controller_node) by extensions ['colcon_pkg']
[2.147s] Level 1:colcon.colcon_core.package_identification:_identify(src/motion_controller/motion_controller_node) by extension 'colcon_pkg'
[2.147s] Level 1:colcon.colcon_core.package_identification:_identify(src/motion_controller/motion_controller_node) by extensions ['colcon_meta']
[2.147s] Level 1:colcon.colcon_core.package_identification:_identify(src/motion_controller/motion_controller_node) by extension 'colcon_meta'
[2.147s] Level 1:colcon.colcon_core.package_identification:_identify(src/motion_controller/motion_controller_node) by extensions ['ros']
[2.147s] Level 1:colcon.colcon_core.package_identification:_identify(src/motion_controller/motion_controller_node) by extension 'ros'
[2.150s] DEBUG:colcon.colcon_core.package_identification:Package 'src/motion_controller/motion_controller_node' with type 'ros.ament_cmake' and name 'motion_controller_node'
[2.150s] Level 1:colcon.colcon_core.package_identification:_identify(src/motor_controllers) by extensions ['ignore', 'ignore_ament_install']
[2.151s] Level 1:colcon.colcon_core.package_identification:_identify(src/motor_controllers) by extension 'ignore'
[2.151s] Level 1:colcon.colcon_core.package_identification:_identify(src/motor_controllers) by extension 'ignore_ament_install'
[2.151s] Level 1:colcon.colcon_core.package_identification:_identify(src/motor_controllers) by extensions ['colcon_pkg']
[2.151s] Level 1:colcon.colcon_core.package_identification:_identify(src/motor_controllers) by extension 'colcon_pkg'
[2.152s] Level 1:colcon.colcon_core.package_identification:_identify(src/motor_controllers) by extensions ['colcon_meta']
[2.152s] Level 1:colcon.colcon_core.package_identification:_identify(src/motor_controllers) by extension 'colcon_meta'
[2.152s] Level 1:colcon.colcon_core.package_identification:_identify(src/motor_controllers) by extensions ['ros']
[2.152s] Level 1:colcon.colcon_core.package_identification:_identify(src/motor_controllers) by extension 'ros'
[2.153s] Level 1:colcon.colcon_core.package_identification:_identify(src/motor_controllers) by extensions ['cmake', 'python']
[2.153s] Level 1:colcon.colcon_core.package_identification:_identify(src/motor_controllers) by extension 'cmake'
[2.153s] Level 1:colcon.colcon_core.package_identification:_identify(src/motor_controllers) by extension 'python'
[2.153s] Level 1:colcon.colcon_core.package_identification:_identify(src/motor_controllers) by extensions ['python_setup_py']
[2.153s] Level 1:colcon.colcon_core.package_identification:_identify(src/motor_controllers) by extension 'python_setup_py'
[2.154s] Level 1:colcon.colcon_core.package_identification:_identify(src/motor_controllers/build) by extensions ['ignore', 'ignore_ament_install']
[2.154s] Level 1:colcon.colcon_core.package_identification:_identify(src/motor_controllers/build) by extension 'ignore'
[2.155s] Level 1:colcon.colcon_core.package_identification:_identify(src/motor_controllers/build) ignored
[2.155s] Level 1:colcon.colcon_core.package_identification:_identify(src/motor_controllers/digger_motor_node) by extensions ['ignore', 'ignore_ament_install']
[2.156s] Level 1:colcon.colcon_core.package_identification:_identify(src/motor_controllers/digger_motor_node) by extension 'ignore'
[2.156s] Level 1:colcon.colcon_core.package_identification:_identify(src/motor_controllers/digger_motor_node) by extension 'ignore_ament_install'
[2.156s] Level 1:colcon.colcon_core.package_identification:_identify(src/motor_controllers/digger_motor_node) by extensions ['colcon_pkg']
[2.156s] Level 1:colcon.colcon_core.package_identification:_identify(src/motor_controllers/digger_motor_node) by extension 'colcon_pkg'
[2.156s] Level 1:colcon.colcon_core.package_identification:_identify(src/motor_controllers/digger_motor_node) by extensions ['colcon_meta']
[2.157s] Level 1:colcon.colcon_core.package_identification:_identify(src/motor_controllers/digger_motor_node) by extension 'colcon_meta'
[2.157s] Level 1:colcon.colcon_core.package_identification:_identify(src/motor_controllers/digger_motor_node) by extensions ['ros']
[2.157s] Level 1:colcon.colcon_core.package_identification:_identify(src/motor_controllers/digger_motor_node) by extension 'ros'
[2.160s] DEBUG:colcon.colcon_core.package_identification:Package 'src/motor_controllers/digger_motor_node' with type 'ros.ament_python' and name 'digger_motor_node'
[2.161s] Level 1:colcon.colcon_core.package_identification:_identify(src/motor_controllers/install) by extensions ['ignore', 'ignore_ament_install']
[2.162s] Level 1:colcon.colcon_core.package_identification:_identify(src/motor_controllers/install) by extension 'ignore'
[2.162s] Level 1:colcon.colcon_core.package_identification:_identify(src/motor_controllers/install) ignored
[2.163s] Level 1:colcon.colcon_core.package_identification:_identify(src/motor_controllers/log) by extensions ['ignore', 'ignore_ament_install']
[2.163s] Level 1:colcon.colcon_core.package_identification:_identify(src/motor_controllers/log) by extension 'ignore'
[2.164s] Level 1:colcon.colcon_core.package_identification:_identify(src/motor_controllers/log) ignored
[2.164s] Level 1:colcon.colcon_core.package_identification:_identify(src/motor_controllers/maxon_motor_node) by extensions ['ignore', 'ignore_ament_install']
[2.165s] Level 1:colcon.colcon_core.package_identification:_identify(src/motor_controllers/maxon_motor_node) by extension 'ignore'
[2.165s] Level 1:colcon.colcon_core.package_identification:_identify(src/motor_controllers/maxon_motor_node) by extension 'ignore_ament_install'
[2.165s] Level 1:colcon.colcon_core.package_identification:_identify(src/motor_controllers/maxon_motor_node) by extensions ['colcon_pkg']
[2.166s] Level 1:colcon.colcon_core.package_identification:_identify(src/motor_controllers/maxon_motor_node) by extension 'colcon_pkg'
[2.166s] Level 1:colcon.colcon_core.package_identification:_identify(src/motor_controllers/maxon_motor_node) by extensions ['colcon_meta']
[2.166s] Level 1:colcon.colcon_core.package_identification:_identify(src/motor_controllers/maxon_motor_node) by extension 'colcon_meta'
[2.166s] Level 1:colcon.colcon_core.package_identification:_identify(src/motor_controllers/maxon_motor_node) by extensions ['ros']
[2.166s] Level 1:colcon.colcon_core.package_identification:_identify(src/motor_controllers/maxon_motor_node) by extension 'ros'
[2.169s] DEBUG:colcon.colcon_core.package_identification:Package 'src/motor_controllers/maxon_motor_node' with type 'ros.ament_python' and name 'maxon_motor_node'
[2.170s] Level 1:colcon.colcon_core.package_identification:_identify(src/motor_controllers/stepper_motor) by extensions ['ignore', 'ignore_ament_install']
[2.171s] Level 1:colcon.colcon_core.package_identification:_identify(src/motor_controllers/stepper_motor) by extension 'ignore'
[2.171s] Level 1:colcon.colcon_core.package_identification:_identify(src/motor_controllers/stepper_motor) by extension 'ignore_ament_install'
[2.171s] Level 1:colcon.colcon_core.package_identification:_identify(src/motor_controllers/stepper_motor) by extensions ['colcon_pkg']
[2.172s] Level 1:colcon.colcon_core.package_identification:_identify(src/motor_controllers/stepper_motor) by extension 'colcon_pkg'
[2.172s] Level 1:colcon.colcon_core.package_identification:_identify(src/motor_controllers/stepper_motor) by extensions ['colcon_meta']
[2.172s] Level 1:colcon.colcon_core.package_identification:_identify(src/motor_controllers/stepper_motor) by extension 'colcon_meta'
[2.172s] Level 1:colcon.colcon_core.package_identification:_identify(src/motor_controllers/stepper_motor) by extensions ['ros']
[2.173s] Level 1:colcon.colcon_core.package_identification:_identify(src/motor_controllers/stepper_motor) by extension 'ros'
[2.176s] DEBUG:colcon.colcon_core.package_identification:Package 'src/motor_controllers/stepper_motor' with type 'ros.ament_python' and name 'stepper_motor'
[2.177s] Level 1:colcon.colcon_core.package_identification:_identify(src/ros2_intel_realsense) by extensions ['ignore', 'ignore_ament_install']
[2.177s] Level 1:colcon.colcon_core.package_identification:_identify(src/ros2_intel_realsense) by extension 'ignore'
[2.178s] Level 1:colcon.colcon_core.package_identification:_identify(src/ros2_intel_realsense) by extension 'ignore_ament_install'
[2.178s] Level 1:colcon.colcon_core.package_identification:_identify(src/ros2_intel_realsense) by extensions ['colcon_pkg']
[2.178s] Level 1:colcon.colcon_core.package_identification:_identify(src/ros2_intel_realsense) by extension 'colcon_pkg'
[2.178s] Level 1:colcon.colcon_core.package_identification:_identify(src/ros2_intel_realsense) by extensions ['colcon_meta']
[2.178s] Level 1:colcon.colcon_core.package_identification:_identify(src/ros2_intel_realsense) by extension 'colcon_meta'
[2.179s] Level 1:colcon.colcon_core.package_identification:_identify(src/ros2_intel_realsense) by extensions ['ros']
[2.179s] Level 1:colcon.colcon_core.package_identification:_identify(src/ros2_intel_realsense) by extension 'ros'
[2.179s] Level 1:colcon.colcon_core.package_identification:_identify(src/ros2_intel_realsense) by extensions ['cmake', 'python']
[2.180s] Level 1:colcon.colcon_core.package_identification:_identify(src/ros2_intel_realsense) by extension 'cmake'
[2.180s] Level 1:colcon.colcon_core.package_identification:_identify(src/ros2_intel_realsense) by extension 'python'
[2.180s] Level 1:colcon.colcon_core.package_identification:_identify(src/ros2_intel_realsense) by extensions ['python_setup_py']
[2.180s] Level 1:colcon.colcon_core.package_identification:_identify(src/ros2_intel_realsense) by extension 'python_setup_py'
[2.181s] Level 1:colcon.colcon_core.package_identification:_identify(src/ros2_intel_realsense/realsense_examples) by extensions ['ignore', 'ignore_ament_install']
[2.181s] Level 1:colcon.colcon_core.package_identification:_identify(src/ros2_intel_realsense/realsense_examples) by extension 'ignore'
[2.181s] Level 1:colcon.colcon_core.package_identification:_identify(src/ros2_intel_realsense/realsense_examples) by extension 'ignore_ament_install'
[2.182s] Level 1:colcon.colcon_core.package_identification:_identify(src/ros2_intel_realsense/realsense_examples) by extensions ['colcon_pkg']
[2.182s] Level 1:colcon.colcon_core.package_identification:_identify(src/ros2_intel_realsense/realsense_examples) by extension 'colcon_pkg'
[2.182s] Level 1:colcon.colcon_core.package_identification:_identify(src/ros2_intel_realsense/realsense_examples) by extensions ['colcon_meta']
[2.182s] Level 1:colcon.colcon_core.package_identification:_identify(src/ros2_intel_realsense/realsense_examples) by extension 'colcon_meta'
[2.182s] Level 1:colcon.colcon_core.package_identification:_identify(src/ros2_intel_realsense/realsense_examples) by extensions ['ros']
[2.183s] Level 1:colcon.colcon_core.package_identification:_identify(src/ros2_intel_realsense/realsense_examples) by extension 'ros'
[2.187s] DEBUG:colcon.colcon_core.package_identification:Package 'src/ros2_intel_realsense/realsense_examples' with type 'ros.ament_cmake' and name 'realsense_examples'
[2.188s] Level 1:colcon.colcon_core.package_identification:_identify(src/ros2_intel_realsense/realsense_msgs) by extensions ['ignore', 'ignore_ament_install']
[2.188s] Level 1:colcon.colcon_core.package_identification:_identify(src/ros2_intel_realsense/realsense_msgs) by extension 'ignore'
[2.189s] Level 1:colcon.colcon_core.package_identification:_identify(src/ros2_intel_realsense/realsense_msgs) by extension 'ignore_ament_install'
[2.189s] Level 1:colcon.colcon_core.package_identification:_identify(src/ros2_intel_realsense/realsense_msgs) by extensions ['colcon_pkg']
[2.189s] Level 1:colcon.colcon_core.package_identification:_identify(src/ros2_intel_realsense/realsense_msgs) by extension 'colcon_pkg'
[2.189s] Level 1:colcon.colcon_core.package_identification:_identify(src/ros2_intel_realsense/realsense_msgs) by extensions ['colcon_meta']
[2.189s] Level 1:colcon.colcon_core.package_identification:_identify(src/ros2_intel_realsense/realsense_msgs) by extension 'colcon_meta'
[2.190s] Level 1:colcon.colcon_core.package_identification:_identify(src/ros2_intel_realsense/realsense_msgs) by extensions ['ros']
[2.190s] Level 1:colcon.colcon_core.package_identification:_identify(src/ros2_intel_realsense/realsense_msgs) by extension 'ros'
[2.193s] DEBUG:colcon.colcon_core.package_identification:Package 'src/ros2_intel_realsense/realsense_msgs' with type 'ros.ament_cmake' and name 'realsense_msgs'
[2.193s] Level 1:colcon.colcon_core.package_identification:_identify(src/ros2_intel_realsense/realsense_node) by extensions ['ignore', 'ignore_ament_install']
[2.194s] Level 1:colcon.colcon_core.package_identification:_identify(src/ros2_intel_realsense/realsense_node) by extension 'ignore'
[2.194s] Level 1:colcon.colcon_core.package_identification:_identify(src/ros2_intel_realsense/realsense_node) by extension 'ignore_ament_install'
[2.194s] Level 1:colcon.colcon_core.package_identification:_identify(src/ros2_intel_realsense/realsense_node) by extensions ['colcon_pkg']
[2.194s] Level 1:colcon.colcon_core.package_identification:_identify(src/ros2_intel_realsense/realsense_node) by extension 'colcon_pkg'
[2.194s] Level 1:colcon.colcon_core.package_identification:_identify(src/ros2_intel_realsense/realsense_node) by extensions ['colcon_meta']
[2.194s] Level 1:colcon.colcon_core.package_identification:_identify(src/ros2_intel_realsense/realsense_node) by extension 'colcon_meta'
[2.195s] Level 1:colcon.colcon_core.package_identification:_identify(src/ros2_intel_realsense/realsense_node) by extensions ['ros']
[2.195s] Level 1:colcon.colcon_core.package_identification:_identify(src/ros2_intel_realsense/realsense_node) by extension 'ros'
[2.200s] DEBUG:colcon.colcon_core.package_identification:Package 'src/ros2_intel_realsense/realsense_node' with type 'ros.ament_cmake' and name 'realsense_node'
[2.200s] Level 1:colcon.colcon_core.package_identification:_identify(src/ros2_intel_realsense/realsense_ros) by extensions ['ignore', 'ignore_ament_install']
[2.201s] Level 1:colcon.colcon_core.package_identification:_identify(src/ros2_intel_realsense/realsense_ros) by extension 'ignore'
[2.201s] Level 1:colcon.colcon_core.package_identification:_identify(src/ros2_intel_realsense/realsense_ros) by extension 'ignore_ament_install'
[2.201s] Level 1:colcon.colcon_core.package_identification:_identify(src/ros2_intel_realsense/realsense_ros) by extensions ['colcon_pkg']
[2.202s] Level 1:colcon.colcon_core.package_identification:_identify(src/ros2_intel_realsense/realsense_ros) by extension 'colcon_pkg'
[2.202s] Level 1:colcon.colcon_core.package_identification:_identify(src/ros2_intel_realsense/realsense_ros) by extensions ['colcon_meta']
[2.202s] Level 1:colcon.colcon_core.package_identification:_identify(src/ros2_intel_realsense/realsense_ros) by extension 'colcon_meta'
[2.202s] Level 1:colcon.colcon_core.package_identification:_identify(src/ros2_intel_realsense/realsense_ros) by extensions ['ros']
[2.202s] Level 1:colcon.colcon_core.package_identification:_identify(src/ros2_intel_realsense/realsense_ros) by extension 'ros'
[2.209s] DEBUG:colcon.colcon_core.package_identification:Package 'src/ros2_intel_realsense/realsense_ros' with type 'ros.ament_cmake' and name 'realsense_ros'
[2.210s] Level 1:colcon.colcon_core.package_identification:_identify(src/teleop_node) by extensions ['ignore', 'ignore_ament_install']
[2.210s] Level 1:colcon.colcon_core.package_identification:_identify(src/teleop_node) by extension 'ignore'
[2.210s] Level 1:colcon.colcon_core.package_identification:_identify(src/teleop_node) by extension 'ignore_ament_install'
[2.211s] Level 1:colcon.colcon_core.package_identification:_identify(src/teleop_node) by extensions ['colcon_pkg']
[2.211s] Level 1:colcon.colcon_core.package_identification:_identify(src/teleop_node) by extension 'colcon_pkg'
[2.211s] Level 1:colcon.colcon_core.package_identification:_identify(src/teleop_node) by extensions ['colcon_meta']
[2.211s] Level 1:colcon.colcon_core.package_identification:_identify(src/teleop_node) by extension 'colcon_meta'
[2.211s] Level 1:colcon.colcon_core.package_identification:_identify(src/teleop_node) by extensions ['ros']
[2.212s] Level 1:colcon.colcon_core.package_identification:_identify(src/teleop_node) by extension 'ros'
[2.214s] DEBUG:colcon.colcon_core.package_identification:Package 'src/teleop_node' with type 'ros.ament_python' and name 'teleop_node'
[2.215s] Level 1:colcon.colcon_core.package_discovery:discover_packages(recursive) using defaults
[2.216s] Level 1:colcon.colcon_core.package_discovery:discover_packages(ignore) discover
[2.216s] Level 1:colcon.colcon_core.package_discovery:discover_packages(ignore) using defaults
[2.216s] Level 1:colcon.colcon_core.package_discovery:discover_packages(path) discover
[2.217s] Level 1:colcon.colcon_core.package_discovery:discover_packages(path) using defaults
[2.358s] INFO:colcon.colcon_core.package_selection:Skipping package 'realsense_msgs' in 'src/ros2_intel_realsense/realsense_msgs'
[2.359s] INFO:colcon.colcon_core.package_selection:Skipping package 'realsense_ros' in 'src/ros2_intel_realsense/realsense_ros'
[2.359s] INFO:colcon.colcon_core.package_selection:Skipping package 'realsense_node' in 'src/ros2_intel_realsense/realsense_node'
[2.360s] INFO:colcon.colcon_core.package_selection:Skipping package 'realsense_examples' in 'src/ros2_intel_realsense/realsense_examples'
[2.382s] Level 5:colcon.colcon_core.verb:set package 'YAML_CPP' build argument 'cmake_args' from command line to 'None'
[2.382s] Level 5:colcon.colcon_core.verb:set package 'YAML_CPP' build argument 'cmake_target' from command line to 'None'
[2.383s] Level 5:colcon.colcon_core.verb:set package 'YAML_CPP' build argument 'cmake_target_skip_unavailable' from command line to 'False'
[2.383s] Level 5:colcon.colcon_core.verb:set package 'YAML_CPP' build argument 'cmake_clean_cache' from command line to 'False'
[2.383s] Level 5:colcon.colcon_core.verb:set package 'YAML_CPP' build argument 'cmake_clean_first' from command line to 'False'
[2.383s] Level 5:colcon.colcon_core.verb:set package 'YAML_CPP' build argument 'cmake_force_configure' from command line to 'False'
[2.384s] Level 5:colcon.colcon_core.verb:set package 'YAML_CPP' build argument 'ament_cmake_args' from command line to 'None'
[2.384s] Level 5:colcon.colcon_core.verb:set package 'YAML_CPP' build argument 'catkin_cmake_args' from command line to 'None'
[2.384s] Level 5:colcon.colcon_core.verb:set package 'YAML_CPP' build argument 'catkin_skip_building_tests' from command line to 'False'
[2.384s] DEBUG:colcon.colcon_core.verb:Building package 'YAML_CPP' with the following arguments: {'ament_cmake_args': None, 'build_base': '/home/usr/usr_ws_2020/build/YAML_CPP', 'catkin_cmake_args': None, 'catkin_skip_building_tests': False, 'cmake_args': None, 'cmake_clean_cache': False, 'cmake_clean_first': False, 'cmake_force_configure': False, 'cmake_target': None, 'cmake_target_skip_unavailable': False, 'install_base': '/home/usr/usr_ws_2020/install/YAML_CPP', 'merge_install': False, 'path': '/home/usr/usr_ws_2020/scripts/yaml-cpp-0.6', 'symlink_install': False, 'test_result_base': None}
[2.406s] Level 5:colcon.colcon_core.verb:set package 'digger_motor_node' build argument 'cmake_args' from command line to 'None'
[2.406s] Level 5:colcon.colcon_core.verb:set package 'digger_motor_node' build argument 'cmake_target' from command line to 'None'
[2.406s] Level 5:colcon.colcon_core.verb:set package 'digger_motor_node' build argument 'cmake_target_skip_unavailable' from command line to 'False'
[2.406s] Level 5:colcon.colcon_core.verb:set package 'digger_motor_node' build argument 'cmake_clean_cache' from command line to 'False'
[2.407s] Level 5:colcon.colcon_core.verb:set package 'digger_motor_node' build argument 'cmake_clean_first' from command line to 'False'
[2.407s] Level 5:colcon.colcon_core.verb:set package 'digger_motor_node' build argument 'cmake_force_configure' from command line to 'False'
[2.407s] Level 5:colcon.colcon_core.verb:set package 'digger_motor_node' build argument 'ament_cmake_args' from command line to 'None'
[2.407s] Level 5:colcon.colcon_core.verb:set package 'digger_motor_node' build argument 'catkin_cmake_args' from command line to 'None'
[2.407s] Level 5:colcon.colcon_core.verb:set package 'digger_motor_node' build argument 'catkin_skip_building_tests' from command line to 'False'
[2.407s] DEBUG:colcon.colcon_core.verb:Building package 'digger_motor_node' with the following arguments: {'ament_cmake_args': None, 'build_base': '/home/usr/usr_ws_2020/build/digger_motor_node', 'catkin_cmake_args': None, 'catkin_skip_building_tests': False, 'cmake_args': None, 'cmake_clean_cache': False, 'cmake_clean_first': False, 'cmake_force_configure': False, 'cmake_target': None, 'cmake_target_skip_unavailable': False, 'install_base': '/home/usr/usr_ws_2020/install/digger_motor_node', 'merge_install': False, 'path': '/home/usr/usr_ws_2020/src/motor_controllers/digger_motor_node', 'symlink_install': False, 'test_result_base': None}
[2.425s] Level 5:colcon.colcon_core.verb:set package 'motion_controller_msgs' build argument 'cmake_args' from command line to 'None'
[2.426s] Level 5:colcon.colcon_core.verb:set package 'motion_controller_msgs' build argument 'cmake_target' from command line to 'None'
[2.426s] Level 5:colcon.colcon_core.verb:set package 'motion_controller_msgs' build argument 'cmake_target_skip_unavailable' from command line to 'False'
[2.426s] Level 5:colcon.colcon_core.verb:set package 'motion_controller_msgs' build argument 'cmake_clean_cache' from command line to 'False'
[2.426s] Level 5:colcon.colcon_core.verb:set package 'motion_controller_msgs' build argument 'cmake_clean_first' from command line to 'False'
[2.426s] Level 5:colcon.colcon_core.verb:set package 'motion_controller_msgs' build argument 'cmake_force_configure' from command line to 'False'
[2.426s] Level 5:colcon.colcon_core.verb:set package 'motion_controller_msgs' build argument 'ament_cmake_args' from command line to 'None'
[2.426s] Level 5:colcon.colcon_core.verb:set package 'motion_controller_msgs' build argument 'catkin_cmake_args' from command line to 'None'
[2.427s] Level 5:colcon.colcon_core.verb:set package 'motion_controller_msgs' build argument 'catkin_skip_building_tests' from command line to 'False'
[2.427s] DEBUG:colcon.colcon_core.verb:Building package 'motion_controller_msgs' with the following arguments: {'ament_cmake_args': None, 'build_base': '/home/usr/usr_ws_2020/build/motion_controller_msgs', 'catkin_cmake_args': None, 'catkin_skip_building_tests': False, 'cmake_args': None, 'cmake_clean_cache': False, 'cmake_clean_first': False, 'cmake_force_configure': False, 'cmake_target': None, 'cmake_target_skip_unavailable': False, 'install_base': '/home/usr/usr_ws_2020/install/motion_controller_msgs', 'merge_install': False, 'path': '/home/usr/usr_ws_2020/src/motion_controller/motion_controller_msgs', 'symlink_install': False, 'test_result_base': None}
[2.444s] Level 5:colcon.colcon_core.verb:set package 'teleop_node' build argument 'cmake_args' from command line to 'None'
[2.445s] Level 5:colcon.colcon_core.verb:set package 'teleop_node' build argument 'cmake_target' from command line to 'None'
[2.445s] Level 5:colcon.colcon_core.verb:set package 'teleop_node' build argument 'cmake_target_skip_unavailable' from command line to 'False'
[2.445s] Level 5:colcon.colcon_core.verb:set package 'teleop_node' build argument 'cmake_clean_cache' from command line to 'False'
[2.445s] Level 5:colcon.colcon_core.verb:set package 'teleop_node' build argument 'cmake_clean_first' from command line to 'False'
[2.445s] Level 5:colcon.colcon_core.verb:set package 'teleop_node' build argument 'cmake_force_configure' from command line to 'False'
[2.445s] Level 5:colcon.colcon_core.verb:set package 'teleop_node' build argument 'ament_cmake_args' from command line to 'None'
[2.445s] Level 5:colcon.colcon_core.verb:set package 'teleop_node' build argument 'catkin_cmake_args' from command line to 'None'
[2.446s] Level 5:colcon.colcon_core.verb:set package 'teleop_node' build argument 'catkin_skip_building_tests' from command line to 'False'
[2.446s] DEBUG:colcon.colcon_core.verb:Building package 'teleop_node' with the following arguments: {'ament_cmake_args': None, 'build_base': '/home/usr/usr_ws_2020/build/teleop_node', 'catkin_cmake_args': None, 'catkin_skip_building_tests': False, 'cmake_args': None, 'cmake_clean_cache': False, 'cmake_clean_first': False, 'cmake_force_configure': False, 'cmake_target': None, 'cmake_target_skip_unavailable': False, 'install_base': '/home/usr/usr_ws_2020/install/teleop_node', 'merge_install': False, 'path': '/home/usr/usr_ws_2020/src/teleop_node', 'symlink_install': False, 'test_result_base': None}
[2.466s] Level 5:colcon.colcon_core.verb:set package 'maxon_motor_node' build argument 'cmake_args' from command line to 'None'
[2.467s] Level 5:colcon.colcon_core.verb:set package 'maxon_motor_node' build argument 'cmake_target' from command line to 'None'
[2.467s] Level 5:colcon.colcon_core.verb:set package 'maxon_motor_node' build argument 'cmake_target_skip_unavailable' from command line to 'False'
[2.467s] Level 5:colcon.colcon_core.verb:set package 'maxon_motor_node' build argument 'cmake_clean_cache' from command line to 'False'
[2.467s] Level 5:colcon.colcon_core.verb:set package 'maxon_motor_node' build argument 'cmake_clean_first' from command line to 'False'
[2.467s] Level 5:colcon.colcon_core.verb:set package 'maxon_motor_node' build argument 'cmake_force_configure' from command line to 'False'
[2.467s] Level 5:colcon.colcon_core.verb:set package 'maxon_motor_node' build argument 'ament_cmake_args' from command line to 'None'
[2.468s] Level 5:colcon.colcon_core.verb:set package 'maxon_motor_node' build argument 'catkin_cmake_args' from command line to 'None'
[2.468s] Level 5:colcon.colcon_core.verb:set package 'maxon_motor_node' build argument 'catkin_skip_building_tests' from command line to 'False'
[2.468s] DEBUG:colcon.colcon_core.verb:Building package 'maxon_motor_node' with the following arguments: {'ament_cmake_args': None, 'build_base': '/home/usr/usr_ws_2020/build/maxon_motor_node', 'catkin_cmake_args': None, 'catkin_skip_building_tests': False, 'cmake_args': None, 'cmake_clean_cache': False, 'cmake_clean_first': False, 'cmake_force_configure': False, 'cmake_target': None, 'cmake_target_skip_unavailable': False, 'install_base': '/home/usr/usr_ws_2020/install/maxon_motor_node', 'merge_install': False, 'path': '/home/usr/usr_ws_2020/src/motor_controllers/maxon_motor_node', 'symlink_install': False, 'test_result_base': None}
[2.488s] Level 5:colcon.colcon_core.verb:set package 'motion_controller_node' build argument 'cmake_args' from command line to 'None'
[2.488s] Level 5:colcon.colcon_core.verb:set package 'motion_controller_node' build argument 'cmake_target' from command line to 'None'
[2.489s] Level 5:colcon.colcon_core.verb:set package 'motion_controller_node' build argument 'cmake_target_skip_unavailable' from command line to 'False'
[2.489s] Level 5:colcon.colcon_core.verb:set package 'motion_controller_node' build argument 'cmake_clean_cache' from command line to 'False'
[2.489s] Level 5:colcon.colcon_core.verb:set package 'motion_controller_node' build argument 'cmake_clean_first' from command line to 'False'
[2.489s] Level 5:colcon.colcon_core.verb:set package 'motion_controller_node' build argument 'cmake_force_configure' from command line to 'False'
[2.489s] Level 5:colcon.colcon_core.verb:set package 'motion_controller_node' build argument 'ament_cmake_args' from command line to 'None'
[2.490s] Level 5:colcon.colcon_core.verb:set package 'motion_controller_node' build argument 'catkin_cmake_args' from command line to 'None'
[2.490s] Level 5:colcon.colcon_core.verb:set package 'motion_controller_node' build argument 'catkin_skip_building_tests' from command line to 'False'
[2.490s] DEBUG:colcon.colcon_core.verb:Building package 'motion_controller_node' with the following arguments: {'ament_cmake_args': None, 'build_base': '/home/usr/usr_ws_2020/build/motion_controller_node', 'catkin_cmake_args': None, 'catkin_skip_building_tests': False, 'cmake_args': None, 'cmake_clean_cache': False, 'cmake_clean_first': False, 'cmake_force_configure': False, 'cmake_target': None, 'cmake_target_skip_unavailable': False, 'install_base': '/home/usr/usr_ws_2020/install/motion_controller_node', 'merge_install': False, 'path': '/home/usr/usr_ws_2020/src/motion_controller/motion_controller_node', 'symlink_install': False, 'test_result_base': None}
[2.510s] Level 5:colcon.colcon_core.verb:set package 'stepper_motor' build argument 'cmake_args' from command line to 'None'
[2.511s] Level 5:colcon.colcon_core.verb:set package 'stepper_motor' build argument 'cmake_target' from command line to 'None'
[2.511s] Level 5:colcon.colcon_core.verb:set package 'stepper_motor' build argument 'cmake_target_skip_unavailable' from command line to 'False'
[2.511s] Level 5:colcon.colcon_core.verb:set package 'stepper_motor' build argument 'cmake_clean_cache' from command line to 'False'
[2.511s] Level 5:colcon.colcon_core.verb:set package 'stepper_motor' build argument 'cmake_clean_first' from command line to 'False'
[2.511s] Level 5:colcon.colcon_core.verb:set package 'stepper_motor' build argument 'cmake_force_configure' from command line to 'False'
[2.511s] Level 5:colcon.colcon_core.verb:set package 'stepper_motor' build argument 'ament_cmake_args' from command line to 'None'
[2.512s] Level 5:colcon.colcon_core.verb:set package 'stepper_motor' build argument 'catkin_cmake_args' from command line to 'None'
[2.512s] Level 5:colcon.colcon_core.verb:set package 'stepper_motor' build argument 'catkin_skip_building_tests' from command line to 'False'
[2.512s] DEBUG:colcon.colcon_core.verb:Building package 'stepper_motor' with the following arguments: {'ament_cmake_args': None, 'build_base': '/home/usr/usr_ws_2020/build/stepper_motor', 'catkin_cmake_args': None, 'catkin_skip_building_tests': False, 'cmake_args': None, 'cmake_clean_cache': False, 'cmake_clean_first': False, 'cmake_force_configure': False, 'cmake_target': None, 'cmake_target_skip_unavailable': False, 'install_base': '/home/usr/usr_ws_2020/install/stepper_motor', 'merge_install': False, 'path': '/home/usr/usr_ws_2020/src/motor_controllers/stepper_motor', 'symlink_install': False, 'test_result_base': None}
[2.514s] INFO:colcon.colcon_core.executor:Executing jobs using 'parallel' executor
[2.527s] DEBUG:colcon.colcon_parallel_executor.executor.parallel:run_until_complete
[2.529s] INFO:colcon.colcon_ros.task.ament_cmake.build:Building ROS package in '/home/usr/usr_ws_2020/src/motion_controller/motion_controller_msgs' with build type 'ament_cmake'
[2.530s] INFO:colcon.colcon_cmake.task.cmake.build:Building CMake package in '/home/usr/usr_ws_2020/src/motion_controller/motion_controller_msgs'
[2.566s] INFO:colcon.colcon_core.plugin_system:Skipping extension 'colcon_core.shell.bat': Not used on non-Windows systems
[2.568s] INFO:colcon.colcon_core.shell:Skip shell extension 'powershell' for command environment: Not usable outside of PowerShell
[2.569s] DEBUG:colcon.colcon_core.shell:Skip shell extension 'dsv' for command environment
[2.671s] INFO:colcon.colcon_cmake.task.cmake.build:Building CMake package in '/home/usr/usr_ws_2020/scripts/yaml-cpp-0.6'
[2.681s] INFO:colcon.colcon_core.shell:Skip shell extension 'powershell' for command environment: Not usable outside of PowerShell
[2.681s] DEBUG:colcon.colcon_core.shell:Skip shell extension 'dsv' for command environment
[2.773s] INFO:colcon.colcon_ros.task.ament_python.build:Building ROS package in '/home/usr/usr_ws_2020/src/motor_controllers/digger_motor_node' with build type 'ament_python'
[2.779s] Level 1:colcon.colcon_core.shell:create_environment_hook('digger_motor_node', 'ament_prefix_path')
[2.786s] INFO:colcon.colcon_core.shell:Creating environment hook '/home/usr/usr_ws_2020/install/digger_motor_node/share/digger_motor_node/hook/ament_prefix_path.ps1'
[2.792s] INFO:colcon.colcon_core.shell:Creating environment descriptor '/home/usr/usr_ws_2020/install/digger_motor_node/share/digger_motor_node/hook/ament_prefix_path.dsv'
[2.796s] INFO:colcon.colcon_core.shell:Creating environment hook '/home/usr/usr_ws_2020/install/digger_motor_node/share/digger_motor_node/hook/ament_prefix_path.sh'
[2.805s] INFO:colcon.colcon_core.shell:Skip shell extension 'powershell' for command environment: Not usable outside of PowerShell
[2.805s] DEBUG:colcon.colcon_core.shell:Skip shell extension 'dsv' for command environment
[2.913s] INFO:colcon.colcon_ros.task.ament_python.build:Building ROS package in '/home/usr/usr_ws_2020/src/teleop_node' with build type 'ament_python'
[2.918s] Level 1:colcon.colcon_core.shell:create_environment_hook('teleop_node', 'ament_prefix_path')
[2.926s] INFO:colcon.colcon_core.shell:Creating environment hook '/home/usr/usr_ws_2020/install/teleop_node/share/teleop_node/hook/ament_prefix_path.ps1'
[2.930s] INFO:colcon.colcon_core.shell:Creating environment descriptor '/home/usr/usr_ws_2020/install/teleop_node/share/teleop_node/hook/ament_prefix_path.dsv'
[2.932s] INFO:colcon.colcon_core.shell:Creating environment hook '/home/usr/usr_ws_2020/install/teleop_node/share/teleop_node/hook/ament_prefix_path.sh'
[2.941s] INFO:colcon.colcon_core.shell:Skip shell extension 'powershell' for command environment: Not usable outside of PowerShell
[2.941s] DEBUG:colcon.colcon_core.shell:Skip shell extension 'dsv' for command environment
[3.083s] DEBUG:colcon.colcon_core.event_handler.log_command:Invoking command in '/home/usr/usr_ws_2020/build/motion_controller_msgs': CMAKE_PREFIX_PATH=/home/usr/usr_ws_2020/install/realsense_msgs:/home/usr/usr_ws_2020/install/motion_controller_node:/home/usr/usr_ws_2020/install/motion_controller_msgs:/home/usr/usr_ws_2020/install/YAML_CPP:/opt/ros/foxy/install/ros_base:/opt/ros/foxy/install/rosbag2:/opt/ros/foxy/install/rosbag2_transport:/opt/ros/foxy/install/rosbag2_compression:/opt/ros/foxy/install/zstd_vendor:/opt/ros/foxy/install/rosbag2_storage_default_plugins:/opt/ros/foxy/install/rosbag2_converter_default_plugins:/opt/ros/foxy/install/rosbag2_cpp:/opt/ros/foxy/install/rosbag2_storage:/opt/ros/foxy/install/yaml_cpp_vendor:/opt/ros/foxy/install/ros_core:/opt/ros/foxy/install/common_interfaces:/opt/ros/foxy/install/visualization_msgs:/opt/ros/foxy/install/robot_state_publisher:/opt/ros/foxy/install/kdl_parser:/opt/ros/foxy/install/urdf:/opt/ros/foxy/install/urdfdom:/opt/ros/foxy/install/urdfdom_headers:/opt/ros/foxy/install/geometry2:/opt/ros/foxy/install/tf2_tools:/opt/ros/foxy/install/tf2_sensor_msgs:/opt/ros/foxy/install/tf2_kdl:/opt/ros/foxy/install/tf2_geometry_msgs:/opt/ros/foxy/install/tf2_eigen:/opt/ros/foxy/install/tf2_bullet:/opt/ros/foxy/install/tf2_ros:/opt/ros/foxy/install/tf2_py:/opt/ros/foxy/install/tf2_msgs:/opt/ros/foxy/install/test_msgs:/opt/ros/foxy/install/sros2_cmake:/opt/ros/foxy/install/ros_testing:/opt/ros/foxy/install/rclpy:/opt/ros/foxy/install/rclcpp_action:/opt/ros/foxy/install/rcl_action:/opt/ros/foxy/install/example_interfaces:/opt/ros/foxy/install/action_msgs:/opt/ros/foxy/install/unique_identifier_msgs:/opt/ros/foxy/install/ament_lint_common:/opt/ros/foxy/install/ament_cmake_uncrustify:/opt/ros/foxy/install/uncrustify_vendor:/opt/ros/foxy/install/trajectory_msgs:/opt/ros/foxy/install/rosbag2_test_common:/opt/ros/foxy/install/ros2lifecycle_test_fixtures:/opt/ros/foxy/install/rclcpp_lifecycle:/home/usr/usr_ws_2020/install/teleop_node:/home/usr/usr_ws_2020/install/stepper_motor:/home/usr/usr_ws_2020/install/maxon_motor_node:/home/usr/usr_ws_2020/install/joystick_ros2:/home/usr/usr_ws_2020/install/digger_motor_node:/opt/ros/foxy/install/ros2bag:/opt/ros/foxy/install/sros2:/opt/ros/foxy/install/ros2topic:/opt/ros/foxy/install/ros2test:/opt/ros/foxy/install/ros2component:/opt/ros/foxy/install/ros2param:/opt/ros/foxy/install/ros2lifecycle:/opt/ros/foxy/install/ros2service:/opt/ros/foxy/install/ros2run:/opt/ros/foxy/install/ros2launch:/opt/ros/foxy/install/ros2pkg:/opt/ros/foxy/install/ros2node:/opt/ros/foxy/install/ros2multicast:/opt/ros/foxy/install/ros2interface:/opt/ros/foxy/install/ros2doctor:/opt/ros/foxy/install/ros2action:/opt/ros/foxy/install/ros2cli:/opt/ros/foxy/install/launch_testing_ros:/opt/ros/foxy/install/launch_ros:/opt/ros/foxy/install/ament_uncrustify:/opt/ros/foxy/install/rpyutils:/opt/ros/foxy/install/rosidl_runtime_py:/opt/ros/foxy/install/launch_yaml:/opt/ros/foxy/install/launch_xml:/opt/ros/foxy/install/launch_testing:/opt/ros/foxy/install/launch:/opt/ros/foxy/install/osrf_pycommon:/opt/ros/foxy/install/domain_coordinator:/opt/ros/foxy/install/ament_xmllint:/opt/ros/foxy/install/ament_pep257:/opt/ros/foxy/install/ament_package:/opt/ros/foxy/install/ament_mypy:/opt/ros/foxy/install/ament_lint_cmake:/opt/ros/foxy/install/ament_flake8:/opt/ros/foxy/install/ament_copyright:/opt/ros/foxy/install/ament_lint:/opt/ros/foxy/install/ament_index_python:/opt/ros/foxy/install/ament_cpplint:/opt/ros/foxy/install/ament_cppcheck:/opt/ros/foxy/install/joy:/opt/ros/foxy/install/rclcpp_components:/opt/ros/foxy/install/rclcpp:/opt/ros/foxy/install/rcl_lifecycle:/opt/ros/foxy/install/libstatistics_collector:/opt/ros/foxy/install/rcl:/opt/ros/foxy/install/tracetools:/opt/ros/foxy/install/tinyxml_vendor:/opt/ros/foxy/install/pluginlib:/opt/ros/foxy/install/tinyxml2_vendor:/opt/ros/foxy/install/tf2:/opt/ros/foxy/install/test_interface_files:/opt/ros/foxy/install/stereo_msgs:/opt/ros/foxy/install/std_srvs:/opt/ros/foxy/install/shape_msgs:/opt/ros/foxy/install/sensor_msgs:/opt/ros/foxy/install/nav_msgs:/opt/ros/foxy/install/diagnostic_msgs:/opt/ros/foxy/install/geometry_msgs:/opt/ros/foxy/install/actionlib_msgs:/opt/ros/foxy/install/std_msgs:/opt/ros/foxy/install/statistics_msgs:/opt/ros/foxy/install/sqlite3_vendor:/opt/ros/foxy/install/rcl_logging_spdlog:/opt/ros/foxy/install/spdlog_vendor:/opt/ros/foxy/install/shared_queues_vendor:/opt/ros/foxy/install/sdl2_vendor:/opt/ros/foxy/install/rosgraph_msgs:/opt/ros/foxy/install/rmw_implementation:/opt/ros/foxy/install/rmw_fastrtps_cpp:/opt/ros/foxy/install/rmw_fastrtps_shared_cpp:/opt/ros/foxy/install/rmw_cyclonedds_cpp:/opt/ros/foxy/install/rmw_dds_common:/opt/ros/foxy/install/composition_interfaces:/opt/ros/foxy/install/rcl_interfaces:/opt/ros/foxy/install/lifecycle_msgs:/opt/ros/foxy/install/builtin_interfaces:/opt/ros/foxy/install/rosidl_default_runtime:/opt/ros/foxy/install/rosidl_default_generators:/opt/ros/foxy/install/rosidl_generator_py:/opt/ros/foxy/install/rosidl_typesupport_cpp:/opt/ros/foxy/install/rosidl_typesupport_introspection_cpp:/opt/ros/foxy/install/rosidl_typesupport_c:/opt/ros/foxy/install/rosidl_typesupport_introspection_c:/opt/ros/foxy/install/rosidl_typesupport_fastrtps_c:/opt/ros/foxy/install/rosidl_typesupport_fastrtps_cpp:/opt/ros/foxy/install/rmw_connext_cpp:/opt/ros/foxy/install/rosidl_typesupport_connext_c:/opt/ros/foxy/install/rosidl_typesupport_connext_cpp:/opt/ros/foxy/install/rmw:/opt/ros/foxy/install/rosidl_runtime_c:/opt/ros/foxy/install/rosidl_generator_cpp:/opt/ros/foxy/install/rosidl_generator_c:/opt/ros/foxy/install/rosidl_typesupport_interface:/opt/ros/foxy/install/rosidl_runtime_cpp:/opt/ros/foxy/install/rosidl_generator_dds_idl:/opt/ros/foxy/install/rosidl_cmake:/opt/ros/foxy/install/rosidl_parser:/opt/ros/foxy/install/rosidl_adapter:/opt/ros/foxy/install/rosbag2_tests:/opt/ros/foxy/install/ros_environment:/opt/ros/foxy/install/rmw_implementation_cmake:/opt/ros/foxy/install/rmw_connext_shared_cpp:/opt/ros/foxy/install/class_loader:/opt/ros/foxy/install/rcpputils:/opt/ros/foxy/install/rcutils:/opt/ros/foxy/install/rcl_yaml_param_parser:/opt/ros/foxy/install/launch_testing_ament_cmake:/opt/ros/foxy/install/python_cmake_module:/opt/ros/foxy/install/performance_test_fixture:/opt/ros/foxy/install/osrf_testing_tools_cpp:/opt/ros/foxy/install/orocos_kdl:/opt/ros/foxy/install/mimick_vendor:/opt/ros/foxy/install/message_filters:/opt/ros/foxy/install/libyaml_vendor:/opt/ros/foxy/install/ament_cmake_ros:/opt/ros/foxy/install/ament_cmake_gmock:/opt/ros/foxy/install/gmock_vendor:/opt/ros/foxy/install/ament_cmake_gtest:/opt/ros/foxy/install/gtest_vendor:/opt/ros/foxy/install/ament_cmake_google_benchmark:/opt/ros/foxy/install/google_benchmark_vendor:/opt/ros/foxy/install/fastrtps:/opt/ros/foxy/install/foonathan_memory_vendor:/opt/ros/foxy/install/fastrtps_cmake_module:/opt/ros/foxy/install/fastcdr:/opt/ros/foxy/install/eigen3_cmake_module:/opt/ros/foxy/install/cyclonedds:/opt/ros/foxy/install/console_bridge_vendor:/opt/ros/foxy/install/connext_cmake_module:/opt/ros/foxy/install/ament_cmake_xmllint:/opt/ros/foxy/install/ament_cmake_pep257:/opt/ros/foxy/install/ament_lint_auto:/opt/ros/foxy/install/ament_cmake_auto:/opt/ros/foxy/install/ament_cmake:/opt/ros/foxy/install/ament_cmake_version:/opt/ros/foxy/install/ament_cmake_pytest:/opt/ros/foxy/install/ament_cmake_lint_cmake:/opt/ros/foxy/install/ament_cmake_flake8:/opt/ros/foxy/install/ament_cmake_cpplint:/opt/ros/foxy/install/ament_cmake_cppcheck:/opt/ros/foxy/install/ament_cmake_copyright:/opt/ros/foxy/install/ament_cmake_test:/opt/ros/foxy/install/ament_cmake_target_dependencies:/opt/ros/foxy/install/ament_cmake_python:/opt/ros/foxy/install/ament_cmake_export_dependencies:/opt/ros/foxy/install/ament_cmake_libraries:/opt/ros/foxy/install/ament_cmake_include_directories:/opt/ros/foxy/install/ament_cmake_export_targets:/opt/ros/foxy/install/ament_cmake_export_link_flags:/opt/ros/foxy/install/ament_cmake_export_interfaces:/opt/ros/foxy/install/ament_cmake_export_libraries:/opt/ros/foxy/install/ament_cmake_export_include_directories:/opt/ros/foxy/install/ament_cmake_export_definitions:/opt/ros/foxy/install/ament_cmake_core:/opt/ros/foxy/install/ament_index_cpp /usr/bin/cmake --build /home/usr/usr_ws_2020/build/motion_controller_msgs -- -j4 -l4
[3.138s] DEBUG:colcon.colcon_core.event_handler.log_command:Invoking command in '/home/usr/usr_ws_2020/build/YAML_CPP': /usr/bin/cmake --build /home/usr/usr_ws_2020/build/YAML_CPP -- -j4 -l4
[5.274s] INFO:colcon.colcon_core.task.python.build:Building Python package in '/home/usr/usr_ws_2020/src/motor_controllers/digger_motor_node'
[5.282s] INFO:colcon.colcon_core.shell:Skip shell extension 'powershell' for command environment: Not usable outside of PowerShell
[5.283s] DEBUG:colcon.colcon_core.shell:Skip shell extension 'dsv' for command environment
[6.575s] DEBUG:colcon.colcon_parallel_executor.executor.parallel:run_until_complete was interrupted
[6.578s] DEBUG:colcon.colcon_parallel_executor.executor.parallel:run_until_complete again
[6.596s] DEBUG:colcon.colcon_parallel_executor.executor.parallel:run_until_complete finished
[6.596s] DEBUG:colcon.colcon_parallel_executor.executor.parallel:closing loop
[6.598s] DEBUG:colcon.colcon_parallel_executor.executor.parallel:loop closed
[6.599s] DEBUG:colcon.colcon_core.event_reactor:joining thread
[6.671s] INFO:colcon.colcon_core.plugin_system:Skipping extension 'colcon_notification.desktop_notification.terminal_notifier': Not used on non-Darwin systems
[6.672s] INFO:colcon.colcon_core.plugin_system:Skipping extension 'colcon_notification.desktop_notification.win32': Not used on non-Windows systems
[6.672s] INFO:colcon.colcon_notification.desktop_notification:Sending desktop notification using 'notify2'
[6.819s] DEBUG:colcon.colcon_core.event_reactor:joined thread
[6.823s] INFO:colcon.colcon_core.shell:Creating prefix script '/home/usr/usr_ws_2020/install/local_setup.ps1'
[6.828s] INFO:colcon.colcon_core.shell:Creating prefix util module '/home/usr/usr_ws_2020/install/_local_setup_util_ps1.py'
[6.834s] INFO:colcon.colcon_core.shell:Creating prefix chain script '/home/usr/usr_ws_2020/install/setup.ps1'
[6.884s] INFO:colcon.colcon_core.shell:Creating prefix script '/home/usr/usr_ws_2020/install/local_setup.sh'
[6.887s] INFO:colcon.colcon_core.shell:Creating prefix util module '/home/usr/usr_ws_2020/install/_local_setup_util_sh.py'
[6.889s] INFO:colcon.colcon_core.shell:Creating prefix chain script '/home/usr/usr_ws_2020/install/setup.sh'
[6.937s] INFO:colcon.colcon_core.shell:Creating prefix script '/home/usr/usr_ws_2020/install/local_setup.bash'
[6.939s] INFO:colcon.colcon_core.shell:Creating prefix chain script '/home/usr/usr_ws_2020/install/setup.bash'
[6.986s] INFO:colcon.colcon_core.shell:Creating prefix script '/home/usr/usr_ws_2020/install/local_setup.zsh'
[6.988s] INFO:colcon.colcon_core.shell:Creating prefix chain script '/home/usr/usr_ws_2020/install/setup.zsh'
