-- The C compiler identification is GNU 7.5.0
-- The CXX compiler identification is GNU 7.5.0
-- Check for working C compiler: /usr/bin/cc
-- Check for working C compiler: /usr/bin/cc -- works
-- Detecting C compiler ABI info
-- Detecting C compiler ABI info - done
-- Detecting C compile features
-- Detecting C compile features - done
-- Check for working CXX compiler: /usr/bin/c++
-- Check for working CXX compiler: /usr/bin/c++ -- works
-- Detecting CXX compiler ABI info
-- Detecting CXX compiler ABI info - done
-- Detecting CXX compile features
-- Detecting CXX compile features - done
-- Performing Test FLAG_WEXTRA
-- Performing Test FLAG_WEXTRA - Success
-- Found PythonInterp: /usr/bin/python (found version "2.7.17") 
-- Looking for pthread.h
-- Looking for pthread.h - found
-- Looking for pthread_create
-- Looking for pthread_create - not found
-- Looking for pthread_create in pthreads
-- Looking for pthread_create in pthreads - not found
-- Looking for pthread_create in pthread
-- Looking for pthread_create in pthread - found
-- Found Threads: TRUE  
-- Configuring done
-- Generating done
-- Build files have been written to: /home/usr/usr_ws_2020/build/YAML_CPP
[35m[1mScanning dependencies of target gmock_main[0m
[35m[1mScanning dependencies of target gtest[0m
[35m[1mScanning dependencies of target yaml-cpp[0m
[35m[1mScanning dependencies of target gmock[0m
[  1%] [32mBuilding CXX object test/gtest-1.8.0/googlemock/gtest/CMakeFiles/gtest.dir/src/gtest-all.cc.o[0m
[  3%] [32mBuilding CXX object test/gtest-1.8.0/googlemock/CMakeFiles/gmock_main.dir/__/googletest/src/gtest-all.cc.o[0m
[  5%] [32mBuilding CXX object test/gtest-1.8.0/googlemock/CMakeFiles/gmock.dir/__/googletest/src/gtest-all.cc.o[0m
[  6%] [32mBuilding CXX object CMakeFiles/yaml-cpp.dir/src/binary.cpp.o[0m
[  8%] [32mBuilding CXX object CMakeFiles/yaml-cpp.dir/src/convert.cpp.o[0m
[ 10%] [32mBuilding CXX object CMakeFiles/yaml-cpp.dir/src/directives.cpp.o[0m
[ 11%] [32mBuilding CXX object CMakeFiles/yaml-cpp.dir/src/emit.cpp.o[0m
[ 13%] [32mBuilding CXX object CMakeFiles/yaml-cpp.dir/src/emitfromevents.cpp.o[0m
[ 15%] [32mBuilding CXX object CMakeFiles/yaml-cpp.dir/src/emitter.cpp.o[0m
[ 16%] [32mBuilding CXX object CMakeFiles/yaml-cpp.dir/src/emitterstate.cpp.o[0m
[ 18%] [32mBuilding CXX object CMakeFiles/yaml-cpp.dir/src/emitterutils.cpp.o[0m
[ 20%] [32mBuilding CXX object test/gtest-1.8.0/googlemock/CMakeFiles/gmock_main.dir/src/gmock-all.cc.o[0m
[ 21%] [32mBuilding CXX object test/gtest-1.8.0/googlemock/CMakeFiles/gmock.dir/src/gmock-all.cc.o[0m
[ 23%] [32m[1mLinking CXX static library libgtest.a[0m
[ 23%] Built target gtest
[ 25%] [32mBuilding CXX object CMakeFiles/yaml-cpp.dir/src/exceptions.cpp.o[0m
[ 26%] [32mBuilding CXX object CMakeFiles/yaml-cpp.dir/src/exp.cpp.o[0m
[ 28%] [32mBuilding CXX object CMakeFiles/yaml-cpp.dir/src/memory.cpp.o[0m
[ 30%] [32mBuilding CXX object CMakeFiles/yaml-cpp.dir/src/node.cpp.o[0m
[ 31%] [32mBuilding CXX object CMakeFiles/yaml-cpp.dir/src/node_data.cpp.o[0m
[ 33%] [32mBuilding CXX object test/gtest-1.8.0/googlemock/CMakeFiles/gmock_main.dir/src/gmock_main.cc.o[0m
[ 35%] [32mBuilding CXX object CMakeFiles/yaml-cpp.dir/src/nodebuilder.cpp.o[0m
[ 36%] [32m[1mLinking CXX static library libgmock.a[0m
[ 36%] Built target gmock
[ 38%] [32m[1mLinking CXX static library libgmock_main.a[0m
[ 38%] Built target gmock_main
[ 40%] [32mBuilding CXX object CMakeFiles/yaml-cpp.dir/src/ostream_wrapper.cpp.o[0m
[ 41%] [32mBuilding CXX object CMakeFiles/yaml-cpp.dir/src/null.cpp.o[0m
[ 43%] [32mBuilding CXX object CMakeFiles/yaml-cpp.dir/src/parse.cpp.o[0m
[ 45%] [32mBuilding CXX object CMakeFiles/yaml-cpp.dir/src/parser.cpp.o[0m
[ 46%] [32mBuilding CXX object CMakeFiles/yaml-cpp.dir/src/regex_yaml.cpp.o[0m
[ 48%] [32mBuilding CXX object CMakeFiles/yaml-cpp.dir/src/scanner.cpp.o[0m
[ 50%] [32mBuilding CXX object CMakeFiles/yaml-cpp.dir/src/scanscalar.cpp.o[0m
[ 51%] [32mBuilding CXX object CMakeFiles/yaml-cpp.dir/src/scantag.cpp.o[0m
[ 53%] [32mBuilding CXX object CMakeFiles/yaml-cpp.dir/src/scantoken.cpp.o[0m
[ 55%] [32mBuilding CXX object CMakeFiles/yaml-cpp.dir/src/simplekey.cpp.o[0m
[ 56%] [32mBuilding CXX object CMakeFiles/yaml-cpp.dir/src/singledocparser.cpp.o[0m
[ 58%] [32mBuilding CXX object CMakeFiles/yaml-cpp.dir/src/nodeevents.cpp.o[0m
[ 60%] [32mBuilding CXX object CMakeFiles/yaml-cpp.dir/src/stream.cpp.o[0m
[ 61%] [32mBuilding CXX object CMakeFiles/yaml-cpp.dir/src/tag.cpp.o[0m
[ 63%] [32mBuilding CXX object CMakeFiles/yaml-cpp.dir/src/contrib/graphbuilder.cpp.o[0m
[ 65%] [32mBuilding CXX object CMakeFiles/yaml-cpp.dir/src/contrib/graphbuilderadapter.cpp.o[0m
[ 66%] [32m[1mLinking CXX static library libyaml-cpp.a[0m
[ 66%] Built target yaml-cpp
[35m[1mScanning dependencies of target gtest_main[0m
[35m[1mScanning dependencies of target run-tests[0m
[ 68%] [32mBuilding CXX object test/gtest-1.8.0/googlemock/gtest/CMakeFiles/gtest_main.dir/src/gtest_main.cc.o[0m
[35m[1mScanning dependencies of target parse[0m
[ 70%] [32mBuilding CXX object test/CMakeFiles/run-tests.dir/main.cpp.o[0m
[ 71%] [32mBuilding CXX object util/CMakeFiles/parse.dir/parse.cpp.o[0m
[35m[1mScanning dependencies of target sandbox[0m
[ 73%] [32mBuilding CXX object util/CMakeFiles/sandbox.dir/sandbox.cpp.o[0m
[ 75%] [32m[1mLinking CXX static library libgtest_main.a[0m
[ 76%] [32mBuilding CXX object test/CMakeFiles/run-tests.dir/ostream_wrapper_test.cpp.o[0m
[ 76%] Built target gtest_main
[35m[1mScanning dependencies of target read[0m
[ 78%] [32m[1mLinking CXX executable parse[0m
[ 80%] [32mBuilding CXX object util/CMakeFiles/read.dir/read.cpp.o[0m
[ 80%] Built target parse
[ 81%] [32mBuilding CXX object test/CMakeFiles/run-tests.dir/regex_test.cpp.o[0m
[ 83%] [32m[1mLinking CXX executable sandbox[0m
[ 83%] Built target sandbox
[ 85%] [32mBuilding CXX object test/CMakeFiles/run-tests.dir/integration/emitter_test.cpp.o[0m
[ 86%] [32m[1mLinking CXX executable read[0m
[ 86%] Built target read
[ 88%] [32mBuilding CXX object test/CMakeFiles/run-tests.dir/integration/encoding_test.cpp.o[0m
[ 90%] [32mBuilding CXX object test/CMakeFiles/run-tests.dir/integration/gen_emitter_test.cpp.o[0m
[ 91%] [32mBuilding CXX object test/CMakeFiles/run-tests.dir/integration/load_node_test.cpp.o[0m
[ 93%] [32mBuilding CXX object test/CMakeFiles/run-tests.dir/integration/handler_test.cpp.o[0m
[ 95%] [32mBuilding CXX object test/CMakeFiles/run-tests.dir/integration/handler_spec_test.cpp.o[0m
[ 98%] [32mBuilding CXX object test/CMakeFiles/run-tests.dir/integration/node_spec_test.cpp.o[0m
[ 98%] [32mBuilding CXX object test/CMakeFiles/run-tests.dir/node/node_test.cpp.o[0m
[100%] [32m[1mLinking CXX executable run-tests[0m
[100%] Built target run-tests
