[2.126s] Invoking command in '/home/usr/usr_ws_2020/build/digger_motor_node': PYTHONPATH=/home/usr/usr_ws_2020/install/digger_motor_node/lib/python3.6/site-packages:${PYTHONPATH} /usr/bin/python3 setup.py develop --prefix /home/usr/usr_ws_2020/install/digger_motor_node --editable --build-directory /home/usr/usr_ws_2020/build/digger_motor_node/build --no-deps install_data --install-dir /home/usr/usr_ws_2020/install/digger_motor_node
[3.766s] /home/usr/.local/lib/python3.6/site-packages/setuptools/dist.py:651: UserWarning: Usage of dash-separated 'script-dir' will not be supported in future versions. Please use the underscore name 'script_dir' instead
[3.767s]   % (opt, underscore_opt))
[3.767s] /home/usr/.local/lib/python3.6/site-packages/setuptools/dist.py:651: UserWarning: Usage of dash-separated 'install-scripts' will not be supported in future versions. Please use the underscore name 'install_scripts' instead
[3.767s]   % (opt, underscore_opt))
[4.092s] running develop
[4.873s] running egg_info
[4.874s] creating digger_motor_node.egg-info
[4.874s] writing digger_motor_node.egg-info/PKG-INFO
[4.875s] writing dependency_links to digger_motor_node.egg-info/dependency_links.txt
[4.875s] writing entry points to digger_motor_node.egg-info/entry_points.txt
[4.876s] writing requirements to digger_motor_node.egg-info/requires.txt
[4.876s] writing top-level names to digger_motor_node.egg-info/top_level.txt
[4.887s] writing manifest file 'digger_motor_node.egg-info/SOURCES.txt'
[5.029s] reading manifest file 'digger_motor_node.egg-info/SOURCES.txt'
[5.034s] writing manifest file 'digger_motor_node.egg-info/SOURCES.txt'
[5.053s] running build_ext
[5.054s] Creating /home/usr/usr_ws_2020/install/digger_motor_node/lib/python3.6/site-packages/digger-motor-node.egg-link (link to .)
[5.057s] Installing digger_motor_controller script to /home/usr/usr_ws_2020/install/digger_motor_node/lib/digger_motor_node
[5.059s] 
[5.060s] Installed /home/usr/usr_ws_2020/build/digger_motor_node
[5.061s] running install_data
[5.061s] creating /home/usr/usr_ws_2020/install/digger_motor_node/share/ament_index
[5.062s] creating /home/usr/usr_ws_2020/install/digger_motor_node/share/ament_index/resource_index
[5.062s] creating /home/usr/usr_ws_2020/install/digger_motor_node/share/ament_index/resource_index/packages
[5.063s] copying resource/digger_motor_node -> /home/usr/usr_ws_2020/install/digger_motor_node/share/ament_index/resource_index/packages
[5.063s] copying package.xml -> /home/usr/usr_ws_2020/install/digger_motor_node/share/digger_motor_node
[5.172s] Invoked command in '/home/usr/usr_ws_2020/build/digger_motor_node' returned '0': PYTHONPATH=/home/usr/usr_ws_2020/install/digger_motor_node/lib/python3.6/site-packages:${PYTHONPATH} /usr/bin/python3 setup.py develop --prefix /home/usr/usr_ws_2020/install/digger_motor_node --editable --build-directory /home/usr/usr_ws_2020/build/digger_motor_node/build --no-deps install_data --install-dir /home/usr/usr_ws_2020/install/digger_motor_node
