Determining if the pthread_create exist failed with the following output:
Change Dir: /home/usr/usr_ws_2020/build/YAML_CPP/CMakeFiles/CMakeTmp

Run Build Command:"/usr/bin/make" "cmTC_deb5e/fast"
/usr/bin/make -f CMakeFiles/cmTC_deb5e.dir/build.make CMakeFiles/cmTC_deb5e.dir/build
make[1]: Entering directory '/home/usr/usr_ws_2020/build/YAML_CPP/CMakeFiles/CMakeTmp'
Building C object CMakeFiles/cmTC_deb5e.dir/CheckSymbolExists.c.o
/usr/bin/cc    -o CMakeFiles/cmTC_deb5e.dir/CheckSymbolExists.c.o   -c /home/usr/usr_ws_2020/build/YAML_CPP/CMakeFiles/CMakeTmp/CheckSymbolExists.c
Linking C executable cmTC_deb5e
/usr/bin/cmake -E cmake_link_script CMakeFiles/cmTC_deb5e.dir/link.txt --verbose=1
/usr/bin/cc      -rdynamic CMakeFiles/cmTC_deb5e.dir/CheckSymbolExists.c.o  -o cmTC_deb5e 
CMakeFiles/cmTC_deb5e.dir/CheckSymbolExists.c.o: In function `main':
CheckSymbolExists.c:(.text+0x14): undefined reference to `pthread_create'
CheckSymbolExists.c:(.text+0x18): undefined reference to `pthread_create'
collect2: error: ld returned 1 exit status
CMakeFiles/cmTC_deb5e.dir/build.make:97: recipe for target 'cmTC_deb5e' failed
make[1]: *** [cmTC_deb5e] Error 1
make[1]: Leaving directory '/home/usr/usr_ws_2020/build/YAML_CPP/CMakeFiles/CMakeTmp'
Makefile:126: recipe for target 'cmTC_deb5e/fast' failed
make: *** [cmTC_deb5e/fast] Error 2

File /home/usr/usr_ws_2020/build/YAML_CPP/CMakeFiles/CMakeTmp/CheckSymbolExists.c:
/* */
#include <pthread.h>

int main(int argc, char** argv)
{
  (void)argv;
#ifndef pthread_create
  return ((int*)(&pthread_create))[argc];
#else
  (void)argc;
  return 0;
#endif
}

Determining if the function pthread_create exists in the pthreads failed with the following output:
Change Dir: /home/usr/usr_ws_2020/build/YAML_CPP/CMakeFiles/CMakeTmp

Run Build Command:"/usr/bin/make" "cmTC_6b5dd/fast"
/usr/bin/make -f CMakeFiles/cmTC_6b5dd.dir/build.make CMakeFiles/cmTC_6b5dd.dir/build
make[1]: Entering directory '/home/usr/usr_ws_2020/build/YAML_CPP/CMakeFiles/CMakeTmp'
Building C object CMakeFiles/cmTC_6b5dd.dir/CheckFunctionExists.c.o
/usr/bin/cc   -DCHECK_FUNCTION_EXISTS=pthread_create   -o CMakeFiles/cmTC_6b5dd.dir/CheckFunctionExists.c.o   -c /usr/share/cmake-3.10/Modules/CheckFunctionExists.c
Linking C executable cmTC_6b5dd
/usr/bin/cmake -E cmake_link_script CMakeFiles/cmTC_6b5dd.dir/link.txt --verbose=1
/usr/bin/cc  -DCHECK_FUNCTION_EXISTS=pthread_create    -rdynamic CMakeFiles/cmTC_6b5dd.dir/CheckFunctionExists.c.o  -o cmTC_6b5dd -lpthreads 
/usr/bin/ld: cannot find -lpthreads
collect2: error: ld returned 1 exit status
CMakeFiles/cmTC_6b5dd.dir/build.make:97: recipe for target 'cmTC_6b5dd' failed
make[1]: *** [cmTC_6b5dd] Error 1
make[1]: Leaving directory '/home/usr/usr_ws_2020/build/YAML_CPP/CMakeFiles/CMakeTmp'
Makefile:126: recipe for target 'cmTC_6b5dd/fast' failed
make: *** [cmTC_6b5dd/fast] Error 2


