[4.119s] Invoking command in '/home/usr/usr_ws_2020/build/teleop_node': PYTHONPATH=/home/usr/usr_ws_2020/install/teleop_node/lib/python3.6/site-packages:${PYTHONPATH} /usr/bin/python3 setup.py develop --prefix /home/usr/usr_ws_2020/install/teleop_node --uninstall --editable --build-directory /home/usr/usr_ws_2020/build/teleop_node/build
[5.782s] /home/usr/.local/lib/python3.6/site-packages/setuptools/dist.py:651: UserWarning: Usage of dash-separated 'script-dir' will not be supported in future versions. Please use the underscore name 'script_dir' instead
[5.782s]   % (opt, underscore_opt))
[5.785s] /home/usr/.local/lib/python3.6/site-packages/setuptools/dist.py:651: UserWarning: Usage of dash-separated 'install-scripts' will not be supported in future versions. Please use the underscore name 'install_scripts' instead
[5.785s]   % (opt, underscore_opt))
[6.103s] running develop
[7.081s] Invoked command in '/home/usr/usr_ws_2020/build/teleop_node' returned '0': PYTHONPATH=/home/usr/usr_ws_2020/install/teleop_node/lib/python3.6/site-packages:${PYTHONPATH} /usr/bin/python3 setup.py develop --prefix /home/usr/usr_ws_2020/install/teleop_node --uninstall --editable --build-directory /home/usr/usr_ws_2020/build/teleop_node/build
[7.085s] Invoking command in '/home/usr/usr_ws_2020/src/teleop_node': PYTHONPATH=/home/usr/usr_ws_2020/install/teleop_node/lib/python3.6/site-packages:${PYTHONPATH} /usr/bin/python3 setup.py egg_info --egg-base ../../build/teleop_node build --build-base /home/usr/usr_ws_2020/build/teleop_node/build install --prefix /home/usr/usr_ws_2020/install/teleop_node --record /home/usr/usr_ws_2020/build/teleop_node/install.log --single-version-externally-managed
[8.856s] /home/usr/.local/lib/python3.6/site-packages/setuptools/dist.py:651: UserWarning: Usage of dash-separated 'script-dir' will not be supported in future versions. Please use the underscore name 'script_dir' instead
[8.857s]   % (opt, underscore_opt))
[8.858s] /home/usr/.local/lib/python3.6/site-packages/setuptools/dist.py:651: UserWarning: Usage of dash-separated 'install-scripts' will not be supported in future versions. Please use the underscore name 'install_scripts' instead
[8.858s]   % (opt, underscore_opt))
[9.014s] running egg_info
[9.014s] writing ../../build/teleop_node/teleop_node.egg-info/PKG-INFO
[9.016s] writing dependency_links to ../../build/teleop_node/teleop_node.egg-info/dependency_links.txt
[9.016s] writing entry points to ../../build/teleop_node/teleop_node.egg-info/entry_points.txt
[9.021s] writing requirements to ../../build/teleop_node/teleop_node.egg-info/requires.txt
[9.022s] writing top-level names to ../../build/teleop_node/teleop_node.egg-info/top_level.txt
[9.216s] reading manifest file '../../build/teleop_node/teleop_node.egg-info/SOURCES.txt'
[9.220s] writing manifest file '../../build/teleop_node/teleop_node.egg-info/SOURCES.txt'
[9.221s] running build
[9.222s] running build_py
[9.222s] running install
[9.223s] running install_lib
[9.233s] running install_data
[9.233s] running install_egg_info
[9.245s] removing '/home/usr/usr_ws_2020/install/teleop_node/lib/python3.6/site-packages/teleop_node-0.0.0-py3.6.egg-info' (and everything under it)
[9.246s] Copying ../../build/teleop_node/teleop_node.egg-info to /home/usr/usr_ws_2020/install/teleop_node/lib/python3.6/site-packages/teleop_node-0.0.0-py3.6.egg-info
[9.255s] running install_scripts
[9.356s] Installing teleop script to /home/usr/usr_ws_2020/install/teleop_node/lib/teleop_node
[9.357s] writing list of installed files to '/home/usr/usr_ws_2020/build/teleop_node/install.log'
[9.486s] Invoked command in '/home/usr/usr_ws_2020/src/teleop_node' returned '0': PYTHONPATH=/home/usr/usr_ws_2020/install/teleop_node/lib/python3.6/site-packages:${PYTHONPATH} /usr/bin/python3 setup.py egg_info --egg-base ../../build/teleop_node build --build-base /home/usr/usr_ws_2020/build/teleop_node/build install --prefix /home/usr/usr_ws_2020/install/teleop_node --record /home/usr/usr_ws_2020/build/teleop_node/install.log --single-version-externally-managed
