Traceback (most recent call last):
  File "setup.py", line 1, in <module>
    from setuptools import setup
  File "/home/usr/.local/lib/python3.6/site-packages/setuptools/__init__.py", line 16, in <module>
    import setuptools.version
  File "/home/usr/.local/lib/python3.6/site-packages/setuptools/version.py", line 1, in <module>
    import pkg_resources
  File "/home/usr/.local/lib/python3.6/site-packages/pkg_resources/__init__.py", line 78, in <module>
    __import__('pkg_resources.extern.packaging.requirements')
  File "/home/usr/.local/lib/python3.6/site-packages/pkg_resources/_vendor/packaging/requirements.py", line 9, in <module>
    from pkg_resources.extern.pyparsing import stringStart, stringEnd, originalTextFor, ParseException
  File "<frozen importlib._bootstrap>", line 971, in _find_and_load
  File "<frozen importlib._bootstrap>", line 955, in _find_and_load_unlocked
  File "<frozen importlib._bootstrap>", line 658, in _load_unlocked
  File "<frozen importlib._bootstrap>", line 571, in module_from_spec
  File "/home/usr/.local/lib/python3.6/site-packages/pkg_resources/extern/__init__.py", line 52, in create_module
    return self.load_module(spec.name)
  File "/home/usr/.local/lib/python3.6/site-packages/pkg_resources/extern/__init__.py", line 37, in load_module
    __import__(extant)
  File "/home/usr/.local/lib/python3.6/site-packages/pkg_resources/_vendor/pyparsing.py", line 5399, in <module>
    class pyparsing_common:
  File "/home/usr/.local/lib/python3.6/site-packages/pkg_resources/_vendor/pyparsing.py", line 5583, in pyparsing_common
    _short_ipv6_address = (Optional(_ipv6_part + (':' + _ipv6_part)*(0,6)) + "::" + Optional(_ipv6_part + (':' + _ipv6_part)*(0,6))).setName("short IPv6 address")
  File "/home/usr/.local/lib/python3.6/site-packages/pkg_resources/_vendor/pyparsing.py", line 1937, in __mul__
    ret = makeOptionalList(optElements)
  File "/home/usr/.local/lib/python3.6/site-packages/pkg_resources/_vendor/pyparsing.py", line 1928, in makeOptionalList
    return Optional(self + makeOptionalList(n-1))
  File "/home/usr/.local/lib/python3.6/site-packages/pkg_resources/_vendor/pyparsing.py", line 1928, in makeOptionalList
    return Optional(self + makeOptionalList(n-1))
  File "/home/usr/.local/lib/python3.6/site-packages/pkg_resources/_vendor/pyparsing.py", line 1928, in makeOptionalList
    return Optional(self + makeOptionalList(n-1))
  [Previous line repeated 1 more time]
  File "/home/usr/.local/lib/python3.6/site-packages/pkg_resources/_vendor/pyparsing.py", line 1839, in __add__
    return And( [ self, other ] )
  File "/home/usr/.local/lib/python3.6/site-packages/pkg_resources/_vendor/pyparsing.py", line 3391, in __init__
    super(And,self).__init__(exprs, savelist)
  File "/home/usr/.local/lib/python3.6/site-packages/pkg_resources/_vendor/pyparsing.py", line 3272, in __init__
    self.exprs = list(exprs)
KeyboardInterrupt
