[2.184s] Invoking command in '/home/usr/usr_ws_2020/build/digger_motor_node': PYTHONPATH=/home/usr/usr_ws_2020/install/digger_motor_node/lib/python3.6/site-packages:${PYTHONPATH} /usr/bin/python3 setup.py develop --prefix /home/usr/usr_ws_2020/install/digger_motor_node --editable --build-directory /home/usr/usr_ws_2020/build/digger_motor_node/build --no-deps install_data --install-dir /home/usr/usr_ws_2020/install/digger_motor_node
[3.932s] /home/usr/.local/lib/python3.6/site-packages/setuptools/dist.py:651: UserWarning: Usage of dash-separated 'script-dir' will not be supported in future versions. Please use the underscore name 'script_dir' instead
[3.933s]   % (opt, underscore_opt))
[3.933s] /home/usr/.local/lib/python3.6/site-packages/setuptools/dist.py:651: UserWarning: Usage of dash-separated 'install-scripts' will not be supported in future versions. Please use the underscore name 'install_scripts' instead
[3.934s]   % (opt, underscore_opt))
[4.231s] running develop
[4.927s] running egg_info
[4.928s] writing digger_motor_node.egg-info/PKG-INFO
[4.928s] writing dependency_links to digger_motor_node.egg-info/dependency_links.txt
[4.929s] writing entry points to digger_motor_node.egg-info/entry_points.txt
[4.930s] writing requirements to digger_motor_node.egg-info/requires.txt
[4.930s] writing top-level names to digger_motor_node.egg-info/top_level.txt
[5.061s] reading manifest file 'digger_motor_node.egg-info/SOURCES.txt'
[5.064s] writing manifest file 'digger_motor_node.egg-info/SOURCES.txt'
[5.077s] running build_ext
[5.078s] Creating /home/usr/usr_ws_2020/install/digger_motor_node/lib/python3.6/site-packages/digger-motor-node.egg-link (link to .)
[5.082s] Installing digger_motor_controller script to /home/usr/usr_ws_2020/install/digger_motor_node/lib/digger_motor_node
[5.083s] 
[5.083s] Installed /home/usr/usr_ws_2020/build/digger_motor_node
[5.084s] running install_data
[5.987s] Invoked command in '/home/usr/usr_ws_2020/build/digger_motor_node' returned '0': PYTHONPATH=/home/usr/usr_ws_2020/install/digger_motor_node/lib/python3.6/site-packages:${PYTHONPATH} /usr/bin/python3 setup.py develop --prefix /home/usr/usr_ws_2020/install/digger_motor_node --editable --build-directory /home/usr/usr_ws_2020/build/digger_motor_node/build --no-deps install_data --install-dir /home/usr/usr_ws_2020/install/digger_motor_node
