[0.366s] Invoking command in '/home/usr/usr_ws_2020/build/YAML_CPP': /usr/bin/cmake --build /home/usr/usr_ws_2020/build/YAML_CPP -- -j4 -l4
[2.474s] [  5%] Built target gmock
[2.474s] [ 11%] Built target gmock_main
[2.474s] [ 15%] Built target gtest
[2.475s] [ 66%] Built target yaml-cpp
[2.475s] [ 70%] Built target gtest_main
[2.476s] [ 73%] Built target sandbox
[2.502s] [ 93%] Built target run-tests
[2.504s] [ 96%] Built target parse
[2.505s] [100%] Built target read
[4.212s] Invoked command in '/home/usr/usr_ws_2020/build/YAML_CPP' returned '0': /usr/bin/cmake --build /home/usr/usr_ws_2020/build/YAML_CPP -- -j4 -l4
[5.837s] Invoking command in '/home/usr/usr_ws_2020/build/YAML_CPP': /usr/bin/cmake --build /home/usr/usr_ws_2020/build/YAML_CPP --target install -- -j4 -l4
[6.766s] [ 51%] Built target yaml-cpp
[6.780s] [ 56%] Built target gmock
[6.823s] [ 60%] Built target gtest
[6.839s] [ 66%] Built target gmock_main
[7.232s] [ 70%] Built target sandbox
[7.256s] [ 73%] Built target parse
[7.317s] [ 76%] Built target read
[7.326s] [ 96%] Built target run-tests
[7.544s] [100%] Built target gtest_main
[7.735s] [36mInstall the project...[0m
[7.820s] -- Install configuration: "Release"
[7.821s] -- Up-to-date: /home/usr/usr_ws_2020/install/YAML_CPP/lib/libyaml-cpp.a
[7.822s] -- Up-to-date: /home/usr/usr_ws_2020/install/YAML_CPP/include/yaml-cpp
[7.824s] -- Up-to-date: /home/usr/usr_ws_2020/install/YAML_CPP/include/yaml-cpp/node
[7.825s] -- Up-to-date: /home/usr/usr_ws_2020/install/YAML_CPP/include/yaml-cpp/node/emit.h
[7.826s] -- Up-to-date: /home/usr/usr_ws_2020/install/YAML_CPP/include/yaml-cpp/node/ptr.h
[7.827s] -- Up-to-date: /home/usr/usr_ws_2020/install/YAML_CPP/include/yaml-cpp/node/iterator.h
[7.828s] -- Up-to-date: /home/usr/usr_ws_2020/install/YAML_CPP/include/yaml-cpp/node/convert.h
[7.829s] -- Up-to-date: /home/usr/usr_ws_2020/install/YAML_CPP/include/yaml-cpp/node/detail
[7.831s] -- Up-to-date: /home/usr/usr_ws_2020/install/YAML_CPP/include/yaml-cpp/node/detail/iterator_fwd.h
[7.836s] -- Up-to-date: /home/usr/usr_ws_2020/install/YAML_CPP/include/yaml-cpp/node/detail/node_data.h
[7.837s] -- Up-to-date: /home/usr/usr_ws_2020/install/YAML_CPP/include/yaml-cpp/node/detail/node_ref.h
[7.840s] -- Up-to-date: /home/usr/usr_ws_2020/install/YAML_CPP/include/yaml-cpp/node/detail/memory.h
[7.841s] -- Up-to-date: /home/usr/usr_ws_2020/install/YAML_CPP/include/yaml-cpp/node/detail/bool_type.h
[7.844s] -- Up-to-date: /home/usr/usr_ws_2020/install/YAML_CPP/include/yaml-cpp/node/detail/iterator.h
[7.844s] -- Up-to-date: /home/usr/usr_ws_2020/install/YAML_CPP/include/yaml-cpp/node/detail/node_iterator.h
[7.844s] -- Up-to-date: /home/usr/usr_ws_2020/install/YAML_CPP/include/yaml-cpp/node/detail/impl.h
[7.847s] -- Up-to-date: /home/usr/usr_ws_2020/install/YAML_CPP/include/yaml-cpp/node/detail/node.h
[7.848s] -- Up-to-date: /home/usr/usr_ws_2020/install/YAML_CPP/include/yaml-cpp/node/parse.h
[7.850s] -- Up-to-date: /home/usr/usr_ws_2020/install/YAML_CPP/include/yaml-cpp/node/type.h
[7.865s] -- Up-to-date: /home/usr/usr_ws_2020/install/YAML_CPP/include/yaml-cpp/node/impl.h
[7.866s] -- Up-to-date: /home/usr/usr_ws_2020/install/YAML_CPP/include/yaml-cpp/node/node.h
[7.866s] -- Up-to-date: /home/usr/usr_ws_2020/install/YAML_CPP/include/yaml-cpp/ostream_wrapper.h
[7.867s] -- Up-to-date: /home/usr/usr_ws_2020/install/YAML_CPP/include/yaml-cpp/anchor.h
[7.867s] -- Up-to-date: /home/usr/usr_ws_2020/install/YAML_CPP/include/yaml-cpp/yaml.h
[7.868s] -- Up-to-date: /home/usr/usr_ws_2020/install/YAML_CPP/include/yaml-cpp/emittermanip.h
[7.881s] -- Up-to-date: /home/usr/usr_ws_2020/install/YAML_CPP/include/yaml-cpp/parser.h
[7.883s] -- Up-to-date: /home/usr/usr_ws_2020/install/YAML_CPP/include/yaml-cpp/dll.h
[7.883s] -- Up-to-date: /home/usr/usr_ws_2020/install/YAML_CPP/include/yaml-cpp/emitter.h
[7.884s] -- Up-to-date: /home/usr/usr_ws_2020/install/YAML_CPP/include/yaml-cpp/stlemitter.h
[7.884s] -- Up-to-date: /home/usr/usr_ws_2020/install/YAML_CPP/include/yaml-cpp/null.h
[7.884s] -- Up-to-date: /home/usr/usr_ws_2020/install/YAML_CPP/include/yaml-cpp/binary.h
[7.885s] -- Up-to-date: /home/usr/usr_ws_2020/install/YAML_CPP/include/yaml-cpp/contrib
[7.885s] -- Up-to-date: /home/usr/usr_ws_2020/install/YAML_CPP/include/yaml-cpp/contrib/anchordict.h
[7.886s] -- Up-to-date: /home/usr/usr_ws_2020/install/YAML_CPP/include/yaml-cpp/contrib/graphbuilder.h
[7.886s] -- Up-to-date: /home/usr/usr_ws_2020/install/YAML_CPP/include/yaml-cpp/traits.h
[7.886s] -- Up-to-date: /home/usr/usr_ws_2020/install/YAML_CPP/include/yaml-cpp/emitfromevents.h
[7.887s] -- Up-to-date: /home/usr/usr_ws_2020/install/YAML_CPP/include/yaml-cpp/emitterstyle.h
[7.887s] -- Up-to-date: /home/usr/usr_ws_2020/install/YAML_CPP/include/yaml-cpp/exceptions.h
[7.887s] -- Up-to-date: /home/usr/usr_ws_2020/install/YAML_CPP/include/yaml-cpp/noncopyable.h
[7.888s] -- Up-to-date: /home/usr/usr_ws_2020/install/YAML_CPP/include/yaml-cpp/eventhandler.h
[7.888s] -- Up-to-date: /home/usr/usr_ws_2020/install/YAML_CPP/include/yaml-cpp/emitterdef.h
[7.888s] -- Up-to-date: /home/usr/usr_ws_2020/install/YAML_CPP/include/yaml-cpp/mark.h
[7.889s] -- Up-to-date: /home/usr/usr_ws_2020/install/YAML_CPP/lib/cmake/yaml-cpp/yaml-cpp-config.cmake
[7.889s] -- Up-to-date: /home/usr/usr_ws_2020/install/YAML_CPP/lib/cmake/yaml-cpp/yaml-cpp-config-version.cmake
[7.889s] -- Up-to-date: /home/usr/usr_ws_2020/install/YAML_CPP/lib/cmake/yaml-cpp/yaml-cpp-targets.cmake
[7.891s] -- Up-to-date: /home/usr/usr_ws_2020/install/YAML_CPP/lib/cmake/yaml-cpp/yaml-cpp-targets-release.cmake
[7.891s] -- Up-to-date: /home/usr/usr_ws_2020/install/YAML_CPP/lib/pkgconfig/yaml-cpp.pc
[7.892s] -- Up-to-date: /home/usr/usr_ws_2020/install/YAML_CPP/lib/libgmock.a
[7.892s] -- Up-to-date: /home/usr/usr_ws_2020/install/YAML_CPP/lib/libgmock_main.a
[7.892s] -- Up-to-date: /home/usr/usr_ws_2020/install/YAML_CPP/include/gmock
[7.894s] -- Up-to-date: /home/usr/usr_ws_2020/install/YAML_CPP/include/gmock/gmock-generated-actions.h.pump
[7.895s] -- Up-to-date: /home/usr/usr_ws_2020/install/YAML_CPP/include/gmock/gmock.h
[7.895s] -- Up-to-date: /home/usr/usr_ws_2020/install/YAML_CPP/include/gmock/gmock-generated-matchers.h
[7.895s] -- Up-to-date: /home/usr/usr_ws_2020/install/YAML_CPP/include/gmock/internal
[7.896s] -- Up-to-date: /home/usr/usr_ws_2020/install/YAML_CPP/include/gmock/internal/gmock-generated-internal-utils.h.pump
[7.896s] -- Up-to-date: /home/usr/usr_ws_2020/install/YAML_CPP/include/gmock/internal/gmock-internal-utils.h
[7.896s] -- Up-to-date: /home/usr/usr_ws_2020/install/YAML_CPP/include/gmock/internal/gmock-port.h
[7.897s] -- Up-to-date: /home/usr/usr_ws_2020/install/YAML_CPP/include/gmock/internal/gmock-generated-internal-utils.h
[7.912s] -- Up-to-date: /home/usr/usr_ws_2020/install/YAML_CPP/include/gmock/internal/custom
[7.913s] -- Up-to-date: /home/usr/usr_ws_2020/install/YAML_CPP/include/gmock/internal/custom/gmock-generated-actions.h.pump
[7.915s] -- Up-to-date: /home/usr/usr_ws_2020/install/YAML_CPP/include/gmock/internal/custom/gmock-generated-actions.h
[7.915s] -- Up-to-date: /home/usr/usr_ws_2020/install/YAML_CPP/include/gmock/internal/custom/gmock-port.h
[7.916s] -- Up-to-date: /home/usr/usr_ws_2020/install/YAML_CPP/include/gmock/internal/custom/gmock-matchers.h
[7.917s] -- Up-to-date: /home/usr/usr_ws_2020/install/YAML_CPP/include/gmock/gmock-generated-actions.h
[7.917s] -- Up-to-date: /home/usr/usr_ws_2020/install/YAML_CPP/include/gmock/gmock-generated-nice-strict.h
[7.918s] -- Up-to-date: /home/usr/usr_ws_2020/install/YAML_CPP/include/gmock/gmock-matchers.h
[7.927s] -- Up-to-date: /home/usr/usr_ws_2020/install/YAML_CPP/include/gmock/gmock-actions.h
[7.927s] -- Up-to-date: /home/usr/usr_ws_2020/install/YAML_CPP/include/gmock/gmock-more-actions.h
[7.928s] -- Up-to-date: /home/usr/usr_ws_2020/install/YAML_CPP/include/gmock/gmock-generated-function-mockers.h
[7.929s] -- Up-to-date: /home/usr/usr_ws_2020/install/YAML_CPP/include/gmock/gmock-generated-function-mockers.h.pump
[7.929s] -- Up-to-date: /home/usr/usr_ws_2020/install/YAML_CPP/include/gmock/gmock-generated-matchers.h.pump
[7.930s] -- Up-to-date: /home/usr/usr_ws_2020/install/YAML_CPP/include/gmock/gmock-more-matchers.h
[7.930s] -- Up-to-date: /home/usr/usr_ws_2020/install/YAML_CPP/include/gmock/gmock-cardinalities.h
[7.931s] -- Up-to-date: /home/usr/usr_ws_2020/install/YAML_CPP/include/gmock/gmock-spec-builders.h
[7.931s] -- Up-to-date: /home/usr/usr_ws_2020/install/YAML_CPP/include/gmock/gmock-generated-nice-strict.h.pump
[7.931s] -- Up-to-date: /home/usr/usr_ws_2020/install/YAML_CPP/lib/libgtest.a
[7.932s] -- Up-to-date: /home/usr/usr_ws_2020/install/YAML_CPP/lib/libgtest_main.a
[7.932s] -- Up-to-date: /home/usr/usr_ws_2020/install/YAML_CPP/include/gtest
[7.932s] -- Up-to-date: /home/usr/usr_ws_2020/install/YAML_CPP/include/gtest/gtest_prod.h
[7.933s] -- Up-to-date: /home/usr/usr_ws_2020/install/YAML_CPP/include/gtest/internal
[7.933s] -- Up-to-date: /home/usr/usr_ws_2020/install/YAML_CPP/include/gtest/internal/gtest-type-util.h
[7.934s] -- Up-to-date: /home/usr/usr_ws_2020/install/YAML_CPP/include/gtest/internal/gtest-param-util-generated.h.pump
[7.945s] -- Up-to-date: /home/usr/usr_ws_2020/install/YAML_CPP/include/gtest/internal/gtest-internal.h
[7.945s] -- Up-to-date: /home/usr/usr_ws_2020/install/YAML_CPP/include/gtest/internal/gtest-type-util.h.pump
[7.946s] -- Up-to-date: /home/usr/usr_ws_2020/install/YAML_CPP/include/gtest/internal/gtest-tuple.h
[7.946s] -- Up-to-date: /home/usr/usr_ws_2020/install/YAML_CPP/include/gtest/internal/gtest-param-util-generated.h
[7.946s] -- Up-to-date: /home/usr/usr_ws_2020/install/YAML_CPP/include/gtest/internal/gtest-port.h
[7.947s] -- Up-to-date: /home/usr/usr_ws_2020/install/YAML_CPP/include/gtest/internal/gtest-string.h
[7.947s] -- Up-to-date: /home/usr/usr_ws_2020/install/YAML_CPP/include/gtest/internal/gtest-linked_ptr.h
[7.948s] -- Up-to-date: /home/usr/usr_ws_2020/install/YAML_CPP/include/gtest/internal/gtest-param-util.h
[7.949s] -- Up-to-date: /home/usr/usr_ws_2020/install/YAML_CPP/include/gtest/internal/custom
[7.949s] -- Up-to-date: /home/usr/usr_ws_2020/install/YAML_CPP/include/gtest/internal/custom/gtest-printers.h
[7.949s] -- Up-to-date: /home/usr/usr_ws_2020/install/YAML_CPP/include/gtest/internal/custom/gtest-port.h
[7.950s] -- Up-to-date: /home/usr/usr_ws_2020/install/YAML_CPP/include/gtest/internal/custom/gtest.h
[7.950s] -- Up-to-date: /home/usr/usr_ws_2020/install/YAML_CPP/include/gtest/internal/gtest-port-arch.h
[7.951s] -- Up-to-date: /home/usr/usr_ws_2020/install/YAML_CPP/include/gtest/internal/gtest-death-test-internal.h
[7.951s] -- Up-to-date: /home/usr/usr_ws_2020/install/YAML_CPP/include/gtest/internal/gtest-tuple.h.pump
[7.952s] -- Up-to-date: /home/usr/usr_ws_2020/install/YAML_CPP/include/gtest/internal/gtest-filepath.h
[7.952s] -- Up-to-date: /home/usr/usr_ws_2020/install/YAML_CPP/include/gtest/gtest-message.h
[7.952s] -- Up-to-date: /home/usr/usr_ws_2020/install/YAML_CPP/include/gtest/gtest_pred_impl.h
[7.953s] -- Up-to-date: /home/usr/usr_ws_2020/install/YAML_CPP/include/gtest/gtest-death-test.h
[7.953s] -- Up-to-date: /home/usr/usr_ws_2020/install/YAML_CPP/include/gtest/gtest-test-part.h
[7.953s] -- Up-to-date: /home/usr/usr_ws_2020/install/YAML_CPP/include/gtest/gtest-printers.h
[7.953s] -- Up-to-date: /home/usr/usr_ws_2020/install/YAML_CPP/include/gtest/gtest-typed-test.h
[7.954s] -- Up-to-date: /home/usr/usr_ws_2020/install/YAML_CPP/include/gtest/gtest-spi.h
[7.954s] -- Up-to-date: /home/usr/usr_ws_2020/install/YAML_CPP/include/gtest/gtest.h
[7.954s] -- Up-to-date: /home/usr/usr_ws_2020/install/YAML_CPP/include/gtest/gtest-param-test.h
[7.955s] -- Up-to-date: /home/usr/usr_ws_2020/install/YAML_CPP/include/gtest/gtest-param-test.h.pump
[7.955s] Invoked command in '/home/usr/usr_ws_2020/build/YAML_CPP' returned '0': /usr/bin/cmake --build /home/usr/usr_ws_2020/build/YAML_CPP --target install -- -j4 -l4
