/home/usr/.local/lib/python3.6/site-packages/setuptools/dist.py:651: UserWarning: Usage of dash-separated 'script-dir' will not be supported in future versions. Please use the underscore name 'script_dir' instead
  % (opt, underscore_opt))
/home/usr/.local/lib/python3.6/site-packages/setuptools/dist.py:651: UserWarning: Usage of dash-separated 'install-scripts' will not be supported in future versions. Please use the underscore name 'install_scripts' instead
  % (opt, underscore_opt))
running develop
/home/usr/.local/lib/python3.6/site-packages/setuptools/dist.py:651: UserWarning: Usage of dash-separated 'script-dir' will not be supported in future versions. Please use the underscore name 'script_dir' instead
  % (opt, underscore_opt))
/home/usr/.local/lib/python3.6/site-packages/setuptools/dist.py:651: UserWarning: Usage of dash-separated 'install-scripts' will not be supported in future versions. Please use the underscore name 'install_scripts' instead
  % (opt, underscore_opt))
running egg_info
writing ../../../build/digger_motor_node/digger_motor_node.egg-info/PKG-INFO
writing dependency_links to ../../../build/digger_motor_node/digger_motor_node.egg-info/dependency_links.txt
writing entry points to ../../../build/digger_motor_node/digger_motor_node.egg-info/entry_points.txt
writing requirements to ../../../build/digger_motor_node/digger_motor_node.egg-info/requires.txt
writing top-level names to ../../../build/digger_motor_node/digger_motor_node.egg-info/top_level.txt
reading manifest file '../../../build/digger_motor_node/digger_motor_node.egg-info/SOURCES.txt'
writing manifest file '../../../build/digger_motor_node/digger_motor_node.egg-info/SOURCES.txt'
running build
running build_py
running install
running install_lib
running install_data
running install_egg_info
removing '/home/usr/usr_ws_2020/install/digger_motor_node/lib/python3.6/site-packages/digger_motor_node-0.0.0-py3.6.egg-info' (and everything under it)
Copying ../../../build/digger_motor_node/digger_motor_node.egg-info to /home/usr/usr_ws_2020/install/digger_motor_node/lib/python3.6/site-packages/digger_motor_node-0.0.0-py3.6.egg-info
running install_scripts
Installing digger_motor_controller script to /home/usr/usr_ws_2020/install/digger_motor_node/lib/digger_motor_node
writing list of installed files to '/home/usr/usr_ws_2020/build/digger_motor_node/install.log'
