[0.350s] Invoking command in '/home/usr/usr_ws_2020/build/YAML_CPP': /usr/bin/cmake --build /home/usr/usr_ws_2020/build/YAML_CPP -- -j4 -l4
[2.347s] [ 51%] Built target yaml-cpp
[2.347s] [ 58%] Built target gmock_main
[2.348s] [ 63%] Built target gmock
[2.348s] [ 66%] Built target gtest
[2.348s] [ 70%] Built target sandbox
[2.348s] [ 73%] Built target read
[2.349s] [ 76%] Built target parse
[2.349s] [ 96%] Built target run-tests
[2.349s] [100%] Built target gtest_main
[3.961s] Invoked command in '/home/usr/usr_ws_2020/build/YAML_CPP' returned '0': /usr/bin/cmake --build /home/usr/usr_ws_2020/build/YAML_CPP -- -j4 -l4
[6.390s] Invoking command in '/home/usr/usr_ws_2020/build/YAML_CPP': /usr/bin/cmake --build /home/usr/usr_ws_2020/build/YAML_CPP --target install -- -j4 -l4
[7.001s] [  3%] Built target gtest
[7.091s] [ 10%] Built target gmock_main
[7.244s] [ 15%] Built target gmock
[7.274s] [ 66%] Built target yaml-cpp
[7.376s] [ 70%] Built target gtest_main
[7.676s] [ 73%] Built target parse
[7.737s] [ 76%] Built target sandbox
[7.772s] [ 96%] Built target run-tests
[7.788s] [100%] Built target read
[7.963s] [36mInstall the project...[0m
[8.013s] -- Install configuration: "Release"
[8.014s] -- Up-to-date: /home/usr/usr_ws_2020/install/YAML_CPP/lib/libyaml-cpp.a
[8.015s] -- Up-to-date: /home/usr/usr_ws_2020/install/YAML_CPP/include/yaml-cpp
[8.016s] -- Up-to-date: /home/usr/usr_ws_2020/install/YAML_CPP/include/yaml-cpp/node
[8.017s] -- Up-to-date: /home/usr/usr_ws_2020/install/YAML_CPP/include/yaml-cpp/node/emit.h
[8.017s] -- Up-to-date: /home/usr/usr_ws_2020/install/YAML_CPP/include/yaml-cpp/node/ptr.h
[8.018s] -- Up-to-date: /home/usr/usr_ws_2020/install/YAML_CPP/include/yaml-cpp/node/iterator.h
[8.019s] -- Up-to-date: /home/usr/usr_ws_2020/install/YAML_CPP/include/yaml-cpp/node/convert.h
[8.019s] -- Up-to-date: /home/usr/usr_ws_2020/install/YAML_CPP/include/yaml-cpp/node/detail
[8.020s] -- Up-to-date: /home/usr/usr_ws_2020/install/YAML_CPP/include/yaml-cpp/node/detail/iterator_fwd.h
[8.022s] -- Up-to-date: /home/usr/usr_ws_2020/install/YAML_CPP/include/yaml-cpp/node/detail/node_data.h
[8.023s] -- Up-to-date: /home/usr/usr_ws_2020/install/YAML_CPP/include/yaml-cpp/node/detail/node_ref.h
[8.023s] -- Up-to-date: /home/usr/usr_ws_2020/install/YAML_CPP/include/yaml-cpp/node/detail/memory.h
[8.024s] -- Up-to-date: /home/usr/usr_ws_2020/install/YAML_CPP/include/yaml-cpp/node/detail/bool_type.h
[8.024s] -- Up-to-date: /home/usr/usr_ws_2020/install/YAML_CPP/include/yaml-cpp/node/detail/iterator.h
[8.024s] -- Up-to-date: /home/usr/usr_ws_2020/install/YAML_CPP/include/yaml-cpp/node/detail/node_iterator.h
[8.025s] -- Up-to-date: /home/usr/usr_ws_2020/install/YAML_CPP/include/yaml-cpp/node/detail/impl.h
[8.025s] -- Up-to-date: /home/usr/usr_ws_2020/install/YAML_CPP/include/yaml-cpp/node/detail/node.h
[8.025s] -- Up-to-date: /home/usr/usr_ws_2020/install/YAML_CPP/include/yaml-cpp/node/parse.h
[8.038s] -- Up-to-date: /home/usr/usr_ws_2020/install/YAML_CPP/include/yaml-cpp/node/type.h
[8.039s] -- Up-to-date: /home/usr/usr_ws_2020/install/YAML_CPP/include/yaml-cpp/node/impl.h
[8.065s] -- Up-to-date: /home/usr/usr_ws_2020/install/YAML_CPP/include/yaml-cpp/node/node.h
[8.065s] -- Up-to-date: /home/usr/usr_ws_2020/install/YAML_CPP/include/yaml-cpp/ostream_wrapper.h
[8.066s] -- Up-to-date: /home/usr/usr_ws_2020/install/YAML_CPP/include/yaml-cpp/anchor.h
[8.066s] -- Up-to-date: /home/usr/usr_ws_2020/install/YAML_CPP/include/yaml-cpp/yaml.h
[8.066s] -- Up-to-date: /home/usr/usr_ws_2020/install/YAML_CPP/include/yaml-cpp/emittermanip.h
[8.067s] -- Up-to-date: /home/usr/usr_ws_2020/install/YAML_CPP/include/yaml-cpp/parser.h
[8.067s] -- Up-to-date: /home/usr/usr_ws_2020/install/YAML_CPP/include/yaml-cpp/dll.h
[8.068s] -- Up-to-date: /home/usr/usr_ws_2020/install/YAML_CPP/include/yaml-cpp/emitter.h
[8.068s] -- Up-to-date: /home/usr/usr_ws_2020/install/YAML_CPP/include/yaml-cpp/stlemitter.h
[8.069s] -- Up-to-date: /home/usr/usr_ws_2020/install/YAML_CPP/include/yaml-cpp/null.h
[8.069s] -- Up-to-date: /home/usr/usr_ws_2020/install/YAML_CPP/include/yaml-cpp/binary.h
[8.070s] -- Up-to-date: /home/usr/usr_ws_2020/install/YAML_CPP/include/yaml-cpp/contrib
[8.070s] -- Up-to-date: /home/usr/usr_ws_2020/install/YAML_CPP/include/yaml-cpp/contrib/anchordict.h
[8.071s] -- Up-to-date: /home/usr/usr_ws_2020/install/YAML_CPP/include/yaml-cpp/contrib/graphbuilder.h
[8.072s] -- Up-to-date: /home/usr/usr_ws_2020/install/YAML_CPP/include/yaml-cpp/traits.h
[8.074s] -- Up-to-date: /home/usr/usr_ws_2020/install/YAML_CPP/include/yaml-cpp/emitfromevents.h
[8.075s] -- Up-to-date: /home/usr/usr_ws_2020/install/YAML_CPP/include/yaml-cpp/emitterstyle.h
[8.076s] -- Up-to-date: /home/usr/usr_ws_2020/install/YAML_CPP/include/yaml-cpp/exceptions.h
[8.077s] -- Up-to-date: /home/usr/usr_ws_2020/install/YAML_CPP/include/yaml-cpp/noncopyable.h
[8.077s] -- Up-to-date: /home/usr/usr_ws_2020/install/YAML_CPP/include/yaml-cpp/eventhandler.h
[8.077s] -- Up-to-date: /home/usr/usr_ws_2020/install/YAML_CPP/include/yaml-cpp/emitterdef.h
[8.078s] -- Up-to-date: /home/usr/usr_ws_2020/install/YAML_CPP/include/yaml-cpp/mark.h
[8.078s] -- Up-to-date: /home/usr/usr_ws_2020/install/YAML_CPP/lib/cmake/yaml-cpp/yaml-cpp-config.cmake
[8.078s] -- Up-to-date: /home/usr/usr_ws_2020/install/YAML_CPP/lib/cmake/yaml-cpp/yaml-cpp-config-version.cmake
[8.078s] -- Up-to-date: /home/usr/usr_ws_2020/install/YAML_CPP/lib/cmake/yaml-cpp/yaml-cpp-targets.cmake
[8.079s] -- Up-to-date: /home/usr/usr_ws_2020/install/YAML_CPP/lib/cmake/yaml-cpp/yaml-cpp-targets-release.cmake
[8.079s] -- Up-to-date: /home/usr/usr_ws_2020/install/YAML_CPP/lib/pkgconfig/yaml-cpp.pc
[8.079s] -- Up-to-date: /home/usr/usr_ws_2020/install/YAML_CPP/lib/libgmock.a
[8.080s] -- Up-to-date: /home/usr/usr_ws_2020/install/YAML_CPP/lib/libgmock_main.a
[8.080s] -- Up-to-date: /home/usr/usr_ws_2020/install/YAML_CPP/include/gmock
[8.080s] -- Up-to-date: /home/usr/usr_ws_2020/install/YAML_CPP/include/gmock/gmock-generated-actions.h.pump
[8.081s] -- Up-to-date: /home/usr/usr_ws_2020/install/YAML_CPP/include/gmock/gmock.h
[8.081s] -- Up-to-date: /home/usr/usr_ws_2020/install/YAML_CPP/include/gmock/gmock-generated-matchers.h
[8.081s] -- Up-to-date: /home/usr/usr_ws_2020/install/YAML_CPP/include/gmock/internal
[8.081s] -- Up-to-date: /home/usr/usr_ws_2020/install/YAML_CPP/include/gmock/internal/gmock-generated-internal-utils.h.pump
[8.082s] -- Up-to-date: /home/usr/usr_ws_2020/install/YAML_CPP/include/gmock/internal/gmock-internal-utils.h
[8.082s] -- Up-to-date: /home/usr/usr_ws_2020/install/YAML_CPP/include/gmock/internal/gmock-port.h
[8.082s] -- Up-to-date: /home/usr/usr_ws_2020/install/YAML_CPP/include/gmock/internal/gmock-generated-internal-utils.h
[8.082s] -- Up-to-date: /home/usr/usr_ws_2020/install/YAML_CPP/include/gmock/internal/custom
[8.083s] -- Up-to-date: /home/usr/usr_ws_2020/install/YAML_CPP/include/gmock/internal/custom/gmock-generated-actions.h.pump
[8.095s] -- Up-to-date: /home/usr/usr_ws_2020/install/YAML_CPP/include/gmock/internal/custom/gmock-generated-actions.h
[8.096s] -- Up-to-date: /home/usr/usr_ws_2020/install/YAML_CPP/include/gmock/internal/custom/gmock-port.h
[8.096s] -- Up-to-date: /home/usr/usr_ws_2020/install/YAML_CPP/include/gmock/internal/custom/gmock-matchers.h
[8.096s] -- Up-to-date: /home/usr/usr_ws_2020/install/YAML_CPP/include/gmock/gmock-generated-actions.h
[8.097s] -- Up-to-date: /home/usr/usr_ws_2020/install/YAML_CPP/include/gmock/gmock-generated-nice-strict.h
[8.097s] -- Up-to-date: /home/usr/usr_ws_2020/install/YAML_CPP/include/gmock/gmock-matchers.h
[8.097s] -- Up-to-date: /home/usr/usr_ws_2020/install/YAML_CPP/include/gmock/gmock-actions.h
[8.098s] -- Up-to-date: /home/usr/usr_ws_2020/install/YAML_CPP/include/gmock/gmock-more-actions.h
[8.098s] -- Up-to-date: /home/usr/usr_ws_2020/install/YAML_CPP/include/gmock/gmock-generated-function-mockers.h
[8.098s] -- Up-to-date: /home/usr/usr_ws_2020/install/YAML_CPP/include/gmock/gmock-generated-function-mockers.h.pump
[8.101s] -- Up-to-date: /home/usr/usr_ws_2020/install/YAML_CPP/include/gmock/gmock-generated-matchers.h.pump
[8.102s] -- Up-to-date: /home/usr/usr_ws_2020/install/YAML_CPP/include/gmock/gmock-more-matchers.h
[8.102s] -- Up-to-date: /home/usr/usr_ws_2020/install/YAML_CPP/include/gmock/gmock-cardinalities.h
[8.102s] -- Up-to-date: /home/usr/usr_ws_2020/install/YAML_CPP/include/gmock/gmock-spec-builders.h
[8.103s] -- Up-to-date: /home/usr/usr_ws_2020/install/YAML_CPP/include/gmock/gmock-generated-nice-strict.h.pump
[8.103s] -- Up-to-date: /home/usr/usr_ws_2020/install/YAML_CPP/lib/libgtest.a
[8.103s] -- Up-to-date: /home/usr/usr_ws_2020/install/YAML_CPP/lib/libgtest_main.a
[8.104s] -- Up-to-date: /home/usr/usr_ws_2020/install/YAML_CPP/include/gtest
[8.104s] -- Up-to-date: /home/usr/usr_ws_2020/install/YAML_CPP/include/gtest/gtest_prod.h
[8.104s] -- Up-to-date: /home/usr/usr_ws_2020/install/YAML_CPP/include/gtest/internal
[8.105s] -- Up-to-date: /home/usr/usr_ws_2020/install/YAML_CPP/include/gtest/internal/gtest-type-util.h
[8.105s] -- Up-to-date: /home/usr/usr_ws_2020/install/YAML_CPP/include/gtest/internal/gtest-param-util-generated.h.pump
[8.105s] -- Up-to-date: /home/usr/usr_ws_2020/install/YAML_CPP/include/gtest/internal/gtest-internal.h
[8.105s] -- Up-to-date: /home/usr/usr_ws_2020/install/YAML_CPP/include/gtest/internal/gtest-type-util.h.pump
[8.106s] -- Up-to-date: /home/usr/usr_ws_2020/install/YAML_CPP/include/gtest/internal/gtest-tuple.h
[8.110s] -- Up-to-date: /home/usr/usr_ws_2020/install/YAML_CPP/include/gtest/internal/gtest-param-util-generated.h
[8.113s] -- Up-to-date: /home/usr/usr_ws_2020/install/YAML_CPP/include/gtest/internal/gtest-port.h
[8.118s] -- Up-to-date: /home/usr/usr_ws_2020/install/YAML_CPP/include/gtest/internal/gtest-string.h
[8.120s] -- Up-to-date: /home/usr/usr_ws_2020/install/YAML_CPP/include/gtest/internal/gtest-linked_ptr.h
[8.121s] -- Up-to-date: /home/usr/usr_ws_2020/install/YAML_CPP/include/gtest/internal/gtest-param-util.h
[8.122s] -- Up-to-date: /home/usr/usr_ws_2020/install/YAML_CPP/include/gtest/internal/custom
[8.122s] -- Up-to-date: /home/usr/usr_ws_2020/install/YAML_CPP/include/gtest/internal/custom/gtest-printers.h
[8.122s] -- Up-to-date: /home/usr/usr_ws_2020/install/YAML_CPP/include/gtest/internal/custom/gtest-port.h
[8.123s] -- Up-to-date: /home/usr/usr_ws_2020/install/YAML_CPP/include/gtest/internal/custom/gtest.h
[8.123s] -- Up-to-date: /home/usr/usr_ws_2020/install/YAML_CPP/include/gtest/internal/gtest-port-arch.h
[8.123s] -- Up-to-date: /home/usr/usr_ws_2020/install/YAML_CPP/include/gtest/internal/gtest-death-test-internal.h
[8.124s] -- Up-to-date: /home/usr/usr_ws_2020/install/YAML_CPP/include/gtest/internal/gtest-tuple.h.pump
[8.124s] -- Up-to-date: /home/usr/usr_ws_2020/install/YAML_CPP/include/gtest/internal/gtest-filepath.h
[8.124s] -- Up-to-date: /home/usr/usr_ws_2020/install/YAML_CPP/include/gtest/gtest-message.h
[8.125s] -- Up-to-date: /home/usr/usr_ws_2020/install/YAML_CPP/include/gtest/gtest_pred_impl.h
[8.125s] -- Up-to-date: /home/usr/usr_ws_2020/install/YAML_CPP/include/gtest/gtest-death-test.h
[8.125s] -- Up-to-date: /home/usr/usr_ws_2020/install/YAML_CPP/include/gtest/gtest-test-part.h
[8.126s] -- Up-to-date: /home/usr/usr_ws_2020/install/YAML_CPP/include/gtest/gtest-printers.h
[8.126s] -- Up-to-date: /home/usr/usr_ws_2020/install/YAML_CPP/include/gtest/gtest-typed-test.h
[8.140s] -- Up-to-date: /home/usr/usr_ws_2020/install/YAML_CPP/include/gtest/gtest-spi.h
[8.141s] -- Up-to-date: /home/usr/usr_ws_2020/install/YAML_CPP/include/gtest/gtest.h
[8.142s] -- Up-to-date: /home/usr/usr_ws_2020/install/YAML_CPP/include/gtest/gtest-param-test.h
[8.143s] -- Up-to-date: /home/usr/usr_ws_2020/install/YAML_CPP/include/gtest/gtest-param-test.h.pump
[8.144s] Invoked command in '/home/usr/usr_ws_2020/build/YAML_CPP' returned '0': /usr/bin/cmake --build /home/usr/usr_ws_2020/build/YAML_CPP --target install -- -j4 -l4
