[0.408s] Invoking command in '/home/usr/usr_ws_2020/build/YAML_CPP': /usr/bin/cmake --build /home/usr/usr_ws_2020/build/YAML_CPP -- -j4 -l4
[2.346s] [  3%] Built target gtest
[2.347s] [ 55%] Built target yaml-cpp
[2.347s] [ 61%] Built target gmock_main
[2.348s] [ 66%] Built target gmock
[2.348s] [ 70%] Built target sandbox
[2.348s] [ 73%] Built target parse
[2.349s] [ 76%] Built target gtest_main
[2.349s] [ 80%] Built target read
[2.350s] [100%] Built target run-tests
[3.986s] Invoked command in '/home/usr/usr_ws_2020/build/YAML_CPP' returned '0': /usr/bin/cmake --build /home/usr/usr_ws_2020/build/YAML_CPP -- -j4 -l4
[5.427s] Invoking command in '/home/usr/usr_ws_2020/build/YAML_CPP': /usr/bin/cmake --build /home/usr/usr_ws_2020/build/YAML_CPP --target install -- -j4 -l4
[6.506s] [  6%] Built target gmock_main
[6.538s] [ 40%] Built target gmock
[6.548s] [ 63%] Built target yaml-cpp
[6.549s] [ 66%] Built target gtest
[6.987s] [ 70%] Built target gtest_main
[7.074s] [ 90%] Built target run-tests
[7.094s] [ 93%] Built target parse
[7.101s] [ 96%] Built target sandbox
[7.246s] [100%] Built target read
[7.395s] [36mInstall the project...[0m
[7.488s] -- Install configuration: "Release"
[7.489s] -- Up-to-date: /home/usr/usr_ws_2020/install/YAML_CPP/lib/libyaml-cpp.a
[7.490s] -- Up-to-date: /home/usr/usr_ws_2020/install/YAML_CPP/include/yaml-cpp
[7.490s] -- Up-to-date: /home/usr/usr_ws_2020/install/YAML_CPP/include/yaml-cpp/node
[7.490s] -- Up-to-date: /home/usr/usr_ws_2020/install/YAML_CPP/include/yaml-cpp/node/emit.h
[7.491s] -- Up-to-date: /home/usr/usr_ws_2020/install/YAML_CPP/include/yaml-cpp/node/ptr.h
[7.491s] -- Up-to-date: /home/usr/usr_ws_2020/install/YAML_CPP/include/yaml-cpp/node/iterator.h
[7.491s] -- Up-to-date: /home/usr/usr_ws_2020/install/YAML_CPP/include/yaml-cpp/node/convert.h
[7.492s] -- Up-to-date: /home/usr/usr_ws_2020/install/YAML_CPP/include/yaml-cpp/node/detail
[7.492s] -- Up-to-date: /home/usr/usr_ws_2020/install/YAML_CPP/include/yaml-cpp/node/detail/iterator_fwd.h
[7.492s] -- Up-to-date: /home/usr/usr_ws_2020/install/YAML_CPP/include/yaml-cpp/node/detail/node_data.h
[7.493s] -- Up-to-date: /home/usr/usr_ws_2020/install/YAML_CPP/include/yaml-cpp/node/detail/node_ref.h
[7.499s] -- Up-to-date: /home/usr/usr_ws_2020/install/YAML_CPP/include/yaml-cpp/node/detail/memory.h
[7.500s] -- Up-to-date: /home/usr/usr_ws_2020/install/YAML_CPP/include/yaml-cpp/node/detail/bool_type.h
[7.500s] -- Up-to-date: /home/usr/usr_ws_2020/install/YAML_CPP/include/yaml-cpp/node/detail/iterator.h
[7.500s] -- Up-to-date: /home/usr/usr_ws_2020/install/YAML_CPP/include/yaml-cpp/node/detail/node_iterator.h
[7.501s] -- Up-to-date: /home/usr/usr_ws_2020/install/YAML_CPP/include/yaml-cpp/node/detail/impl.h
[7.503s] -- Up-to-date: /home/usr/usr_ws_2020/install/YAML_CPP/include/yaml-cpp/node/detail/node.h
[7.503s] -- Up-to-date: /home/usr/usr_ws_2020/install/YAML_CPP/include/yaml-cpp/node/parse.h
[7.504s] -- Up-to-date: /home/usr/usr_ws_2020/install/YAML_CPP/include/yaml-cpp/node/type.h
[7.504s] -- Up-to-date: /home/usr/usr_ws_2020/install/YAML_CPP/include/yaml-cpp/node/impl.h
[7.506s] -- Up-to-date: /home/usr/usr_ws_2020/install/YAML_CPP/include/yaml-cpp/node/node.h
[7.506s] -- Up-to-date: /home/usr/usr_ws_2020/install/YAML_CPP/include/yaml-cpp/ostream_wrapper.h
[7.531s] -- Up-to-date: /home/usr/usr_ws_2020/install/YAML_CPP/include/yaml-cpp/anchor.h
[7.532s] -- Up-to-date: /home/usr/usr_ws_2020/install/YAML_CPP/include/yaml-cpp/yaml.h
[7.532s] -- Up-to-date: /home/usr/usr_ws_2020/install/YAML_CPP/include/yaml-cpp/emittermanip.h
[7.533s] -- Up-to-date: /home/usr/usr_ws_2020/install/YAML_CPP/include/yaml-cpp/parser.h
[7.533s] -- Up-to-date: /home/usr/usr_ws_2020/install/YAML_CPP/include/yaml-cpp/dll.h
[7.533s] -- Up-to-date: /home/usr/usr_ws_2020/install/YAML_CPP/include/yaml-cpp/emitter.h
[7.534s] -- Up-to-date: /home/usr/usr_ws_2020/install/YAML_CPP/include/yaml-cpp/stlemitter.h
[7.534s] -- Up-to-date: /home/usr/usr_ws_2020/install/YAML_CPP/include/yaml-cpp/null.h
[7.534s] -- Up-to-date: /home/usr/usr_ws_2020/install/YAML_CPP/include/yaml-cpp/binary.h
[7.535s] -- Up-to-date: /home/usr/usr_ws_2020/install/YAML_CPP/include/yaml-cpp/contrib
[7.535s] -- Up-to-date: /home/usr/usr_ws_2020/install/YAML_CPP/include/yaml-cpp/contrib/anchordict.h
[7.535s] -- Up-to-date: /home/usr/usr_ws_2020/install/YAML_CPP/include/yaml-cpp/contrib/graphbuilder.h
[7.535s] -- Up-to-date: /home/usr/usr_ws_2020/install/YAML_CPP/include/yaml-cpp/traits.h
[7.536s] -- Up-to-date: /home/usr/usr_ws_2020/install/YAML_CPP/include/yaml-cpp/emitfromevents.h
[7.536s] -- Up-to-date: /home/usr/usr_ws_2020/install/YAML_CPP/include/yaml-cpp/emitterstyle.h
[7.536s] -- Up-to-date: /home/usr/usr_ws_2020/install/YAML_CPP/include/yaml-cpp/exceptions.h
[7.538s] -- Up-to-date: /home/usr/usr_ws_2020/install/YAML_CPP/include/yaml-cpp/noncopyable.h
[7.538s] -- Up-to-date: /home/usr/usr_ws_2020/install/YAML_CPP/include/yaml-cpp/eventhandler.h
[7.538s] -- Up-to-date: /home/usr/usr_ws_2020/install/YAML_CPP/include/yaml-cpp/emitterdef.h
[7.539s] -- Up-to-date: /home/usr/usr_ws_2020/install/YAML_CPP/include/yaml-cpp/mark.h
[7.539s] -- Up-to-date: /home/usr/usr_ws_2020/install/YAML_CPP/lib/cmake/yaml-cpp/yaml-cpp-config.cmake
[7.539s] -- Up-to-date: /home/usr/usr_ws_2020/install/YAML_CPP/lib/cmake/yaml-cpp/yaml-cpp-config-version.cmake
[7.539s] -- Up-to-date: /home/usr/usr_ws_2020/install/YAML_CPP/lib/cmake/yaml-cpp/yaml-cpp-targets.cmake
[7.540s] -- Up-to-date: /home/usr/usr_ws_2020/install/YAML_CPP/lib/cmake/yaml-cpp/yaml-cpp-targets-release.cmake
[7.540s] -- Up-to-date: /home/usr/usr_ws_2020/install/YAML_CPP/lib/pkgconfig/yaml-cpp.pc
[7.540s] -- Up-to-date: /home/usr/usr_ws_2020/install/YAML_CPP/lib/libgmock.a
[7.542s] -- Up-to-date: /home/usr/usr_ws_2020/install/YAML_CPP/lib/libgmock_main.a
[7.542s] -- Up-to-date: /home/usr/usr_ws_2020/install/YAML_CPP/include/gmock
[7.542s] -- Up-to-date: /home/usr/usr_ws_2020/install/YAML_CPP/include/gmock/gmock-generated-actions.h.pump
[7.543s] -- Up-to-date: /home/usr/usr_ws_2020/install/YAML_CPP/include/gmock/gmock.h
[7.543s] -- Up-to-date: /home/usr/usr_ws_2020/install/YAML_CPP/include/gmock/gmock-generated-matchers.h
[7.543s] -- Up-to-date: /home/usr/usr_ws_2020/install/YAML_CPP/include/gmock/internal
[7.544s] -- Up-to-date: /home/usr/usr_ws_2020/install/YAML_CPP/include/gmock/internal/gmock-generated-internal-utils.h.pump
[7.544s] -- Up-to-date: /home/usr/usr_ws_2020/install/YAML_CPP/include/gmock/internal/gmock-internal-utils.h
[7.544s] -- Up-to-date: /home/usr/usr_ws_2020/install/YAML_CPP/include/gmock/internal/gmock-port.h
[7.544s] -- Up-to-date: /home/usr/usr_ws_2020/install/YAML_CPP/include/gmock/internal/gmock-generated-internal-utils.h
[7.545s] -- Up-to-date: /home/usr/usr_ws_2020/install/YAML_CPP/include/gmock/internal/custom
[7.545s] -- Up-to-date: /home/usr/usr_ws_2020/install/YAML_CPP/include/gmock/internal/custom/gmock-generated-actions.h.pump
[7.545s] -- Up-to-date: /home/usr/usr_ws_2020/install/YAML_CPP/include/gmock/internal/custom/gmock-generated-actions.h
[7.546s] -- Up-to-date: /home/usr/usr_ws_2020/install/YAML_CPP/include/gmock/internal/custom/gmock-port.h
[7.546s] -- Up-to-date: /home/usr/usr_ws_2020/install/YAML_CPP/include/gmock/internal/custom/gmock-matchers.h
[7.546s] -- Up-to-date: /home/usr/usr_ws_2020/install/YAML_CPP/include/gmock/gmock-generated-actions.h
[7.547s] -- Up-to-date: /home/usr/usr_ws_2020/install/YAML_CPP/include/gmock/gmock-generated-nice-strict.h
[7.547s] -- Up-to-date: /home/usr/usr_ws_2020/install/YAML_CPP/include/gmock/gmock-matchers.h
[7.547s] -- Up-to-date: /home/usr/usr_ws_2020/install/YAML_CPP/include/gmock/gmock-actions.h
[7.548s] -- Up-to-date: /home/usr/usr_ws_2020/install/YAML_CPP/include/gmock/gmock-more-actions.h
[7.548s] -- Up-to-date: /home/usr/usr_ws_2020/install/YAML_CPP/include/gmock/gmock-generated-function-mockers.h
[7.548s] -- Up-to-date: /home/usr/usr_ws_2020/install/YAML_CPP/include/gmock/gmock-generated-function-mockers.h.pump
[7.548s] -- Up-to-date: /home/usr/usr_ws_2020/install/YAML_CPP/include/gmock/gmock-generated-matchers.h.pump
[7.549s] -- Up-to-date: /home/usr/usr_ws_2020/install/YAML_CPP/include/gmock/gmock-more-matchers.h
[7.549s] -- Up-to-date: /home/usr/usr_ws_2020/install/YAML_CPP/include/gmock/gmock-cardinalities.h
[7.578s] -- Up-to-date: /home/usr/usr_ws_2020/install/YAML_CPP/include/gmock/gmock-spec-builders.h
[7.578s] -- Up-to-date: /home/usr/usr_ws_2020/install/YAML_CPP/include/gmock/gmock-generated-nice-strict.h.pump
[7.579s] -- Up-to-date: /home/usr/usr_ws_2020/install/YAML_CPP/lib/libgtest.a
[7.579s] -- Up-to-date: /home/usr/usr_ws_2020/install/YAML_CPP/lib/libgtest_main.a
[7.579s] -- Up-to-date: /home/usr/usr_ws_2020/install/YAML_CPP/include/gtest
[7.579s] -- Up-to-date: /home/usr/usr_ws_2020/install/YAML_CPP/include/gtest/gtest_prod.h
[7.580s] -- Up-to-date: /home/usr/usr_ws_2020/install/YAML_CPP/include/gtest/internal
[7.580s] -- Up-to-date: /home/usr/usr_ws_2020/install/YAML_CPP/include/gtest/internal/gtest-type-util.h
[7.580s] -- Up-to-date: /home/usr/usr_ws_2020/install/YAML_CPP/include/gtest/internal/gtest-param-util-generated.h.pump
[7.581s] -- Up-to-date: /home/usr/usr_ws_2020/install/YAML_CPP/include/gtest/internal/gtest-internal.h
[7.581s] -- Up-to-date: /home/usr/usr_ws_2020/install/YAML_CPP/include/gtest/internal/gtest-type-util.h.pump
[7.581s] -- Up-to-date: /home/usr/usr_ws_2020/install/YAML_CPP/include/gtest/internal/gtest-tuple.h
[7.583s] -- Up-to-date: /home/usr/usr_ws_2020/install/YAML_CPP/include/gtest/internal/gtest-param-util-generated.h
[7.583s] -- Up-to-date: /home/usr/usr_ws_2020/install/YAML_CPP/include/gtest/internal/gtest-port.h
[7.584s] -- Up-to-date: /home/usr/usr_ws_2020/install/YAML_CPP/include/gtest/internal/gtest-string.h
[7.584s] -- Up-to-date: /home/usr/usr_ws_2020/install/YAML_CPP/include/gtest/internal/gtest-linked_ptr.h
[7.584s] -- Up-to-date: /home/usr/usr_ws_2020/install/YAML_CPP/include/gtest/internal/gtest-param-util.h
[7.584s] -- Up-to-date: /home/usr/usr_ws_2020/install/YAML_CPP/include/gtest/internal/custom
[7.585s] -- Up-to-date: /home/usr/usr_ws_2020/install/YAML_CPP/include/gtest/internal/custom/gtest-printers.h
[7.585s] -- Up-to-date: /home/usr/usr_ws_2020/install/YAML_CPP/include/gtest/internal/custom/gtest-port.h
[7.616s] -- Up-to-date: /home/usr/usr_ws_2020/install/YAML_CPP/include/gtest/internal/custom/gtest.h
[7.616s] -- Up-to-date: /home/usr/usr_ws_2020/install/YAML_CPP/include/gtest/internal/gtest-port-arch.h
[7.617s] -- Up-to-date: /home/usr/usr_ws_2020/install/YAML_CPP/include/gtest/internal/gtest-death-test-internal.h
[7.617s] -- Up-to-date: /home/usr/usr_ws_2020/install/YAML_CPP/include/gtest/internal/gtest-tuple.h.pump
[7.617s] -- Up-to-date: /home/usr/usr_ws_2020/install/YAML_CPP/include/gtest/internal/gtest-filepath.h
[7.618s] -- Up-to-date: /home/usr/usr_ws_2020/install/YAML_CPP/include/gtest/gtest-message.h
[7.618s] -- Up-to-date: /home/usr/usr_ws_2020/install/YAML_CPP/include/gtest/gtest_pred_impl.h
[7.618s] -- Up-to-date: /home/usr/usr_ws_2020/install/YAML_CPP/include/gtest/gtest-death-test.h
[7.619s] -- Up-to-date: /home/usr/usr_ws_2020/install/YAML_CPP/include/gtest/gtest-test-part.h
[7.619s] -- Up-to-date: /home/usr/usr_ws_2020/install/YAML_CPP/include/gtest/gtest-printers.h
[7.619s] -- Up-to-date: /home/usr/usr_ws_2020/install/YAML_CPP/include/gtest/gtest-typed-test.h
[7.620s] -- Up-to-date: /home/usr/usr_ws_2020/install/YAML_CPP/include/gtest/gtest-spi.h
[7.620s] -- Up-to-date: /home/usr/usr_ws_2020/install/YAML_CPP/include/gtest/gtest.h
[7.620s] -- Up-to-date: /home/usr/usr_ws_2020/install/YAML_CPP/include/gtest/gtest-param-test.h
[7.620s] -- Up-to-date: /home/usr/usr_ws_2020/install/YAML_CPP/include/gtest/gtest-param-test.h.pump
[7.621s] Invoked command in '/home/usr/usr_ws_2020/build/YAML_CPP' returned '0': /usr/bin/cmake --build /home/usr/usr_ws_2020/build/YAML_CPP --target install -- -j4 -l4
