[0.389s] Invoking command in '/home/usr/usr_ws_2020/build/motion_controller_msgs': CMAKE_PREFIX_PATH=${CMAKE_PREFIX_PATH}:/opt/ros/foxy/install/ros2bag:/opt/ros/foxy/install/sros2:/opt/ros/foxy/install/ros2topic:/opt/ros/foxy/install/ros2test:/opt/ros/foxy/install/ros2component:/opt/ros/foxy/install/ros2param:/opt/ros/foxy/install/ros2lifecycle:/opt/ros/foxy/install/ros2service:/opt/ros/foxy/install/ros2run:/opt/ros/foxy/install/ros2launch:/opt/ros/foxy/install/ros2pkg:/opt/ros/foxy/install/ros2node:/opt/ros/foxy/install/ros2multicast:/opt/ros/foxy/install/ros2interface:/opt/ros/foxy/install/ros2doctor:/opt/ros/foxy/install/ros2action:/opt/ros/foxy/install/ros2cli:/opt/ros/foxy/install/launch_testing_ros:/opt/ros/foxy/install/launch_ros:/opt/ros/foxy/install/ament_uncrustify:/opt/ros/foxy/install/rpyutils:/opt/ros/foxy/install/rosidl_runtime_py:/opt/ros/foxy/install/launch_yaml:/opt/ros/foxy/install/launch_xml:/opt/ros/foxy/install/launch_testing:/opt/ros/foxy/install/launch:/opt/ros/foxy/install/osrf_pycommon:/opt/ros/foxy/install/domain_coordinator:/opt/ros/foxy/install/ament_xmllint:/opt/ros/foxy/install/ament_pep257:/opt/ros/foxy/install/ament_package:/opt/ros/foxy/install/ament_mypy:/opt/ros/foxy/install/ament_lint_cmake:/opt/ros/foxy/install/ament_flake8:/opt/ros/foxy/install/ament_copyright:/opt/ros/foxy/install/ament_lint:/opt/ros/foxy/install/ament_index_python:/opt/ros/foxy/install/ament_cpplint:/opt/ros/foxy/install/ament_cppcheck /usr/bin/cmake --build /home/usr/usr_ws_2020/build/motion_controller_msgs -- -j4 -l4
[0.820s] [ 10%] Built target motion_controller_msgs__rosidl_generator_c
[0.823s] [ 12%] Built target motion_controller_msgs__cpp
[1.059s] [ 23%] Built target motion_controller_msgs__rosidl_typesupport_cpp
[1.263s] [ 33%] Built target motion_controller_msgs__rosidl_typesupport_introspection_c
[1.294s] [ 43%] Built target motion_controller_msgs__rosidl_typesupport_fastrtps_cpp
[1.319s] [ 53%] Built target motion_controller_msgs__rosidl_typesupport_c
[1.371s] [ 64%] Built target motion_controller_msgs__rosidl_typesupport_introspection_cpp
[1.552s] [ 74%] Built target motion_controller_msgs__rosidl_typesupport_fastrtps_c
[1.668s] [ 74%] Built target motion_controller_msgs
[1.774s] [ 76%] Built target motion_controller_msgs__py
[1.894s] [ 84%] Built target motion_controller_msgs__python
[2.066s] [ 89%] Built target motion_controller_msgs__rosidl_typesupport_c__pyext
[2.124s] [ 94%] Built target motion_controller_msgs__rosidl_typesupport_fastrtps_c__pyext
[2.157s] [100%] Built target motion_controller_msgs__rosidl_typesupport_introspection_c__pyext
[2.401s] Invoked command in '/home/usr/usr_ws_2020/build/motion_controller_msgs' returned '0': CMAKE_PREFIX_PATH=${CMAKE_PREFIX_PATH}:/opt/ros/foxy/install/ros2bag:/opt/ros/foxy/install/sros2:/opt/ros/foxy/install/ros2topic:/opt/ros/foxy/install/ros2test:/opt/ros/foxy/install/ros2component:/opt/ros/foxy/install/ros2param:/opt/ros/foxy/install/ros2lifecycle:/opt/ros/foxy/install/ros2service:/opt/ros/foxy/install/ros2run:/opt/ros/foxy/install/ros2launch:/opt/ros/foxy/install/ros2pkg:/opt/ros/foxy/install/ros2node:/opt/ros/foxy/install/ros2multicast:/opt/ros/foxy/install/ros2interface:/opt/ros/foxy/install/ros2doctor:/opt/ros/foxy/install/ros2action:/opt/ros/foxy/install/ros2cli:/opt/ros/foxy/install/launch_testing_ros:/opt/ros/foxy/install/launch_ros:/opt/ros/foxy/install/ament_uncrustify:/opt/ros/foxy/install/rpyutils:/opt/ros/foxy/install/rosidl_runtime_py:/opt/ros/foxy/install/launch_yaml:/opt/ros/foxy/install/launch_xml:/opt/ros/foxy/install/launch_testing:/opt/ros/foxy/install/launch:/opt/ros/foxy/install/osrf_pycommon:/opt/ros/foxy/install/domain_coordinator:/opt/ros/foxy/install/ament_xmllint:/opt/ros/foxy/install/ament_pep257:/opt/ros/foxy/install/ament_package:/opt/ros/foxy/install/ament_mypy:/opt/ros/foxy/install/ament_lint_cmake:/opt/ros/foxy/install/ament_flake8:/opt/ros/foxy/install/ament_copyright:/opt/ros/foxy/install/ament_lint:/opt/ros/foxy/install/ament_index_python:/opt/ros/foxy/install/ament_cpplint:/opt/ros/foxy/install/ament_cppcheck /usr/bin/cmake --build /home/usr/usr_ws_2020/build/motion_controller_msgs -- -j4 -l4
[2.951s] Invoking command in '/home/usr/usr_ws_2020/build/motion_controller_msgs': CMAKE_PREFIX_PATH=${CMAKE_PREFIX_PATH}:/opt/ros/foxy/install/ros2bag:/opt/ros/foxy/install/sros2:/opt/ros/foxy/install/ros2topic:/opt/ros/foxy/install/ros2test:/opt/ros/foxy/install/ros2component:/opt/ros/foxy/install/ros2param:/opt/ros/foxy/install/ros2lifecycle:/opt/ros/foxy/install/ros2service:/opt/ros/foxy/install/ros2run:/opt/ros/foxy/install/ros2launch:/opt/ros/foxy/install/ros2pkg:/opt/ros/foxy/install/ros2node:/opt/ros/foxy/install/ros2multicast:/opt/ros/foxy/install/ros2interface:/opt/ros/foxy/install/ros2doctor:/opt/ros/foxy/install/ros2action:/opt/ros/foxy/install/ros2cli:/opt/ros/foxy/install/launch_testing_ros:/opt/ros/foxy/install/launch_ros:/opt/ros/foxy/install/ament_uncrustify:/opt/ros/foxy/install/rpyutils:/opt/ros/foxy/install/rosidl_runtime_py:/opt/ros/foxy/install/launch_yaml:/opt/ros/foxy/install/launch_xml:/opt/ros/foxy/install/launch_testing:/opt/ros/foxy/install/launch:/opt/ros/foxy/install/osrf_pycommon:/opt/ros/foxy/install/domain_coordinator:/opt/ros/foxy/install/ament_xmllint:/opt/ros/foxy/install/ament_pep257:/opt/ros/foxy/install/ament_package:/opt/ros/foxy/install/ament_mypy:/opt/ros/foxy/install/ament_lint_cmake:/opt/ros/foxy/install/ament_flake8:/opt/ros/foxy/install/ament_copyright:/opt/ros/foxy/install/ament_lint:/opt/ros/foxy/install/ament_index_python:/opt/ros/foxy/install/ament_cpplint:/opt/ros/foxy/install/ament_cppcheck /usr/bin/cmake --build /home/usr/usr_ws_2020/build/motion_controller_msgs --target install -- -j4 -l4
[3.418s] [ 10%] Built target motion_controller_msgs__rosidl_generator_c
[3.488s] [ 12%] Built target motion_controller_msgs__cpp
[3.775s] [ 23%] Built target motion_controller_msgs__rosidl_typesupport_c
[3.795s] [ 33%] Built target motion_controller_msgs__rosidl_typesupport_introspection_c
[3.877s] [ 43%] Built target motion_controller_msgs__rosidl_typesupport_cpp
[3.891s] [ 53%] Built target motion_controller_msgs__rosidl_typesupport_fastrtps_cpp
[4.080s] [ 64%] Built target motion_controller_msgs__rosidl_typesupport_introspection_cpp
[4.191s] [ 74%] Built target motion_controller_msgs__rosidl_typesupport_fastrtps_c
[4.313s] [ 74%] Built target motion_controller_msgs
[4.488s] [ 76%] Built target motion_controller_msgs__py
[4.720s] [ 84%] Built target motion_controller_msgs__python
[5.009s] [ 89%] Built target motion_controller_msgs__rosidl_typesupport_fastrtps_c__pyext
[5.022s] [ 94%] Built target motion_controller_msgs__rosidl_typesupport_introspection_c__pyext
[5.025s] [100%] Built target motion_controller_msgs__rosidl_typesupport_c__pyext
[5.157s] [36mInstall the project...[0m
[5.224s] -- Install configuration: ""
[5.227s] -- Execute custom install script
[5.231s] -- Up-to-date symlink: /home/usr/usr_ws_2020/install/motion_controller_msgs/share/ament_index/resource_index/rosidl_interfaces/motion_controller_msgs
[5.237s] -- Up-to-date symlink: /home/usr/usr_ws_2020/install/motion_controller_msgs/include/motion_controller_msgs/msg/detail/mobility__functions.h
[5.238s] -- Up-to-date symlink: /home/usr/usr_ws_2020/install/motion_controller_msgs/include/motion_controller_msgs/msg/detail/mobility__struct.h
[5.240s] -- Up-to-date symlink: /home/usr/usr_ws_2020/install/motion_controller_msgs/include/motion_controller_msgs/msg/detail/mobility__type_support.h
[5.241s] -- Up-to-date symlink: /home/usr/usr_ws_2020/install/motion_controller_msgs/include/motion_controller_msgs/msg/detail/roboclaw_command__functions.h
[5.243s] -- Up-to-date symlink: /home/usr/usr_ws_2020/install/motion_controller_msgs/include/motion_controller_msgs/msg/detail/roboclaw_command__struct.h
[5.245s] -- Up-to-date symlink: /home/usr/usr_ws_2020/install/motion_controller_msgs/include/motion_controller_msgs/msg/detail/roboclaw_command__type_support.h
[5.247s] -- Up-to-date symlink: /home/usr/usr_ws_2020/install/motion_controller_msgs/include/motion_controller_msgs/msg/mobility.h
[5.248s] -- Up-to-date symlink: /home/usr/usr_ws_2020/install/motion_controller_msgs/include/motion_controller_msgs/msg/roboclaw_command.h
[5.250s] -- Up-to-date symlink: /home/usr/usr_ws_2020/install/motion_controller_msgs/include/motion_controller_msgs/msg/rosidl_generator_c__visibility_control.h
[5.251s] -- Up-to-date symlink: /home/usr/usr_ws_2020/install/motion_controller_msgs/share/motion_controller_msgs/environment/library_path.sh
[5.253s] -- Up-to-date symlink: /home/usr/usr_ws_2020/install/motion_controller_msgs/share/motion_controller_msgs/environment/library_path.dsv
[5.258s] -- Up-to-date symlink: /home/usr/usr_ws_2020/install/motion_controller_msgs/include/motion_controller_msgs/msg/detail/mobility__rosidl_typesupport_introspection_c.h
[5.260s] -- Up-to-date symlink: /home/usr/usr_ws_2020/install/motion_controller_msgs/include/motion_controller_msgs/msg/detail/roboclaw_command__rosidl_typesupport_introspection_c.h
[5.261s] -- Up-to-date symlink: /home/usr/usr_ws_2020/install/motion_controller_msgs/include/motion_controller_msgs/msg/rosidl_typesupport_introspection_c__visibility_control.h
[5.264s] -- Up-to-date symlink: /home/usr/usr_ws_2020/install/motion_controller_msgs/include/motion_controller_msgs/msg/detail/mobility__rosidl_typesupport_fastrtps_c.h
[5.265s] -- Up-to-date symlink: /home/usr/usr_ws_2020/install/motion_controller_msgs/include/motion_controller_msgs/msg/detail/roboclaw_command__rosidl_typesupport_fastrtps_c.h
[5.266s] -- Up-to-date symlink: /home/usr/usr_ws_2020/install/motion_controller_msgs/include/motion_controller_msgs/msg/rosidl_typesupport_fastrtps_c__visibility_control.h
[5.271s] -- Up-to-date symlink: /home/usr/usr_ws_2020/install/motion_controller_msgs/lib/libmotion_controller_msgs__rosidl_typesupport_fastrtps_c.so
[5.280s] -- Up-to-date symlink: /home/usr/usr_ws_2020/install/motion_controller_msgs/include/motion_controller_msgs/msg/detail/mobility__rosidl_typesupport_fastrtps_cpp.hpp
[5.281s] -- Up-to-date symlink: /home/usr/usr_ws_2020/install/motion_controller_msgs/include/motion_controller_msgs/msg/detail/roboclaw_command__rosidl_typesupport_fastrtps_cpp.hpp
[5.282s] -- Up-to-date symlink: /home/usr/usr_ws_2020/install/motion_controller_msgs/include/motion_controller_msgs/msg/rosidl_typesupport_fastrtps_cpp__visibility_control.h
[5.285s] -- Up-to-date symlink: /home/usr/usr_ws_2020/install/motion_controller_msgs/lib/libmotion_controller_msgs__rosidl_typesupport_fastrtps_cpp.so
[5.287s] -- Up-to-date symlink: /home/usr/usr_ws_2020/install/motion_controller_msgs/include/motion_controller_msgs/msg/detail/mobility__builder.hpp
[5.289s] -- Up-to-date symlink: /home/usr/usr_ws_2020/install/motion_controller_msgs/include/motion_controller_msgs/msg/detail/mobility__struct.hpp
[5.291s] -- Up-to-date symlink: /home/usr/usr_ws_2020/install/motion_controller_msgs/include/motion_controller_msgs/msg/detail/mobility__traits.hpp
[5.292s] -- Up-to-date symlink: /home/usr/usr_ws_2020/install/motion_controller_msgs/include/motion_controller_msgs/msg/detail/roboclaw_command__builder.hpp
[5.293s] -- Up-to-date symlink: /home/usr/usr_ws_2020/install/motion_controller_msgs/include/motion_controller_msgs/msg/detail/roboclaw_command__struct.hpp
[5.295s] -- Up-to-date symlink: /home/usr/usr_ws_2020/install/motion_controller_msgs/include/motion_controller_msgs/msg/detail/roboclaw_command__traits.hpp
[5.296s] -- Up-to-date symlink: /home/usr/usr_ws_2020/install/motion_controller_msgs/include/motion_controller_msgs/msg/mobility.hpp
[5.297s] -- Up-to-date symlink: /home/usr/usr_ws_2020/install/motion_controller_msgs/include/motion_controller_msgs/msg/roboclaw_command.hpp
[5.299s] -- Up-to-date symlink: /home/usr/usr_ws_2020/install/motion_controller_msgs/include/motion_controller_msgs/msg/detail/mobility__rosidl_typesupport_introspection_cpp.hpp
[5.301s] -- Up-to-date symlink: /home/usr/usr_ws_2020/install/motion_controller_msgs/include/motion_controller_msgs/msg/detail/roboclaw_command__rosidl_typesupport_introspection_cpp.hpp
[5.302s] -- Up-to-date symlink: /home/usr/usr_ws_2020/install/motion_controller_msgs/share/motion_controller_msgs/environment/pythonpath.sh
[5.304s] -- Up-to-date symlink: /home/usr/usr_ws_2020/install/motion_controller_msgs/share/motion_controller_msgs/environment/pythonpath.dsv
[5.305s] -- Up-to-date symlink: /home/usr/usr_ws_2020/install/motion_controller_msgs/lib/python3.6/site-packages/motion_controller_msgs/__init__.py
[5.309s] -- Up-to-date symlink: /home/usr/usr_ws_2020/install/motion_controller_msgs/lib/python3.6/site-packages/motion_controller_msgs/msg/__init__.py
[5.310s] -- Up-to-date symlink: /home/usr/usr_ws_2020/install/motion_controller_msgs/lib/python3.6/site-packages/motion_controller_msgs/msg/_mobility.py
[5.312s] -- Up-to-date symlink: /home/usr/usr_ws_2020/install/motion_controller_msgs/lib/python3.6/site-packages/motion_controller_msgs/msg/_roboclaw_command.py
[5.314s] -- Up-to-date symlink: /home/usr/usr_ws_2020/install/motion_controller_msgs/lib/python3.6/site-packages/motion_controller_msgs/motion_controller_msgs_s__rosidl_typesupport_introspection_c.cpython-36m-aarch64-linux-gnu.so
[5.316s] -- Up-to-date symlink: /home/usr/usr_ws_2020/install/motion_controller_msgs/lib/python3.6/site-packages/motion_controller_msgs/motion_controller_msgs_s__rosidl_typesupport_fastrtps_c.cpython-36m-aarch64-linux-gnu.so
[5.318s] -- Up-to-date symlink: /home/usr/usr_ws_2020/install/motion_controller_msgs/lib/python3.6/site-packages/motion_controller_msgs/motion_controller_msgs_s__rosidl_typesupport_c.cpython-36m-aarch64-linux-gnu.so
[5.321s] -- Up-to-date symlink: /home/usr/usr_ws_2020/install/motion_controller_msgs/lib/libmotion_controller_msgs__python.so
[5.324s] -- Up-to-date symlink: /home/usr/usr_ws_2020/install/motion_controller_msgs/share/motion_controller_msgs/msg/Mobility.idl
[5.325s] -- Up-to-date symlink: /home/usr/usr_ws_2020/install/motion_controller_msgs/share/motion_controller_msgs/msg/RoboclawCommand.idl
[5.326s] -- Up-to-date symlink: /home/usr/usr_ws_2020/install/motion_controller_msgs/share/motion_controller_msgs/msg/Mobility.msg
[5.328s] -- Up-to-date symlink: /home/usr/usr_ws_2020/install/motion_controller_msgs/share/motion_controller_msgs/msg/RoboclawCommand.msg
[5.330s] -- Up-to-date symlink: /home/usr/usr_ws_2020/install/motion_controller_msgs/share/ament_index/resource_index/package_run_dependencies/motion_controller_msgs
[5.331s] -- Up-to-date symlink: /home/usr/usr_ws_2020/install/motion_controller_msgs/share/ament_index/resource_index/parent_prefix_path/motion_controller_msgs
[5.333s] -- Up-to-date symlink: /home/usr/usr_ws_2020/install/motion_controller_msgs/share/motion_controller_msgs/environment/ament_prefix_path.sh
[5.336s] -- Up-to-date symlink: /home/usr/usr_ws_2020/install/motion_controller_msgs/share/motion_controller_msgs/environment/ament_prefix_path.dsv
[5.338s] -- Up-to-date symlink: /home/usr/usr_ws_2020/install/motion_controller_msgs/share/motion_controller_msgs/environment/path.sh
[5.340s] -- Up-to-date symlink: /home/usr/usr_ws_2020/install/motion_controller_msgs/share/motion_controller_msgs/environment/path.dsv
[5.345s] -- Up-to-date symlink: /home/usr/usr_ws_2020/install/motion_controller_msgs/share/motion_controller_msgs/local_setup.bash
[5.347s] -- Up-to-date symlink: /home/usr/usr_ws_2020/install/motion_controller_msgs/share/motion_controller_msgs/local_setup.sh
[5.349s] -- Up-to-date symlink: /home/usr/usr_ws_2020/install/motion_controller_msgs/share/motion_controller_msgs/local_setup.zsh
[5.351s] -- Up-to-date symlink: /home/usr/usr_ws_2020/install/motion_controller_msgs/share/motion_controller_msgs/local_setup.dsv
[5.352s] -- Symlinking: /home/usr/usr_ws_2020/install/motion_controller_msgs/share/motion_controller_msgs/package.dsv
[5.411s] -- Up-to-date symlink: /home/usr/usr_ws_2020/install/motion_controller_msgs/share/ament_index/resource_index/packages/motion_controller_msgs
[5.412s] -- Up-to-date symlink: /home/usr/usr_ws_2020/install/motion_controller_msgs/share/motion_controller_msgs/cmake/rosidl_cmake-extras.cmake
[5.417s] -- Up-to-date symlink: /home/usr/usr_ws_2020/install/motion_controller_msgs/share/motion_controller_msgs/cmake/ament_cmake_export_dependencies-extras.cmake
[5.419s] -- Up-to-date symlink: /home/usr/usr_ws_2020/install/motion_controller_msgs/share/motion_controller_msgs/cmake/ament_cmake_export_libraries-extras.cmake
[5.421s] -- Up-to-date symlink: /home/usr/usr_ws_2020/install/motion_controller_msgs/share/motion_controller_msgs/cmake/ament_cmake_export_targets-extras.cmake
[5.423s] -- Up-to-date symlink: /home/usr/usr_ws_2020/install/motion_controller_msgs/share/motion_controller_msgs/cmake/ament_cmake_export_include_directories-extras.cmake
[5.425s] -- Up-to-date symlink: /home/usr/usr_ws_2020/install/motion_controller_msgs/share/motion_controller_msgs/cmake/rosidl_cmake_export_typesupport_targets-extras.cmake
[5.427s] -- Up-to-date symlink: /home/usr/usr_ws_2020/install/motion_controller_msgs/share/motion_controller_msgs/cmake/rosidl_cmake_export_typesupport_libraries-extras.cmake
[5.429s] -- Up-to-date symlink: /home/usr/usr_ws_2020/install/motion_controller_msgs/share/motion_controller_msgs/cmake/motion_controller_msgsConfig.cmake
[5.431s] -- Up-to-date symlink: /home/usr/usr_ws_2020/install/motion_controller_msgs/share/motion_controller_msgs/cmake/motion_controller_msgsConfig-version.cmake
[5.433s] -- Up-to-date symlink: /home/usr/usr_ws_2020/install/motion_controller_msgs/share/motion_controller_msgs/package.xml
[5.435s] -- Up-to-date: /home/usr/usr_ws_2020/install/motion_controller_msgs/lib/libmotion_controller_msgs__rosidl_generator_c.so
[5.438s] -- Up-to-date: /home/usr/usr_ws_2020/install/motion_controller_msgs/lib/libmotion_controller_msgs__rosidl_typesupport_introspection_c.so
[5.440s] -- Up-to-date: /home/usr/usr_ws_2020/install/motion_controller_msgs/lib/libmotion_controller_msgs__rosidl_typesupport_c.so
[5.442s] -- Up-to-date: /home/usr/usr_ws_2020/install/motion_controller_msgs/lib/libmotion_controller_msgs__rosidl_typesupport_introspection_cpp.so
[5.445s] -- Up-to-date: /home/usr/usr_ws_2020/install/motion_controller_msgs/lib/libmotion_controller_msgs__rosidl_typesupport_cpp.so
[5.788s] -- Up-to-date: /home/usr/usr_ws_2020/install/motion_controller_msgs/share/motion_controller_msgs/cmake/motion_controller_msgs__rosidl_generator_cExport.cmake
[5.789s] -- Up-to-date: /home/usr/usr_ws_2020/install/motion_controller_msgs/share/motion_controller_msgs/cmake/motion_controller_msgs__rosidl_generator_cExport-noconfig.cmake
[5.789s] -- Up-to-date: /home/usr/usr_ws_2020/install/motion_controller_msgs/share/motion_controller_msgs/cmake/motion_controller_msgs__rosidl_typesupport_introspection_cExport.cmake
[5.789s] -- Up-to-date: /home/usr/usr_ws_2020/install/motion_controller_msgs/share/motion_controller_msgs/cmake/motion_controller_msgs__rosidl_typesupport_introspection_cExport-noconfig.cmake
[5.790s] -- Up-to-date: /home/usr/usr_ws_2020/install/motion_controller_msgs/share/motion_controller_msgs/cmake/motion_controller_msgs__rosidl_typesupport_cExport.cmake
[5.791s] -- Up-to-date: /home/usr/usr_ws_2020/install/motion_controller_msgs/share/motion_controller_msgs/cmake/motion_controller_msgs__rosidl_typesupport_cExport-noconfig.cmake
[5.792s] -- Up-to-date: /home/usr/usr_ws_2020/install/motion_controller_msgs/share/motion_controller_msgs/cmake/motion_controller_msgs__rosidl_generator_cppExport.cmake
[5.792s] -- Up-to-date: /home/usr/usr_ws_2020/install/motion_controller_msgs/share/motion_controller_msgs/cmake/motion_controller_msgs__rosidl_typesupport_introspection_cppExport.cmake
[5.793s] -- Up-to-date: /home/usr/usr_ws_2020/install/motion_controller_msgs/share/motion_controller_msgs/cmake/motion_controller_msgs__rosidl_typesupport_introspection_cppExport-noconfig.cmake
[5.793s] -- Up-to-date: /home/usr/usr_ws_2020/install/motion_controller_msgs/share/motion_controller_msgs/cmake/motion_controller_msgs__rosidl_typesupport_cppExport.cmake
[5.794s] -- Up-to-date: /home/usr/usr_ws_2020/install/motion_controller_msgs/share/motion_controller_msgs/cmake/motion_controller_msgs__rosidl_typesupport_cppExport-noconfig.cmake
[6.342s] Invoked command in '/home/usr/usr_ws_2020/build/motion_controller_msgs' returned '0': CMAKE_PREFIX_PATH=${CMAKE_PREFIX_PATH}:/opt/ros/foxy/install/ros2bag:/opt/ros/foxy/install/sros2:/opt/ros/foxy/install/ros2topic:/opt/ros/foxy/install/ros2test:/opt/ros/foxy/install/ros2component:/opt/ros/foxy/install/ros2param:/opt/ros/foxy/install/ros2lifecycle:/opt/ros/foxy/install/ros2service:/opt/ros/foxy/install/ros2run:/opt/ros/foxy/install/ros2launch:/opt/ros/foxy/install/ros2pkg:/opt/ros/foxy/install/ros2node:/opt/ros/foxy/install/ros2multicast:/opt/ros/foxy/install/ros2interface:/opt/ros/foxy/install/ros2doctor:/opt/ros/foxy/install/ros2action:/opt/ros/foxy/install/ros2cli:/opt/ros/foxy/install/launch_testing_ros:/opt/ros/foxy/install/launch_ros:/opt/ros/foxy/install/ament_uncrustify:/opt/ros/foxy/install/rpyutils:/opt/ros/foxy/install/rosidl_runtime_py:/opt/ros/foxy/install/launch_yaml:/opt/ros/foxy/install/launch_xml:/opt/ros/foxy/install/launch_testing:/opt/ros/foxy/install/launch:/opt/ros/foxy/install/osrf_pycommon:/opt/ros/foxy/install/domain_coordinator:/opt/ros/foxy/install/ament_xmllint:/opt/ros/foxy/install/ament_pep257:/opt/ros/foxy/install/ament_package:/opt/ros/foxy/install/ament_mypy:/opt/ros/foxy/install/ament_lint_cmake:/opt/ros/foxy/install/ament_flake8:/opt/ros/foxy/install/ament_copyright:/opt/ros/foxy/install/ament_lint:/opt/ros/foxy/install/ament_index_python:/opt/ros/foxy/install/ament_cpplint:/opt/ros/foxy/install/ament_cppcheck /usr/bin/cmake --build /home/usr/usr_ws_2020/build/motion_controller_msgs --target install -- -j4 -l4
