[3.592s] Invoking command in '/home/usr/usr_ws_2020/build/teleop_node': PYTHONPATH=/home/usr/usr_ws_2020/install/teleop_node/lib/python3.6/site-packages:${PYTHONPATH} /usr/bin/python3 setup.py develop --prefix /home/usr/usr_ws_2020/install/teleop_node --uninstall --editable --build-directory /home/usr/usr_ws_2020/build/teleop_node/build
[5.227s] /home/usr/.local/lib/python3.6/site-packages/setuptools/dist.py:651: UserWarning: Usage of dash-separated 'script-dir' will not be supported in future versions. Please use the underscore name 'script_dir' instead
[5.227s]   % (opt, underscore_opt))
[5.243s] /home/usr/.local/lib/python3.6/site-packages/setuptools/dist.py:651: UserWarning: Usage of dash-separated 'install-scripts' will not be supported in future versions. Please use the underscore name 'install_scripts' instead
[5.243s]   % (opt, underscore_opt))
[5.674s] running develop
[6.691s] Invoked command in '/home/usr/usr_ws_2020/build/teleop_node' returned '0': PYTHONPATH=/home/usr/usr_ws_2020/install/teleop_node/lib/python3.6/site-packages:${PYTHONPATH} /usr/bin/python3 setup.py develop --prefix /home/usr/usr_ws_2020/install/teleop_node --uninstall --editable --build-directory /home/usr/usr_ws_2020/build/teleop_node/build
[6.706s] Invoking command in '/home/usr/usr_ws_2020/src/teleop_node': PYTHONPATH=/home/usr/usr_ws_2020/install/teleop_node/lib/python3.6/site-packages:${PYTHONPATH} /usr/bin/python3 setup.py egg_info --egg-base ../../build/teleop_node build --build-base /home/usr/usr_ws_2020/build/teleop_node/build install --prefix /home/usr/usr_ws_2020/install/teleop_node --record /home/usr/usr_ws_2020/build/teleop_node/install.log --single-version-externally-managed
[8.343s] /home/usr/.local/lib/python3.6/site-packages/setuptools/dist.py:651: UserWarning: Usage of dash-separated 'script-dir' will not be supported in future versions. Please use the underscore name 'script_dir' instead
[8.344s]   % (opt, underscore_opt))
[8.352s] /home/usr/.local/lib/python3.6/site-packages/setuptools/dist.py:651: UserWarning: Usage of dash-separated 'install-scripts' will not be supported in future versions. Please use the underscore name 'install_scripts' instead
[8.352s]   % (opt, underscore_opt))
[8.523s] running egg_info
[8.525s] writing ../../build/teleop_node/teleop_node.egg-info/PKG-INFO
[8.534s] writing dependency_links to ../../build/teleop_node/teleop_node.egg-info/dependency_links.txt
[8.535s] writing entry points to ../../build/teleop_node/teleop_node.egg-info/entry_points.txt
[8.537s] writing requirements to ../../build/teleop_node/teleop_node.egg-info/requires.txt
[8.537s] writing top-level names to ../../build/teleop_node/teleop_node.egg-info/top_level.txt
[8.727s] reading manifest file '../../build/teleop_node/teleop_node.egg-info/SOURCES.txt'
[8.732s] writing manifest file '../../build/teleop_node/teleop_node.egg-info/SOURCES.txt'
[8.733s] running build
[8.733s] running build_py
[8.734s] running install
[8.734s] running install_lib
[8.744s] running install_data
[8.747s] running install_egg_info
[8.758s] removing '/home/usr/usr_ws_2020/install/teleop_node/lib/python3.6/site-packages/teleop_node-0.0.0-py3.6.egg-info' (and everything under it)
[8.759s] Copying ../../build/teleop_node/teleop_node.egg-info to /home/usr/usr_ws_2020/install/teleop_node/lib/python3.6/site-packages/teleop_node-0.0.0-py3.6.egg-info
[8.762s] running install_scripts
[8.873s] Installing teleop script to /home/usr/usr_ws_2020/install/teleop_node/lib/teleop_node
[8.876s] writing list of installed files to '/home/usr/usr_ws_2020/build/teleop_node/install.log'
