[4.139s] Invoking command in '/home/usr/usr_ws_2020/build/digger_motor_node': PYTHONPATH=/home/usr/usr_ws_2020/install/digger_motor_node/lib/python3.6/site-packages:${PYTHONPATH} /usr/bin/python3 setup.py develop --prefix /home/usr/usr_ws_2020/install/digger_motor_node --uninstall --editable --build-directory /home/usr/usr_ws_2020/build/digger_motor_node/build
[5.680s] /home/usr/.local/lib/python3.6/site-packages/setuptools/dist.py:651: UserWarning: Usage of dash-separated 'script-dir' will not be supported in future versions. Please use the underscore name 'script_dir' instead
[5.681s]   % (opt, underscore_opt))
[5.682s] /home/usr/.local/lib/python3.6/site-packages/setuptools/dist.py:651: UserWarning: Usage of dash-separated 'install-scripts' will not be supported in future versions. Please use the underscore name 'install_scripts' instead
[5.682s]   % (opt, underscore_opt))
[6.063s] running develop
[7.596s] Invoked command in '/home/usr/usr_ws_2020/build/digger_motor_node' returned '0': PYTHONPATH=/home/usr/usr_ws_2020/install/digger_motor_node/lib/python3.6/site-packages:${PYTHONPATH} /usr/bin/python3 setup.py develop --prefix /home/usr/usr_ws_2020/install/digger_motor_node --uninstall --editable --build-directory /home/usr/usr_ws_2020/build/digger_motor_node/build
[7.599s] Invoking command in '/home/usr/usr_ws_2020/src/motor_controllers/digger_motor_node': PYTHONPATH=/home/usr/usr_ws_2020/install/digger_motor_node/lib/python3.6/site-packages:${PYTHONPATH} /usr/bin/python3 setup.py egg_info --egg-base ../../../build/digger_motor_node build --build-base /home/usr/usr_ws_2020/build/digger_motor_node/build install --prefix /home/usr/usr_ws_2020/install/digger_motor_node --record /home/usr/usr_ws_2020/build/digger_motor_node/install.log --single-version-externally-managed
[8.994s] /home/usr/.local/lib/python3.6/site-packages/setuptools/dist.py:651: UserWarning: Usage of dash-separated 'script-dir' will not be supported in future versions. Please use the underscore name 'script_dir' instead
[8.994s]   % (opt, underscore_opt))
[8.994s] /home/usr/.local/lib/python3.6/site-packages/setuptools/dist.py:651: UserWarning: Usage of dash-separated 'install-scripts' will not be supported in future versions. Please use the underscore name 'install_scripts' instead
[8.995s]   % (opt, underscore_opt))
[9.158s] running egg_info
[9.160s] writing ../../../build/digger_motor_node/digger_motor_node.egg-info/PKG-INFO
[9.164s] writing dependency_links to ../../../build/digger_motor_node/digger_motor_node.egg-info/dependency_links.txt
[9.173s] writing entry points to ../../../build/digger_motor_node/digger_motor_node.egg-info/entry_points.txt
[9.175s] writing requirements to ../../../build/digger_motor_node/digger_motor_node.egg-info/requires.txt
[9.184s] writing top-level names to ../../../build/digger_motor_node/digger_motor_node.egg-info/top_level.txt
[9.374s] reading manifest file '../../../build/digger_motor_node/digger_motor_node.egg-info/SOURCES.txt'
[9.378s] writing manifest file '../../../build/digger_motor_node/digger_motor_node.egg-info/SOURCES.txt'
[9.386s] running build
[9.387s] running build_py
[9.387s] running install
[9.388s] running install_lib
[9.397s] running install_data
[9.399s] running install_egg_info
[9.411s] removing '/home/usr/usr_ws_2020/install/digger_motor_node/lib/python3.6/site-packages/digger_motor_node-0.0.0-py3.6.egg-info' (and everything under it)
[9.413s] Copying ../../../build/digger_motor_node/digger_motor_node.egg-info to /home/usr/usr_ws_2020/install/digger_motor_node/lib/python3.6/site-packages/digger_motor_node-0.0.0-py3.6.egg-info
[9.417s] running install_scripts
[9.542s] Installing digger_motor_controller script to /home/usr/usr_ws_2020/install/digger_motor_node/lib/digger_motor_node
[9.542s] writing list of installed files to '/home/usr/usr_ws_2020/build/digger_motor_node/install.log'
[9.654s] Invoked command in '/home/usr/usr_ws_2020/src/motor_controllers/digger_motor_node' returned '0': PYTHONPATH=/home/usr/usr_ws_2020/install/digger_motor_node/lib/python3.6/site-packages:${PYTHONPATH} /usr/bin/python3 setup.py egg_info --egg-base ../../../build/digger_motor_node build --build-base /home/usr/usr_ws_2020/build/digger_motor_node/build install --prefix /home/usr/usr_ws_2020/install/digger_motor_node --record /home/usr/usr_ws_2020/build/digger_motor_node/install.log --single-version-externally-managed
