running develop
running egg_info
writing ../../../build/maxon_motor_node/maxon_motor_node.egg-info/PKG-INFO
writing dependency_links to ../../../build/maxon_motor_node/maxon_motor_node.egg-info/dependency_links.txt
writing entry points to ../../../build/maxon_motor_node/maxon_motor_node.egg-info/entry_points.txt
writing requirements to ../../../build/maxon_motor_node/maxon_motor_node.egg-info/requires.txt
writing top-level names to ../../../build/maxon_motor_node/maxon_motor_node.egg-info/top_level.txt
reading manifest file '../../../build/maxon_motor_node/maxon_motor_node.egg-info/SOURCES.txt'
writing manifest file '../../../build/maxon_motor_node/maxon_motor_node.egg-info/SOURCES.txt'
running build
running build_py
copying maxon_motor_node/maxon_drive_controller.py -> /home/usr/usr_ws_2020/build/maxon_motor_node/build/lib/maxon_motor_node
running install
running install_lib
copying /home/usr/usr_ws_2020/build/maxon_motor_node/build/lib/maxon_motor_node/maxon_drive_controller.py -> /home/usr/usr_ws_2020/install/maxon_motor_node/lib/python3.6/site-packages/maxon_motor_node
byte-compiling /home/usr/usr_ws_2020/install/maxon_motor_node/lib/python3.6/site-packages/maxon_motor_node/maxon_drive_controller.py to maxon_drive_controller.cpython-36.pyc
running install_data
running install_egg_info
removing '/home/usr/usr_ws_2020/install/maxon_motor_node/lib/python3.6/site-packages/maxon_motor_node-0.0.0-py3.6.egg-info' (and everything under it)
Copying ../../../build/maxon_motor_node/maxon_motor_node.egg-info to /home/usr/usr_ws_2020/install/maxon_motor_node/lib/python3.6/site-packages/maxon_motor_node-0.0.0-py3.6.egg-info
running install_scripts
Installing maxon_drive_controller script to /home/usr/usr_ws_2020/install/maxon_motor_node/lib/maxon_motor_node
writing list of installed files to '/home/usr/usr_ws_2020/build/maxon_motor_node/install.log'
